Log file open, 11/19/21 18:43:00
LogWindows: Failed to load 'aqProf.dll' (GetLastError=126)
LogWindows: File 'aqProf.dll' does not exist
LogWindows: Failed to load 'VtuneApi.dll' (GetLastError=126)
LogWindows: File 'VtuneApi.dll' does not exist
LogWindows: Failed to load 'VtuneApi32e.dll' (GetLastError=126)
LogWindows: File 'VtuneApi32e.dll' does not exist
LogConsoleResponse: Display: Failed to find resolution value strings in scalability ini. Falling back to default.
LogConsoleResponse: Display: Failed to find resolution value strings in scalability ini. Falling back to default.
LogInit: Display: Running engine for game: ProyectoUE
LogPlatformFile: Not using cached read wrapper
LogTaskGraph: Started task graph with 5 named threads and 11 total threads with 3 sets of task threads.
LogStats: Stats thread started at 0.543422
LogICUInternationalization: ICU TimeZone Detection - Raw Offset: -5:00, Platform Override: ''
LogInit: Display: Loading text-based GConfig....
LogPluginManager: Mounting plugin MeshPainting
LogPluginManager: Mounting plugin XGEController
LogPluginManager: Mounting plugin Paper2D
LogPluginManager: Mounting plugin EnvironmentQueryEditor
LogPluginManager: Mounting plugin LightPropagationVolume
LogPluginManager: Mounting plugin LiveLink
LogPluginManager: Mounting plugin CameraShakePreviewer
LogPluginManager: Mounting plugin GameplayCameras
LogPluginManager: Mounting plugin AISupport
LogPluginManager: Mounting plugin OodleData
LogPluginManager: Mounting plugin OodleNetwork
LogPluginManager: Mounting plugin AnimationSharing
LogPluginManager: Mounting plugin CLionSourceCodeAccess
LogPluginManager: Mounting plugin CodeLiteSourceCodeAccess
LogPluginManager: Mounting plugin GitSourceControl
LogPluginManager: Mounting plugin KDevelopSourceCodeAccess
LogPluginManager: Mounting plugin NullSourceCodeAccess
LogPluginManager: Mounting plugin PerforceSourceControl
LogPluginManager: Mounting plugin PixWinPlugin
LogPluginManager: Mounting plugin PlasticSourceControl
LogPluginManager: Mounting plugin PropertyAccessNode
LogPluginManager: Mounting plugin PluginUtils
LogPluginManager: Mounting plugin RiderSourceCodeAccess
LogPluginManager: Mounting plugin SubversionSourceControl
LogPluginManager: Mounting plugin TextureFormatOodle
LogPluginManager: Mounting plugin UObjectPlugin
LogPluginManager: Mounting plugin VisualStudioCodeSourceCodeAccess
LogPluginManager: Mounting plugin VisualStudioSourceCodeAccess
LogPluginManager: Mounting plugin XCodeSourceCodeAccess
LogPluginManager: Mounting plugin AssetManagerEditor
LogPluginManager: Mounting plugin CryptoKeys
LogPluginManager: Mounting plugin CurveEditorTools
LogPluginManager: Mounting plugin DataValidation
LogPluginManager: Mounting plugin FacialAnimation
LogPluginManager: Mounting plugin GameplayTagsEditor
LogPluginManager: Mounting plugin GeometryMode
LogPluginManager: Mounting plugin DatasmithContent
LogPluginManager: Mounting plugin MacGraphicsSwitching
LogPluginManager: Mounting plugin MaterialAnalyzer
LogPluginManager: Mounting plugin MobileLauncherProfileWizard
LogPluginManager: Mounting plugin PluginBrowser
LogPluginManager: Mounting plugin SpeedTreeImporter
LogPluginManager: Mounting plugin VariantManagerContent
LogPluginManager: Mounting plugin AlembicImporter
LogPluginManager: Mounting plugin AutomationUtils
LogPluginManager: Mounting plugin BackChannel
LogPluginManager: Mounting plugin ChaosCloth
LogPluginManager: Mounting plugin ChaosEditor
LogPluginManager: Mounting plugin ChaosNiagara
LogPluginManager: Mounting plugin ChaosSolverPlugin
LogPluginManager: Mounting plugin CharacterAI
LogPluginManager: Mounting plugin Niagara
LogPluginManager: Mounting plugin GeometryCache
LogPluginManager: Mounting plugin GeometryCollectionPlugin
LogPluginManager: Mounting plugin GeometryProcessing
LogPluginManager: Mounting plugin ChaosClothEditor
LogPluginManager: Mounting plugin MotoSynth
LogPluginManager: Mounting plugin OpenImageDenoise
LogPluginManager: Mounting plugin PlanarCut
LogPluginManager: Mounting plugin PlatformCrypto
LogPluginManager: Mounting plugin ProxyLODPlugin
LogPluginManager: Mounting plugin PythonScriptPlugin
LogPluginManager: Mounting plugin MagicLeap
LogPluginManager: Mounting plugin LuminPlatformFeatures
LogPluginManager: Mounting plugin MagicLeapLightEstimation
LogPluginManager: Mounting plugin MagicLeapMedia
LogPluginManager: Mounting plugin MagicLeapPassableWorld
LogPluginManager: Mounting plugin MLSDK
LogPluginManager: Mounting plugin AndroidMedia
LogPluginManager: Mounting plugin AvfMedia
LogPluginManager: Mounting plugin SkeletalReduction
LogPluginManager: Mounting plugin ImgMedia
LogPluginManager: Mounting plugin MediaCompositing
LogPluginManager: Mounting plugin MediaPlayerEditor
LogPluginManager: Mounting plugin WebMMedia
LogPluginManager: Mounting plugin WmfMedia
LogPluginManager: Mounting plugin TcpMessaging
LogPluginManager: Mounting plugin UdpMessaging
LogPluginManager: Mounting plugin ActorSequence
LogPluginManager: Mounting plugin LevelSequenceEditor
LogPluginManager: Mounting plugin MatineeToLevelSequence
LogPluginManager: Mounting plugin TemplateSequence
LogPluginManager: Mounting plugin OnlineSubsystem
LogPluginManager: Mounting plugin OnlineSubsystemNull
LogPluginManager: Mounting plugin OnlineSubsystemUtils
LogPluginManager: Mounting plugin ActorLayerUtilities
LogPluginManager: Mounting plugin AndroidDeviceProfileSelector
LogPluginManager: Mounting plugin AndroidMoviePlayer
LogPluginManager: Mounting plugin AndroidPermission
LogPluginManager: Mounting plugin AppleImageUtils
LogPluginManager: Mounting plugin AppleMoviePlayer
LogPluginManager: Mounting plugin ArchVisCharacter
LogPluginManager: Mounting plugin AssetTags
LogPluginManager: Mounting plugin AudioCapture
LogPluginManager: Mounting plugin AudioSynesthesia
LogPluginManager: Mounting plugin CableComponent
LogPluginManager: Mounting plugin ChunkDownloader
LogPluginManager: Mounting plugin CustomMeshComponent
LogPluginManager: Mounting plugin EditableMesh
LogPluginManager: Mounting plugin ExampleDeviceProfileSelector
LogPluginManager: Mounting plugin GoogleCloudMessaging
LogPluginManager: Mounting plugin GooglePAD
LogPluginManager: Mounting plugin IOSDeviceProfileSelector
LogPluginManager: Mounting plugin LinuxDeviceProfileSelector
LogPluginManager: Mounting plugin LocationServicesBPLibrary
LogPluginManager: Mounting plugin MobilePatchingUtils
LogPluginManager: Mounting plugin OpenXR
LogPluginManager: Mounting plugin OpenXREyeTracker
LogPluginManager: Mounting plugin OpenXRHandTracking
LogPluginManager: Mounting plugin PostSplashScreen
LogPluginManager: Mounting plugin ProceduralMeshComponent
LogPluginManager: Mounting plugin PhysXVehicles
LogPluginManager: Mounting plugin PropertyAccessEditor
LogPluginManager: Mounting plugin RuntimePhysXCooking
LogPluginManager: Mounting plugin SignificanceManager
LogPluginManager: Mounting plugin SoundFields
LogPluginManager: Mounting plugin Synthesis
LogPluginManager: Mounting plugin WebMMoviePlayer
LogPluginManager: Mounting plugin WindowsMoviePlayer
LogPluginManager: Mounting plugin LauncherChunkInstaller
LogPluginManager: Mounting plugin Takes
LogPluginManager: Mounting plugin ScreenshotTools
LogPluginManager: Mounting plugin ContentBrowserAssetDataSource
LogPluginManager: Mounting plugin ContentBrowserClassDataSource
LogPluginManager: Mounting plugin ContentBrowserFileDataSource
LogPluginManager: Mounting plugin OnlineSubsystemGooglePlay
LogPluginManager: Mounting plugin OnlineSubsystemIOS
LogPluginManager: Mounting plugin OculusVR
LogPluginManager: Mounting plugin SteamVR
PixWinPlugin: PIX capture plugin failed to initialize! Check that the process is launched from PIX.
LogInit: Using libcurl 7.55.1-DEV
LogInit:  - built for x86_64-pc-win32
LogInit:  - supports SSL with OpenSSL/1.1.1
LogInit:  - supports HTTP deflate (compression) using libz 1.2.8
LogInit:  - other features:
LogInit:      CURL_VERSION_SSL
LogInit:      CURL_VERSION_LIBZ
LogInit:      CURL_VERSION_IPV6
LogInit:      CURL_VERSION_ASYNCHDNS
LogInit:      CURL_VERSION_LARGEFILE
LogInit:      CURL_VERSION_IDN
LogInit:  CurlRequestOptions (configurable via config and command line):
LogInit:  - bVerifyPeer = true  - Libcurl will verify peer certificate
LogInit:  - bUseHttpProxy = false  - Libcurl will NOT use HTTP proxy
LogInit:  - bDontReuseConnections = false  - Libcurl will reuse connections
LogInit:  - MaxHostConnections = 16  - Libcurl will limit the number of connections to a host
LogInit:  - LocalHostAddr = Default
LogInit:  - BufferSize = 65536
LogOnline: OSS: Creating online subsystem instance for: NULL
LogInit: WinSock: version 1.1 (2.2), MaxSocks=32767, MaxUdp=65467
LogOnline: OSS: TryLoadSubsystemAndSetDefault: Loaded subsystem for module [NULL]
LogOculusPluginWrapper: OculusPlugin initialized successfully
LogHMD: Failed initializing OVRPlugin 1.59.0
LogInit: Build: ++UE4+Release-4.27-CL-17155196
LogInit: Engine Version: 4.27.0-17155196+++UE4+Release-4.27
LogInit: Compatible Engine Version: 4.27.0-17155196+++UE4+Release-4.27
LogInit: Net CL: 17155196
LogInit: OS: Windows 10 (Release 2009) (), CPU: Intel(R) Core(TM) i5-7200U CPU @ 2.50GHz, GPU: Intel(R) HD Graphics 620
LogInit: Compiled (64-bit): Aug 13 2021 06:13:13
LogInit: Compiled with Visual C++: 19.24.28315.00
LogInit: Build Configuration: Development
LogInit: Branch Name: ++UE4+Release-4.27
LogInit: Command Line:  /Game/Niveles/Instrucciones -game -PIEVIACONSOLE -Multiprocess GameUserSettingsINI=C:/Users/ROSORIO/Desktop/Scientificus/ProyectoUE/Saved/Config/Windows/PIEGameUserSettings0.ini -MultiprocessSaveConfig -forcepassthrough -messaging -SessionName="Play in Standalone Game" -windowed -WinX=220 -WinY=151 SAVEWINPOS=1 -ResX=1280 -ResY=747
LogInit: Base Directory: D:/Program Files/Program Files (x86)/UE_4.27/Engine/Binaries/Win64/
LogInit: Allocator: TBB
LogInit: Installed Engine Build: 1
LogDevObjectVersion: Number of dev versions registered: 29
LogDevObjectVersion:   Dev-Blueprints (B0D832E4-1F89-4F0D-ACCF-7EB736FD4AA2): 10
LogDevObjectVersion:   Dev-Build (E1C64328-A22C-4D53-A36C-8E866417BD8C): 0
LogDevObjectVersion:   Dev-Core (375EC13C-06E4-48FB-B500-84F0262A717E): 4
LogDevObjectVersion:   Dev-Editor (E4B068ED-F494-42E9-A231-DA0B2E46BB41): 40
LogDevObjectVersion:   Dev-Framework (CFFC743F-43B0-4480-9391-14DF171D2073): 37
LogDevObjectVersion:   Dev-Mobile (B02B49B5-BB20-44E9-A304-32B752E40360): 3
LogDevObjectVersion:   Dev-Networking (A4E4105C-59A1-49B5-A7C5-40C4547EDFEE): 0
LogDevObjectVersion:   Dev-Online (39C831C9-5AE6-47DC-9A44-9C173E1C8E7C): 0
LogDevObjectVersion:   Dev-Physics (78F01B33-EBEA-4F98-B9B4-84EACCB95AA2): 14
LogDevObjectVersion:   Dev-Platform (6631380F-2D4D-43E0-8009-CF276956A95A): 0
LogDevObjectVersion:   Dev-Rendering (12F88B9F-8875-4AFC-A67C-D90C383ABD29): 45
LogDevObjectVersion:   Dev-Sequencer (7B5AE74C-D270-4C10-A958-57980B212A5A): 13
LogDevObjectVersion:   Dev-VR (D7296918-1DD6-4BDD-9DE2-64A83CC13884): 3
LogDevObjectVersion:   Dev-LoadTimes (C2A15278-BFE7-4AFE-6C17-90FF531DF755): 1
LogDevObjectVersion:   Private-Geometry (6EACA3D4-40EC-4CC1-B786-8BED09428FC5): 3
LogDevObjectVersion:   Dev-AnimPhys (29E575DD-E0A3-4627-9D10-D276232CDCEA): 17
LogDevObjectVersion:   Dev-Anim (AF43A65D-7FD3-4947-9873-3E8ED9C1BB05): 15
LogDevObjectVersion:   Dev-ReflectionCapture (6B266CEC-1EC7-4B8F-A30B-E4D90942FC07): 1
LogDevObjectVersion:   Dev-Automation (0DF73D61-A23F-47EA-B727-89E90C41499A): 1
LogDevObjectVersion:   FortniteMain (601D1886-AC64-4F84-AA16-D3DE0DEAC7D6): 47
LogDevObjectVersion:   FortniteRelease (E7086368-6B23-4C58-8439-1B7016265E91): 1
LogDevObjectVersion:   Dev-Enterprise (9DFFBCD6-494F-0158-E221-12823C92A888): 10
LogDevObjectVersion:   Dev-Niagara (F2AED0AC-9AFE-416F-8664-AA7FFA26D6FC): 1
LogDevObjectVersion:   Dev-Destruction (174F1F0B-B4C6-45A5-B13F-2EE8D0FB917D): 10
LogDevObjectVersion:   Dev-Physics-Ext (35F94A83-E258-406C-A318-09F59610247C): 41
LogDevObjectVersion:   Dev-PhysicsMaterial-Chaos (B68FC16E-8B1B-42E2-B453-215C058844FE): 1
LogDevObjectVersion:   Dev-CineCamera (B2E18506-4273-CFC2-A54E-F4BB758BBA07): 1
LogDevObjectVersion:   Dev-VirtualProduction (64F58936-FD1B-42BA-BA96-7289D5D0FA4E): 1
LogDevObjectVersion:   Dev-MediaFramework (6F0ED827-A609-4895-9C91-998D90180EA4): 2
LogInit: Presizing for max 25165824 objects, including 0 objects not considered by GC, pre-allocating 0 bytes for permanent pool.
LogConfig: Applying CVar settings from Section [/Script/Engine.StreamingSettings] File [C:/Users/ROSORIO/Desktop/Scientificus/ProyectoUE/Saved/Config/Windows/Engine.ini]
LogConfig: Setting CVar [[s.MinBulkDataSizeForAsyncLoading:131072]]
LogConfig: Setting CVar [[s.AsyncLoadingThreadEnabled:0]]
LogConfig: Setting CVar [[s.EventDrivenLoaderEnabled:1]]
LogConfig: Setting CVar [[s.WarnIfTimeLimitExceeded:0]]
LogConfig: Setting CVar [[s.TimeLimitExceededMultiplier:1.5]]
LogConfig: Setting CVar [[s.TimeLimitExceededMinTime:0.005]]
LogConfig: Setting CVar [[s.UseBackgroundLevelStreaming:1]]
LogConfig: Setting CVar [[s.PriorityAsyncLoadingExtraTime:15.0]]
LogConfig: Setting CVar [[s.LevelStreamingActorsUpdateTimeLimit:5.0]]
LogConfig: Setting CVar [[s.PriorityLevelStreamingActorsUpdateExtraTime:5.0]]
LogConfig: Setting CVar [[s.LevelStreamingComponentsRegistrationGranularity:10]]
LogConfig: Setting CVar [[s.UnregisterComponentsTimeLimit:1.0]]
LogConfig: Setting CVar [[s.LevelStreamingComponentsUnregistrationGranularity:5]]
LogConfig: Setting CVar [[s.FlushStreamingOnExit:1]]
LogInit: Object subsystem initialized
LogConfig: Setting CVar [[con.DebugEarlyDefault:1]]
LogConfig: Setting CVar [[r.setres:1280x720]]
[2021.11.19-23.43.01:428][  0]LogConfig: Setting CVar [[con.DebugEarlyDefault:1]]
[2021.11.19-23.43.01:428][  0]LogConfig: Setting CVar [[r.setres:1280x720]]
[2021.11.19-23.43.01:428][  0]LogConfig: Applying CVar settings from Section [/Script/Engine.RendererSettings] File [C:/Users/ROSORIO/Desktop/Scientificus/ProyectoUE/Saved/Config/Windows/Engine.ini]
[2021.11.19-23.43.01:428][  0]LogConfig: Setting CVar [[r.GPUCrashDebugging:0]]
[2021.11.19-23.43.01:429][  0]LogConfig: Applying CVar settings from Section [/Script/Engine.RendererOverrideSettings] File [C:/Users/ROSORIO/Desktop/Scientificus/ProyectoUE/Saved/Config/Windows/Engine.ini]
[2021.11.19-23.43.01:429][  0]LogConfig: Applying CVar settings from Section [/Script/Engine.StreamingSettings] File [C:/Users/ROSORIO/Desktop/Scientificus/ProyectoUE/Saved/Config/Windows/Engine.ini]
[2021.11.19-23.43.01:429][  0]LogConfig: Setting CVar [[s.MinBulkDataSizeForAsyncLoading:131072]]
[2021.11.19-23.43.01:429][  0]LogConfig: Setting CVar [[s.AsyncLoadingThreadEnabled:0]]
[2021.11.19-23.43.01:429][  0]LogConfig: Setting CVar [[s.EventDrivenLoaderEnabled:1]]
[2021.11.19-23.43.01:429][  0]LogConfig: Setting CVar [[s.WarnIfTimeLimitExceeded:0]]
[2021.11.19-23.43.01:429][  0]LogConfig: Setting CVar [[s.TimeLimitExceededMultiplier:1.5]]
[2021.11.19-23.43.01:429][  0]LogConfig: Setting CVar [[s.TimeLimitExceededMinTime:0.005]]
[2021.11.19-23.43.01:429][  0]LogConfig: Setting CVar [[s.UseBackgroundLevelStreaming:1]]
[2021.11.19-23.43.01:429][  0]LogConfig: Setting CVar [[s.PriorityAsyncLoadingExtraTime:15.0]]
[2021.11.19-23.43.01:429][  0]LogConfig: Setting CVar [[s.LevelStreamingActorsUpdateTimeLimit:5.0]]
[2021.11.19-23.43.01:429][  0]LogConfig: Setting CVar [[s.PriorityLevelStreamingActorsUpdateExtraTime:5.0]]
[2021.11.19-23.43.01:429][  0]LogConfig: Setting CVar [[s.LevelStreamingComponentsRegistrationGranularity:10]]
[2021.11.19-23.43.01:429][  0]LogConfig: Setting CVar [[s.UnregisterComponentsTimeLimit:1.0]]
[2021.11.19-23.43.01:429][  0]LogConfig: Setting CVar [[s.LevelStreamingComponentsUnregistrationGranularity:5]]
[2021.11.19-23.43.01:429][  0]LogConfig: Setting CVar [[s.FlushStreamingOnExit:1]]
[2021.11.19-23.43.01:429][  0]LogConfig: Applying CVar settings from Section [/Script/Engine.GarbageCollectionSettings] File [C:/Users/ROSORIO/Desktop/Scientificus/ProyectoUE/Saved/Config/Windows/Engine.ini]
[2021.11.19-23.43.01:429][  0]LogConfig: Setting CVar [[gc.MaxObjectsNotConsideredByGC:1]]
[2021.11.19-23.43.01:429][  0]LogConfig: Setting CVar [[gc.SizeOfPermanentObjectPool:0]]
[2021.11.19-23.43.01:429][  0]LogConfig: Setting CVar [[gc.FlushStreamingOnGC:0]]
[2021.11.19-23.43.01:429][  0]LogConfig: Setting CVar [[gc.NumRetriesBeforeForcingGC:10]]
[2021.11.19-23.43.01:429][  0]LogConfig: Setting CVar [[gc.AllowParallelGC:1]]
[2021.11.19-23.43.01:429][  0]LogConfig: Setting CVar [[gc.TimeBetweenPurgingPendingKillObjects:61.1]]
[2021.11.19-23.43.01:429][  0]LogConfig: Setting CVar [[gc.MaxObjectsInEditor:25165824]]
[2021.11.19-23.43.01:429][  0]LogConfig: Setting CVar [[gc.IncrementalBeginDestroyEnabled:1]]
[2021.11.19-23.43.01:429][  0]LogConfig: Setting CVar [[gc.CreateGCClusters:1]]
[2021.11.19-23.43.01:429][  0]LogConfig: Setting CVar [[gc.MinGCClusterSize:5]]
[2021.11.19-23.43.01:429][  0]LogConfig: Setting CVar [[gc.ActorClusteringEnabled:0]]
[2021.11.19-23.43.01:429][  0]LogConfig: Setting CVar [[gc.BlueprintClusteringEnabled:0]]
[2021.11.19-23.43.01:429][  0]LogConfig: Setting CVar [[gc.UseDisregardForGCOnDedicatedServers:0]]
[2021.11.19-23.43.01:429][  0]LogConfig: Setting CVar [[gc.MultithreadedDestructionEnabled:1]]
[2021.11.19-23.43.01:429][  0]LogConfig: Applying CVar settings from Section [/Script/Engine.NetworkSettings] File [C:/Users/ROSORIO/Desktop/Scientificus/ProyectoUE/Saved/Config/Windows/Engine.ini]
[2021.11.19-23.43.01:429][  0]LogConfig: Applying CVar settings from Section [/Script/UnrealEd.CookerSettings] File [C:/Users/ROSORIO/Desktop/Scientificus/ProyectoUE/Saved/Config/Windows/Engine.ini]
[2021.11.19-23.43.01:436][  0]LogConfig: Applying CVar settings from Section [ViewDistanceQuality@3] File [C:/Users/ROSORIO/Desktop/Scientificus/ProyectoUE/Saved/Config/Windows/Scalability.ini]
[2021.11.19-23.43.01:436][  0]LogConfig: Setting CVar [[r.SkeletalMeshLODBias:0]]
[2021.11.19-23.43.01:436][  0]LogConfig: Setting CVar [[r.ViewDistanceScale:1.0]]
[2021.11.19-23.43.01:436][  0]LogConfig: Applying CVar settings from Section [AntiAliasingQuality@3] File [C:/Users/ROSORIO/Desktop/Scientificus/ProyectoUE/Saved/Config/Windows/Scalability.ini]
[2021.11.19-23.43.01:436][  0]LogConfig: Setting CVar [[r.PostProcessAAQuality:4]]
[2021.11.19-23.43.01:436][  0]LogConfig: Applying CVar settings from Section [ShadowQuality@3] File [C:/Users/ROSORIO/Desktop/Scientificus/ProyectoUE/Saved/Config/Windows/Scalability.ini]
[2021.11.19-23.43.01:436][  0]LogConfig: Setting CVar [[r.LightFunctionQuality:1]]
[2021.11.19-23.43.01:436][  0]LogConfig: Setting CVar [[r.ShadowQuality:5]]
[2021.11.19-23.43.01:436][  0]LogConfig: Setting CVar [[r.Shadow.CSM.MaxCascades:10]]
[2021.11.19-23.43.01:436][  0]LogConfig: Setting CVar [[r.Shadow.MaxResolution:2048]]
[2021.11.19-23.43.01:436][  0]LogConfig: Setting CVar [[r.Shadow.MaxCSMResolution:2048]]
[2021.11.19-23.43.01:436][  0]LogConfig: Setting CVar [[r.Shadow.RadiusThreshold:0.01]]
[2021.11.19-23.43.01:436][  0]LogConfig: Setting CVar [[r.Shadow.DistanceScale:1.0]]
[2021.11.19-23.43.01:436][  0]LogConfig: Setting CVar [[r.Shadow.CSM.TransitionScale:1.0]]
[2021.11.19-23.43.01:436][  0]LogConfig: Setting CVar [[r.Shadow.PreShadowResolutionFactor:1.0]]
[2021.11.19-23.43.01:436][  0]LogConfig: Setting CVar [[r.DistanceFieldShadowing:1]]
[2021.11.19-23.43.01:436][  0]LogConfig: Setting CVar [[r.DistanceFieldAO:1]]
[2021.11.19-23.43.01:436][  0]LogConfig: Setting CVar [[r.AOQuality:2]]
[2021.11.19-23.43.01:436][  0]LogConfig: Setting CVar [[r.VolumetricFog:1]]
[2021.11.19-23.43.01:436][  0]LogConfig: Setting CVar [[r.VolumetricFog.GridPixelSize:8]]
[2021.11.19-23.43.01:436][  0]LogConfig: Setting CVar [[r.VolumetricFog.GridSizeZ:128]]
[2021.11.19-23.43.01:436][  0]LogConfig: Setting CVar [[r.VolumetricFog.HistoryMissSupersampleCount:4]]
[2021.11.19-23.43.01:436][  0]LogConfig: Setting CVar [[r.LightMaxDrawDistanceScale:1]]
[2021.11.19-23.43.01:436][  0]LogConfig: Setting CVar [[r.CapsuleShadows:1]]
[2021.11.19-23.43.01:436][  0]LogConfig: Applying CVar settings from Section [PostProcessQuality@3] File [C:/Users/ROSORIO/Desktop/Scientificus/ProyectoUE/Saved/Config/Windows/Scalability.ini]
[2021.11.19-23.43.01:436][  0]LogConfig: Setting CVar [[r.MotionBlurQuality:4]]
[2021.11.19-23.43.01:436][  0]LogConfig: Setting CVar [[r.AmbientOcclusionMipLevelFactor:0.4]]
[2021.11.19-23.43.01:436][  0]LogConfig: Setting CVar [[r.AmbientOcclusionMaxQuality:100]]
[2021.11.19-23.43.01:436][  0]LogConfig: Setting CVar [[r.AmbientOcclusionLevels:-1]]
[2021.11.19-23.43.01:436][  0]LogConfig: Setting CVar [[r.AmbientOcclusionRadiusScale:1.0]]
[2021.11.19-23.43.01:436][  0]LogConfig: Setting CVar [[r.DepthOfFieldQuality:2]]
[2021.11.19-23.43.01:436][  0]LogConfig: Setting CVar [[r.RenderTargetPoolMin:400]]
[2021.11.19-23.43.01:436][  0]LogConfig: Setting CVar [[r.LensFlareQuality:2]]
[2021.11.19-23.43.01:436][  0]LogConfig: Setting CVar [[r.SceneColorFringeQuality:1]]
[2021.11.19-23.43.01:436][  0]LogConfig: Setting CVar [[r.EyeAdaptationQuality:2]]
[2021.11.19-23.43.01:436][  0]LogConfig: Setting CVar [[r.BloomQuality:5]]
[2021.11.19-23.43.01:436][  0]LogConfig: Setting CVar [[r.FastBlurThreshold:100]]
[2021.11.19-23.43.01:436][  0]LogConfig: Setting CVar [[r.Upscale.Quality:3]]
[2021.11.19-23.43.01:436][  0]LogConfig: Setting CVar [[r.Tonemapper.GrainQuantization:1]]
[2021.11.19-23.43.01:436][  0]LogConfig: Setting CVar [[r.LightShaftQuality:1]]
[2021.11.19-23.43.01:436][  0]LogConfig: Setting CVar [[r.Filter.SizeScale:1]]
[2021.11.19-23.43.01:437][  0]LogConfig: Setting CVar [[r.Tonemapper.Quality:5]]
[2021.11.19-23.43.01:437][  0]LogConfig: Setting CVar [[r.DOF.Gather.AccumulatorQuality:1        ; higher gathering accumulator quality]]
[2021.11.19-23.43.01:437][  0]LogConfig: Setting CVar [[r.DOF.Gather.PostfilterMethod:1          ; Median3x3 postfilering method]]
[2021.11.19-23.43.01:437][  0]LogConfig: Setting CVar [[r.DOF.Gather.EnableBokehSettings:0       ; no bokeh simulation when gathering]]
[2021.11.19-23.43.01:437][  0]LogConfig: Setting CVar [[r.DOF.Gather.RingCount:4                 ; medium number of samples when gathering]]
[2021.11.19-23.43.01:437][  0]LogConfig: Setting CVar [[r.DOF.Scatter.ForegroundCompositing:1    ; additive foreground scattering]]
[2021.11.19-23.43.01:437][  0]LogConfig: Setting CVar [[r.DOF.Scatter.BackgroundCompositing:2    ; additive background scattering]]
[2021.11.19-23.43.01:437][  0]LogConfig: Setting CVar [[r.DOF.Scatter.EnableBokehSettings:1      ; bokeh simulation when scattering]]
[2021.11.19-23.43.01:437][  0]LogConfig: Setting CVar [[r.DOF.Scatter.MaxSpriteRatio:0.1         ; only a maximum of 10% of scattered bokeh]]
[2021.11.19-23.43.01:437][  0]LogConfig: Setting CVar [[r.DOF.Recombine.Quality:1                ; cheap slight out of focus]]
[2021.11.19-23.43.01:437][  0]LogConfig: Setting CVar [[r.DOF.Recombine.EnableBokehSettings:0    ; no bokeh simulation on slight out of focus]]
[2021.11.19-23.43.01:437][  0]LogConfig: Setting CVar [[r.DOF.TemporalAAQuality:1                ; more stable temporal accumulation]]
[2021.11.19-23.43.01:437][  0]LogConfig: Setting CVar [[r.DOF.Kernel.MaxForegroundRadius:0.025]]
[2021.11.19-23.43.01:437][  0]LogConfig: Setting CVar [[r.DOF.Kernel.MaxBackgroundRadius:0.025]]
[2021.11.19-23.43.01:437][  0]LogConfig: Applying CVar settings from Section [TextureQuality@3] File [C:/Users/ROSORIO/Desktop/Scientificus/ProyectoUE/Saved/Config/Windows/Scalability.ini]
[2021.11.19-23.43.01:437][  0]LogConfig: Setting CVar [[r.Streaming.MipBias:0]]
[2021.11.19-23.43.01:437][  0]LogConfig: Setting CVar [[r.Streaming.AmortizeCPUToGPUCopy:0]]
[2021.11.19-23.43.01:437][  0]LogConfig: Setting CVar [[r.Streaming.MaxNumTexturesToStreamPerFrame:0]]
[2021.11.19-23.43.01:437][  0]LogConfig: Setting CVar [[r.Streaming.Boost:1]]
[2021.11.19-23.43.01:437][  0]LogConfig: Setting CVar [[r.MaxAnisotropy:8]]
[2021.11.19-23.43.01:437][  0]LogConfig: Setting CVar [[r.VT.MaxAnisotropy:8]]
[2021.11.19-23.43.01:437][  0]LogConfig: Setting CVar [[r.Streaming.LimitPoolSizeToVRAM:0]]
[2021.11.19-23.43.01:437][  0]LogConfig: Setting CVar [[r.Streaming.PoolSize:1000]]
[2021.11.19-23.43.01:437][  0]LogConfig: Setting CVar [[r.Streaming.MaxEffectiveScreenSize:0]]
[2021.11.19-23.43.01:437][  0]LogConfig: Applying CVar settings from Section [EffectsQuality@3] File [C:/Users/ROSORIO/Desktop/Scientificus/ProyectoUE/Saved/Config/Windows/Scalability.ini]
[2021.11.19-23.43.01:437][  0]LogConfig: Setting CVar [[r.TranslucencyLightingVolumeDim:64]]
[2021.11.19-23.43.01:437][  0]LogConfig: Setting CVar [[r.RefractionQuality:2]]
[2021.11.19-23.43.01:437][  0]LogConfig: Setting CVar [[r.SSR.Quality:3]]
[2021.11.19-23.43.01:437][  0]LogConfig: Setting CVar [[r.SSR.HalfResSceneColor:0]]
[2021.11.19-23.43.01:437][  0]LogConfig: Setting CVar [[r.SceneColorFormat:4]]
[2021.11.19-23.43.01:437][  0]LogConfig: Setting CVar [[r.DetailMode:2]]
[2021.11.19-23.43.01:437][  0]LogConfig: Setting CVar [[r.TranslucencyVolumeBlur:1]]
[2021.11.19-23.43.01:437][  0]LogConfig: Setting CVar [[r.MaterialQualityLevel:1 ; High quality]]
[2021.11.19-23.43.01:437][  0]LogConfig: Setting CVar [[r.AnisotropicMaterials:1]]
[2021.11.19-23.43.01:437][  0]LogConfig: Setting CVar [[r.SSS.Scale:1]]
[2021.11.19-23.43.01:437][  0]LogConfig: Setting CVar [[r.SSS.SampleSet:2]]
[2021.11.19-23.43.01:437][  0]LogConfig: Setting CVar [[r.SSS.Quality:1]]
[2021.11.19-23.43.01:437][  0]LogConfig: Setting CVar [[r.SSS.HalfRes:0]]
[2021.11.19-23.43.01:437][  0]LogConfig: Setting CVar [[r.SSGI.Quality:3]]
[2021.11.19-23.43.01:437][  0]LogConfig: Setting CVar [[r.EmitterSpawnRateScale:1.0]]
[2021.11.19-23.43.01:437][  0]LogConfig: Setting CVar [[r.ParticleLightQuality:2]]
[2021.11.19-23.43.01:437][  0]LogConfig: Setting CVar [[r.SkyAtmosphere.AerialPerspectiveLUT.FastApplyOnOpaque:1 ; Always have FastSkyLUT 1 in this case to avoid wrong sky]]
[2021.11.19-23.43.01:437][  0]LogConfig: Setting CVar [[r.SkyAtmosphere.AerialPerspectiveLUT.SampleCountMaxPerSlice:4]]
[2021.11.19-23.43.01:437][  0]LogConfig: Setting CVar [[r.SkyAtmosphere.AerialPerspectiveLUT.DepthResolution:16.0]]
[2021.11.19-23.43.01:437][  0]LogConfig: Setting CVar [[r.SkyAtmosphere.FastSkyLUT:1]]
[2021.11.19-23.43.01:437][  0]LogConfig: Setting CVar [[r.SkyAtmosphere.FastSkyLUT.SampleCountMin:4.0]]
[2021.11.19-23.43.01:437][  0]LogConfig: Setting CVar [[r.SkyAtmosphere.FastSkyLUT.SampleCountMax:128.0]]
[2021.11.19-23.43.01:437][  0]LogConfig: Setting CVar [[r.SkyAtmosphere.SampleCountMin:4.0]]
[2021.11.19-23.43.01:437][  0]LogConfig: Setting CVar [[r.SkyAtmosphere.SampleCountMax:128.0]]
[2021.11.19-23.43.01:437][  0]LogConfig: Setting CVar [[r.SkyAtmosphere.TransmittanceLUT.UseSmallFormat:0]]
[2021.11.19-23.43.01:437][  0]LogConfig: Setting CVar [[r.SkyAtmosphere.TransmittanceLUT.SampleCount:10.0]]
[2021.11.19-23.43.01:437][  0]LogConfig: Setting CVar [[r.SkyAtmosphere.MultiScatteringLUT.SampleCount:15.0]]
[2021.11.19-23.43.01:437][  0]LogConfig: Setting CVar [[r.SkyLight.RealTimeReflectionCapture:1]]
[2021.11.19-23.43.01:437][  0]LogConfig: Applying CVar settings from Section [FoliageQuality@3] File [C:/Users/ROSORIO/Desktop/Scientificus/ProyectoUE/Saved/Config/Windows/Scalability.ini]
[2021.11.19-23.43.01:437][  0]LogConfig: Setting CVar [[foliage.DensityScale:1.0]]
[2021.11.19-23.43.01:437][  0]LogConfig: Setting CVar [[grass.DensityScale:1.0]]
[2021.11.19-23.43.01:437][  0]LogConfig: Applying CVar settings from Section [ShadingQuality@3] File [C:/Users/ROSORIO/Desktop/Scientificus/ProyectoUE/Saved/Config/Windows/Scalability.ini]
[2021.11.19-23.43.01:437][  0]LogConfig: Setting CVar [[r.HairStrands.SkyLighting.IntegrationType:2]]
[2021.11.19-23.43.01:437][  0]LogConfig: Setting CVar [[r.HairStrands.SkyAO.SampleCount:4]]
[2021.11.19-23.43.01:437][  0]LogConfig: Setting CVar [[r.HairStrands.Visibility.MSAA.SamplePerPixel:4]]
[2021.11.19-23.43.01:437][  0]LogInit: Selected Device Profile: [Windows]
[2021.11.19-23.43.01:437][  0]LogInit: Applying CVar settings loaded from the selected device profile: [Windows]
[2021.11.19-23.43.01:438][  0]LogHAL: Display: Platform has ~ 12 GB [12746723328 / 17179869184 / 12], which maps to Larger [LargestMinGB=32, LargerMinGB=12, DefaultMinGB=8, SmallerMinGB=6, SmallestMinGB=0)
[2021.11.19-23.43.01:438][  0]LogInit: Going up to parent DeviceProfile []
[2021.11.19-23.43.01:438][  0]LogConfig: Applying CVar settings from Section [ViewDistanceQuality@3] File [C:/Users/ROSORIO/Desktop/Scientificus/ProyectoUE/Saved/Config/Windows/Scalability.ini]
[2021.11.19-23.43.01:438][  0]LogConfig: Setting CVar [[r.SkeletalMeshLODBias:0]]
[2021.11.19-23.43.01:438][  0]LogConfig: Setting CVar [[r.ViewDistanceScale:1.0]]
[2021.11.19-23.43.01:438][  0]LogConfig: Applying CVar settings from Section [AntiAliasingQuality@3] File [C:/Users/ROSORIO/Desktop/Scientificus/ProyectoUE/Saved/Config/Windows/Scalability.ini]
[2021.11.19-23.43.01:438][  0]LogConfig: Setting CVar [[r.PostProcessAAQuality:4]]
[2021.11.19-23.43.01:438][  0]LogConfig: Applying CVar settings from Section [ShadowQuality@3] File [C:/Users/ROSORIO/Desktop/Scientificus/ProyectoUE/Saved/Config/Windows/Scalability.ini]
[2021.11.19-23.43.01:438][  0]LogConfig: Setting CVar [[r.LightFunctionQuality:1]]
[2021.11.19-23.43.01:438][  0]LogConfig: Setting CVar [[r.ShadowQuality:5]]
[2021.11.19-23.43.01:438][  0]LogConfig: Setting CVar [[r.Shadow.CSM.MaxCascades:10]]
[2021.11.19-23.43.01:438][  0]LogConfig: Setting CVar [[r.Shadow.MaxResolution:2048]]
[2021.11.19-23.43.01:438][  0]LogConfig: Setting CVar [[r.Shadow.MaxCSMResolution:2048]]
[2021.11.19-23.43.01:438][  0]LogConfig: Setting CVar [[r.Shadow.RadiusThreshold:0.01]]
[2021.11.19-23.43.01:438][  0]LogConfig: Setting CVar [[r.Shadow.DistanceScale:1.0]]
[2021.11.19-23.43.01:438][  0]LogConfig: Setting CVar [[r.Shadow.CSM.TransitionScale:1.0]]
[2021.11.19-23.43.01:438][  0]LogConfig: Setting CVar [[r.Shadow.PreShadowResolutionFactor:1.0]]
[2021.11.19-23.43.01:438][  0]LogConfig: Setting CVar [[r.DistanceFieldShadowing:1]]
[2021.11.19-23.43.01:438][  0]LogConfig: Setting CVar [[r.DistanceFieldAO:1]]
[2021.11.19-23.43.01:438][  0]LogConfig: Setting CVar [[r.AOQuality:2]]
[2021.11.19-23.43.01:438][  0]LogConfig: Setting CVar [[r.VolumetricFog:1]]
[2021.11.19-23.43.01:438][  0]LogConfig: Setting CVar [[r.VolumetricFog.GridPixelSize:8]]
[2021.11.19-23.43.01:438][  0]LogConfig: Setting CVar [[r.VolumetricFog.GridSizeZ:128]]
[2021.11.19-23.43.01:438][  0]LogConfig: Setting CVar [[r.VolumetricFog.HistoryMissSupersampleCount:4]]
[2021.11.19-23.43.01:438][  0]LogConfig: Setting CVar [[r.LightMaxDrawDistanceScale:1]]
[2021.11.19-23.43.01:438][  0]LogConfig: Setting CVar [[r.CapsuleShadows:1]]
[2021.11.19-23.43.01:438][  0]LogConfig: Applying CVar settings from Section [PostProcessQuality@3] File [C:/Users/ROSORIO/Desktop/Scientificus/ProyectoUE/Saved/Config/Windows/Scalability.ini]
[2021.11.19-23.43.01:438][  0]LogConfig: Setting CVar [[r.MotionBlurQuality:4]]
[2021.11.19-23.43.01:438][  0]LogConfig: Setting CVar [[r.AmbientOcclusionMipLevelFactor:0.4]]
[2021.11.19-23.43.01:438][  0]LogConfig: Setting CVar [[r.AmbientOcclusionMaxQuality:100]]
[2021.11.19-23.43.01:438][  0]LogConfig: Setting CVar [[r.AmbientOcclusionLevels:-1]]
[2021.11.19-23.43.01:438][  0]LogConfig: Setting CVar [[r.AmbientOcclusionRadiusScale:1.0]]
[2021.11.19-23.43.01:438][  0]LogConfig: Setting CVar [[r.DepthOfFieldQuality:2]]
[2021.11.19-23.43.01:438][  0]LogConfig: Setting CVar [[r.RenderTargetPoolMin:400]]
[2021.11.19-23.43.01:438][  0]LogConfig: Setting CVar [[r.LensFlareQuality:2]]
[2021.11.19-23.43.01:438][  0]LogConfig: Setting CVar [[r.SceneColorFringeQuality:1]]
[2021.11.19-23.43.01:438][  0]LogConfig: Setting CVar [[r.EyeAdaptationQuality:2]]
[2021.11.19-23.43.01:438][  0]LogConfig: Setting CVar [[r.BloomQuality:5]]
[2021.11.19-23.43.01:438][  0]LogConfig: Setting CVar [[r.FastBlurThreshold:100]]
[2021.11.19-23.43.01:438][  0]LogConfig: Setting CVar [[r.Upscale.Quality:3]]
[2021.11.19-23.43.01:438][  0]LogConfig: Setting CVar [[r.Tonemapper.GrainQuantization:1]]
[2021.11.19-23.43.01:438][  0]LogConfig: Setting CVar [[r.LightShaftQuality:1]]
[2021.11.19-23.43.01:438][  0]LogConfig: Setting CVar [[r.Filter.SizeScale:1]]
[2021.11.19-23.43.01:438][  0]LogConfig: Setting CVar [[r.Tonemapper.Quality:5]]
[2021.11.19-23.43.01:438][  0]LogConfig: Setting CVar [[r.DOF.Gather.AccumulatorQuality:1        ; higher gathering accumulator quality]]
[2021.11.19-23.43.01:438][  0]LogConfig: Setting CVar [[r.DOF.Gather.PostfilterMethod:1          ; Median3x3 postfilering method]]
[2021.11.19-23.43.01:438][  0]LogConfig: Setting CVar [[r.DOF.Gather.EnableBokehSettings:0       ; no bokeh simulation when gathering]]
[2021.11.19-23.43.01:438][  0]LogConfig: Setting CVar [[r.DOF.Gather.RingCount:4                 ; medium number of samples when gathering]]
[2021.11.19-23.43.01:438][  0]LogConfig: Setting CVar [[r.DOF.Scatter.ForegroundCompositing:1    ; additive foreground scattering]]
[2021.11.19-23.43.01:438][  0]LogConfig: Setting CVar [[r.DOF.Scatter.BackgroundCompositing:2    ; additive background scattering]]
[2021.11.19-23.43.01:438][  0]LogConfig: Setting CVar [[r.DOF.Scatter.EnableBokehSettings:1      ; bokeh simulation when scattering]]
[2021.11.19-23.43.01:438][  0]LogConfig: Setting CVar [[r.DOF.Scatter.MaxSpriteRatio:0.1         ; only a maximum of 10% of scattered bokeh]]
[2021.11.19-23.43.01:438][  0]LogConfig: Setting CVar [[r.DOF.Recombine.Quality:1                ; cheap slight out of focus]]
[2021.11.19-23.43.01:438][  0]LogConfig: Setting CVar [[r.DOF.Recombine.EnableBokehSettings:0    ; no bokeh simulation on slight out of focus]]
[2021.11.19-23.43.01:438][  0]LogConfig: Setting CVar [[r.DOF.TemporalAAQuality:1                ; more stable temporal accumulation]]
[2021.11.19-23.43.01:438][  0]LogConfig: Setting CVar [[r.DOF.Kernel.MaxForegroundRadius:0.025]]
[2021.11.19-23.43.01:438][  0]LogConfig: Setting CVar [[r.DOF.Kernel.MaxBackgroundRadius:0.025]]
[2021.11.19-23.43.01:438][  0]LogConfig: Applying CVar settings from Section [TextureQuality@3] File [C:/Users/ROSORIO/Desktop/Scientificus/ProyectoUE/Saved/Config/Windows/Scalability.ini]
[2021.11.19-23.43.01:438][  0]LogConfig: Setting CVar [[r.Streaming.MipBias:0]]
[2021.11.19-23.43.01:438][  0]LogConfig: Setting CVar [[r.Streaming.AmortizeCPUToGPUCopy:0]]
[2021.11.19-23.43.01:438][  0]LogConfig: Setting CVar [[r.Streaming.MaxNumTexturesToStreamPerFrame:0]]
[2021.11.19-23.43.01:439][  0]LogConfig: Setting CVar [[r.Streaming.Boost:1]]
[2021.11.19-23.43.01:439][  0]LogConfig: Setting CVar [[r.MaxAnisotropy:8]]
[2021.11.19-23.43.01:439][  0]LogConfig: Setting CVar [[r.VT.MaxAnisotropy:8]]
[2021.11.19-23.43.01:439][  0]LogConfig: Setting CVar [[r.Streaming.LimitPoolSizeToVRAM:0]]
[2021.11.19-23.43.01:439][  0]LogConfig: Setting CVar [[r.Streaming.PoolSize:1000]]
[2021.11.19-23.43.01:439][  0]LogConfig: Setting CVar [[r.Streaming.MaxEffectiveScreenSize:0]]
[2021.11.19-23.43.01:439][  0]LogConfig: Applying CVar settings from Section [EffectsQuality@3] File [C:/Users/ROSORIO/Desktop/Scientificus/ProyectoUE/Saved/Config/Windows/Scalability.ini]
[2021.11.19-23.43.01:439][  0]LogConfig: Setting CVar [[r.TranslucencyLightingVolumeDim:64]]
[2021.11.19-23.43.01:439][  0]LogConfig: Setting CVar [[r.RefractionQuality:2]]
[2021.11.19-23.43.01:439][  0]LogConfig: Setting CVar [[r.SSR.Quality:3]]
[2021.11.19-23.43.01:439][  0]LogConfig: Setting CVar [[r.SSR.HalfResSceneColor:0]]
[2021.11.19-23.43.01:439][  0]LogConfig: Setting CVar [[r.SceneColorFormat:4]]
[2021.11.19-23.43.01:439][  0]LogConfig: Setting CVar [[r.DetailMode:2]]
[2021.11.19-23.43.01:439][  0]LogConfig: Setting CVar [[r.TranslucencyVolumeBlur:1]]
[2021.11.19-23.43.01:439][  0]LogConfig: Setting CVar [[r.MaterialQualityLevel:1 ; High quality]]
[2021.11.19-23.43.01:439][  0]LogConfig: Setting CVar [[r.AnisotropicMaterials:1]]
[2021.11.19-23.43.01:439][  0]LogConfig: Setting CVar [[r.SSS.Scale:1]]
[2021.11.19-23.43.01:439][  0]LogConfig: Setting CVar [[r.SSS.SampleSet:2]]
[2021.11.19-23.43.01:439][  0]LogConfig: Setting CVar [[r.SSS.Quality:1]]
[2021.11.19-23.43.01:439][  0]LogConfig: Setting CVar [[r.SSS.HalfRes:0]]
[2021.11.19-23.43.01:439][  0]LogConfig: Setting CVar [[r.SSGI.Quality:3]]
[2021.11.19-23.43.01:439][  0]LogConfig: Setting CVar [[r.EmitterSpawnRateScale:1.0]]
[2021.11.19-23.43.01:439][  0]LogConfig: Setting CVar [[r.ParticleLightQuality:2]]
[2021.11.19-23.43.01:439][  0]LogConfig: Setting CVar [[r.SkyAtmosphere.AerialPerspectiveLUT.FastApplyOnOpaque:1 ; Always have FastSkyLUT 1 in this case to avoid wrong sky]]
[2021.11.19-23.43.01:439][  0]LogConfig: Setting CVar [[r.SkyAtmosphere.AerialPerspectiveLUT.SampleCountMaxPerSlice:4]]
[2021.11.19-23.43.01:439][  0]LogConfig: Setting CVar [[r.SkyAtmosphere.AerialPerspectiveLUT.DepthResolution:16.0]]
[2021.11.19-23.43.01:439][  0]LogConfig: Setting CVar [[r.SkyAtmosphere.FastSkyLUT:1]]
[2021.11.19-23.43.01:439][  0]LogConfig: Setting CVar [[r.SkyAtmosphere.FastSkyLUT.SampleCountMin:4.0]]
[2021.11.19-23.43.01:439][  0]LogConfig: Setting CVar [[r.SkyAtmosphere.FastSkyLUT.SampleCountMax:128.0]]
[2021.11.19-23.43.01:439][  0]LogConfig: Setting CVar [[r.SkyAtmosphere.SampleCountMin:4.0]]
[2021.11.19-23.43.01:439][  0]LogConfig: Setting CVar [[r.SkyAtmosphere.SampleCountMax:128.0]]
[2021.11.19-23.43.01:439][  0]LogConfig: Setting CVar [[r.SkyAtmosphere.TransmittanceLUT.UseSmallFormat:0]]
[2021.11.19-23.43.01:439][  0]LogConfig: Setting CVar [[r.SkyAtmosphere.TransmittanceLUT.SampleCount:10.0]]
[2021.11.19-23.43.01:439][  0]LogConfig: Setting CVar [[r.SkyAtmosphere.MultiScatteringLUT.SampleCount:15.0]]
[2021.11.19-23.43.01:439][  0]LogConfig: Setting CVar [[r.SkyLight.RealTimeReflectionCapture:1]]
[2021.11.19-23.43.01:439][  0]LogConfig: Applying CVar settings from Section [FoliageQuality@3] File [C:/Users/ROSORIO/Desktop/Scientificus/ProyectoUE/Saved/Config/Windows/Scalability.ini]
[2021.11.19-23.43.01:439][  0]LogConfig: Setting CVar [[foliage.DensityScale:1.0]]
[2021.11.19-23.43.01:439][  0]LogConfig: Setting CVar [[grass.DensityScale:1.0]]
[2021.11.19-23.43.01:439][  0]LogConfig: Applying CVar settings from Section [ShadingQuality@3] File [C:/Users/ROSORIO/Desktop/Scientificus/ProyectoUE/Saved/Config/Windows/Scalability.ini]
[2021.11.19-23.43.01:439][  0]LogConfig: Setting CVar [[r.HairStrands.SkyLighting.IntegrationType:2]]
[2021.11.19-23.43.01:439][  0]LogConfig: Setting CVar [[r.HairStrands.SkyAO.SampleCount:4]]
[2021.11.19-23.43.01:439][  0]LogConfig: Setting CVar [[r.HairStrands.Visibility.MSAA.SamplePerPixel:4]]
[2021.11.19-23.43.01:439][  0]LogConfig: Applying CVar settings from Section [Startup] File [../../../Engine/Config/ConsoleVariables.ini]
[2021.11.19-23.43.01:440][  0]LogConfig: Setting CVar [[net.UseAdaptiveNetUpdateFrequency:0]]
[2021.11.19-23.43.01:440][  0]LogConfig: Setting CVar [[p.chaos.AllowCreatePhysxBodies:1]]
[2021.11.19-23.43.01:440][  0]LogConfig: Setting CVar [[fx.SkipVectorVMBackendOptimizations:1]]
[2021.11.19-23.43.01:440][  0]LogConfig: Applying CVar settings from Section [ConsoleVariables] File [C:/Users/ROSORIO/Desktop/Scientificus/ProyectoUE/Saved/Config/Windows/Engine.ini]
[2021.11.19-23.43.01:440][  0]LogConfig: Applying CVar settings from Section [ConsoleVariables] File [C:/Users/ROSORIO/Desktop/Scientificus/ProyectoUE/Saved/Config/Windows/Editor.ini]
[2021.11.19-23.43.01:440][  0]LogInit: Computer: DESKTOP-KQDBUCG
[2021.11.19-23.43.01:440][  0]LogInit: User: ROSORIO
[2021.11.19-23.43.01:440][  0]LogInit: CPU Page size=4096, Cores=2
[2021.11.19-23.43.01:440][  0]LogInit: High frequency timer resolution =10.000000 MHz
[2021.11.19-23.43.01:440][  0]LogMemory: Memory total: Physical=11.9GB (12GB approx)
[2021.11.19-23.43.01:440][  0]LogMemory: Platform Memory Stats for Windows
[2021.11.19-23.43.01:440][  0]LogMemory: Process Physical Memory: 141.90 MB used, 141.90 MB peak
[2021.11.19-23.43.01:440][  0]LogMemory: Process Virtual Memory: 118.89 MB used, 118.89 MB peak
[2021.11.19-23.43.01:440][  0]LogMemory: Physical Memory: 8468.32 MB used,  3687.90 MB free, 12156.22 MB total
[2021.11.19-23.43.01:440][  0]LogMemory: Virtual Memory: 134216736.00 MB used,  989.79 MB free, 134217728.00 MB total
[2021.11.19-23.43.01:452][  0]LogWindows: WindowsPlatformFeatures enabled
[2021.11.19-23.43.01:505][  0]LogInit: Physics initialised using underlying interface: PhysX
[2021.11.19-23.43.01:505][  0]LogInit: Using OS detected language (es-ES).
[2021.11.19-23.43.01:505][  0]LogInit: Using OS detected locale (es-CO).
[2021.11.19-23.43.01:511][  0]LogTextLocalizationManager: No specific localization for 'es-ES' exists, so the 'es' localization will be used.
[2021.11.19-23.43.01:603][  0]LogWindowsTextInputMethodSystem: Display: IME system deactivated.
[2021.11.19-23.43.01:629][  0]LogSlate: New Slate User Created.  User Index 0, Is Virtual User: 0
[2021.11.19-23.43.01:629][  0]LogSlate: Slate User Registered.  User Index 0, Is Virtual User: 0
[2021.11.19-23.43.01:651][  0]LogD3D11RHI: Loaded GFSDK_Aftermath_Lib.x64.dll
[2021.11.19-23.43.01:724][  0]LogHMD: Failed to initialize OpenVR with code 110
[2021.11.19-23.43.01:724][  0]LogD3D11RHI: D3D11 min allowed feature level: 11_0
[2021.11.19-23.43.01:724][  0]LogD3D11RHI: D3D11 max allowed feature level: 11_0
[2021.11.19-23.43.01:724][  0]LogD3D11RHI: D3D11 adapters:
[2021.11.19-23.43.01:866][  0]LogD3D11RHI:    0. 'NVIDIA GeForce 940MX' (Feature Level 11_0)
[2021.11.19-23.43.01:866][  0]LogD3D11RHI:       2010/0/6078 MB DedicatedVideo/DedicatedSystem/SharedSystem, Outputs:1, VendorId:0x10de
[2021.11.19-23.43.01:906][  0]LogD3D11RHI:    1. 'Intel(R) HD Graphics 620' (Feature Level 11_0)
[2021.11.19-23.43.01:906][  0]LogD3D11RHI:       128/0/6078 MB DedicatedVideo/DedicatedSystem/SharedSystem, Outputs:0, VendorId:0x8086
[2021.11.19-23.43.01:910][  0]LogD3D11RHI:    2. 'Microsoft Basic Render Driver' (Feature Level 11_0)
[2021.11.19-23.43.01:910][  0]LogD3D11RHI:       0/0/6078 MB DedicatedVideo/DedicatedSystem/SharedSystem, Outputs:0, VendorId:0x1414
[2021.11.19-23.43.01:910][  0]LogD3D11RHI: Chosen D3D11 Adapter: 0
[2021.11.19-23.43.01:971][  0]LogD3D11RHI: Creating new Direct3DDevice
[2021.11.19-23.43.01:971][  0]LogD3D11RHI:     GPU DeviceId: 0x179c (for the marketing name, search the web for "GPU Device Id")
[2021.11.19-23.43.01:971][  0]LogWindows: EnumDisplayDevices:
[2021.11.19-23.43.01:972][  0]LogWindows:    0. 'Intel(R) HD Graphics 620' (P:1 D:1)
[2021.11.19-23.43.01:972][  0]LogWindows:    1. 'Intel(R) HD Graphics 620' (P:0 D:0)
[2021.11.19-23.43.01:972][  0]LogWindows:    2. 'Intel(R) HD Graphics 620' (P:0 D:0)
[2021.11.19-23.43.01:972][  0]LogWindows: DebugString: PrimaryIsNotTheChoosenAdapter PrimaryIsNotTheChoosenAdapter PrimaryIsNotTheChoosenAdapter FoundDriverCount:0 
[2021.11.19-23.43.01:972][  0]LogD3D11RHI:     Adapter Name: NVIDIA GeForce 940MX
[2021.11.19-23.43.01:972][  0]LogD3D11RHI:   Driver Version: Unknown (internal:Unknown, unified:Unknown)
[2021.11.19-23.43.01:972][  0]LogD3D11RHI:      Driver Date: Unknown
[2021.11.19-23.43.01:972][  0]LogRHI: Texture pool is 1407 MB (70% of 2010 MB)
[2021.11.19-23.43.02:061][  0]LogD3D11RHI: RHI has support for 64 bit atomics
[2021.11.19-23.43.02:061][  0]LogD3D11RHI: Async texture creation enabled
[2021.11.19-23.43.02:084][  0]LogD3D11RHI: GPU Timing Frequency: 1000.000000 (Debug: 2 2)
[2021.11.19-23.43.02:147][  0]LogRHI: GeForceNow SDK initialized: 1
[2021.11.19-23.43.02:625][  0]LogTargetPlatformManager: Display: Loaded TargetPlatform 'WindowsNoEditor'
[2021.11.19-23.43.02:631][  0]LogTargetPlatformManager: Display: Loaded TargetPlatform 'Windows'
[2021.11.19-23.43.02:636][  0]LogTargetPlatformManager: Display: Loaded TargetPlatform 'WindowsClient'
[2021.11.19-23.43.02:643][  0]LogTargetPlatformManager: Display: Loaded TargetPlatform 'WindowsServer'
[2021.11.19-23.43.02:643][  0]LogTargetPlatformManager: Display: Building Assets For Windows
[2021.11.19-23.43.02:653][  0]LogAudioDebug: Display: Lib vorbis DLL was dynamically loaded.
[2021.11.19-23.43.02:691][  0]LogTextureFormatOodle: Display: Oodle Texture 2.9.0 init RDO Off
[2021.11.19-23.43.02:731][  0]LogRendererCore: Ray tracing is disabled. Reason: r.RayTracing=0.
[2021.11.19-23.43.02:732][  0]LogShaderCompilers: Guid format shader working directory is -1 characters bigger than the processId version (C:/Users/ROSORIO/Desktop/Scientificus/ProyectoUE/Intermediate/Shaders/WorkingDirectory/18676/).
[2021.11.19-23.43.02:732][  0]LogShaderCompilers: Cleaned the shader compiler working directory 'C:/Users/ROSORIO/AppData/Local/Temp/UnrealShaderWorkingDir/05DF89AA41701CB3E5186BBAB496D7D8/'.
[2021.11.19-23.43.02:732][  0]LogXGEController: Cannot use XGE Controller as Incredibuild is not installed on this machine.
[2021.11.19-23.43.02:732][  0]LogShaderCompilers: Cannot use XGE Shader Compiler as Incredibuild is not installed on this machine.
[2021.11.19-23.43.02:732][  0]LogShaderCompilers: Display: Using Local Shader Compiler.
[2021.11.19-23.43.03:823][  0]LogDerivedDataCache: Display: Max Cache Size: 512 MB
[2021.11.19-23.43.03:899][  0]LogDerivedDataCache: Loaded boot cache 0.08s 95MB C:/Users/ROSORIO/AppData/Local/UnrealEngine/4.27/DerivedDataCache/Boot.ddc.
[2021.11.19-23.43.03:899][  0]LogDerivedDataCache: Display: Loaded Boot cache: C:/Users/ROSORIO/AppData/Local/UnrealEngine/4.27/DerivedDataCache/Boot.ddc
[2021.11.19-23.43.03:899][  0]LogDerivedDataCache: FDerivedDataBackendGraph:  Pak pak cache file C:/Users/ROSORIO/Desktop/Scientificus/ProyectoUE/DerivedDataCache/DDC.ddp not found, will not use a pak cache.
[2021.11.19-23.43.03:899][  0]LogDerivedDataCache: Unable to find inner node Pak for hierarchical cache Hierarchy.
[2021.11.19-23.43.03:899][  0]LogDerivedDataCache: FDerivedDataBackendGraph:  CompressedPak pak cache file C:/Users/ROSORIO/Desktop/Scientificus/ProyectoUE/DerivedDataCache/Compressed.ddp not found, will not use a pak cache.
[2021.11.19-23.43.03:899][  0]LogDerivedDataCache: Unable to find inner node CompressedPak for hierarchical cache Hierarchy.
[2021.11.19-23.43.03:923][  0]LogDerivedDataCache: Display: Pak cache opened for reading ../../../Engine/DerivedDataCache/Compressed.ddp.
[2021.11.19-23.43.03:923][  0]LogDerivedDataCache: FDerivedDataBackendGraph:  EnterprisePak pak cache file ../../../Enterprise/DerivedDataCache/Compressed.ddp not found, will not use a pak cache.
[2021.11.19-23.43.03:923][  0]LogDerivedDataCache: Unable to find inner node EnterprisePak for hierarchical cache Hierarchy.
[2021.11.19-23.43.03:931][  0]LogDerivedDataCache: Speed tests for C:/Users/ROSORIO/AppData/Local/UnrealEngine/Common/DerivedDataCache took 0.01 seconds
[2021.11.19-23.43.03:931][  0]LogDerivedDataCache: Display: Performance to C:/Users/ROSORIO/AppData/Local/UnrealEngine/Common/DerivedDataCache: Latency=0.03ms. RandomReadSpeed=671.06MBs, RandomWriteSpeed=141.92MBs. Assigned SpeedClass 'Local'
[2021.11.19-23.43.03:932][  0]LogDerivedDataCache: Using Local data cache path C:/Users/ROSORIO/AppData/Local/UnrealEngine/Common/DerivedDataCache: Writable
[2021.11.19-23.43.03:932][  0]LogDerivedDataCache: Shared data cache path not found in *engine.ini, will not use an Shared cache.
[2021.11.19-23.43.03:932][  0]LogDerivedDataCache: Unable to find inner node Shared for hierarchical cache Hierarchy.
[2021.11.19-23.43.03:982][  0]LogSlate: Using FreeType 2.10.0
[2021.11.19-23.43.03:983][  0]LogSlate: SlateFontServices - WITH_FREETYPE: 1, WITH_HARFBUZZ: 1
[2021.11.19-23.43.04:128][  0]LogInit: Using OS detected language (es-ES).
[2021.11.19-23.43.04:128][  0]LogInit: Using OS detected locale (es-CO).
[2021.11.19-23.43.04:128][  0]LogTextLocalizationManager: No localization for 'es-ES' exists, so 'en' will be used for the language.
[2021.11.19-23.43.04:128][  0]LogTextLocalizationManager: No localization for 'es-CO' exists, so 'en' will be used for the locale.
[2021.11.19-23.43.04:129][  0]LogSlate: FontCache flush requested. Reason: Culture for localization was changed
[2021.11.19-23.43.04:129][  0]LogSlate: FontCache flush requested. Reason: Culture for localization was changed
[2021.11.19-23.43.04:133][  0]LogAssetRegistry: FAssetRegistry took 0.0024 seconds to start up
[2021.11.19-23.43.04:376][  0]LogTextLocalizationManager: Compacting localization data took   0.00ms
[2021.11.19-23.43.04:376][  0]LogPackageLocalizationCache: Processed 27 localized package path(s) for 1 prioritized culture(s) in 0.001422 seconds
[2021.11.19-23.43.04:462][  0]LogInit: Selected Device Profile: [Windows]
[2021.11.19-23.43.04:462][  0]LogInit: Active device profile: [00000230202ADD00][00000230181CC640 49] Windows
[2021.11.19-23.43.04:463][  0]LogInit: Profiles: [00000230202ADD00][00000230181CC640 49] Windows, [0000023020269C00][00000230181D47C0 49] WindowsNoEditor, [00000230202AFC00][0000023014670940 49] WindowsServer, [0000023020268700][0000023014674AC0 49] WindowsClient, [00000230202AC800][0000023014678C40 49] IOS, [000002302026A900][000002301467CDC0 49] iPadAir, [00000230202AEE00][0000023014680F40 49] iPadAir2, [000002302020DA00][0000023014689200 49] IPadPro, [000002302020DB00][0000023014685240 49] iPadAir3, [00000230202AD400][000002301468D3C0 49] iPadAir4, [000002302020F200][0000023014691540 49] iPadMini2, [00000230202AF700][00000230146956C0 49] iPadMini3, [000002302020D800][0000023014699840 49] iPadMini4, [00000230202ACC00][00000230181D1980 49] iPadMini5, [0000023020251300][00000230146A1BC0 49] iPhone6, [0000023020251400][000002301469DC00 49] iPodTouch6, [000002302026A500][0000023008B14300 49] iPhone7, [000002302026A700][00000230146A4340 49] iPodTouch7, [000002302020EA00][0000023008B184C0 49] iPhone5S, [000002302026B800][0000023008B1C640 49] iPhone6Plus, [000002302020FC00][0000023008B207C0 49] iPhone6S, [000002302026AB00][0000023008B24940 49] iPhone6SPlus, [0000023020250100][0000023008B28AC0 49] iPhone7Plus, [000002302020DE00][0000023008B2CC40 49] iPhoneSE, [0000023020253300][0000023008B30DC0 49] iPhone8, [000002302020FF00][0000023008B34F40 49] iPhone8Plus, [0000023020250200][0000023008B390C0 49] iPhoneX, [000002302020C900][0000023008B3D240 49] iPhoneXS, [000002302026BF00][0000023008B413C0 49] iPhoneXSMax, [000002302020F600][0000023008B45540 49] iPhoneXR, [000002302026B300][0000023008B496C0 49] iPhone11, [000002302020FB00][0000023008B4D840 49] iPhone11Pro, [000002302026AE00][0000023008B519C0 49] iPhone11ProMax, [000002302020E400][0000023008B11B00 49] iPhoneSE2, [000002302026B600][0000023008B540C0 49] iPhone12Mini, [000002302020F100][0000023008B58200 49] iPhone12, [0000023020269200][0000023014448340 49] iPhone12Pro, [000002302020D700][00000230144504C0 49] iPhone12ProMax, [0000023020268E00][0000023014454640 49] iPadPro105, [000002302020F400][00000230144587C0 49] iPadPro129, [0000023020268A00][000002301445C940 49] iPadPro97, [000002302020F800][0000023014460AC0 49] iPadPro2_129, [0000023020269700][0000023014464C40 49] iPad5, [000002302020EE00][0000023014468DC0 49] iPad6, [0000023020268F00][000002301446CF40 49] iPad7, [000002302020F500][00000230144710C0 49] iPad8, [000002302026B700][0000023014475240 49] iPadPro11, [000002302020C700][00000230144793C0 49] iPadPro2_11, [000002302026BC00][000002301447D540 49] iPadPro3_129, [000002302020ED00][00000230144816C0 49] iPadPro4_129, [000002302026BA00][0000023014485840 49] AppleTV, [000002302020D900][00000230144899C0 49] AppleTV4K, [000002302026AD00][000002301448DB40 49] TVOS, [000002302020DD00][0000023014490140 49] Mac, [0000023020269B00][000002301444C280 49] MacClient, [000002302020C600][00000230144943C0 49] MacNoEditor, [000002302026B400][0000023014498500 49] MacServer, [000002302020EB00][00000230144A0680 49] Linux, [0000023020269E00][00000230144A4800 49] LinuxAArch64, [000002302020F900][00000230144A8980 49] LinuxNoEditor, [0000023020269A00][00000230144ACB00 49] LinuxAArch64NoEditor, [000002302020CF00][00000230144B0C80 49] LinuxClient, [000002302026AC00][00000230144B4E00 49] LinuxAArch64Client, [000002302020E700][00000230144B8F80 49] LinuxServer, [000002302026A400][00000230144BD100 49] LinuxAArch64Server, [000002302020FA00][00000230144C1280 49] Android, [0000023020269100][00000230144C5400 49] Android_Low, [000002302020E600][00000230144C9580 49] Android_Mid, [0000023020269800][00000230042EB700 49] Android_High, [000002302020D000][00000230042EF880 49] Android_Default, [000002302026A100][00000230042F3A00 49] Android_Adreno4xx, [000002302020FE00][00000230042F7B80 49] Android_Adreno5xx_Low, [0000023020269500][00000230042FA180 49] Android_Adreno5xx, [000002302020D300][00000230042FE300 49] Android_Adreno6xx, [0000023020269400][000002301449C440 49] Android_Adreno6xx_Vulkan, [000002302020E000][0000023004302580 49] Android_Mali_T6xx, [00000230202AE100][00000230043066C0 49] Android_Mali_T7xx, [0000023020252500][000002300430E840 49] Android_Mali_T8xx, [00000230202AE700][00000230043129C0 49] Android_Mali_G71, [0000023020252700][0000023004316B40 49] Android_Mali_G72, [00000230202AE000][000002300431ACC0 49] Android_Mali_G72_Vulkan, [0000023020253B00][000002300431EE40 49] Android_Mali_G76, [00000230202AE500][0000023004322FC0 49] Android_Mali_G76_Vulkan, [0000023020252000][0000023004327140 49] Android_Mali_G77, [00000230202ADB00][000002300432B2C0 49] Android_Mali_G77_Vulkan, [0000023020250900][000002300432F440 49] Android_Mali_G78, [00000230202AE900][00000230043335C0 49] Android_Mali_G78_Vulkan, [0000023020251100][0000023004337740 49] Android_Mali_G710, [00000230202AEA00][000002300433B8C0 49] Android_Mali_G710_Vulkan, [0000023020252C00][000002300433FA40 49] Android_Vulkan_SM5, [00000230202AF200][0000023004343BC0 49] Android_PowerVR_G6xxx, [0000023020250E00][00000230043461C0 49] Android_PowerVR_GT7xxx, [00000230202ADF00][000002300434A340 49] Android_PowerVR_GE8xxx, [0000023020251D00][000002300434E4C0 49] Android_PowerVR_GM9xxx, [00000230202ADE00][000002300430A600 49] Android_PowerVR_GM9xxx_Vulkan, [0000023020250F00][0000023004352740 49] Android_TegraK1, [00000230202AE600][0000023004356880 49] Android_Unknown_Vulkan, [0000023020250A00][000002300435A9C0 49] Lumin, [00000230202AD000][0000023004362B40 49] Lumin_Desktop, [0000023020251A00][0000023004366CC0 49] HoloLens, 
[2021.11.19-23.43.04:516][  0]LogMeshReduction: Using QuadricMeshReduction for automatic static mesh reduction
[2021.11.19-23.43.04:516][  0]LogMeshReduction: Using SimplygonMeshReduction for automatic skeletal mesh reduction
[2021.11.19-23.43.04:516][  0]LogMeshReduction: Using ProxyLODMeshReduction for automatic mesh merging
[2021.11.19-23.43.04:516][  0]LogMeshReduction: No distributed automatic mesh merging module available
[2021.11.19-23.43.04:516][  0]LogMeshMerging: No distributed automatic mesh merging module available
[2021.11.19-23.43.04:645][  0]LogNetVersion: ProyectoUE 1.0.0, NetCL: 17155196, EngineNetVer: 17, GameNetVer: 0 (Checksum: 3483794102)
[2021.11.19-23.43.04:988][  0]LogTexture: Default maximum texture size for cubemaps generated from long-lat sources has been changed from 512 to unlimited. In order to preserve old behaiour for '/Engine/MapTemplates/Sky/DaylightAmbientCubemap.DaylightAmbientCubemap', its maximum texture size has been explicitly set to 512.
[2021.11.19-23.43.05:084][  0]LogHMD: PokeAHoleMaterial loaded successfully
[2021.11.19-23.43.05:223][  0]LogMoviePlayer: Initializing movie player
[2021.11.19-23.43.05:356][  0]LogNiagaraDebuggerClient: Niagara Debugger Client Initialized | Session: 8F1C2B6040D01FE146A47FB198C75D13 | Instance: 2240C60E4F7F8F1FB57C178B9EAD6595 (DESKTOP-KQDBUCG-18676).
[2021.11.19-23.43.05:388][  0]LogCollectionManager: Loaded 0 collections in 0.003437 seconds
[2021.11.19-23.43.05:391][  0]LogFileCache: Scanning file cache for directory 'C:/Users/ROSORIO/Desktop/Scientificus/ProyectoUE/Saved/Collections/' took 0.00s
[2021.11.19-23.43.05:391][  0]LogFileCache: Scanning file cache for directory 'C:/Users/ROSORIO/Desktop/Scientificus/ProyectoUE/Content/Developers/ROSORIO/Collections/' took 0.00s
[2021.11.19-23.43.05:391][  0]LogCollectionManager: Fixed up redirectors for 0 collections in 0.000003 seconds (updated 0 objects)
[2021.11.19-23.43.05:398][  0]LogFileCache: Scanning file cache for directory 'C:/Users/ROSORIO/Desktop/Scientificus/ProyectoUE/Content/Collections/' took 0.00s
[2021.11.19-23.43.05:398][  0]LogStreaming: Warning: Failed to read file '../../../Engine/Content/Editor/Slate/Niagara/MenuSeparator.png' error.
[2021.11.19-23.43.05:398][  0]LogSlate: Could not find file for Slate resource: ../../../Engine/Content/Editor/Slate/Niagara/MenuSeparator.png
[2021.11.19-23.43.05:398][  0]LogImageWrapper: Warning: PNG Warning: Duplicate iCCP chunk
[2021.11.19-23.43.05:399][  0]LogStreaming: Warning: Failed to read file '../../../Engine/Content/Editor/Slate/Niagara/Common/Selector.png' error.
[2021.11.19-23.43.05:399][  0]LogSlate: Could not find file for Slate resource: ../../../Engine/Content/Editor/Slate/Niagara/Common/Selector.png
[2021.11.19-23.43.05:399][  0]LogImageWrapper: Warning: PNG Warning: Duplicate iCCP chunk
[2021.11.19-23.43.05:399][  0]LogStreaming: Warning: Failed to read file '../../../Engine/Content/Editor/Slate/Niagara/Common/Selection.png' error.
[2021.11.19-23.43.05:399][  0]LogSlate: Could not find file for Slate resource: ../../../Engine/Content/Editor/Slate/Niagara/Common/Selection.png
[2021.11.19-23.43.05:399][  0]LogStreaming: Warning: Failed to read file '../../../Engine/Content/Editor/Slate/Niagara/Common/DropZoneIndicator_Above.png' error.
[2021.11.19-23.43.05:399][  0]LogSlate: Could not find file for Slate resource: ../../../Engine/Content/Editor/Slate/Niagara/Common/DropZoneIndicator_Above.png
[2021.11.19-23.43.05:399][  0]LogStreaming: Warning: Failed to read file '../../../Engine/Content/Editor/Slate/Niagara/Common/DropZoneIndicator_Onto.png' error.
[2021.11.19-23.43.05:399][  0]LogSlate: Could not find file for Slate resource: ../../../Engine/Content/Editor/Slate/Niagara/Common/DropZoneIndicator_Onto.png
[2021.11.19-23.43.05:399][  0]LogStreaming: Warning: Failed to read file '../../../Engine/Content/Editor/Slate/Niagara/Common/DropZoneIndicator_Below.png' error.
[2021.11.19-23.43.05:399][  0]LogSlate: Could not find file for Slate resource: ../../../Engine/Content/Editor/Slate/Niagara/Common/DropZoneIndicator_Below.png
[2021.11.19-23.43.05:399][  0]LogStreaming: Warning: Failed to read file '../../../Engine/Content/Editor/Slate/Niagara/Common/RoundedSelection_16x.png' error.
[2021.11.19-23.43.05:399][  0]LogSlate: Could not find file for Slate resource: ../../../Engine/Content/Editor/Slate/Niagara/Common/RoundedSelection_16x.png
[2021.11.19-23.43.05:399][  0]LogStreaming: Warning: Failed to read file '../../../Engine/Content/Editor/Slate/Niagara/Common/FlatButton.png' error.
[2021.11.19-23.43.05:399][  0]LogSlate: Could not find file for Slate resource: ../../../Engine/Content/Editor/Slate/Niagara/Common/FlatButton.png
[2021.11.19-23.43.05:420][  0]LogPython: Using Python 3.7.7
[2021.11.19-23.43.06:255][  0]LogTcpMessaging: Initializing TcpMessaging bridge
[2021.11.19-23.43.06:260][  0]LogUdpMessaging: Initializing bridge on interface 0.0.0.0:0 to multicast group 230.0.0.1:6666.
[2021.11.19-23.43.06:386][  0]SourceControl: Source control is disabled
[2021.11.19-23.43.06:386][  0]SourceControl: Source control is disabled
[2021.11.19-23.43.06:391][  0]SourceControl: Source control is disabled
[2021.11.19-23.43.06:398][  0]LogUProjectInfo: Found projects:
[2021.11.19-23.43.06:508][  0]LogOpenImageDenoise: OIDN starting up
[2021.11.19-23.43.06:553][  0]LogAndroidPermission: UAndroidPermissionCallbackProxy::GetInstance
[2021.11.19-23.43.06:578][  0]LogAudioCaptureCore: Display: No Audio Capture implementations found. Audio input will be silent.
[2021.11.19-23.43.06:578][  0]LogAudioCaptureCore: Display: No Audio Capture implementations found. Audio input will be silent.
[2021.11.19-23.43.06:676][  0]LogOcInput: OculusInput pre-init called
[2021.11.19-23.43.06:688][  0]LogUObjectArray: 22121 objects as part of root set at end of initial load.
[2021.11.19-23.43.06:688][  0]LogUObjectAllocator: 5975440 out of 0 bytes used by permanent object pool.
[2021.11.19-23.43.06:688][  0]LogUObjectArray: CloseDisregardForGC: 0/0 objects in disregard for GC pool
[2021.11.19-23.43.06:751][  0]LogEngine: Initializing Engine...
[2021.11.19-23.43.06:755][  0]LogHMD: Failed to enumerate extensions. Please check that you have a valid OpenXR runtime installed.
[2021.11.19-23.43.06:755][  0]LogHMD: Failed to initialize OpenVR with code 110
[2021.11.19-23.43.06:755][  0]LogMagicLeap: Warning: VR disabled because ZI is not enabled.  To enable, in the editor, Edit -> Project Settings -> Plugins -> Magic Leap Plugin -> Enable Zero Iteration
[2021.11.19-23.43.06:756][  0]LogStats: UGameplayTagsManager::InitializeManager -  0.000 s
[2021.11.19-23.43.06:914][  0]LogInit: Initializing FReadOnlyCVARCache
[2021.11.19-23.43.06:914][  0]LogAudio: Display: Initializing Audio Device Manager...
[2021.11.19-23.43.06:921][  0]LogAudio: Display: Loading Default Audio Settings Objects...
[2021.11.19-23.43.06:922][  0]LogAudio: Display: No default SoundConcurrencyObject specified (or failed to load).
[2021.11.19-23.43.06:923][  0]LogAudio: Display: Audio Device Manager Initialized
[2021.11.19-23.43.06:923][  0]LogAudio: Display: Creating Audio Device:                 Id: 1, Scope: Shared, Realtime: True
[2021.11.19-23.43.06:924][  0]LogAudioMixer: Display: Audio Mixer Platform Settings:
[2021.11.19-23.43.06:924][  0]LogAudioMixer: Display: 	Sample Rate:						  48000
[2021.11.19-23.43.06:924][  0]LogAudioMixer: Display: 	Callback Buffer Frame Size Requested: 1024
[2021.11.19-23.43.06:924][  0]LogAudioMixer: Display: 	Callback Buffer Frame Size To Use:	  1024
[2021.11.19-23.43.06:924][  0]LogAudioMixer: Display: 	Number of buffers to queue:			  2
[2021.11.19-23.43.06:924][  0]LogAudioMixer: Display: 	Max Channels (voices):				  32
[2021.11.19-23.43.06:924][  0]LogAudioMixer: Display: 	Number of Async Source Workers:		  0
[2021.11.19-23.43.06:924][  0]LogAudio: Display: AudioDevice MaxSources: 32
[2021.11.19-23.43.06:925][  0]LogAudio: Display: Audio Spatialization Plugin: None (built-in).
[2021.11.19-23.43.06:925][  0]LogAudio: Display: Audio Reverb Plugin: None (built-in).
[2021.11.19-23.43.06:925][  0]LogAudio: Display: Audio Occlusion Plugin: None (built-in).
[2021.11.19-23.43.06:925][  0]LogAudioMixer: Display: Initializing audio mixer.
[2021.11.19-23.43.06:952][  0]LogAudioMixer: Display: 0: FrontLeft
[2021.11.19-23.43.06:952][  0]LogAudioMixer: Display: 1: FrontRight
[2021.11.19-23.43.07:001][  0]LogAudioMixer: Display: Using Audio Device Altavoces (Realtek High Definition Audio)
[2021.11.19-23.43.07:008][  0]LogAudioMixer: Display: Initializing Sound Submixes...
[2021.11.19-23.43.07:011][  0]LogAudioMixer: Display: Creating Master Submix 'MasterSubmixDefault'
[2021.11.19-23.43.07:011][  0]LogAudioMixer: Display: Creating Master Submix 'MasterReverbSubmixDefault'
[2021.11.19-23.43.07:012][  0]LogAudioMixer: Display: Creating Master Submix 'MasterEQSubmixDefault'
[2021.11.19-23.43.07:012][  0]LogAudioMixer: FMixerPlatformXAudio2::StartAudioStream() called
[2021.11.19-23.43.07:012][  0]LogAudioMixer: Display: Output buffers initialized: Frames=1024, Channels=2, Samples=2048
[2021.11.19-23.43.07:013][  0]LogAudioMixer: Display: Starting AudioMixerPlatformInterface::RunInternal()
[2021.11.19-23.43.07:013][  0]LogAudioMixer: Display: FMixerPlatformXAudio2::SubmitBuffer() called for the first time
[2021.11.19-23.43.07:013][  0]LogInit: FAudioDevice initialized.
[2021.11.19-23.43.07:015][  0]LogNetVersion: Set ProjectVersion to 1.0.0.0. Version Checksum will be recalculated on next use.
[2021.11.19-23.43.07:017][  0]LogInit: Texture streaming: Enabled
[2021.11.19-23.43.07:112][  0]LogAudio: Display: Audio Device (ID: 1) registered with world 'Untitled'.
[2021.11.19-23.43.07:112][  0]LogSlate: Updating window title bar state: overlay mode, drag disabled, window buttons hidden, title bar hidden
[2021.11.19-23.43.07:114][  0]LogInit: Display: Game Engine Initialized.
[2021.11.19-23.43.07:114][  0]LogNiagaraEditor: GEditor isn't valid! Particle reset commands will not work for Niagara components!
[2021.11.19-23.43.07:272][  0]LogStreaming: Warning: Failed to read file '../../../Engine/Content/Editor/Slate/Niagara/MenuSeparator.png' error.
[2021.11.19-23.43.07:272][  0]LogSlate: Could not find file for Slate resource: ../../../Engine/Content/Editor/Slate/Niagara/MenuSeparator.png
[2021.11.19-23.43.07:272][  0]LogImageWrapper: Warning: PNG Warning: Duplicate iCCP chunk
[2021.11.19-23.43.07:273][  0]LogImageWrapper: Warning: PNG Warning: Duplicate iCCP chunk
[2021.11.19-23.43.07:274][  0]LogStreaming: Warning: Failed to read file '../../../Engine/Content/Editor/Slate/Niagara/Common/Selector.png' error.
[2021.11.19-23.43.07:274][  0]LogSlate: Could not find file for Slate resource: ../../../Engine/Content/Editor/Slate/Niagara/Common/Selector.png
[2021.11.19-23.43.07:274][  0]LogStreaming: Warning: Failed to read file '../../../Engine/Content/Editor/Slate/Niagara/Common/Selection.png' error.
[2021.11.19-23.43.07:274][  0]LogSlate: Could not find file for Slate resource: ../../../Engine/Content/Editor/Slate/Niagara/Common/Selection.png
[2021.11.19-23.43.07:274][  0]LogStreaming: Warning: Failed to read file '../../../Engine/Content/Editor/Slate/Niagara/Common/DropZoneIndicator_Above.png' error.
[2021.11.19-23.43.07:274][  0]LogSlate: Could not find file for Slate resource: ../../../Engine/Content/Editor/Slate/Niagara/Common/DropZoneIndicator_Above.png
[2021.11.19-23.43.07:274][  0]LogStreaming: Warning: Failed to read file '../../../Engine/Content/Editor/Slate/Niagara/Common/DropZoneIndicator_Onto.png' error.
[2021.11.19-23.43.07:274][  0]LogSlate: Could not find file for Slate resource: ../../../Engine/Content/Editor/Slate/Niagara/Common/DropZoneIndicator_Onto.png
[2021.11.19-23.43.07:274][  0]LogStreaming: Warning: Failed to read file '../../../Engine/Content/Editor/Slate/Niagara/Common/DropZoneIndicator_Below.png' error.
[2021.11.19-23.43.07:274][  0]LogSlate: Could not find file for Slate resource: ../../../Engine/Content/Editor/Slate/Niagara/Common/DropZoneIndicator_Below.png
[2021.11.19-23.43.07:274][  0]LogStreaming: Warning: Failed to read file '../../../Engine/Content/Editor/Slate/Niagara/Common/FlatButton.png' error.
[2021.11.19-23.43.07:274][  0]LogStreaming: Warning: Failed to read file '../../../Engine/Content/Editor/Slate/Niagara/Common/RoundedSelection_16x.png' error.
[2021.11.19-23.43.07:274][  0]LogSlate: Could not find file for Slate resource: ../../../Engine/Content/Editor/Slate/Niagara/Common/RoundedSelection_16x.png
[2021.11.19-23.43.07:274][  0]LogSlate: Could not find file for Slate resource: ../../../Engine/Content/Editor/Slate/Niagara/Common/FlatButton.png
[2021.11.19-23.43.07:310][  0]LogInit: Display: Starting Game.
[2021.11.19-23.43.07:310][  0]LogNet: Browse: /Game/Niveles/Instrucciones?Name=Player
[2021.11.19-23.43.07:310][  0]LogLoad: LoadMap: /Game/Niveles/Instrucciones?Name=Player
[2021.11.19-23.43.07:310][  0]LogWorld: BeginTearingDown for /Temp/Untitled_0
[2021.11.19-23.43.07:313][  0]LogWorld: UWorld::CleanupWorld for Untitled, bSessionEnded=true, bCleanupResources=true
[2021.11.19-23.43.07:313][  0]LogSlate: InvalidateAllWidgets triggered.  All widgets were invalidated
[2021.11.19-23.43.07:320][  0]LogAudio: Display: Audio Device unregistered from world 'None'.
[2021.11.19-23.43.07:323][  0]LogUObjectHash: Compacting FUObjectHashTables data took   0.92ms
[2021.11.19-23.43.07:364][  0]LogAudio: Display: Audio Device (ID: 1) registered with world 'Instrucciones'.
[2021.11.19-23.43.07:378][  0]LogAIModule: Creating AISystem for world Instrucciones
[2021.11.19-23.43.07:563][  0]LogLoad: Game class is 'ThirdPersonGameMode_C'
[2021.11.19-23.43.07:564][  0]LogWorld: Bringing World /Game/Niveles/Instrucciones.Instrucciones up for play (max tick rate 0) at 2021.11.19-18.43.07
[2021.11.19-23.43.07:564][  0]LogWorld: Bringing up level for play took: 0.000528
[2021.11.19-23.43.07:565][  0]LogGameMode: FindPlayerStart: PATHS NOT DEFINED or NO PLAYERSTART with positive rating
[2021.11.19-23.43.07:570][  0]LogPlayerController: Error: InputMode:UIOnly - Attempting to focus Non-Focusable widget SObjectWidget [Widget.cpp(799)]!
[2021.11.19-23.43.07:570][  0]LogViewport: Display: Viewport MouseLockMode Changed, LockOnCapture -> DoNotLock
[2021.11.19-23.43.07:570][  0]LogViewport: Display: Viewport MouseCaptureMode Changed, CapturePermanently_IncludingInitialMouseDown -> NoCapture
[2021.11.19-23.43.07:570][  0]LogLoad: Took 0.260270 seconds to LoadMap(/Game/Niveles/Instrucciones)
[2021.11.19-23.43.07:612][  0]LogSlate: Took 0.000193 seconds to synchronously load lazily loaded font '../../../Engine/Content/Slate/Fonts/Roboto-Regular.ttf' (155K)
[2021.11.19-23.43.07:640][  0]LogRenderer: Reallocating scene render targets to support 1280x748 Format 10 NumSamples 1 (Frame:1).
[2021.11.19-23.43.07:640][  0]LogInit: Display: Engine is initialized. Leaving FEngineLoop::Init()
[2021.11.19-23.43.07:640][  0]LogLoad: (Engine Initialization) Total time: 9.42 seconds
[2021.11.19-23.43.07:640][  0]LogLoad: (Engine Initialization) Total Blueprint compile time: 0.00 seconds
[2021.11.19-23.43.07:654][  0]LogContentStreaming: Texture pool size now 1000 MB
[2021.11.19-23.43.07:657][  0]LogSlate: InvalidateAllWidgets triggered.  All widgets were invalidated
[2021.11.19-23.43.08:234][  1]LogSlate: Took 0.000240 seconds to synchronously load lazily loaded font '../../../Engine/Content/Slate/Fonts/Roboto-Regular.ttf' (155K)
[2021.11.19-23.43.10:141][158]LogPackageName: SearchForPackageOnDisk took   0.147s to resolve Nivel1.umap.
[2021.11.19-23.43.10:141][158]LogViewport: Display: Viewport MouseLockMode Changed, DoNotLock -> LockOnCapture
[2021.11.19-23.43.10:141][158]LogViewport: Display: Viewport MouseCaptureMode Changed, NoCapture -> CapturePermanently
[2021.11.19-23.43.10:283][158]LogPackageName: SearchForPackageOnDisk took   0.141s to resolve Nivel1.umap.
[2021.11.19-23.43.10:283][158]LogNet: Browse: /Game/Niveles/Nivel1
[2021.11.19-23.43.10:283][158]LogLoad: LoadMap: /Game/Niveles/Nivel1
[2021.11.19-23.43.10:283][158]LogWorld: BeginTearingDown for /Game/Niveles/Instrucciones
[2021.11.19-23.43.10:284][158]LogWorld: UWorld::CleanupWorld for Instrucciones, bSessionEnded=true, bCleanupResources=true
[2021.11.19-23.43.10:284][158]LogSlate: InvalidateAllWidgets triggered.  All widgets were invalidated
[2021.11.19-23.43.10:325][158]LogAudio: Display: Audio Device unregistered from world 'None'.
[2021.11.19-23.43.10:331][158]LogUObjectHash: Compacting FUObjectHashTables data took   0.86ms
[2021.11.19-23.43.10:676][158]LogMemory: Warning: Freeing 33554432 bytes from backup pool to handle out of memory.
[2021.11.19-23.43.10:676][158]LogMemory: Warning: MemoryStats:
	AvailablePhysical 3110772736
	 AvailableVirtual 11128832
	     UsedPhysical 857845760
	 PeakUsedPhysical 857849856
	      UsedVirtual 1116831744
	  PeakUsedVirtual 1209352192
[2021.11.19-23.43.10:676][158]Allocator Stats for TBB: (not implemented)
[2021.11.19-23.43.10:676][158]LogOutputDevice: Warning: 

Script Stack (0 frames):

[2021.11.19-23.43.10:676][158]LogWindows: Windows GetLastError: La operación se completó correctamente. (0)
[2021.11.19-23.43.15:430][158]LogWindows: Error: === Critical error: ===
[2021.11.19-23.43.15:430][158]LogWindows: Error: 
[2021.11.19-23.43.15:430][158]LogWindows: Error: Fatal error: [File:D:/Build/++UE4/Sync/Engine/Source/Runtime/Core/Private/GenericPlatform/GenericPlatformMemory.cpp] [Line: 197] 
[2021.11.19-23.43.15:430][158]LogWindows: Error: Ran out of memory allocating 84385045 bytes with alignment 0
[2021.11.19-23.43.15:430][158]LogWindows: Error: 
[2021.11.19-23.43.15:430][158]LogWindows: Error: 
[2021.11.19-23.43.15:430][158]LogWindows: Error: [Callstack] 0x00007ff9c2c74f69 KERNELBASE.dll!UnknownFunction []
[2021.11.19-23.43.15:430][158]LogWindows: Error: [Callstack] 0x00007ff95bfe0536 UE4Editor-Core.dll!UnknownFunction []
[2021.11.19-23.43.15:430][158]LogWindows: Error: [Callstack] 0x00007ff95bfe4538 UE4Editor-Core.dll!UnknownFunction []
[2021.11.19-23.43.15:430][158]LogWindows: Error: [Callstack] 0x00007ff95bd025dd UE4Editor-Core.dll!UnknownFunction []
[2021.11.19-23.43.15:430][158]LogWindows: Error: [Callstack] 0x00007ff95bab47ba UE4Editor-Core.dll!UnknownFunction []
[2021.11.19-23.43.15:430][158]LogWindows: Error: [Callstack] 0x00007ff95bb6da56 UE4Editor-Core.dll!UnknownFunction []
[2021.11.19-23.43.15:430][158]LogWindows: Error: [Callstack] 0x00007ff95bb6db93 UE4Editor-Core.dll!UnknownFunction []
[2021.11.19-23.43.15:430][158]LogWindows: Error: [Callstack] 0x00007ff95641aadf UE4Editor-DerivedDataCache.dll!UnknownFunction []
[2021.11.19-23.43.15:430][158]LogWindows: Error: [Callstack] 0x00007ff9563ec060 UE4Editor-DerivedDataCache.dll!UnknownFunction []
[2021.11.19-23.43.15:430][158]LogWindows: Error: [Callstack] 0x00007ff956406348 UE4Editor-DerivedDataCache.dll!UnknownFunction []
[2021.11.19-23.43.15:430][158]LogWindows: Error: [Callstack] 0x00007ff95dd5cb14 UE4Editor-Engine.dll!UnknownFunction []
[2021.11.19-23.43.15:431][158]LogWindows: Error: [Callstack] 0x00007ff95dd5de39 UE4Editor-Engine.dll!UnknownFunction []
[2021.11.19-23.43.15:431][158]LogWindows: Error: [Callstack] 0x00007ff95dd8757c UE4Editor-Engine.dll!UnknownFunction []
[2021.11.19-23.43.15:431][158]LogWindows: Error: [Callstack] 0x00007ff960d0d1c2 UE4Editor-CoreUObject.dll!UnknownFunction []
[2021.11.19-23.43.15:431][158]LogWindows: Error: [Callstack] 0x00007ff95d9b9be2 UE4Editor-Engine.dll!UnknownFunction []
[2021.11.19-23.43.15:431][158]LogWindows: Error: [Callstack] 0x00007ff960d0d1c2 UE4Editor-CoreUObject.dll!UnknownFunction []
[2021.11.19-23.43.15:431][158]LogWindows: Error: [Callstack] 0x00007ff960e3d0c8 UE4Editor-CoreUObject.dll!UnknownFunction []
[2021.11.19-23.43.15:431][158]LogWindows: Error: [Callstack] 0x00007ff960e27747 UE4Editor-CoreUObject.dll!UnknownFunction []
[2021.11.19-23.43.15:431][158]LogWindows: Error: [Callstack] 0x00007ff960e4cd63 UE4Editor-CoreUObject.dll!UnknownFunction []
[2021.11.19-23.43.15:431][158]LogWindows: Error: [Callstack] 0x00007ff960e4ba70 UE4Editor-CoreUObject.dll!UnknownFunction []
[2021.11.19-23.43.15:431][158]LogWindows: Error: [Callstack] 0x00007ff95df3b183 UE4Editor-Engine.dll!UnknownFunction []
[2021.11.19-23.43.15:431][158]LogWindows: Error: [Callstack] 0x00007ff95dee85e3 UE4Editor-Engine.dll!UnknownFunction []
[2021.11.19-23.43.15:431][158]LogWindows: Error: [Callstack] 0x00007ff95df57ffd UE4Editor-Engine.dll!UnknownFunction []
[2021.11.19-23.43.15:431][158]LogWindows: Error: [Callstack] 0x00007ff95d36f374 UE4Editor-Engine.dll!UnknownFunction []
[2021.11.19-23.43.15:431][158]LogWindows: Error: [Callstack] 0x00007ff6add587a0 UE4Editor.exe!UnknownFunction []
[2021.11.19-23.43.15:431][158]LogWindows: Error: [Callstack] 0x00007ff6add70fbc UE4Editor.exe!UnknownFunction []
[2021.11.19-23.43.15:431][158]LogWindows: Error: [Callstack] 0x00007ff6add710aa UE4Editor.exe!UnknownFunction []
[2021.11.19-23.43.15:431][158]LogWindows: Error: [Callstack] 0x00007ff6add740cd UE4Editor.exe!UnknownFunction []
[2021.11.19-23.43.15:431][158]LogWindows: Error: [Callstack] 0x00007ff6add85984 UE4Editor.exe!UnknownFunction []
[2021.11.19-23.43.15:431][158]LogWindows: Error: [Callstack] 0x00007ff6add8853a UE4Editor.exe!UnknownFunction []
[2021.11.19-23.43.15:431][158]LogWindows: Error: [Callstack] 0x00007ff9c3c87034 KERNEL32.DLL!UnknownFunction []
[2021.11.19-23.43.15:431][158]LogWindows: Error: [Callstack] 0x00007ff9c5062651 ntdll.dll!UnknownFunction []
[2021.11.19-23.43.15:431][158]LogWindows: Error: 
[2021.11.19-23.43.15:442][158]LogExit: Executing StaticShutdownAfterError
[2021.11.19-23.43.15:455][158]LogWindows: FPlatformMisc::RequestExit(1)
[2021.11.19-23.43.15:455][158]LogWindows: FPlatformMisc::RequestExitWithStatus(1, 3)
[2021.11.19-23.43.15:455][158]LogCore: Engine exit requested (reason: Win RequestExit)
[2021.11.19-23.43.15:463][158]Log file closed, 11/19/21 18:43:15
