Log file open, 11/15/21 21:08:44
LogWindows: Failed to load 'aqProf.dll' (GetLastError=126)
LogWindows: File 'aqProf.dll' does not exist
LogWindows: Failed to load 'VtuneApi.dll' (GetLastError=126)
LogWindows: File 'VtuneApi.dll' does not exist
LogWindows: Failed to load 'VtuneApi32e.dll' (GetLastError=126)
LogWindows: File 'VtuneApi32e.dll' does not exist
LogConsoleResponse: Display: Failed to find resolution value strings in scalability ini. Falling back to default.
LogConsoleResponse: Display: Failed to find resolution value strings in scalability ini. Falling back to default.
LogInit: Display: Running engine for game: ProyectoUE
LogPlatformFile: Not using cached read wrapper
LogTaskGraph: Started task graph with 5 named threads and 35 total threads with 3 sets of task threads.
LogStats: Stats thread started at 0.238261
LogICUInternationalization: ICU TimeZone Detection - Raw Offset: -5:00, Platform Override: ''
LogInit: Display: Loading text-based GConfig....
LogPluginManager: Mounting plugin MeshPainting
LogPluginManager: Mounting plugin XGEController
LogPluginManager: Mounting plugin Paper2D
LogPluginManager: Mounting plugin AISupport
LogPluginManager: Mounting plugin EnvironmentQueryEditor
LogPluginManager: Mounting plugin LightPropagationVolume
LogPluginManager: Mounting plugin OodleData
LogPluginManager: Mounting plugin OodleNetwork
LogPluginManager: Mounting plugin CameraShakePreviewer
LogPluginManager: Mounting plugin AnimationSharing
LogPluginManager: Mounting plugin GameplayCameras
LogPluginManager: Mounting plugin DatasmithContent
LogPluginManager: Mounting plugin VariantManagerContent
LogPluginManager: Mounting plugin AlembicImporter
LogPluginManager: Mounting plugin Niagara
LogPluginManager: Mounting plugin AutomationUtils
LogPluginManager: Mounting plugin BackChannel
LogPluginManager: Mounting plugin LiveLink
LogPluginManager: Mounting plugin ChaosEditor
LogPluginManager: Mounting plugin ChaosCloth
LogPluginManager: Mounting plugin ChaosClothEditor
LogPluginManager: Mounting plugin ChaosNiagara
LogPluginManager: Mounting plugin CharacterAI
LogPluginManager: Mounting plugin ChaosSolverPlugin
LogPluginManager: Mounting plugin GeometryCache
LogPluginManager: Mounting plugin GeometryCollectionPlugin
LogPluginManager: Mounting plugin CLionSourceCodeAccess
LogPluginManager: Mounting plugin CodeLiteSourceCodeAccess
LogPluginManager: Mounting plugin NullSourceCodeAccess
LogPluginManager: Mounting plugin GitSourceControl
LogPluginManager: Mounting plugin KDevelopSourceCodeAccess
LogPluginManager: Mounting plugin PerforceSourceControl
LogPluginManager: Mounting plugin PlasticSourceControl
LogPluginManager: Mounting plugin PixWinPlugin
LogPluginManager: Mounting plugin PluginUtils
LogPluginManager: Mounting plugin PropertyAccessNode
LogPluginManager: Mounting plugin SubversionSourceControl
LogPluginManager: Mounting plugin GeometryProcessing
LogPluginManager: Mounting plugin UObjectPlugin
LogPluginManager: Mounting plugin VisualStudioCodeSourceCodeAccess
LogPluginManager: Mounting plugin VisualStudioSourceCodeAccess
LogPluginManager: Mounting plugin XCodeSourceCodeAccess
LogPluginManager: Mounting plugin OpenImageDenoise
LogPluginManager: Mounting plugin MotoSynth
LogPluginManager: Mounting plugin TextureFormatOodle
LogPluginManager: Mounting plugin PlanarCut
LogPluginManager: Mounting plugin RiderSourceCodeAccess
LogPluginManager: Mounting plugin PlatformCrypto
LogPluginManager: Mounting plugin ProxyLODPlugin
LogPluginManager: Mounting plugin PythonScriptPlugin
LogPluginManager: Mounting plugin SkeletalReduction
LogPluginManager: Mounting plugin LuminPlatformFeatures
LogPluginManager: Mounting plugin MagicLeap
LogPluginManager: Mounting plugin MagicLeapMedia
LogPluginManager: Mounting plugin MagicLeapLightEstimation
LogPluginManager: Mounting plugin MagicLeapPassableWorld
LogPluginManager: Mounting plugin MLSDK
LogPluginManager: Mounting plugin AndroidMedia
LogPluginManager: Mounting plugin TcpMessaging
LogPluginManager: Mounting plugin UdpMessaging
LogPluginManager: Mounting plugin AvfMedia
LogPluginManager: Mounting plugin ImgMedia
LogPluginManager: Mounting plugin MediaCompositing
LogPluginManager: Mounting plugin ActorSequence
LogPluginManager: Mounting plugin LevelSequenceEditor
LogPluginManager: Mounting plugin MatineeToLevelSequence
LogPluginManager: Mounting plugin MediaPlayerEditor
LogPluginManager: Mounting plugin WebMMedia
LogPluginManager: Mounting plugin OnlineSubsystem
LogPluginManager: Mounting plugin TemplateSequence
LogPluginManager: Mounting plugin WmfMedia
LogPluginManager: Mounting plugin OnlineSubsystemNull
LogPluginManager: Mounting plugin OnlineSubsystemUtils
LogPluginManager: Mounting plugin LauncherChunkInstaller
LogPluginManager: Mounting plugin ActorLayerUtilities
LogPluginManager: Mounting plugin AndroidDeviceProfileSelector
LogPluginManager: Mounting plugin AndroidPermission
LogPluginManager: Mounting plugin AndroidMoviePlayer
LogPluginManager: Mounting plugin AppleMoviePlayer
LogPluginManager: Mounting plugin ArchVisCharacter
LogPluginManager: Mounting plugin AssetTags
LogPluginManager: Mounting plugin AppleImageUtils
LogPluginManager: Mounting plugin AudioCapture
LogPluginManager: Mounting plugin ChunkDownloader
LogPluginManager: Mounting plugin AudioSynesthesia
LogPluginManager: Mounting plugin CableComponent
LogPluginManager: Mounting plugin CustomMeshComponent
LogPluginManager: Mounting plugin EditableMesh
LogPluginManager: Mounting plugin ScreenshotTools
LogPluginManager: Mounting plugin ExampleDeviceProfileSelector
LogPluginManager: Mounting plugin GoogleCloudMessaging
LogPluginManager: Mounting plugin GooglePAD
LogPluginManager: Mounting plugin IOSDeviceProfileSelector
LogPluginManager: Mounting plugin LinuxDeviceProfileSelector
LogPluginManager: Mounting plugin LocationServicesBPLibrary
LogPluginManager: Mounting plugin Takes
LogPluginManager: Mounting plugin MobilePatchingUtils
LogPluginManager: Mounting plugin OpenXR
LogPluginManager: Mounting plugin OpenXREyeTracker
LogPluginManager: Mounting plugin OpenXRHandTracking
LogPluginManager: Mounting plugin PostSplashScreen
LogPluginManager: Mounting plugin PhysXVehicles
LogPluginManager: Mounting plugin ProceduralMeshComponent
LogPluginManager: Mounting plugin PropertyAccessEditor
LogPluginManager: Mounting plugin RuntimePhysXCooking
LogPluginManager: Mounting plugin SoundFields
LogPluginManager: Mounting plugin SignificanceManager
LogPluginManager: Mounting plugin Synthesis
LogPluginManager: Mounting plugin WebMMoviePlayer
LogPluginManager: Mounting plugin AssetManagerEditor
LogPluginManager: Mounting plugin WindowsMoviePlayer
LogPluginManager: Mounting plugin CryptoKeys
LogPluginManager: Mounting plugin DataValidation
LogPluginManager: Mounting plugin CurveEditorTools
LogPluginManager: Mounting plugin FacialAnimation
LogPluginManager: Mounting plugin GameplayTagsEditor
LogPluginManager: Mounting plugin GeometryMode
LogPluginManager: Mounting plugin MacGraphicsSwitching
LogPluginManager: Mounting plugin MaterialAnalyzer
LogPluginManager: Mounting plugin MobileLauncherProfileWizard
LogPluginManager: Mounting plugin PluginBrowser
LogPluginManager: Mounting plugin SpeedTreeImporter
LogPluginManager: Mounting plugin OnlineSubsystemGooglePlay
LogPluginManager: Mounting plugin OnlineSubsystemIOS
LogPluginManager: Mounting plugin OculusVR
LogPluginManager: Mounting plugin SteamVR
LogPluginManager: Mounting plugin ContentBrowserAssetDataSource
LogPluginManager: Mounting plugin ContentBrowserClassDataSource
LogPluginManager: Mounting plugin ContentBrowserFileDataSource
PixWinPlugin: PIX capture plugin failed to initialize! Check that the process is launched from PIX.
LogInit: Using libcurl 7.55.1-DEV
LogInit:  - built for x86_64-pc-win32
LogInit:  - supports SSL with OpenSSL/1.1.1
LogInit:  - supports HTTP deflate (compression) using libz 1.2.8
LogInit:  - other features:
LogInit:      CURL_VERSION_SSL
LogInit:      CURL_VERSION_LIBZ
LogInit:      CURL_VERSION_IPV6
LogInit:      CURL_VERSION_ASYNCHDNS
LogInit:      CURL_VERSION_LARGEFILE
LogInit:      CURL_VERSION_IDN
LogInit:  CurlRequestOptions (configurable via config and command line):
LogInit:  - bVerifyPeer = true  - Libcurl will verify peer certificate
LogInit:  - bUseHttpProxy = false  - Libcurl will NOT use HTTP proxy
LogInit:  - bDontReuseConnections = false  - Libcurl will reuse connections
LogInit:  - MaxHostConnections = 16  - Libcurl will limit the number of connections to a host
LogInit:  - LocalHostAddr = Default
LogInit:  - BufferSize = 65536
LogOnline: OSS: Creating online subsystem instance for: NULL
LogInit: WinSock: version 1.1 (2.2), MaxSocks=32767, MaxUdp=65467
LogOnline: OSS: TryLoadSubsystemAndSetDefault: Loaded subsystem for module [NULL]
LogOculusPluginWrapper: OculusPlugin initialized successfully
LogHMD: Failed initializing OVRPlugin 1.59.0
LogInit: Build: ++UE4+Release-4.27-CL-17155196
LogInit: Engine Version: 4.27.0-17155196+++UE4+Release-4.27
LogInit: Compatible Engine Version: 4.27.0-17155196+++UE4+Release-4.27
LogInit: Net CL: 17155196
LogInit: OS: Windows 10 (Release 2009) (), CPU: AMD Ryzen 5 3600 6-Core Processor              , GPU: NVIDIA GeForce GTX 1050 Ti
LogInit: Compiled (64-bit): Aug 13 2021 06:13:13
LogInit: Compiled with Visual C++: 19.24.28315.00
LogInit: Build Configuration: Development
LogInit: Branch Name: ++UE4+Release-4.27
LogInit: Command Line:  /Game/Niveles/Transición1 -game -PIEVIACONSOLE -Multiprocess "GameUserSettingsINI=C:/Users/User/Desktop/Github proyectos/Scientificus/ProyectoUE/Saved/Config/Windows/PIEGameUserSettings0.ini" -MultiprocessSaveConfig -forcepassthrough -messaging -SessionName="Play in Standalone Game" -windowed -WinX=380 -WinY=156 SAVEWINPOS=1 -ResX=1280 -ResY=747
LogInit: Base Directory: D:/Epic/UE_4.27/Engine/Binaries/Win64/
LogInit: Allocator: TBB
LogInit: Installed Engine Build: 1
LogDevObjectVersion: Number of dev versions registered: 29
LogDevObjectVersion:   Dev-Blueprints (B0D832E4-1F89-4F0D-ACCF-7EB736FD4AA2): 10
LogDevObjectVersion:   Dev-Build (E1C64328-A22C-4D53-A36C-8E866417BD8C): 0
LogDevObjectVersion:   Dev-Core (375EC13C-06E4-48FB-B500-84F0262A717E): 4
LogDevObjectVersion:   Dev-Editor (E4B068ED-F494-42E9-A231-DA0B2E46BB41): 40
LogDevObjectVersion:   Dev-Framework (CFFC743F-43B0-4480-9391-14DF171D2073): 37
LogDevObjectVersion:   Dev-Mobile (B02B49B5-BB20-44E9-A304-32B752E40360): 3
LogDevObjectVersion:   Dev-Networking (A4E4105C-59A1-49B5-A7C5-40C4547EDFEE): 0
LogDevObjectVersion:   Dev-Online (39C831C9-5AE6-47DC-9A44-9C173E1C8E7C): 0
LogDevObjectVersion:   Dev-Physics (78F01B33-EBEA-4F98-B9B4-84EACCB95AA2): 14
LogDevObjectVersion:   Dev-Platform (6631380F-2D4D-43E0-8009-CF276956A95A): 0
LogDevObjectVersion:   Dev-Rendering (12F88B9F-8875-4AFC-A67C-D90C383ABD29): 45
LogDevObjectVersion:   Dev-Sequencer (7B5AE74C-D270-4C10-A958-57980B212A5A): 13
LogDevObjectVersion:   Dev-VR (D7296918-1DD6-4BDD-9DE2-64A83CC13884): 3
LogDevObjectVersion:   Dev-LoadTimes (C2A15278-BFE7-4AFE-6C17-90FF531DF755): 1
LogDevObjectVersion:   Private-Geometry (6EACA3D4-40EC-4CC1-B786-8BED09428FC5): 3
LogDevObjectVersion:   Dev-AnimPhys (29E575DD-E0A3-4627-9D10-D276232CDCEA): 17
LogDevObjectVersion:   Dev-Anim (AF43A65D-7FD3-4947-9873-3E8ED9C1BB05): 15
LogDevObjectVersion:   Dev-ReflectionCapture (6B266CEC-1EC7-4B8F-A30B-E4D90942FC07): 1
LogDevObjectVersion:   Dev-Automation (0DF73D61-A23F-47EA-B727-89E90C41499A): 1
LogDevObjectVersion:   FortniteMain (601D1886-AC64-4F84-AA16-D3DE0DEAC7D6): 47
LogDevObjectVersion:   FortniteRelease (E7086368-6B23-4C58-8439-1B7016265E91): 1
LogDevObjectVersion:   Dev-Enterprise (9DFFBCD6-494F-0158-E221-12823C92A888): 10
LogDevObjectVersion:   Dev-Niagara (F2AED0AC-9AFE-416F-8664-AA7FFA26D6FC): 1
LogDevObjectVersion:   Dev-Destruction (174F1F0B-B4C6-45A5-B13F-2EE8D0FB917D): 10
LogDevObjectVersion:   Dev-Physics-Ext (35F94A83-E258-406C-A318-09F59610247C): 41
LogDevObjectVersion:   Dev-PhysicsMaterial-Chaos (B68FC16E-8B1B-42E2-B453-215C058844FE): 1
LogDevObjectVersion:   Dev-CineCamera (B2E18506-4273-CFC2-A54E-F4BB758BBA07): 1
LogDevObjectVersion:   Dev-VirtualProduction (64F58936-FD1B-42BA-BA96-7289D5D0FA4E): 1
LogDevObjectVersion:   Dev-MediaFramework (6F0ED827-A609-4895-9C91-998D90180EA4): 2
LogInit: Presizing for max 25165824 objects, including 0 objects not considered by GC, pre-allocating 0 bytes for permanent pool.
LogConfig: Applying CVar settings from Section [/Script/Engine.StreamingSettings] File [C:/Users/User/Desktop/Github proyectos/Scientificus/ProyectoUE/Saved/Config/Windows/Engine.ini]
LogConfig: Setting CVar [[s.MinBulkDataSizeForAsyncLoading:131072]]
LogConfig: Setting CVar [[s.AsyncLoadingThreadEnabled:0]]
LogConfig: Setting CVar [[s.EventDrivenLoaderEnabled:1]]
LogConfig: Setting CVar [[s.WarnIfTimeLimitExceeded:0]]
LogConfig: Setting CVar [[s.TimeLimitExceededMultiplier:1.5]]
LogConfig: Setting CVar [[s.TimeLimitExceededMinTime:0.005]]
LogConfig: Setting CVar [[s.UseBackgroundLevelStreaming:1]]
LogConfig: Setting CVar [[s.PriorityAsyncLoadingExtraTime:15.0]]
LogConfig: Setting CVar [[s.LevelStreamingActorsUpdateTimeLimit:5.0]]
LogConfig: Setting CVar [[s.PriorityLevelStreamingActorsUpdateExtraTime:5.0]]
LogConfig: Setting CVar [[s.LevelStreamingComponentsRegistrationGranularity:10]]
LogConfig: Setting CVar [[s.UnregisterComponentsTimeLimit:1.0]]
LogConfig: Setting CVar [[s.LevelStreamingComponentsUnregistrationGranularity:5]]
LogConfig: Setting CVar [[s.FlushStreamingOnExit:1]]
LogInit: Object subsystem initialized
LogConfig: Setting CVar [[con.DebugEarlyDefault:1]]
LogConfig: Setting CVar [[r.setres:1280x720]]
[2021.11.16-02.08.44:479][  0]LogConfig: Setting CVar [[con.DebugEarlyDefault:1]]
[2021.11.16-02.08.44:479][  0]LogConfig: Setting CVar [[r.setres:1280x720]]
[2021.11.16-02.08.44:479][  0]LogConfig: Applying CVar settings from Section [/Script/Engine.RendererSettings] File [C:/Users/User/Desktop/Github proyectos/Scientificus/ProyectoUE/Saved/Config/Windows/Engine.ini]
[2021.11.16-02.08.44:479][  0]LogConfig: Setting CVar [[r.GPUCrashDebugging:0]]
[2021.11.16-02.08.44:479][  0]LogConfig: Applying CVar settings from Section [/Script/Engine.RendererOverrideSettings] File [C:/Users/User/Desktop/Github proyectos/Scientificus/ProyectoUE/Saved/Config/Windows/Engine.ini]
[2021.11.16-02.08.44:479][  0]LogConfig: Applying CVar settings from Section [/Script/Engine.StreamingSettings] File [C:/Users/User/Desktop/Github proyectos/Scientificus/ProyectoUE/Saved/Config/Windows/Engine.ini]
[2021.11.16-02.08.44:479][  0]LogConfig: Setting CVar [[s.MinBulkDataSizeForAsyncLoading:131072]]
[2021.11.16-02.08.44:479][  0]LogConfig: Setting CVar [[s.AsyncLoadingThreadEnabled:0]]
[2021.11.16-02.08.44:479][  0]LogConfig: Setting CVar [[s.EventDrivenLoaderEnabled:1]]
[2021.11.16-02.08.44:479][  0]LogConfig: Setting CVar [[s.WarnIfTimeLimitExceeded:0]]
[2021.11.16-02.08.44:479][  0]LogConfig: Setting CVar [[s.TimeLimitExceededMultiplier:1.5]]
[2021.11.16-02.08.44:479][  0]LogConfig: Setting CVar [[s.TimeLimitExceededMinTime:0.005]]
[2021.11.16-02.08.44:479][  0]LogConfig: Setting CVar [[s.UseBackgroundLevelStreaming:1]]
[2021.11.16-02.08.44:479][  0]LogConfig: Setting CVar [[s.PriorityAsyncLoadingExtraTime:15.0]]
[2021.11.16-02.08.44:479][  0]LogConfig: Setting CVar [[s.LevelStreamingActorsUpdateTimeLimit:5.0]]
[2021.11.16-02.08.44:479][  0]LogConfig: Setting CVar [[s.PriorityLevelStreamingActorsUpdateExtraTime:5.0]]
[2021.11.16-02.08.44:479][  0]LogConfig: Setting CVar [[s.LevelStreamingComponentsRegistrationGranularity:10]]
[2021.11.16-02.08.44:479][  0]LogConfig: Setting CVar [[s.UnregisterComponentsTimeLimit:1.0]]
[2021.11.16-02.08.44:479][  0]LogConfig: Setting CVar [[s.LevelStreamingComponentsUnregistrationGranularity:5]]
[2021.11.16-02.08.44:479][  0]LogConfig: Setting CVar [[s.FlushStreamingOnExit:1]]
[2021.11.16-02.08.44:479][  0]LogConfig: Applying CVar settings from Section [/Script/Engine.GarbageCollectionSettings] File [C:/Users/User/Desktop/Github proyectos/Scientificus/ProyectoUE/Saved/Config/Windows/Engine.ini]
[2021.11.16-02.08.44:479][  0]LogConfig: Setting CVar [[gc.MaxObjectsNotConsideredByGC:1]]
[2021.11.16-02.08.44:479][  0]LogConfig: Setting CVar [[gc.SizeOfPermanentObjectPool:0]]
[2021.11.16-02.08.44:479][  0]LogConfig: Setting CVar [[gc.FlushStreamingOnGC:0]]
[2021.11.16-02.08.44:479][  0]LogConfig: Setting CVar [[gc.NumRetriesBeforeForcingGC:10]]
[2021.11.16-02.08.44:479][  0]LogConfig: Setting CVar [[gc.AllowParallelGC:1]]
[2021.11.16-02.08.44:479][  0]LogConfig: Setting CVar [[gc.TimeBetweenPurgingPendingKillObjects:61.1]]
[2021.11.16-02.08.44:479][  0]LogConfig: Setting CVar [[gc.MaxObjectsInEditor:25165824]]
[2021.11.16-02.08.44:479][  0]LogConfig: Setting CVar [[gc.IncrementalBeginDestroyEnabled:1]]
[2021.11.16-02.08.44:479][  0]LogConfig: Setting CVar [[gc.CreateGCClusters:1]]
[2021.11.16-02.08.44:479][  0]LogConfig: Setting CVar [[gc.MinGCClusterSize:5]]
[2021.11.16-02.08.44:479][  0]LogConfig: Setting CVar [[gc.ActorClusteringEnabled:0]]
[2021.11.16-02.08.44:479][  0]LogConfig: Setting CVar [[gc.BlueprintClusteringEnabled:0]]
[2021.11.16-02.08.44:479][  0]LogConfig: Setting CVar [[gc.UseDisregardForGCOnDedicatedServers:0]]
[2021.11.16-02.08.44:479][  0]LogConfig: Setting CVar [[gc.MultithreadedDestructionEnabled:1]]
[2021.11.16-02.08.44:479][  0]LogConfig: Applying CVar settings from Section [/Script/Engine.NetworkSettings] File [C:/Users/User/Desktop/Github proyectos/Scientificus/ProyectoUE/Saved/Config/Windows/Engine.ini]
[2021.11.16-02.08.44:479][  0]LogConfig: Applying CVar settings from Section [/Script/UnrealEd.CookerSettings] File [C:/Users/User/Desktop/Github proyectos/Scientificus/ProyectoUE/Saved/Config/Windows/Engine.ini]
[2021.11.16-02.08.44:485][  0]LogConfig: Applying CVar settings from Section [ViewDistanceQuality@3] File [C:/Users/User/Desktop/Github proyectos/Scientificus/ProyectoUE/Saved/Config/Windows/Scalability.ini]
[2021.11.16-02.08.44:485][  0]LogConfig: Setting CVar [[r.SkeletalMeshLODBias:0]]
[2021.11.16-02.08.44:485][  0]LogConfig: Setting CVar [[r.ViewDistanceScale:1.0]]
[2021.11.16-02.08.44:485][  0]LogConfig: Applying CVar settings from Section [AntiAliasingQuality@3] File [C:/Users/User/Desktop/Github proyectos/Scientificus/ProyectoUE/Saved/Config/Windows/Scalability.ini]
[2021.11.16-02.08.44:485][  0]LogConfig: Setting CVar [[r.PostProcessAAQuality:4]]
[2021.11.16-02.08.44:485][  0]LogConfig: Applying CVar settings from Section [ShadowQuality@3] File [C:/Users/User/Desktop/Github proyectos/Scientificus/ProyectoUE/Saved/Config/Windows/Scalability.ini]
[2021.11.16-02.08.44:485][  0]LogConfig: Setting CVar [[r.LightFunctionQuality:1]]
[2021.11.16-02.08.44:485][  0]LogConfig: Setting CVar [[r.ShadowQuality:5]]
[2021.11.16-02.08.44:485][  0]LogConfig: Setting CVar [[r.Shadow.CSM.MaxCascades:10]]
[2021.11.16-02.08.44:485][  0]LogConfig: Setting CVar [[r.Shadow.MaxResolution:2048]]
[2021.11.16-02.08.44:485][  0]LogConfig: Setting CVar [[r.Shadow.MaxCSMResolution:2048]]
[2021.11.16-02.08.44:485][  0]LogConfig: Setting CVar [[r.Shadow.RadiusThreshold:0.01]]
[2021.11.16-02.08.44:485][  0]LogConfig: Setting CVar [[r.Shadow.DistanceScale:1.0]]
[2021.11.16-02.08.44:485][  0]LogConfig: Setting CVar [[r.Shadow.CSM.TransitionScale:1.0]]
[2021.11.16-02.08.44:485][  0]LogConfig: Setting CVar [[r.Shadow.PreShadowResolutionFactor:1.0]]
[2021.11.16-02.08.44:485][  0]LogConfig: Setting CVar [[r.DistanceFieldShadowing:1]]
[2021.11.16-02.08.44:485][  0]LogConfig: Setting CVar [[r.DistanceFieldAO:1]]
[2021.11.16-02.08.44:485][  0]LogConfig: Setting CVar [[r.AOQuality:2]]
[2021.11.16-02.08.44:485][  0]LogConfig: Setting CVar [[r.VolumetricFog:1]]
[2021.11.16-02.08.44:485][  0]LogConfig: Setting CVar [[r.VolumetricFog.GridPixelSize:8]]
[2021.11.16-02.08.44:485][  0]LogConfig: Setting CVar [[r.VolumetricFog.GridSizeZ:128]]
[2021.11.16-02.08.44:485][  0]LogConfig: Setting CVar [[r.VolumetricFog.HistoryMissSupersampleCount:4]]
[2021.11.16-02.08.44:485][  0]LogConfig: Setting CVar [[r.LightMaxDrawDistanceScale:1]]
[2021.11.16-02.08.44:485][  0]LogConfig: Setting CVar [[r.CapsuleShadows:1]]
[2021.11.16-02.08.44:485][  0]LogConfig: Applying CVar settings from Section [PostProcessQuality@3] File [C:/Users/User/Desktop/Github proyectos/Scientificus/ProyectoUE/Saved/Config/Windows/Scalability.ini]
[2021.11.16-02.08.44:485][  0]LogConfig: Setting CVar [[r.MotionBlurQuality:4]]
[2021.11.16-02.08.44:485][  0]LogConfig: Setting CVar [[r.AmbientOcclusionMipLevelFactor:0.4]]
[2021.11.16-02.08.44:485][  0]LogConfig: Setting CVar [[r.AmbientOcclusionMaxQuality:100]]
[2021.11.16-02.08.44:485][  0]LogConfig: Setting CVar [[r.AmbientOcclusionLevels:-1]]
[2021.11.16-02.08.44:485][  0]LogConfig: Setting CVar [[r.AmbientOcclusionRadiusScale:1.0]]
[2021.11.16-02.08.44:485][  0]LogConfig: Setting CVar [[r.DepthOfFieldQuality:2]]
[2021.11.16-02.08.44:485][  0]LogConfig: Setting CVar [[r.RenderTargetPoolMin:400]]
[2021.11.16-02.08.44:485][  0]LogConfig: Setting CVar [[r.LensFlareQuality:2]]
[2021.11.16-02.08.44:485][  0]LogConfig: Setting CVar [[r.SceneColorFringeQuality:1]]
[2021.11.16-02.08.44:485][  0]LogConfig: Setting CVar [[r.EyeAdaptationQuality:2]]
[2021.11.16-02.08.44:485][  0]LogConfig: Setting CVar [[r.BloomQuality:5]]
[2021.11.16-02.08.44:485][  0]LogConfig: Setting CVar [[r.FastBlurThreshold:100]]
[2021.11.16-02.08.44:485][  0]LogConfig: Setting CVar [[r.Upscale.Quality:3]]
[2021.11.16-02.08.44:485][  0]LogConfig: Setting CVar [[r.Tonemapper.GrainQuantization:1]]
[2021.11.16-02.08.44:485][  0]LogConfig: Setting CVar [[r.LightShaftQuality:1]]
[2021.11.16-02.08.44:485][  0]LogConfig: Setting CVar [[r.Filter.SizeScale:1]]
[2021.11.16-02.08.44:486][  0]LogConfig: Setting CVar [[r.Tonemapper.Quality:5]]
[2021.11.16-02.08.44:486][  0]LogConfig: Setting CVar [[r.DOF.Gather.AccumulatorQuality:1        ; higher gathering accumulator quality]]
[2021.11.16-02.08.44:486][  0]LogConfig: Setting CVar [[r.DOF.Gather.PostfilterMethod:1          ; Median3x3 postfilering method]]
[2021.11.16-02.08.44:486][  0]LogConfig: Setting CVar [[r.DOF.Gather.EnableBokehSettings:0       ; no bokeh simulation when gathering]]
[2021.11.16-02.08.44:486][  0]LogConfig: Setting CVar [[r.DOF.Gather.RingCount:4                 ; medium number of samples when gathering]]
[2021.11.16-02.08.44:486][  0]LogConfig: Setting CVar [[r.DOF.Scatter.ForegroundCompositing:1    ; additive foreground scattering]]
[2021.11.16-02.08.44:486][  0]LogConfig: Setting CVar [[r.DOF.Scatter.BackgroundCompositing:2    ; additive background scattering]]
[2021.11.16-02.08.44:486][  0]LogConfig: Setting CVar [[r.DOF.Scatter.EnableBokehSettings:1      ; bokeh simulation when scattering]]
[2021.11.16-02.08.44:486][  0]LogConfig: Setting CVar [[r.DOF.Scatter.MaxSpriteRatio:0.1         ; only a maximum of 10% of scattered bokeh]]
[2021.11.16-02.08.44:486][  0]LogConfig: Setting CVar [[r.DOF.Recombine.Quality:1                ; cheap slight out of focus]]
[2021.11.16-02.08.44:486][  0]LogConfig: Setting CVar [[r.DOF.Recombine.EnableBokehSettings:0    ; no bokeh simulation on slight out of focus]]
[2021.11.16-02.08.44:486][  0]LogConfig: Setting CVar [[r.DOF.TemporalAAQuality:1                ; more stable temporal accumulation]]
[2021.11.16-02.08.44:486][  0]LogConfig: Setting CVar [[r.DOF.Kernel.MaxForegroundRadius:0.025]]
[2021.11.16-02.08.44:486][  0]LogConfig: Setting CVar [[r.DOF.Kernel.MaxBackgroundRadius:0.025]]
[2021.11.16-02.08.44:486][  0]LogConfig: Applying CVar settings from Section [TextureQuality@3] File [C:/Users/User/Desktop/Github proyectos/Scientificus/ProyectoUE/Saved/Config/Windows/Scalability.ini]
[2021.11.16-02.08.44:486][  0]LogConfig: Setting CVar [[r.Streaming.MipBias:0]]
[2021.11.16-02.08.44:486][  0]LogConfig: Setting CVar [[r.Streaming.AmortizeCPUToGPUCopy:0]]
[2021.11.16-02.08.44:486][  0]LogConfig: Setting CVar [[r.Streaming.MaxNumTexturesToStreamPerFrame:0]]
[2021.11.16-02.08.44:486][  0]LogConfig: Setting CVar [[r.Streaming.Boost:1]]
[2021.11.16-02.08.44:486][  0]LogConfig: Setting CVar [[r.MaxAnisotropy:8]]
[2021.11.16-02.08.44:486][  0]LogConfig: Setting CVar [[r.VT.MaxAnisotropy:8]]
[2021.11.16-02.08.44:486][  0]LogConfig: Setting CVar [[r.Streaming.LimitPoolSizeToVRAM:0]]
[2021.11.16-02.08.44:486][  0]LogConfig: Setting CVar [[r.Streaming.PoolSize:1000]]
[2021.11.16-02.08.44:486][  0]LogConfig: Setting CVar [[r.Streaming.MaxEffectiveScreenSize:0]]
[2021.11.16-02.08.44:486][  0]LogConfig: Applying CVar settings from Section [EffectsQuality@3] File [C:/Users/User/Desktop/Github proyectos/Scientificus/ProyectoUE/Saved/Config/Windows/Scalability.ini]
[2021.11.16-02.08.44:486][  0]LogConfig: Setting CVar [[r.TranslucencyLightingVolumeDim:64]]
[2021.11.16-02.08.44:486][  0]LogConfig: Setting CVar [[r.RefractionQuality:2]]
[2021.11.16-02.08.44:486][  0]LogConfig: Setting CVar [[r.SSR.Quality:3]]
[2021.11.16-02.08.44:486][  0]LogConfig: Setting CVar [[r.SSR.HalfResSceneColor:0]]
[2021.11.16-02.08.44:486][  0]LogConfig: Setting CVar [[r.SceneColorFormat:4]]
[2021.11.16-02.08.44:486][  0]LogConfig: Setting CVar [[r.DetailMode:2]]
[2021.11.16-02.08.44:486][  0]LogConfig: Setting CVar [[r.TranslucencyVolumeBlur:1]]
[2021.11.16-02.08.44:486][  0]LogConfig: Setting CVar [[r.MaterialQualityLevel:1 ; High quality]]
[2021.11.16-02.08.44:486][  0]LogConfig: Setting CVar [[r.AnisotropicMaterials:1]]
[2021.11.16-02.08.44:486][  0]LogConfig: Setting CVar [[r.SSS.Scale:1]]
[2021.11.16-02.08.44:486][  0]LogConfig: Setting CVar [[r.SSS.SampleSet:2]]
[2021.11.16-02.08.44:486][  0]LogConfig: Setting CVar [[r.SSS.Quality:1]]
[2021.11.16-02.08.44:486][  0]LogConfig: Setting CVar [[r.SSS.HalfRes:0]]
[2021.11.16-02.08.44:486][  0]LogConfig: Setting CVar [[r.SSGI.Quality:3]]
[2021.11.16-02.08.44:486][  0]LogConfig: Setting CVar [[r.EmitterSpawnRateScale:1.0]]
[2021.11.16-02.08.44:486][  0]LogConfig: Setting CVar [[r.ParticleLightQuality:2]]
[2021.11.16-02.08.44:486][  0]LogConfig: Setting CVar [[r.SkyAtmosphere.AerialPerspectiveLUT.FastApplyOnOpaque:1 ; Always have FastSkyLUT 1 in this case to avoid wrong sky]]
[2021.11.16-02.08.44:486][  0]LogConfig: Setting CVar [[r.SkyAtmosphere.AerialPerspectiveLUT.SampleCountMaxPerSlice:4]]
[2021.11.16-02.08.44:486][  0]LogConfig: Setting CVar [[r.SkyAtmosphere.AerialPerspectiveLUT.DepthResolution:16.0]]
[2021.11.16-02.08.44:486][  0]LogConfig: Setting CVar [[r.SkyAtmosphere.FastSkyLUT:1]]
[2021.11.16-02.08.44:486][  0]LogConfig: Setting CVar [[r.SkyAtmosphere.FastSkyLUT.SampleCountMin:4.0]]
[2021.11.16-02.08.44:486][  0]LogConfig: Setting CVar [[r.SkyAtmosphere.FastSkyLUT.SampleCountMax:128.0]]
[2021.11.16-02.08.44:486][  0]LogConfig: Setting CVar [[r.SkyAtmosphere.SampleCountMin:4.0]]
[2021.11.16-02.08.44:486][  0]LogConfig: Setting CVar [[r.SkyAtmosphere.SampleCountMax:128.0]]
[2021.11.16-02.08.44:486][  0]LogConfig: Setting CVar [[r.SkyAtmosphere.TransmittanceLUT.UseSmallFormat:0]]
[2021.11.16-02.08.44:486][  0]LogConfig: Setting CVar [[r.SkyAtmosphere.TransmittanceLUT.SampleCount:10.0]]
[2021.11.16-02.08.44:486][  0]LogConfig: Setting CVar [[r.SkyAtmosphere.MultiScatteringLUT.SampleCount:15.0]]
[2021.11.16-02.08.44:486][  0]LogConfig: Setting CVar [[r.SkyLight.RealTimeReflectionCapture:1]]
[2021.11.16-02.08.44:486][  0]LogConfig: Applying CVar settings from Section [FoliageQuality@3] File [C:/Users/User/Desktop/Github proyectos/Scientificus/ProyectoUE/Saved/Config/Windows/Scalability.ini]
[2021.11.16-02.08.44:486][  0]LogConfig: Setting CVar [[foliage.DensityScale:1.0]]
[2021.11.16-02.08.44:486][  0]LogConfig: Setting CVar [[grass.DensityScale:1.0]]
[2021.11.16-02.08.44:486][  0]LogConfig: Applying CVar settings from Section [ShadingQuality@3] File [C:/Users/User/Desktop/Github proyectos/Scientificus/ProyectoUE/Saved/Config/Windows/Scalability.ini]
[2021.11.16-02.08.44:486][  0]LogConfig: Setting CVar [[r.HairStrands.SkyLighting.IntegrationType:2]]
[2021.11.16-02.08.44:486][  0]LogConfig: Setting CVar [[r.HairStrands.SkyAO.SampleCount:4]]
[2021.11.16-02.08.44:486][  0]LogConfig: Setting CVar [[r.HairStrands.Visibility.MSAA.SamplePerPixel:4]]
[2021.11.16-02.08.44:486][  0]LogInit: Selected Device Profile: [Windows]
[2021.11.16-02.08.44:486][  0]LogInit: Applying CVar settings loaded from the selected device profile: [Windows]
[2021.11.16-02.08.44:486][  0]LogHAL: Display: Platform has ~ 16 GB [17123700736 / 17179869184 / 16], which maps to Larger [LargestMinGB=32, LargerMinGB=12, DefaultMinGB=8, SmallerMinGB=6, SmallestMinGB=0)
[2021.11.16-02.08.44:486][  0]LogInit: Going up to parent DeviceProfile []
[2021.11.16-02.08.44:486][  0]LogConfig: Applying CVar settings from Section [ViewDistanceQuality@3] File [C:/Users/User/Desktop/Github proyectos/Scientificus/ProyectoUE/Saved/Config/Windows/Scalability.ini]
[2021.11.16-02.08.44:486][  0]LogConfig: Setting CVar [[r.SkeletalMeshLODBias:0]]
[2021.11.16-02.08.44:486][  0]LogConfig: Setting CVar [[r.ViewDistanceScale:1.0]]
[2021.11.16-02.08.44:486][  0]LogConfig: Applying CVar settings from Section [AntiAliasingQuality@3] File [C:/Users/User/Desktop/Github proyectos/Scientificus/ProyectoUE/Saved/Config/Windows/Scalability.ini]
[2021.11.16-02.08.44:486][  0]LogConfig: Setting CVar [[r.PostProcessAAQuality:4]]
[2021.11.16-02.08.44:486][  0]LogConfig: Applying CVar settings from Section [ShadowQuality@3] File [C:/Users/User/Desktop/Github proyectos/Scientificus/ProyectoUE/Saved/Config/Windows/Scalability.ini]
[2021.11.16-02.08.44:486][  0]LogConfig: Setting CVar [[r.LightFunctionQuality:1]]
[2021.11.16-02.08.44:486][  0]LogConfig: Setting CVar [[r.ShadowQuality:5]]
[2021.11.16-02.08.44:486][  0]LogConfig: Setting CVar [[r.Shadow.CSM.MaxCascades:10]]
[2021.11.16-02.08.44:486][  0]LogConfig: Setting CVar [[r.Shadow.MaxResolution:2048]]
[2021.11.16-02.08.44:486][  0]LogConfig: Setting CVar [[r.Shadow.MaxCSMResolution:2048]]
[2021.11.16-02.08.44:486][  0]LogConfig: Setting CVar [[r.Shadow.RadiusThreshold:0.01]]
[2021.11.16-02.08.44:486][  0]LogConfig: Setting CVar [[r.Shadow.DistanceScale:1.0]]
[2021.11.16-02.08.44:486][  0]LogConfig: Setting CVar [[r.Shadow.CSM.TransitionScale:1.0]]
[2021.11.16-02.08.44:486][  0]LogConfig: Setting CVar [[r.Shadow.PreShadowResolutionFactor:1.0]]
[2021.11.16-02.08.44:486][  0]LogConfig: Setting CVar [[r.DistanceFieldShadowing:1]]
[2021.11.16-02.08.44:486][  0]LogConfig: Setting CVar [[r.DistanceFieldAO:1]]
[2021.11.16-02.08.44:486][  0]LogConfig: Setting CVar [[r.AOQuality:2]]
[2021.11.16-02.08.44:487][  0]LogConfig: Setting CVar [[r.VolumetricFog:1]]
[2021.11.16-02.08.44:487][  0]LogConfig: Setting CVar [[r.VolumetricFog.GridPixelSize:8]]
[2021.11.16-02.08.44:487][  0]LogConfig: Setting CVar [[r.VolumetricFog.GridSizeZ:128]]
[2021.11.16-02.08.44:487][  0]LogConfig: Setting CVar [[r.VolumetricFog.HistoryMissSupersampleCount:4]]
[2021.11.16-02.08.44:487][  0]LogConfig: Setting CVar [[r.LightMaxDrawDistanceScale:1]]
[2021.11.16-02.08.44:487][  0]LogConfig: Setting CVar [[r.CapsuleShadows:1]]
[2021.11.16-02.08.44:487][  0]LogConfig: Applying CVar settings from Section [PostProcessQuality@3] File [C:/Users/User/Desktop/Github proyectos/Scientificus/ProyectoUE/Saved/Config/Windows/Scalability.ini]
[2021.11.16-02.08.44:487][  0]LogConfig: Setting CVar [[r.MotionBlurQuality:4]]
[2021.11.16-02.08.44:487][  0]LogConfig: Setting CVar [[r.AmbientOcclusionMipLevelFactor:0.4]]
[2021.11.16-02.08.44:487][  0]LogConfig: Setting CVar [[r.AmbientOcclusionMaxQuality:100]]
[2021.11.16-02.08.44:487][  0]LogConfig: Setting CVar [[r.AmbientOcclusionLevels:-1]]
[2021.11.16-02.08.44:487][  0]LogConfig: Setting CVar [[r.AmbientOcclusionRadiusScale:1.0]]
[2021.11.16-02.08.44:487][  0]LogConfig: Setting CVar [[r.DepthOfFieldQuality:2]]
[2021.11.16-02.08.44:487][  0]LogConfig: Setting CVar [[r.RenderTargetPoolMin:400]]
[2021.11.16-02.08.44:487][  0]LogConfig: Setting CVar [[r.LensFlareQuality:2]]
[2021.11.16-02.08.44:487][  0]LogConfig: Setting CVar [[r.SceneColorFringeQuality:1]]
[2021.11.16-02.08.44:487][  0]LogConfig: Setting CVar [[r.EyeAdaptationQuality:2]]
[2021.11.16-02.08.44:487][  0]LogConfig: Setting CVar [[r.BloomQuality:5]]
[2021.11.16-02.08.44:487][  0]LogConfig: Setting CVar [[r.FastBlurThreshold:100]]
[2021.11.16-02.08.44:487][  0]LogConfig: Setting CVar [[r.Upscale.Quality:3]]
[2021.11.16-02.08.44:487][  0]LogConfig: Setting CVar [[r.Tonemapper.GrainQuantization:1]]
[2021.11.16-02.08.44:487][  0]LogConfig: Setting CVar [[r.LightShaftQuality:1]]
[2021.11.16-02.08.44:487][  0]LogConfig: Setting CVar [[r.Filter.SizeScale:1]]
[2021.11.16-02.08.44:487][  0]LogConfig: Setting CVar [[r.Tonemapper.Quality:5]]
[2021.11.16-02.08.44:487][  0]LogConfig: Setting CVar [[r.DOF.Gather.AccumulatorQuality:1        ; higher gathering accumulator quality]]
[2021.11.16-02.08.44:487][  0]LogConfig: Setting CVar [[r.DOF.Gather.PostfilterMethod:1          ; Median3x3 postfilering method]]
[2021.11.16-02.08.44:487][  0]LogConfig: Setting CVar [[r.DOF.Gather.EnableBokehSettings:0       ; no bokeh simulation when gathering]]
[2021.11.16-02.08.44:487][  0]LogConfig: Setting CVar [[r.DOF.Gather.RingCount:4                 ; medium number of samples when gathering]]
[2021.11.16-02.08.44:487][  0]LogConfig: Setting CVar [[r.DOF.Scatter.ForegroundCompositing:1    ; additive foreground scattering]]
[2021.11.16-02.08.44:487][  0]LogConfig: Setting CVar [[r.DOF.Scatter.BackgroundCompositing:2    ; additive background scattering]]
[2021.11.16-02.08.44:487][  0]LogConfig: Setting CVar [[r.DOF.Scatter.EnableBokehSettings:1      ; bokeh simulation when scattering]]
[2021.11.16-02.08.44:487][  0]LogConfig: Setting CVar [[r.DOF.Scatter.MaxSpriteRatio:0.1         ; only a maximum of 10% of scattered bokeh]]
[2021.11.16-02.08.44:487][  0]LogConfig: Setting CVar [[r.DOF.Recombine.Quality:1                ; cheap slight out of focus]]
[2021.11.16-02.08.44:487][  0]LogConfig: Setting CVar [[r.DOF.Recombine.EnableBokehSettings:0    ; no bokeh simulation on slight out of focus]]
[2021.11.16-02.08.44:487][  0]LogConfig: Setting CVar [[r.DOF.TemporalAAQuality:1                ; more stable temporal accumulation]]
[2021.11.16-02.08.44:487][  0]LogConfig: Setting CVar [[r.DOF.Kernel.MaxForegroundRadius:0.025]]
[2021.11.16-02.08.44:487][  0]LogConfig: Setting CVar [[r.DOF.Kernel.MaxBackgroundRadius:0.025]]
[2021.11.16-02.08.44:487][  0]LogConfig: Applying CVar settings from Section [TextureQuality@3] File [C:/Users/User/Desktop/Github proyectos/Scientificus/ProyectoUE/Saved/Config/Windows/Scalability.ini]
[2021.11.16-02.08.44:487][  0]LogConfig: Setting CVar [[r.Streaming.MipBias:0]]
[2021.11.16-02.08.44:487][  0]LogConfig: Setting CVar [[r.Streaming.AmortizeCPUToGPUCopy:0]]
[2021.11.16-02.08.44:487][  0]LogConfig: Setting CVar [[r.Streaming.MaxNumTexturesToStreamPerFrame:0]]
[2021.11.16-02.08.44:487][  0]LogConfig: Setting CVar [[r.Streaming.Boost:1]]
[2021.11.16-02.08.44:487][  0]LogConfig: Setting CVar [[r.MaxAnisotropy:8]]
[2021.11.16-02.08.44:487][  0]LogConfig: Setting CVar [[r.VT.MaxAnisotropy:8]]
[2021.11.16-02.08.44:487][  0]LogConfig: Setting CVar [[r.Streaming.LimitPoolSizeToVRAM:0]]
[2021.11.16-02.08.44:487][  0]LogConfig: Setting CVar [[r.Streaming.PoolSize:1000]]
[2021.11.16-02.08.44:487][  0]LogConfig: Setting CVar [[r.Streaming.MaxEffectiveScreenSize:0]]
[2021.11.16-02.08.44:487][  0]LogConfig: Applying CVar settings from Section [EffectsQuality@3] File [C:/Users/User/Desktop/Github proyectos/Scientificus/ProyectoUE/Saved/Config/Windows/Scalability.ini]
[2021.11.16-02.08.44:487][  0]LogConfig: Setting CVar [[r.TranslucencyLightingVolumeDim:64]]
[2021.11.16-02.08.44:487][  0]LogConfig: Setting CVar [[r.RefractionQuality:2]]
[2021.11.16-02.08.44:487][  0]LogConfig: Setting CVar [[r.SSR.Quality:3]]
[2021.11.16-02.08.44:487][  0]LogConfig: Setting CVar [[r.SSR.HalfResSceneColor:0]]
[2021.11.16-02.08.44:487][  0]LogConfig: Setting CVar [[r.SceneColorFormat:4]]
[2021.11.16-02.08.44:487][  0]LogConfig: Setting CVar [[r.DetailMode:2]]
[2021.11.16-02.08.44:487][  0]LogConfig: Setting CVar [[r.TranslucencyVolumeBlur:1]]
[2021.11.16-02.08.44:487][  0]LogConfig: Setting CVar [[r.MaterialQualityLevel:1 ; High quality]]
[2021.11.16-02.08.44:487][  0]LogConfig: Setting CVar [[r.AnisotropicMaterials:1]]
[2021.11.16-02.08.44:487][  0]LogConfig: Setting CVar [[r.SSS.Scale:1]]
[2021.11.16-02.08.44:487][  0]LogConfig: Setting CVar [[r.SSS.SampleSet:2]]
[2021.11.16-02.08.44:487][  0]LogConfig: Setting CVar [[r.SSS.Quality:1]]
[2021.11.16-02.08.44:487][  0]LogConfig: Setting CVar [[r.SSS.HalfRes:0]]
[2021.11.16-02.08.44:487][  0]LogConfig: Setting CVar [[r.SSGI.Quality:3]]
[2021.11.16-02.08.44:487][  0]LogConfig: Setting CVar [[r.EmitterSpawnRateScale:1.0]]
[2021.11.16-02.08.44:487][  0]LogConfig: Setting CVar [[r.ParticleLightQuality:2]]
[2021.11.16-02.08.44:487][  0]LogConfig: Setting CVar [[r.SkyAtmosphere.AerialPerspectiveLUT.FastApplyOnOpaque:1 ; Always have FastSkyLUT 1 in this case to avoid wrong sky]]
[2021.11.16-02.08.44:487][  0]LogConfig: Setting CVar [[r.SkyAtmosphere.AerialPerspectiveLUT.SampleCountMaxPerSlice:4]]
[2021.11.16-02.08.44:487][  0]LogConfig: Setting CVar [[r.SkyAtmosphere.AerialPerspectiveLUT.DepthResolution:16.0]]
[2021.11.16-02.08.44:487][  0]LogConfig: Setting CVar [[r.SkyAtmosphere.FastSkyLUT:1]]
[2021.11.16-02.08.44:487][  0]LogConfig: Setting CVar [[r.SkyAtmosphere.FastSkyLUT.SampleCountMin:4.0]]
[2021.11.16-02.08.44:487][  0]LogConfig: Setting CVar [[r.SkyAtmosphere.FastSkyLUT.SampleCountMax:128.0]]
[2021.11.16-02.08.44:487][  0]LogConfig: Setting CVar [[r.SkyAtmosphere.SampleCountMin:4.0]]
[2021.11.16-02.08.44:487][  0]LogConfig: Setting CVar [[r.SkyAtmosphere.SampleCountMax:128.0]]
[2021.11.16-02.08.44:487][  0]LogConfig: Setting CVar [[r.SkyAtmosphere.TransmittanceLUT.UseSmallFormat:0]]
[2021.11.16-02.08.44:487][  0]LogConfig: Setting CVar [[r.SkyAtmosphere.TransmittanceLUT.SampleCount:10.0]]
[2021.11.16-02.08.44:487][  0]LogConfig: Setting CVar [[r.SkyAtmosphere.MultiScatteringLUT.SampleCount:15.0]]
[2021.11.16-02.08.44:487][  0]LogConfig: Setting CVar [[r.SkyLight.RealTimeReflectionCapture:1]]
[2021.11.16-02.08.44:487][  0]LogConfig: Applying CVar settings from Section [FoliageQuality@3] File [C:/Users/User/Desktop/Github proyectos/Scientificus/ProyectoUE/Saved/Config/Windows/Scalability.ini]
[2021.11.16-02.08.44:487][  0]LogConfig: Setting CVar [[foliage.DensityScale:1.0]]
[2021.11.16-02.08.44:487][  0]LogConfig: Setting CVar [[grass.DensityScale:1.0]]
[2021.11.16-02.08.44:487][  0]LogConfig: Applying CVar settings from Section [ShadingQuality@3] File [C:/Users/User/Desktop/Github proyectos/Scientificus/ProyectoUE/Saved/Config/Windows/Scalability.ini]
[2021.11.16-02.08.44:487][  0]LogConfig: Setting CVar [[r.HairStrands.SkyLighting.IntegrationType:2]]
[2021.11.16-02.08.44:487][  0]LogConfig: Setting CVar [[r.HairStrands.SkyAO.SampleCount:4]]
[2021.11.16-02.08.44:487][  0]LogConfig: Setting CVar [[r.HairStrands.Visibility.MSAA.SamplePerPixel:4]]
[2021.11.16-02.08.44:487][  0]LogConfig: Applying CVar settings from Section [Startup] File [../../../Engine/Config/ConsoleVariables.ini]
[2021.11.16-02.08.44:488][  0]LogConfig: Setting CVar [[net.UseAdaptiveNetUpdateFrequency:0]]
[2021.11.16-02.08.44:488][  0]LogConfig: Setting CVar [[p.chaos.AllowCreatePhysxBodies:1]]
[2021.11.16-02.08.44:488][  0]LogConfig: Setting CVar [[fx.SkipVectorVMBackendOptimizations:1]]
[2021.11.16-02.08.44:488][  0]LogConfig: Applying CVar settings from Section [ConsoleVariables] File [C:/Users/User/Desktop/Github proyectos/Scientificus/ProyectoUE/Saved/Config/Windows/Engine.ini]
[2021.11.16-02.08.44:488][  0]LogConfig: Applying CVar settings from Section [ConsoleVariables] File [C:/Users/User/Desktop/Github proyectos/Scientificus/ProyectoUE/Saved/Config/Windows/Editor.ini]
[2021.11.16-02.08.44:488][  0]LogInit: Computer: SEBAS
[2021.11.16-02.08.44:488][  0]LogInit: User: User
[2021.11.16-02.08.44:488][  0]LogInit: CPU Page size=4096, Cores=6
[2021.11.16-02.08.44:488][  0]LogInit: High frequency timer resolution =10.000000 MHz
[2021.11.16-02.08.44:488][  0]LogMemory: Memory total: Physical=15.9GB (16GB approx)
[2021.11.16-02.08.44:488][  0]LogMemory: Platform Memory Stats for Windows
[2021.11.16-02.08.44:488][  0]LogMemory: Process Physical Memory: 148.33 MB used, 148.34 MB peak
[2021.11.16-02.08.44:488][  0]LogMemory: Process Virtual Memory: 125.96 MB used, 125.96 MB peak
[2021.11.16-02.08.44:488][  0]LogMemory: Physical Memory: 8219.89 MB used,  8110.55 MB free, 16330.43 MB total
[2021.11.16-02.08.44:488][  0]LogMemory: Virtual Memory: 134210880.00 MB used,  6851.74 MB free, 134217728.00 MB total
[2021.11.16-02.08.44:494][  0]LogWindows: WindowsPlatformFeatures enabled
[2021.11.16-02.08.44:526][  0]LogInit: Physics initialised using underlying interface: PhysX
[2021.11.16-02.08.44:527][  0]LogInit: Using OS detected language (es-MX).
[2021.11.16-02.08.44:527][  0]LogInit: Using OS detected locale (es-CO).
[2021.11.16-02.08.44:529][  0]LogTextLocalizationResource: LocRes '../../../Engine/Content/Localization/Editor/es-MX/Editor.locres' could not be opened for reading!
[2021.11.16-02.08.44:529][  0]LogTextLocalizationResource: LocRes '../../../Engine/Content/Localization/EditorTutorials/es-MX/EditorTutorials.locres' could not be opened for reading!
[2021.11.16-02.08.44:529][  0]LogTextLocalizationResource: LocRes '../../../Engine/Content/Localization/Keywords/es-MX/Keywords.locres' could not be opened for reading!
[2021.11.16-02.08.44:529][  0]LogTextLocalizationResource: LocRes '../../../Engine/Content/Localization/Category/es-MX/Category.locres' could not be opened for reading!
[2021.11.16-02.08.44:529][  0]LogTextLocalizationResource: LocRes '../../../Engine/Content/Localization/ToolTips/es-MX/ToolTips.locres' could not be opened for reading!
[2021.11.16-02.08.44:529][  0]LogTextLocalizationResource: LocRes '../../../Engine/Content/Localization/PropertyNames/es-MX/PropertyNames.locres' could not be opened for reading!
[2021.11.16-02.08.44:529][  0]LogTextLocalizationResource: LocRes '../../../Engine/Content/Localization/Engine/es-MX/Engine.locres' could not be opened for reading!
[2021.11.16-02.08.44:529][  0]LogTextLocalizationResource: LocRes '../../../Engine/Plugins/Online/OnlineSubsystemUtils/Content/Localization/OnlineSubsystemUtils/es-MX/OnlineSubsystemUtils.locres' could not be opened for reading!
[2021.11.16-02.08.44:529][  0]LogTextLocalizationResource: LocRes '../../../Engine/Plugins/Online/Android/OnlineSubsystemGooglePlay/Content/Localization/OnlineSubsystemGooglePlay/es-MX/OnlineSubsystemGooglePlay.locres' could not be opened for reading!
[2021.11.16-02.08.44:529][  0]LogTextLocalizationResource: LocRes '../../../Engine/Plugins/Online/IOS/OnlineSubsystemIOS/Content/Localization/OnlineSubsystemIOS/es-MX/OnlineSubsystemIOS.locres' could not be opened for reading!
[2021.11.16-02.08.44:564][  0]LogWindowsTextInputMethodSystem: Display: IME system deactivated.
[2021.11.16-02.08.44:586][  0]LogSlate: New Slate User Created.  User Index 0, Is Virtual User: 0
[2021.11.16-02.08.44:586][  0]LogSlate: Slate User Registered.  User Index 0, Is Virtual User: 0
[2021.11.16-02.08.44:599][  0]LogD3D11RHI: Loaded GFSDK_Aftermath_Lib.x64.dll
[2021.11.16-02.08.44:601][  0]LogHMD: Failed to initialize OpenVR with code 110
[2021.11.16-02.08.44:601][  0]LogD3D11RHI: D3D11 min allowed feature level: 11_0
[2021.11.16-02.08.44:601][  0]LogD3D11RHI: D3D11 max allowed feature level: 11_0
[2021.11.16-02.08.44:601][  0]LogD3D11RHI: D3D11 adapters:
[2021.11.16-02.08.44:696][  0]LogD3D11RHI:    0. 'NVIDIA GeForce GTX 1050 Ti' (Feature Level 11_0)
[2021.11.16-02.08.44:696][  0]LogD3D11RHI:       4018/0/8165 MB DedicatedVideo/DedicatedSystem/SharedSystem, Outputs:1, VendorId:0x10de
[2021.11.16-02.08.44:698][  0]LogD3D11RHI:    1. 'Microsoft Basic Render Driver' (Feature Level 11_0)
[2021.11.16-02.08.44:698][  0]LogD3D11RHI:       0/0/8165 MB DedicatedVideo/DedicatedSystem/SharedSystem, Outputs:0, VendorId:0x1414
[2021.11.16-02.08.44:698][  0]LogD3D11RHI: Chosen D3D11 Adapter: 0
[2021.11.16-02.08.44:704][  0]LogD3D11RHI: Creating new Direct3DDevice
[2021.11.16-02.08.44:704][  0]LogD3D11RHI:     GPU DeviceId: 0x1c82 (for the marketing name, search the web for "GPU Device Id")
[2021.11.16-02.08.44:704][  0]LogWindows: EnumDisplayDevices:
[2021.11.16-02.08.44:704][  0]LogWindows:    0. 'NVIDIA GeForce GTX 1050 Ti' (P:1 D:1)
[2021.11.16-02.08.44:704][  0]LogWindows:    1. 'NVIDIA GeForce GTX 1050 Ti' (P:0 D:0)
[2021.11.16-02.08.44:704][  0]LogWindows:    2. 'NVIDIA GeForce GTX 1050 Ti' (P:0 D:0)
[2021.11.16-02.08.44:704][  0]LogWindows:    3. 'NVIDIA GeForce GTX 1050 Ti' (P:0 D:0)
[2021.11.16-02.08.44:705][  0]LogWindows: DebugString: FoundDriverCount:4 
[2021.11.16-02.08.44:705][  0]LogD3D11RHI:     Adapter Name: NVIDIA GeForce GTX 1050 Ti
[2021.11.16-02.08.44:705][  0]LogD3D11RHI:   Driver Version: 496.49 (internal:30.0.14.9649, unified:496.49)
[2021.11.16-02.08.44:705][  0]LogD3D11RHI:      Driver Date: 10-20-2021
[2021.11.16-02.08.44:705][  0]LogRHI: Texture pool is 2812 MB (70% of 4018 MB)
[2021.11.16-02.08.44:757][  0]LogD3D11RHI: RHI has support for 64 bit atomics
[2021.11.16-02.08.44:757][  0]LogD3D11RHI: Async texture creation enabled
[2021.11.16-02.08.44:757][  0]LogD3D11RHI: Array index from any shader is supported
[2021.11.16-02.08.44:776][  0]LogD3D11RHI: GPU Timing Frequency: 1000.000000 (Debug: 2 1)
[2021.11.16-02.08.44:804][  0]LogRHI: GeForceNow SDK initialized: 1
[2021.11.16-02.08.45:046][  0]LogTargetPlatformManager: Display: Loaded TargetPlatform 'WindowsNoEditor'
[2021.11.16-02.08.45:051][  0]LogTargetPlatformManager: Display: Loaded TargetPlatform 'Windows'
[2021.11.16-02.08.45:054][  0]LogTargetPlatformManager: Display: Loaded TargetPlatform 'WindowsClient'
[2021.11.16-02.08.45:058][  0]LogTargetPlatformManager: Display: Loaded TargetPlatform 'WindowsServer'
[2021.11.16-02.08.45:058][  0]LogTargetPlatformManager: Display: Building Assets For Windows
[2021.11.16-02.08.45:064][  0]LogAudioDebug: Display: Lib vorbis DLL was dynamically loaded.
[2021.11.16-02.08.45:090][  0]LogTextureFormatOodle: Display: Oodle Texture 2.9.0 init RDO Off
[2021.11.16-02.08.45:116][  0]LogRendererCore: Ray tracing is disabled. Reason: r.RayTracing=0.
[2021.11.16-02.08.45:116][  0]LogShaderCompilers: Guid format shader working directory is -18 characters bigger than the processId version (C:/Users/User/Desktop/Github proyectos/Scientificus/ProyectoUE/Intermediate/Shaders/WorkingDirectory/10880/).
[2021.11.16-02.08.45:116][  0]LogShaderCompilers: Cleaned the shader compiler working directory 'C:/Users/User/AppData/Local/Temp/UnrealShaderWorkingDir/C996FD1F4563F28D3C3C398DE375175F/'.
[2021.11.16-02.08.45:116][  0]LogXGEController: Cannot use XGE Controller as Incredibuild is not installed on this machine.
[2021.11.16-02.08.45:117][  0]LogShaderCompilers: Cannot use XGE Shader Compiler as Incredibuild is not installed on this machine.
[2021.11.16-02.08.45:117][  0]LogShaderCompilers: Display: Using Local Shader Compiler.
[2021.11.16-02.08.45:762][  0]LogDerivedDataCache: Display: Max Cache Size: 512 MB
[2021.11.16-02.08.45:815][  0]LogDerivedDataCache: Loaded boot cache 0.05s 95MB C:/Users/User/AppData/Local/UnrealEngine/4.27/DerivedDataCache/Boot.ddc.
[2021.11.16-02.08.45:815][  0]LogDerivedDataCache: Display: Loaded Boot cache: C:/Users/User/AppData/Local/UnrealEngine/4.27/DerivedDataCache/Boot.ddc
[2021.11.16-02.08.45:815][  0]LogDerivedDataCache: FDerivedDataBackendGraph:  Pak pak cache file C:/Users/User/Desktop/Github proyectos/Scientificus/ProyectoUE/DerivedDataCache/DDC.ddp not found, will not use a pak cache.
[2021.11.16-02.08.45:815][  0]LogDerivedDataCache: Unable to find inner node Pak for hierarchical cache Hierarchy.
[2021.11.16-02.08.45:815][  0]LogDerivedDataCache: FDerivedDataBackendGraph:  CompressedPak pak cache file C:/Users/User/Desktop/Github proyectos/Scientificus/ProyectoUE/DerivedDataCache/Compressed.ddp not found, will not use a pak cache.
[2021.11.16-02.08.45:815][  0]LogDerivedDataCache: Unable to find inner node CompressedPak for hierarchical cache Hierarchy.
[2021.11.16-02.08.45:833][  0]LogDerivedDataCache: Display: Pak cache opened for reading ../../../Engine/DerivedDataCache/Compressed.ddp.
[2021.11.16-02.08.45:833][  0]LogDerivedDataCache: FDerivedDataBackendGraph:  EnterprisePak pak cache file ../../../Enterprise/DerivedDataCache/Compressed.ddp not found, will not use a pak cache.
[2021.11.16-02.08.45:833][  0]LogDerivedDataCache: Unable to find inner node EnterprisePak for hierarchical cache Hierarchy.
[2021.11.16-02.08.45:840][  0]LogDerivedDataCache: Speed tests for C:/Users/User/AppData/Local/UnrealEngine/Common/DerivedDataCache took 0.01 seconds
[2021.11.16-02.08.45:840][  0]LogDerivedDataCache: Display: Performance to C:/Users/User/AppData/Local/UnrealEngine/Common/DerivedDataCache: Latency=0.03ms. RandomReadSpeed=1459.48MBs, RandomWriteSpeed=159.97MBs. Assigned SpeedClass 'Local'
[2021.11.16-02.08.45:841][  0]LogDerivedDataCache: Using Local data cache path C:/Users/User/AppData/Local/UnrealEngine/Common/DerivedDataCache: Writable
[2021.11.16-02.08.45:841][  0]LogDerivedDataCache: Shared data cache path not found in *engine.ini, will not use an Shared cache.
[2021.11.16-02.08.45:841][  0]LogDerivedDataCache: Unable to find inner node Shared for hierarchical cache Hierarchy.
[2021.11.16-02.08.45:876][  0]LogSlate: Using FreeType 2.10.0
[2021.11.16-02.08.45:876][  0]LogSlate: SlateFontServices - WITH_FREETYPE: 1, WITH_HARFBUZZ: 1
[2021.11.16-02.08.45:945][  0]LogInit: Using OS detected language (es-MX).
[2021.11.16-02.08.45:945][  0]LogInit: Using OS detected locale (es-CO).
[2021.11.16-02.08.45:945][  0]LogTextLocalizationManager: No localization for 'es-MX' exists, so 'en' will be used for the language.
[2021.11.16-02.08.45:945][  0]LogTextLocalizationManager: No localization for 'es-CO' exists, so 'en' will be used for the locale.
[2021.11.16-02.08.45:945][  0]LogSlate: FontCache flush requested. Reason: Culture for localization was changed
[2021.11.16-02.08.45:945][  0]LogSlate: FontCache flush requested. Reason: Culture for localization was changed
[2021.11.16-02.08.45:948][  0]LogAssetRegistry: FAssetRegistry took 0.0017 seconds to start up
[2021.11.16-02.08.46:103][  0]LogTextLocalizationManager: Compacting localization data took   0.00ms
[2021.11.16-02.08.46:103][  0]LogPackageLocalizationCache: Processed 27 localized package path(s) for 1 prioritized culture(s) in 0.000936 seconds
[2021.11.16-02.08.46:165][  0]LogInit: Selected Device Profile: [Windows]
[2021.11.16-02.08.46:165][  0]LogInit: Active device profile: [000002201B60C700][00000220111DCA40 49] Windows
[2021.11.16-02.08.46:165][  0]LogInit: Profiles: [000002201B60C700][00000220111DCA40 49] Windows, [000002201B5F3700][00000220109A2BC0 49] WindowsNoEditor, [000002201B60F300][00000220109A6D40 49] WindowsServer, [000002201B5F0F00][00000220109AAEC0 49] WindowsClient, [000002201B60F500][00000220109AF040 49] IOS, [000002201B5CFF00][00000220109B31C0 49] iPadAir, [000002201B5F3B00][00000220109B7340 49] iPadAir2, [000002201B58C500][0000022000CA1600 49] IPadPro, [000002201B58C600][00000220109BB640 49] iPadAir3, [000002201B5CC100][0000022013E59780 49] iPadAir4, [000002201B58EC00][0000022000CA58C0 49] iPadMini2, [000002201B5CE500][0000022000CA9A00 49] iPadMini3, [000002201B58F400][0000022000CADB40 49] iPadMini4, [000002201B5CCF00][0000022000CB4140 49] iPadMini5, [000002201B58BE00][0000022000CBC400 49] iPhone6, [000002201B58BF00][0000022000CB8440 49] iPodTouch6, [000002201B60F900][0000022000CC4700 49] iPhone7, [000002201B60E100][0000022000CC0740 49] iPodTouch7, [000002201B588400][0000022000CC88C0 49] iPhone5S, [000002201B58FD00][0000022000CCCA40 49] iPhone6Plus, [000002201B60F400][0000022000CD0BC0 49] iPhone6S, [000002201B58E000][0000022000CD4D40 49] iPhone6SPlus, [000002201B60C900][0000022010906EC0 49] iPhone7Plus, [000002201B58CE00][000002201090B040 49] iPhoneSE, [000002201B60C200][000002201090F1C0 49] iPhone8, [000002201B58E400][0000022010913340 49] iPhone8Plus, [000002201B60DE00][00000220109174C0 49] iPhoneX, [000002201B58FE00][000002201091B640 49] iPhoneXS, [000002201B60D600][000002201091F7C0 49] iPhoneXSMax, [000002201B58E500][0000022000CB1900 49] iPhoneXR, [000002201B60EA00][0000022010923A40 49] iPhone11, [000002201B58FA00][0000022010927B80 49] iPhone11Pro, [000002201B60CF00][000002201092A140 49] iPhone11ProMax, [000002201B58E300][00000220109322C0 49] iPhoneSE2, [000002201B60E700][0000022010936440 49] iPhone12Mini, [000002201B58C700][000002201093A5C0 49] iPhone12, [000002201B60F100][000002201093E740 49] iPhone12Pro, [000002201B58F500][00000220109428C0 49] iPhone12ProMax, [000002201B60C800][0000022010946A40 49] iPadPro105, [000002201B58DC00][000002201094ABC0 49] iPadPro129, [000002201B60C300][000002201094ED40 49] iPadPro97, [000002201B58DD00][0000022010D54EC0 49] iPadPro2_129, [000002201B60CC00][0000022010D59040 49] iPad5, [000002201B58F000][0000022010D5D1C0 49] iPad6, [000002201B60EC00][0000022010D61340 49] iPad7, [000002201B58EE00][0000022010D654C0 49] iPad8, [000002201B60FE00][0000022010D69640 49] iPadPro11, [000002201B58D900][0000022010D6D7C0 49] iPadPro2_11, [000002201B60D800][0000022010D71940 49] iPadPro3_129, [000002201B58CC00][0000022010D75AC0 49] iPadPro4_129, [000002201B60E400][000002201092FC00 49] AppleTV, [000002201B58F700][0000022010D781C0 49] AppleTV4K, [000002201B60DB00][0000022010D7C300 49] TVOS, [000002201B58D000][0000022010D84480 49] Mac, [000002201B60DF00][0000022010D88600 49] MacClient, [000002201B58EB00][0000022010D8C780 49] MacNoEditor, [000002201B60CD00][0000022010D90900 49] MacServer, [000002201B58F300][0000022010D94A80 49] Linux, [000002201B60CB00][0000022010D98C00 49] LinuxAArch64, [000002201B58E100][0000022010D9CD80 49] LinuxNoEditor, [000002201B60D700][0000022010DA0F00 49] LinuxAArch64NoEditor, [000002201B58DA00][0000022010DA5080 49] LinuxClient, [000002201B60D000][0000022010DA9200 49] LinuxAArch64Client, [000002201B58D400][0000022010DAD380 49] LinuxServer, [000002201B60F000][0000022010DB1500 49] LinuxAArch64Server, [000002201B58D600][0000022010DB5680 49] Android, [000002201B5CF900][0000022010DB9800 49] Android_Low, [000002201B589B00][0000022010DBD980 49] Android_Mid, [000002201B5CF000][0000022010DC1B00 49] Android_High, [000002201B58B900][0000022010DC4100 49] Android_Default, [000002201B5CE000][0000022010D80240 49] Android_Adreno4xx, [000002201B58BB00][0000022010DC8380 49] Android_Adreno5xx_Low, [000002201B5CCB00][0000022010DCC4C0 49] Android_Adreno5xx, [000002201B589800][00000220106D0640 49] Android_Adreno6xx, [000002201B5CD100][00000220106D47C0 49] Android_Adreno6xx_Vulkan, [000002201B588800][00000220106D8940 49] Android_Mali_T6xx, [000002201B5CF600][00000220106DCAC0 49] Android_Mali_T7xx, [000002201B588D00][00000220106E0C40 49] Android_Mali_T8xx, [000002201B5CFC00][00000220106E4DC0 49] Android_Mali_G71, [000002201B588900][00000220106E8F40 49] Android_Mali_G72, [000002201B5CFE00][00000220106ED0C0 49] Android_Mali_G72_Vulkan, [000002201B589900][00000220106F1240 49] Android_Mali_G76, [000002201B5CFA00][00000220106F53C0 49] Android_Mali_G76_Vulkan, [000002201B58B600][00000220106F9540 49] Android_Mali_G77, [000002201B5CE200][00000220106FD6C0 49] Android_Mali_G77_Vulkan, [000002201B589200][0000022010701840 49] Android_Mali_G78, [000002201B5CCA00][00000220107059C0 49] Android_Mali_G78_Vulkan, [000002201B58B000][0000022010709B40 49] Android_Mali_G710, [000002201B5CD400][000002201070C140 49] Android_Mali_G710_Vulkan, [000002201B588600][00000220107102C0 49] Android_Vulkan_SM5, [000002201B5CD800][00000220106CC400 49] Android_PowerVR_G6xxx, [000002201B588E00][0000022010714540 49] Android_PowerVR_GT7xxx, [000002201B5CC200][0000022010718680 49] Android_PowerVR_GE8xxx, [000002201B588100][000002201071C7C0 49] Android_PowerVR_GM9xxx, [000002201B5CE600][0000022010724940 49] Android_PowerVR_GM9xxx_Vulkan, [000002201B58F800][0000022010728AC0 49] Android_TegraK1, [000002201B5CEA00][000002201072CC40 49] Android_Unknown_Vulkan, [000002201B58CF00][0000022010730DC0 49] Lumin, [000002201B5CD200][0000022010734F40 49] Lumin_Desktop, [000002201B58C400][00000220107390C0 49] HoloLens, 
[2021.11.16-02.08.46:201][  0]LogMeshReduction: Using QuadricMeshReduction for automatic static mesh reduction
[2021.11.16-02.08.46:201][  0]LogMeshReduction: Using SimplygonMeshReduction for automatic skeletal mesh reduction
[2021.11.16-02.08.46:201][  0]LogMeshReduction: Using ProxyLODMeshReduction for automatic mesh merging
[2021.11.16-02.08.46:201][  0]LogMeshReduction: No distributed automatic mesh merging module available
[2021.11.16-02.08.46:201][  0]LogMeshMerging: No distributed automatic mesh merging module available
[2021.11.16-02.08.46:288][  0]LogNetVersion: ProyectoUE 1.0.0, NetCL: 17155196, EngineNetVer: 17, GameNetVer: 0 (Checksum: 3483794102)
[2021.11.16-02.08.46:512][  0]LogTexture: Default maximum texture size for cubemaps generated from long-lat sources has been changed from 512 to unlimited. In order to preserve old behaiour for '/Engine/MapTemplates/Sky/DaylightAmbientCubemap.DaylightAmbientCubemap', its maximum texture size has been explicitly set to 512.
[2021.11.16-02.08.46:560][  0]LogHMD: PokeAHoleMaterial loaded successfully
[2021.11.16-02.08.46:645][  0]LogMoviePlayer: Initializing movie player
[2021.11.16-02.08.46:725][  0]LogNiagaraDebuggerClient: Niagara Debugger Client Initialized | Session: 19672115473F6EAB6365F78651653FE7 | Instance: 689D75574C162E2E380905A44B865E37 (SEBAS-10880).
[2021.11.16-02.08.46:746][  0]LogCollectionManager: Loaded 0 collections in 0.001660 seconds
[2021.11.16-02.08.46:748][  0]LogFileCache: Scanning file cache for directory 'C:/Users/User/Desktop/Github proyectos/Scientificus/ProyectoUE/Saved/Collections/' took 0.00s
[2021.11.16-02.08.46:748][  0]LogFileCache: Scanning file cache for directory 'C:/Users/User/Desktop/Github proyectos/Scientificus/ProyectoUE/Content/Developers/User/Collections/' took 0.00s
[2021.11.16-02.08.46:748][  0]LogFileCache: Scanning file cache for directory 'C:/Users/User/Desktop/Github proyectos/Scientificus/ProyectoUE/Content/Collections/' took 0.00s
[2021.11.16-02.08.46:748][  0]LogCollectionManager: Fixed up redirectors for 0 collections in 0.000002 seconds (updated 0 objects)
[2021.11.16-02.08.46:751][  0]LogStreaming: Warning: Failed to read file '../../../Engine/Content/Editor/Slate/Niagara/MenuSeparator.png' error.
[2021.11.16-02.08.46:751][  0]LogSlate: Could not find file for Slate resource: ../../../Engine/Content/Editor/Slate/Niagara/MenuSeparator.png
[2021.11.16-02.08.46:751][  0]LogStreaming: Warning: Failed to read file '../../../Engine/Content/Editor/Slate/Niagara/Common/Selector.png' error.
[2021.11.16-02.08.46:751][  0]LogSlate: Could not find file for Slate resource: ../../../Engine/Content/Editor/Slate/Niagara/Common/Selector.png
[2021.11.16-02.08.46:751][  0]LogStreaming: Warning: Failed to read file '../../../Engine/Content/Editor/Slate/Niagara/Common/Selection.png' error.
[2021.11.16-02.08.46:751][  0]LogSlate: Could not find file for Slate resource: ../../../Engine/Content/Editor/Slate/Niagara/Common/Selection.png
[2021.11.16-02.08.46:751][  0]LogStreaming: Warning: Failed to read file '../../../Engine/Content/Editor/Slate/Niagara/Common/DropZoneIndicator_Above.png' error.
[2021.11.16-02.08.46:751][  0]LogStreaming: Warning: Failed to read file '../../../Engine/Content/Editor/Slate/Niagara/Common/DropZoneIndicator_Onto.png' error.
[2021.11.16-02.08.46:751][  0]LogSlate: Could not find file for Slate resource: ../../../Engine/Content/Editor/Slate/Niagara/Common/DropZoneIndicator_Above.png
[2021.11.16-02.08.46:751][  0]LogSlate: Could not find file for Slate resource: ../../../Engine/Content/Editor/Slate/Niagara/Common/DropZoneIndicator_Onto.png
[2021.11.16-02.08.46:751][  0]LogStreaming: Warning: Failed to read file '../../../Engine/Content/Editor/Slate/Niagara/Common/DropZoneIndicator_Below.png' error.
[2021.11.16-02.08.46:751][  0]LogSlate: Could not find file for Slate resource: ../../../Engine/Content/Editor/Slate/Niagara/Common/DropZoneIndicator_Below.png
[2021.11.16-02.08.46:751][  0]LogStreaming: Warning: Failed to read file '../../../Engine/Content/Editor/Slate/Niagara/Common/RoundedSelection_16x.png' error.
[2021.11.16-02.08.46:751][  0]LogSlate: Could not find file for Slate resource: ../../../Engine/Content/Editor/Slate/Niagara/Common/RoundedSelection_16x.png
[2021.11.16-02.08.46:751][  0]LogStreaming: Warning: Failed to read file '../../../Engine/Content/Editor/Slate/Niagara/Common/FlatButton.png' error.
[2021.11.16-02.08.46:751][  0]LogSlate: Could not find file for Slate resource: ../../../Engine/Content/Editor/Slate/Niagara/Common/FlatButton.png
[2021.11.16-02.08.46:751][  0]LogImageWrapper: Warning: PNG Warning: Duplicate iCCP chunk
[2021.11.16-02.08.46:751][  0]LogImageWrapper: Warning: PNG Warning: Duplicate iCCP chunk
[2021.11.16-02.08.46:765][  0]LogPython: Using Python 3.7.7
[2021.11.16-02.08.47:266][  0]LogTcpMessaging: Initializing TcpMessaging bridge
[2021.11.16-02.08.47:270][  0]LogUdpMessaging: Initializing bridge on interface 0.0.0.0:0 to multicast group 230.0.0.1:6666.
[2021.11.16-02.08.47:418][  0]SourceControl: Source control is disabled
[2021.11.16-02.08.47:418][  0]SourceControl: Source control is disabled
[2021.11.16-02.08.47:421][  0]SourceControl: Source control is disabled
[2021.11.16-02.08.47:437][  0]LogUProjectInfo: Found projects:
[2021.11.16-02.08.47:450][  0]LogOpenImageDenoise: OIDN starting up
[2021.11.16-02.08.47:483][  0]LogAndroidPermission: UAndroidPermissionCallbackProxy::GetInstance
[2021.11.16-02.08.47:499][  0]LogAudioCaptureCore: Display: No Audio Capture implementations found. Audio input will be silent.
[2021.11.16-02.08.47:500][  0]LogAudioCaptureCore: Display: No Audio Capture implementations found. Audio input will be silent.
[2021.11.16-02.08.47:560][  0]LogOcInput: OculusInput pre-init called
[2021.11.16-02.08.47:569][  0]LogUObjectArray: 22121 objects as part of root set at end of initial load.
[2021.11.16-02.08.47:569][  0]LogUObjectAllocator: 5975440 out of 0 bytes used by permanent object pool.
[2021.11.16-02.08.47:569][  0]LogUObjectArray: CloseDisregardForGC: 0/0 objects in disregard for GC pool
[2021.11.16-02.08.47:616][  0]LogEngine: Initializing Engine...
[2021.11.16-02.08.47:618][  0]LogHMD: Failed to enumerate extensions. Please check that you have a valid OpenXR runtime installed.
[2021.11.16-02.08.47:619][  0]LogHMD: Failed to initialize OpenVR with code 110
[2021.11.16-02.08.47:619][  0]LogMagicLeap: Warning: VR disabled because ZI is not enabled.  To enable, in the editor, Edit -> Project Settings -> Plugins -> Magic Leap Plugin -> Enable Zero Iteration
[2021.11.16-02.08.47:620][  0]LogStats: UGameplayTagsManager::InitializeManager -  0.000 s
[2021.11.16-02.08.47:699][  0]LogInit: Initializing FReadOnlyCVARCache
[2021.11.16-02.08.47:699][  0]LogAudio: Display: Initializing Audio Device Manager...
[2021.11.16-02.08.47:702][  0]LogAudio: Display: Loading Default Audio Settings Objects...
[2021.11.16-02.08.47:702][  0]LogAudio: Display: No default SoundConcurrencyObject specified (or failed to load).
[2021.11.16-02.08.47:703][  0]LogAudio: Display: Audio Device Manager Initialized
[2021.11.16-02.08.47:703][  0]LogAudio: Display: Creating Audio Device:                 Id: 1, Scope: Shared, Realtime: True
[2021.11.16-02.08.47:703][  0]LogAudioMixer: Display: Audio Mixer Platform Settings:
[2021.11.16-02.08.47:703][  0]LogAudioMixer: Display: 	Sample Rate:						  48000
[2021.11.16-02.08.47:703][  0]LogAudioMixer: Display: 	Callback Buffer Frame Size Requested: 1024
[2021.11.16-02.08.47:703][  0]LogAudioMixer: Display: 	Callback Buffer Frame Size To Use:	  1024
[2021.11.16-02.08.47:703][  0]LogAudioMixer: Display: 	Number of buffers to queue:			  2
[2021.11.16-02.08.47:703][  0]LogAudioMixer: Display: 	Max Channels (voices):				  32
[2021.11.16-02.08.47:703][  0]LogAudioMixer: Display: 	Number of Async Source Workers:		  0
[2021.11.16-02.08.47:703][  0]LogAudio: Display: AudioDevice MaxSources: 32
[2021.11.16-02.08.47:703][  0]LogAudio: Display: Audio Spatialization Plugin: None (built-in).
[2021.11.16-02.08.47:703][  0]LogAudio: Display: Audio Reverb Plugin: None (built-in).
[2021.11.16-02.08.47:703][  0]LogAudio: Display: Audio Occlusion Plugin: None (built-in).
[2021.11.16-02.08.47:703][  0]LogAudioMixer: Display: Initializing audio mixer.
[2021.11.16-02.08.47:714][  0]LogAudioMixer: Display: 0: FrontLeft
[2021.11.16-02.08.47:714][  0]LogAudioMixer: Display: 1: FrontRight
[2021.11.16-02.08.47:732][  0]LogAudioMixer: Display: Using Audio Device Altavoces (Realtek(R) Audio)
[2021.11.16-02.08.47:738][  0]LogAudioMixer: Display: Initializing Sound Submixes...
[2021.11.16-02.08.47:739][  0]LogAudioMixer: Display: Creating Master Submix 'MasterSubmixDefault'
[2021.11.16-02.08.47:739][  0]LogAudioMixer: Display: Creating Master Submix 'MasterReverbSubmixDefault'
[2021.11.16-02.08.47:740][  0]LogAudioMixer: Display: Creating Master Submix 'MasterEQSubmixDefault'
[2021.11.16-02.08.47:740][  0]LogAudioMixer: FMixerPlatformXAudio2::StartAudioStream() called
[2021.11.16-02.08.47:740][  0]LogAudioMixer: Display: Output buffers initialized: Frames=1024, Channels=2, Samples=2048
[2021.11.16-02.08.47:741][  0]LogAudioMixer: Display: Starting AudioMixerPlatformInterface::RunInternal()
[2021.11.16-02.08.47:741][  0]LogAudioMixer: Display: FMixerPlatformXAudio2::SubmitBuffer() called for the first time
[2021.11.16-02.08.47:741][  0]LogInit: FAudioDevice initialized.
[2021.11.16-02.08.47:742][  0]LogNetVersion: Set ProjectVersion to 1.0.0.0. Version Checksum will be recalculated on next use.
[2021.11.16-02.08.47:743][  0]LogInit: Texture streaming: Enabled
[2021.11.16-02.08.47:796][  0]LogAudio: Display: Audio Device (ID: 1) registered with world 'Untitled'.
[2021.11.16-02.08.47:796][  0]LogSlate: Updating window title bar state: overlay mode, drag disabled, window buttons hidden, title bar hidden
[2021.11.16-02.08.47:797][  0]LogInit: Display: Game Engine Initialized.
[2021.11.16-02.08.47:797][  0]LogNiagaraEditor: GEditor isn't valid! Particle reset commands will not work for Niagara components!
[2021.11.16-02.08.47:895][  0]LogStreaming: Warning: Failed to read file '../../../Engine/Content/Editor/Slate/Niagara/MenuSeparator.png' error.
[2021.11.16-02.08.47:895][  0]LogSlate: Could not find file for Slate resource: ../../../Engine/Content/Editor/Slate/Niagara/MenuSeparator.png
[2021.11.16-02.08.47:895][  0]LogStreaming: Warning: Failed to read file '../../../Engine/Content/Editor/Slate/Niagara/Common/Selector.png' error.
[2021.11.16-02.08.47:895][  0]LogSlate: Could not find file for Slate resource: ../../../Engine/Content/Editor/Slate/Niagara/Common/Selector.png
[2021.11.16-02.08.47:895][  0]LogStreaming: Warning: Failed to read file '../../../Engine/Content/Editor/Slate/Niagara/Common/Selection.png' error.
[2021.11.16-02.08.47:895][  0]LogSlate: Could not find file for Slate resource: ../../../Engine/Content/Editor/Slate/Niagara/Common/Selection.png
[2021.11.16-02.08.47:895][  0]LogStreaming: Warning: Failed to read file '../../../Engine/Content/Editor/Slate/Niagara/Common/DropZoneIndicator_Above.png' error.
[2021.11.16-02.08.47:895][  0]LogSlate: Could not find file for Slate resource: ../../../Engine/Content/Editor/Slate/Niagara/Common/DropZoneIndicator_Above.png
[2021.11.16-02.08.47:895][  0]LogStreaming: Warning: Failed to read file '../../../Engine/Content/Editor/Slate/Niagara/Common/DropZoneIndicator_Onto.png' error.
[2021.11.16-02.08.47:895][  0]LogSlate: Could not find file for Slate resource: ../../../Engine/Content/Editor/Slate/Niagara/Common/DropZoneIndicator_Onto.png
[2021.11.16-02.08.47:895][  0]LogStreaming: Warning: Failed to read file '../../../Engine/Content/Editor/Slate/Niagara/Common/DropZoneIndicator_Below.png' error.
[2021.11.16-02.08.47:895][  0]LogSlate: Could not find file for Slate resource: ../../../Engine/Content/Editor/Slate/Niagara/Common/DropZoneIndicator_Below.png
[2021.11.16-02.08.47:895][  0]LogStreaming: Warning: Failed to read file '../../../Engine/Content/Editor/Slate/Niagara/Common/RoundedSelection_16x.png' error.
[2021.11.16-02.08.47:895][  0]LogStreaming: Warning: Failed to read file '../../../Engine/Content/Editor/Slate/Niagara/Common/FlatButton.png' error.
[2021.11.16-02.08.47:895][  0]LogSlate: Could not find file for Slate resource: ../../../Engine/Content/Editor/Slate/Niagara/Common/RoundedSelection_16x.png
[2021.11.16-02.08.47:895][  0]LogSlate: Could not find file for Slate resource: ../../../Engine/Content/Editor/Slate/Niagara/Common/FlatButton.png
[2021.11.16-02.08.47:895][  0]LogImageWrapper: Warning: PNG Warning: Duplicate iCCP chunk
[2021.11.16-02.08.47:895][  0]LogImageWrapper: Warning: PNG Warning: Duplicate iCCP chunk
[2021.11.16-02.08.47:895][  0]LogInit: Display: Starting Game.
[2021.11.16-02.08.47:895][  0]LogNet: Browse: /Game/Niveles/Transición1?Name=Player
[2021.11.16-02.08.47:895][  0]LogLoad: LoadMap: /Game/Niveles/Transición1?Name=Player
[2021.11.16-02.08.47:895][  0]LogWorld: BeginTearingDown for /Temp/Untitled_0
[2021.11.16-02.08.47:897][  0]LogWorld: UWorld::CleanupWorld for Untitled, bSessionEnded=true, bCleanupResources=true
[2021.11.16-02.08.47:897][  0]LogSlate: InvalidateAllWidgets triggered.  All widgets were invalidated
[2021.11.16-02.08.47:911][  0]LogAudio: Display: Audio Device unregistered from world 'None'.
[2021.11.16-02.08.47:913][  0]LogUObjectHash: Compacting FUObjectHashTables data took   0.79ms
[2021.11.16-02.08.48:034][  0]LogAudio: Display: Audio Device (ID: 1) registered with world 'Transición1'.
[2021.11.16-02.08.48:040][  0]LogAIModule: Creating AISystem for world Transición1
[2021.11.16-02.08.48:043][  0]LogLoad: Game class is 'ThirdPersonGameMode_C'
[2021.11.16-02.08.48:043][  0]LogWorld: Bringing World /Game/Niveles/Transición1.Transición1 up for play (max tick rate 0) at 2021.11.15-21.08.48
[2021.11.16-02.08.48:043][  0]LogWorld: Bringing up level for play took: 0.000356
[2021.11.16-02.08.48:044][  0]LogGameMode: FindPlayerStart: PATHS NOT DEFINED or NO PLAYERSTART with positive rating
[2021.11.16-02.08.48:046][  0]LogLevel: Warning: EnableInput on a LevelScript actor can not be specified for only one PlayerController.  Enabling for all PlayerControllers.
[2021.11.16-02.08.48:047][  0]LogLoad: Took 0.151151 seconds to LoadMap(/Game/Niveles/Transición1)
[2021.11.16-02.08.48:073][  0]LogSlate: Took 0.000170 seconds to synchronously load lazily loaded font '../../../Engine/Content/Slate/Fonts/Roboto-Regular.ttf' (155K)
[2021.11.16-02.08.48:090][  0]LogRenderer: Reallocating scene render targets to support 1280x748 Format 10 NumSamples 1 (Frame:1).
[2021.11.16-02.08.48:090][  0]LogInit: Display: Engine is initialized. Leaving FEngineLoop::Init()
[2021.11.16-02.08.48:090][  0]LogLoad: (Engine Initialization) Total time: 4.49 seconds
[2021.11.16-02.08.48:090][  0]LogLoad: (Engine Initialization) Total Blueprint compile time: 0.00 seconds
[2021.11.16-02.08.48:102][  0]LogContentStreaming: Texture pool size now 1000 MB
[2021.11.16-02.08.48:106][  0]LogSlate: InvalidateAllWidgets triggered.  All widgets were invalidated
[2021.11.16-02.08.48:203][  1]LogSlate: Took 0.000121 seconds to synchronously load lazily loaded font '../../../Engine/Content/Slate/Fonts/Roboto-Regular.ttf' (155K)
[2021.11.16-02.08.51:472][  6]LogViewport: Display: Viewport MouseLockMode Changed, LockOnCapture -> DoNotLock
[2021.11.16-02.08.51:472][  6]LogViewport: Display: Viewport MouseCaptureMode Changed, CapturePermanently_IncludingInitialMouseDown -> CaptureDuringMouseDown
[2021.11.16-02.08.52:274][264]Closing by request
[2021.11.16-02.08.52:274][264]LogWindows: FPlatformMisc::RequestExit(0)
[2021.11.16-02.08.52:274][264]LogWindows: FPlatformMisc::RequestExitWithStatus(0, 0)
[2021.11.16-02.08.52:274][264]LogCore: Engine exit requested (reason: Win RequestExit)
[2021.11.16-02.08.52:277][265]LogCore: Engine exit requested (reason: EngineExit() was called; note: exit was already requested)
[2021.11.16-02.08.52:277][265]LogInit: Display: PreExit Game.
[2021.11.16-02.08.52:290][265]LogWorld: BeginTearingDown for /Game/Niveles/Transición1
[2021.11.16-02.08.52:290][265]LogWorld: UWorld::CleanupWorld for Transición1, bSessionEnded=true, bCleanupResources=true
[2021.11.16-02.08.52:291][265]LogSlate: InvalidateAllWidgets triggered.  All widgets were invalidated
[2021.11.16-02.08.52:624][265]LogAudio: Display: Beginning Audio Device Manager Shutdown (Module: AudioMixerXAudio2)...
[2021.11.16-02.08.52:624][265]LogAudio: Display: Destroying 1 Remaining Audio Device(s)...
[2021.11.16-02.08.52:624][265]LogAudio: Display: Audio Device unregistered from world 'Transición1'.
[2021.11.16-02.08.52:645][265]LogAudioMixer: FMixerPlatformXAudio2::StopAudioStream() called
[2021.11.16-02.08.52:646][265]LogAudioMixer: FMixerPlatformXAudio2::StopAudioStream() called
[2021.11.16-02.08.52:648][265]LogAudio: Display: Audio Device Manager Shutdown
[2021.11.16-02.08.52:656][265]LogSlate: Window 'ProyectoUE (64-bit Development PCD3D_SM5) ' being destroyed
[2021.11.16-02.08.52:656][265]LogWindowsTextInputMethodSystem: Display: IME system deactivated.
[2021.11.16-02.08.52:660][265]LogWindowsTextInputMethodSystem: Display: IME system deactivated.
[2021.11.16-02.08.52:665][265]LogExit: Preparing to exit.
[2021.11.16-02.08.53:283][265]LogUObjectHash: Compacting FUObjectHashTables data took   0.87ms
[2021.11.16-02.08.53:313][265]LogMoviePlayer: Shutting down movie player
[2021.11.16-02.08.53:386][265]LogSlate: Updating window title bar state: overlay mode, drag disabled, window buttons hidden, title bar hidden
[2021.11.16-02.08.53:403][265]LogDemo: Cleaned up 0 splitscreen connections with owner deletion
[2021.11.16-02.08.53:407][265]LogExit: Game engine shut down
[2021.11.16-02.08.53:448][265]LogExit: Object subsystem successfully closed.
[2021.11.16-02.08.53:457][265]LogShaderCompilers: Display: === FShaderJobCache stats ===
[2021.11.16-02.08.53:457][265]LogShaderCompilers: Display: Total job queries 0, among them cache hits 0 (0.00%)
[2021.11.16-02.08.53:457][265]LogShaderCompilers: Display: Tracking 0 distinct input hashes that result in 0 distinct outputs (0.00%)
[2021.11.16-02.08.53:457][265]LogShaderCompilers: Display: RAM used: 0.00 MB (0.00 GB) of 819.20 MB (0.80 GB) budget. Usage: 0.00%
[2021.11.16-02.08.53:457][265]LogShaderCompilers: Display: ================================================
[2021.11.16-02.08.53:468][265]LogShaderCompilers: Display: Shaders left to compile 0
[2021.11.16-02.08.53:475][265]LogModuleManager: Shutting down and abandoning module SequenceRecorderSections (560)
[2021.11.16-02.08.53:475][265]LogModuleManager: Shutting down and abandoning module SequenceRecorder (558)
[2021.11.16-02.08.53:475][265]LogModuleManager: Shutting down and abandoning module AutomationController (556)
[2021.11.16-02.08.53:475][265]LogModuleManager: Shutting down and abandoning module AutomationWorker (554)
[2021.11.16-02.08.53:475][265]LogModuleManager: Shutting down and abandoning module Voice (552)
[2021.11.16-02.08.53:475][265]LogModuleManager: Shutting down and abandoning module AIModule (550)
[2021.11.16-02.08.53:475][265]LogModuleManager: Shutting down and abandoning module GameplayDebugger (549)
[2021.11.16-02.08.53:475][265]LogModuleManager: Shutting down and abandoning module AITestSuite (547)
[2021.11.16-02.08.53:475][265]LogModuleManager: Shutting down and abandoning module NavigationSystem (545)
[2021.11.16-02.08.53:475][265]LogModuleManager: Shutting down and abandoning module AnimGraph (542)
[2021.11.16-02.08.53:475][265]LogModuleManager: Shutting down and abandoning module SteamVREditor (540)
[2021.11.16-02.08.53:475][265]LogModuleManager: Shutting down and abandoning module ToolMenus (539)
[2021.11.16-02.08.53:475][265]LogModuleManager: Shutting down and abandoning module OculusMR (536)
[2021.11.16-02.08.53:475][265]LogModuleManager: Shutting down and abandoning module OpenXRInput (534)
[2021.11.16-02.08.53:475][265]LogModuleManager: Shutting down and abandoning module TakeRecorderSources (532)
[2021.11.16-02.08.53:475][265]LogModuleManager: Shutting down and abandoning module TakeRecorder (531)
[2021.11.16-02.08.53:475][265]LogModuleManager: Shutting down and abandoning module TakeTrackRecorders (528)
[2021.11.16-02.08.53:475][265]LogModuleManager: Shutting down and abandoning module TakesCore (526)
[2021.11.16-02.08.53:475][265]LogModuleManager: Shutting down and abandoning module WmfMediaFactory (524)
[2021.11.16-02.08.53:475][265]LogModuleManager: Shutting down and abandoning module WebMMediaFactory (522)
[2021.11.16-02.08.53:475][265]LogModuleManager: Shutting down and abandoning module WebMMedia (520)
[2021.11.16-02.08.53:475][265]LogModuleManager: Shutting down and abandoning module OpenExrWrapper (518)
[2021.11.16-02.08.53:475][265]LogModuleManager: Shutting down and abandoning module ImgMediaFactory (516)
[2021.11.16-02.08.53:475][265]LogModuleManager: Shutting down and abandoning module AvfMediaFactory (514)
[2021.11.16-02.08.53:475][265]LogModuleManager: Shutting down and abandoning module MagicLeapMediaCodecFactory (512)
[2021.11.16-02.08.53:475][265]LogModuleManager: Shutting down and abandoning module MagicLeapMediaFactory (510)
[2021.11.16-02.08.53:475][265]LogModuleManager: Shutting down and abandoning module PlanarCut (508)
[2021.11.16-02.08.53:475][265]LogModuleManager: Shutting down and abandoning module CharacterAI (506)
[2021.11.16-02.08.53:475][265]LogModuleManager: Shutting down and abandoning module SessionServices (504)
[2021.11.16-02.08.53:475][265]LogModuleManager: Shutting down and abandoning module MovieSceneCapture (502)
[2021.11.16-02.08.53:475][265]LogModuleManager: Shutting down and abandoning module LiveCoding (500)
[2021.11.16-02.08.53:475][265]LogModuleManager: Shutting down and abandoning module LevelSequence (498)
[2021.11.16-02.08.53:475][265]LogModuleManager: Shutting down and abandoning module MovieSceneTracks (496)
[2021.11.16-02.08.53:475][265]LogModuleManager: Shutting down and abandoning module MovieScene (494)
[2021.11.16-02.08.53:475][265]LogModuleManager: Shutting down and abandoning module StreamingPauseRendering (492)
[2021.11.16-02.08.53:475][265]LogModuleManager: Shutting down and abandoning module PortalServices (490)
[2021.11.16-02.08.53:475][265]LogModuleManager: Shutting down and abandoning module PortalRpc (488)
[2021.11.16-02.08.53:475][265]LogModuleManager: Shutting down and abandoning module MessagingRpc (486)
[2021.11.16-02.08.53:475][265]LogModuleManager: Shutting down and abandoning module AudioMixerXAudio2 (484)
[2021.11.16-02.08.53:475][265]LogModuleManager: Shutting down and abandoning module AudioMixerCore (483)
[2021.11.16-02.08.53:475][265]LogModuleManager: Shutting down and abandoning module ImageWriteQueue (480)
[2021.11.16-02.08.53:478][265]LogModuleManager: Shutting down and abandoning module ProfilerService (478)
