Log file open, 11/22/21 15:58:28
LogWindows: Failed to load 'aqProf.dll' (GetLastError=126)
LogWindows: File 'aqProf.dll' does not exist
LogWindows: Failed to load 'VtuneApi.dll' (GetLastError=126)
LogWindows: File 'VtuneApi.dll' does not exist
LogWindows: Failed to load 'VtuneApi32e.dll' (GetLastError=126)
LogWindows: File 'VtuneApi32e.dll' does not exist
LogConsoleResponse: Display: Failed to find resolution value strings in scalability ini. Falling back to default.
LogConsoleResponse: Display: Failed to find resolution value strings in scalability ini. Falling back to default.
LogInit: Display: Running engine for game: ProyectoUE
LogPlatformFile: Not using cached read wrapper
LogTaskGraph: Started task graph with 5 named threads and 11 total threads with 3 sets of task threads.
LogStats: Stats thread started at 0.499252
LogICUInternationalization: ICU TimeZone Detection - Raw Offset: -5:00, Platform Override: ''
LogInit: Display: Loading text-based GConfig....
LogPluginManager: Mounting plugin MeshPainting
LogPluginManager: Mounting plugin XGEController
LogPluginManager: Mounting plugin Paper2D
LogPluginManager: Mounting plugin AISupport
LogPluginManager: Mounting plugin EnvironmentQueryEditor
LogPluginManager: Mounting plugin LightPropagationVolume
LogPluginManager: Mounting plugin CameraShakePreviewer
LogPluginManager: Mounting plugin GameplayCameras
LogPluginManager: Mounting plugin LiveLink
LogPluginManager: Mounting plugin OodleData
LogPluginManager: Mounting plugin OodleNetwork
LogPluginManager: Mounting plugin AssetManagerEditor
LogPluginManager: Mounting plugin CryptoKeys
LogPluginManager: Mounting plugin CurveEditorTools
LogPluginManager: Mounting plugin DataValidation
LogPluginManager: Mounting plugin FacialAnimation
LogPluginManager: Mounting plugin GameplayTagsEditor
LogPluginManager: Mounting plugin GeometryMode
LogPluginManager: Mounting plugin MacGraphicsSwitching
LogPluginManager: Mounting plugin MaterialAnalyzer
LogPluginManager: Mounting plugin PluginBrowser
LogPluginManager: Mounting plugin MobileLauncherProfileWizard
LogPluginManager: Mounting plugin SpeedTreeImporter
LogPluginManager: Mounting plugin DatasmithContent
LogPluginManager: Mounting plugin AnimationSharing
LogPluginManager: Mounting plugin VariantManagerContent
LogPluginManager: Mounting plugin CodeLiteSourceCodeAccess
LogPluginManager: Mounting plugin GitSourceControl
LogPluginManager: Mounting plugin CLionSourceCodeAccess
LogPluginManager: Mounting plugin KDevelopSourceCodeAccess
LogPluginManager: Mounting plugin NullSourceCodeAccess
LogPluginManager: Mounting plugin PixWinPlugin
LogPluginManager: Mounting plugin PlasticSourceControl
LogPluginManager: Mounting plugin PluginUtils
LogPluginManager: Mounting plugin PropertyAccessNode
LogPluginManager: Mounting plugin RiderSourceCodeAccess
LogPluginManager: Mounting plugin SubversionSourceControl
LogPluginManager: Mounting plugin TextureFormatOodle
LogPluginManager: Mounting plugin UObjectPlugin
LogPluginManager: Mounting plugin PerforceSourceControl
LogPluginManager: Mounting plugin VisualStudioCodeSourceCodeAccess
LogPluginManager: Mounting plugin VisualStudioSourceCodeAccess
LogPluginManager: Mounting plugin XCodeSourceCodeAccess
LogPluginManager: Mounting plugin AlembicImporter
LogPluginManager: Mounting plugin AutomationUtils
LogPluginManager: Mounting plugin BackChannel
LogPluginManager: Mounting plugin ChaosCloth
LogPluginManager: Mounting plugin ChaosClothEditor
LogPluginManager: Mounting plugin ChaosEditor
LogPluginManager: Mounting plugin ChaosNiagara
LogPluginManager: Mounting plugin CharacterAI
LogPluginManager: Mounting plugin ChaosSolverPlugin
LogPluginManager: Mounting plugin GeometryCache
LogPluginManager: Mounting plugin GeometryCollectionPlugin
LogPluginManager: Mounting plugin GeometryProcessing
LogPluginManager: Mounting plugin MotoSynth
LogPluginManager: Mounting plugin OpenImageDenoise
LogPluginManager: Mounting plugin PlanarCut
LogPluginManager: Mounting plugin PlatformCrypto
LogPluginManager: Mounting plugin ProxyLODPlugin
LogPluginManager: Mounting plugin PythonScriptPlugin
LogPluginManager: Mounting plugin SkeletalReduction
LogPluginManager: Mounting plugin Niagara
LogPluginManager: Mounting plugin LuminPlatformFeatures
LogPluginManager: Mounting plugin MagicLeap
LogPluginManager: Mounting plugin MagicLeapLightEstimation
LogPluginManager: Mounting plugin MagicLeapMedia
LogPluginManager: Mounting plugin MagicLeapPassableWorld
LogPluginManager: Mounting plugin AndroidMedia
LogPluginManager: Mounting plugin AvfMedia
LogPluginManager: Mounting plugin MLSDK
LogPluginManager: Mounting plugin ImgMedia
LogPluginManager: Mounting plugin MediaCompositing
LogPluginManager: Mounting plugin MediaPlayerEditor
LogPluginManager: Mounting plugin WebMMedia
LogPluginManager: Mounting plugin WmfMedia
LogPluginManager: Mounting plugin ActorSequence
LogPluginManager: Mounting plugin LevelSequenceEditor
LogPluginManager: Mounting plugin MatineeToLevelSequence
LogPluginManager: Mounting plugin TemplateSequence
LogPluginManager: Mounting plugin TcpMessaging
LogPluginManager: Mounting plugin UdpMessaging
LogPluginManager: Mounting plugin OnlineSubsystem
LogPluginManager: Mounting plugin OnlineSubsystemNull
LogPluginManager: Mounting plugin OnlineSubsystemUtils
LogPluginManager: Mounting plugin LauncherChunkInstaller
LogPluginManager: Mounting plugin ActorLayerUtilities
LogPluginManager: Mounting plugin AndroidDeviceProfileSelector
LogPluginManager: Mounting plugin AndroidMoviePlayer
LogPluginManager: Mounting plugin AndroidPermission
LogPluginManager: Mounting plugin AppleImageUtils
LogPluginManager: Mounting plugin AppleMoviePlayer
LogPluginManager: Mounting plugin ArchVisCharacter
LogPluginManager: Mounting plugin AssetTags
LogPluginManager: Mounting plugin AudioCapture
LogPluginManager: Mounting plugin CableComponent
LogPluginManager: Mounting plugin AudioSynesthesia
LogPluginManager: Mounting plugin ChunkDownloader
LogPluginManager: Mounting plugin CustomMeshComponent
LogPluginManager: Mounting plugin EditableMesh
LogPluginManager: Mounting plugin ExampleDeviceProfileSelector
LogPluginManager: Mounting plugin GoogleCloudMessaging
LogPluginManager: Mounting plugin GooglePAD
LogPluginManager: Mounting plugin IOSDeviceProfileSelector
LogPluginManager: Mounting plugin LinuxDeviceProfileSelector
LogPluginManager: Mounting plugin LocationServicesBPLibrary
LogPluginManager: Mounting plugin MobilePatchingUtils
LogPluginManager: Mounting plugin OpenXR
LogPluginManager: Mounting plugin OpenXREyeTracker
LogPluginManager: Mounting plugin OpenXRHandTracking
LogPluginManager: Mounting plugin PhysXVehicles
LogPluginManager: Mounting plugin PostSplashScreen
LogPluginManager: Mounting plugin PropertyAccessEditor
LogPluginManager: Mounting plugin ProceduralMeshComponent
LogPluginManager: Mounting plugin RuntimePhysXCooking
LogPluginManager: Mounting plugin SignificanceManager
LogPluginManager: Mounting plugin SoundFields
LogPluginManager: Mounting plugin Synthesis
LogPluginManager: Mounting plugin WebMMoviePlayer
LogPluginManager: Mounting plugin WindowsMoviePlayer
LogPluginManager: Mounting plugin Takes
LogPluginManager: Mounting plugin ScreenshotTools
LogPluginManager: Mounting plugin ContentBrowserAssetDataSource
LogPluginManager: Mounting plugin ContentBrowserClassDataSource
LogPluginManager: Mounting plugin ContentBrowserFileDataSource
LogPluginManager: Mounting plugin OnlineSubsystemGooglePlay
LogPluginManager: Mounting plugin OnlineSubsystemIOS
LogPluginManager: Mounting plugin OculusVR
LogPluginManager: Mounting plugin SteamVR
PixWinPlugin: PIX capture plugin failed to initialize! Check that the process is launched from PIX.
LogInit: Using libcurl 7.55.1-DEV
LogInit:  - built for x86_64-pc-win32
LogInit:  - supports SSL with OpenSSL/1.1.1
LogInit:  - supports HTTP deflate (compression) using libz 1.2.8
LogInit:  - other features:
LogInit:      CURL_VERSION_SSL
LogInit:      CURL_VERSION_LIBZ
LogInit:      CURL_VERSION_IPV6
LogInit:      CURL_VERSION_ASYNCHDNS
LogInit:      CURL_VERSION_LARGEFILE
LogInit:      CURL_VERSION_IDN
LogInit:  CurlRequestOptions (configurable via config and command line):
LogInit:  - bVerifyPeer = true  - Libcurl will verify peer certificate
LogInit:  - bUseHttpProxy = false  - Libcurl will NOT use HTTP proxy
LogInit:  - bDontReuseConnections = false  - Libcurl will reuse connections
LogInit:  - MaxHostConnections = 16  - Libcurl will limit the number of connections to a host
LogInit:  - LocalHostAddr = Default
LogInit:  - BufferSize = 65536
LogOnline: OSS: Creating online subsystem instance for: NULL
LogInit: WinSock: version 1.1 (2.2), MaxSocks=32767, MaxUdp=65467
LogOnline: OSS: TryLoadSubsystemAndSetDefault: Loaded subsystem for module [NULL]
LogOculusPluginWrapper: OculusPlugin initialized successfully
LogHMD: Failed initializing OVRPlugin 1.59.0
LogInit: Build: ++UE4+Release-4.27-CL-17155196
LogInit: Engine Version: 4.27.0-17155196+++UE4+Release-4.27
LogInit: Compatible Engine Version: 4.27.0-17155196+++UE4+Release-4.27
LogInit: Net CL: 17155196
LogInit: OS: Windows 10 (Release 2009) (), CPU: Intel(R) Core(TM) i5-7200U CPU @ 2.50GHz, GPU: Intel(R) HD Graphics 620
LogInit: Compiled (64-bit): Aug 13 2021 06:13:13
LogInit: Compiled with Visual C++: 19.24.28315.00
LogInit: Build Configuration: Development
LogInit: Branch Name: ++UE4+Release-4.27
LogInit: Command Line:  /Game/Niveles/Nivel4 -game -PIEVIACONSOLE -Multiprocess GameUserSettingsINI=C:/Users/ROSORIO/Desktop/Scientificus/ProyectoUE/Saved/Config/Windows/PIEGameUserSettings0.ini -MultiprocessSaveConfig -forcepassthrough -messaging -SessionName="Play in Standalone Game" -windowed -WinX=220 -WinY=151 SAVEWINPOS=1 -ResX=1280 -ResY=747
LogInit: Base Directory: D:/Program Files/Program Files (x86)/UE_4.27/Engine/Binaries/Win64/
LogInit: Allocator: TBB
LogInit: Installed Engine Build: 1
LogDevObjectVersion: Number of dev versions registered: 29
LogDevObjectVersion:   Dev-Blueprints (B0D832E4-1F89-4F0D-ACCF-7EB736FD4AA2): 10
LogDevObjectVersion:   Dev-Build (E1C64328-A22C-4D53-A36C-8E866417BD8C): 0
LogDevObjectVersion:   Dev-Core (375EC13C-06E4-48FB-B500-84F0262A717E): 4
LogDevObjectVersion:   Dev-Editor (E4B068ED-F494-42E9-A231-DA0B2E46BB41): 40
LogDevObjectVersion:   Dev-Framework (CFFC743F-43B0-4480-9391-14DF171D2073): 37
LogDevObjectVersion:   Dev-Mobile (B02B49B5-BB20-44E9-A304-32B752E40360): 3
LogDevObjectVersion:   Dev-Networking (A4E4105C-59A1-49B5-A7C5-40C4547EDFEE): 0
LogDevObjectVersion:   Dev-Online (39C831C9-5AE6-47DC-9A44-9C173E1C8E7C): 0
LogDevObjectVersion:   Dev-Physics (78F01B33-EBEA-4F98-B9B4-84EACCB95AA2): 14
LogDevObjectVersion:   Dev-Platform (6631380F-2D4D-43E0-8009-CF276956A95A): 0
LogDevObjectVersion:   Dev-Rendering (12F88B9F-8875-4AFC-A67C-D90C383ABD29): 45
LogDevObjectVersion:   Dev-Sequencer (7B5AE74C-D270-4C10-A958-57980B212A5A): 13
LogDevObjectVersion:   Dev-VR (D7296918-1DD6-4BDD-9DE2-64A83CC13884): 3
LogDevObjectVersion:   Dev-LoadTimes (C2A15278-BFE7-4AFE-6C17-90FF531DF755): 1
LogDevObjectVersion:   Private-Geometry (6EACA3D4-40EC-4CC1-B786-8BED09428FC5): 3
LogDevObjectVersion:   Dev-AnimPhys (29E575DD-E0A3-4627-9D10-D276232CDCEA): 17
LogDevObjectVersion:   Dev-Anim (AF43A65D-7FD3-4947-9873-3E8ED9C1BB05): 15
LogDevObjectVersion:   Dev-ReflectionCapture (6B266CEC-1EC7-4B8F-A30B-E4D90942FC07): 1
LogDevObjectVersion:   Dev-Automation (0DF73D61-A23F-47EA-B727-89E90C41499A): 1
LogDevObjectVersion:   FortniteMain (601D1886-AC64-4F84-AA16-D3DE0DEAC7D6): 47
LogDevObjectVersion:   FortniteRelease (E7086368-6B23-4C58-8439-1B7016265E91): 1
LogDevObjectVersion:   Dev-Enterprise (9DFFBCD6-494F-0158-E221-12823C92A888): 10
LogDevObjectVersion:   Dev-Niagara (F2AED0AC-9AFE-416F-8664-AA7FFA26D6FC): 1
LogDevObjectVersion:   Dev-Destruction (174F1F0B-B4C6-45A5-B13F-2EE8D0FB917D): 10
LogDevObjectVersion:   Dev-Physics-Ext (35F94A83-E258-406C-A318-09F59610247C): 41
LogDevObjectVersion:   Dev-PhysicsMaterial-Chaos (B68FC16E-8B1B-42E2-B453-215C058844FE): 1
LogDevObjectVersion:   Dev-CineCamera (B2E18506-4273-CFC2-A54E-F4BB758BBA07): 1
LogDevObjectVersion:   Dev-VirtualProduction (64F58936-FD1B-42BA-BA96-7289D5D0FA4E): 1
LogDevObjectVersion:   Dev-MediaFramework (6F0ED827-A609-4895-9C91-998D90180EA4): 2
LogInit: Presizing for max 25165824 objects, including 0 objects not considered by GC, pre-allocating 0 bytes for permanent pool.
LogConfig: Applying CVar settings from Section [/Script/Engine.StreamingSettings] File [C:/Users/ROSORIO/Desktop/Scientificus/ProyectoUE/Saved/Config/Windows/Engine.ini]
LogConfig: Setting CVar [[s.MinBulkDataSizeForAsyncLoading:131072]]
LogConfig: Setting CVar [[s.AsyncLoadingThreadEnabled:0]]
LogConfig: Setting CVar [[s.EventDrivenLoaderEnabled:1]]
LogConfig: Setting CVar [[s.WarnIfTimeLimitExceeded:0]]
LogConfig: Setting CVar [[s.TimeLimitExceededMultiplier:1.5]]
LogConfig: Setting CVar [[s.TimeLimitExceededMinTime:0.005]]
LogConfig: Setting CVar [[s.UseBackgroundLevelStreaming:1]]
LogConfig: Setting CVar [[s.PriorityAsyncLoadingExtraTime:15.0]]
LogConfig: Setting CVar [[s.LevelStreamingActorsUpdateTimeLimit:5.0]]
LogConfig: Setting CVar [[s.PriorityLevelStreamingActorsUpdateExtraTime:5.0]]
LogConfig: Setting CVar [[s.LevelStreamingComponentsRegistrationGranularity:10]]
LogConfig: Setting CVar [[s.UnregisterComponentsTimeLimit:1.0]]
LogConfig: Setting CVar [[s.LevelStreamingComponentsUnregistrationGranularity:5]]
LogConfig: Setting CVar [[s.FlushStreamingOnExit:1]]
LogInit: Object subsystem initialized
LogConfig: Setting CVar [[con.DebugEarlyDefault:1]]
LogConfig: Setting CVar [[r.setres:1280x720]]
[2021.11.22-20.58.29:552][  0]LogConfig: Setting CVar [[con.DebugEarlyDefault:1]]
[2021.11.22-20.58.29:552][  0]LogConfig: Setting CVar [[r.setres:1280x720]]
[2021.11.22-20.58.29:552][  0]LogConfig: Applying CVar settings from Section [/Script/Engine.RendererSettings] File [C:/Users/ROSORIO/Desktop/Scientificus/ProyectoUE/Saved/Config/Windows/Engine.ini]
[2021.11.22-20.58.29:552][  0]LogConfig: Setting CVar [[r.GPUCrashDebugging:0]]
[2021.11.22-20.58.29:552][  0]LogConfig: Applying CVar settings from Section [/Script/Engine.RendererOverrideSettings] File [C:/Users/ROSORIO/Desktop/Scientificus/ProyectoUE/Saved/Config/Windows/Engine.ini]
[2021.11.22-20.58.29:552][  0]LogConfig: Applying CVar settings from Section [/Script/Engine.StreamingSettings] File [C:/Users/ROSORIO/Desktop/Scientificus/ProyectoUE/Saved/Config/Windows/Engine.ini]
[2021.11.22-20.58.29:552][  0]LogConfig: Setting CVar [[s.MinBulkDataSizeForAsyncLoading:131072]]
[2021.11.22-20.58.29:552][  0]LogConfig: Setting CVar [[s.AsyncLoadingThreadEnabled:0]]
[2021.11.22-20.58.29:552][  0]LogConfig: Setting CVar [[s.EventDrivenLoaderEnabled:1]]
[2021.11.22-20.58.29:552][  0]LogConfig: Setting CVar [[s.WarnIfTimeLimitExceeded:0]]
[2021.11.22-20.58.29:552][  0]LogConfig: Setting CVar [[s.TimeLimitExceededMultiplier:1.5]]
[2021.11.22-20.58.29:552][  0]LogConfig: Setting CVar [[s.TimeLimitExceededMinTime:0.005]]
[2021.11.22-20.58.29:552][  0]LogConfig: Setting CVar [[s.UseBackgroundLevelStreaming:1]]
[2021.11.22-20.58.29:552][  0]LogConfig: Setting CVar [[s.PriorityAsyncLoadingExtraTime:15.0]]
[2021.11.22-20.58.29:552][  0]LogConfig: Setting CVar [[s.LevelStreamingActorsUpdateTimeLimit:5.0]]
[2021.11.22-20.58.29:552][  0]LogConfig: Setting CVar [[s.PriorityLevelStreamingActorsUpdateExtraTime:5.0]]
[2021.11.22-20.58.29:552][  0]LogConfig: Setting CVar [[s.LevelStreamingComponentsRegistrationGranularity:10]]
[2021.11.22-20.58.29:552][  0]LogConfig: Setting CVar [[s.UnregisterComponentsTimeLimit:1.0]]
[2021.11.22-20.58.29:552][  0]LogConfig: Setting CVar [[s.LevelStreamingComponentsUnregistrationGranularity:5]]
[2021.11.22-20.58.29:552][  0]LogConfig: Setting CVar [[s.FlushStreamingOnExit:1]]
[2021.11.22-20.58.29:552][  0]LogConfig: Applying CVar settings from Section [/Script/Engine.GarbageCollectionSettings] File [C:/Users/ROSORIO/Desktop/Scientificus/ProyectoUE/Saved/Config/Windows/Engine.ini]
[2021.11.22-20.58.29:552][  0]LogConfig: Setting CVar [[gc.MaxObjectsNotConsideredByGC:1]]
[2021.11.22-20.58.29:552][  0]LogConfig: Setting CVar [[gc.SizeOfPermanentObjectPool:0]]
[2021.11.22-20.58.29:552][  0]LogConfig: Setting CVar [[gc.FlushStreamingOnGC:0]]
[2021.11.22-20.58.29:552][  0]LogConfig: Setting CVar [[gc.NumRetriesBeforeForcingGC:10]]
[2021.11.22-20.58.29:552][  0]LogConfig: Setting CVar [[gc.AllowParallelGC:1]]
[2021.11.22-20.58.29:552][  0]LogConfig: Setting CVar [[gc.TimeBetweenPurgingPendingKillObjects:61.1]]
[2021.11.22-20.58.29:552][  0]LogConfig: Setting CVar [[gc.MaxObjectsInEditor:25165824]]
[2021.11.22-20.58.29:553][  0]LogConfig: Setting CVar [[gc.IncrementalBeginDestroyEnabled:1]]
[2021.11.22-20.58.29:553][  0]LogConfig: Setting CVar [[gc.CreateGCClusters:1]]
[2021.11.22-20.58.29:553][  0]LogConfig: Setting CVar [[gc.MinGCClusterSize:5]]
[2021.11.22-20.58.29:553][  0]LogConfig: Setting CVar [[gc.ActorClusteringEnabled:0]]
[2021.11.22-20.58.29:553][  0]LogConfig: Setting CVar [[gc.BlueprintClusteringEnabled:0]]
[2021.11.22-20.58.29:553][  0]LogConfig: Setting CVar [[gc.UseDisregardForGCOnDedicatedServers:0]]
[2021.11.22-20.58.29:553][  0]LogConfig: Setting CVar [[gc.MultithreadedDestructionEnabled:1]]
[2021.11.22-20.58.29:553][  0]LogConfig: Applying CVar settings from Section [/Script/Engine.NetworkSettings] File [C:/Users/ROSORIO/Desktop/Scientificus/ProyectoUE/Saved/Config/Windows/Engine.ini]
[2021.11.22-20.58.29:553][  0]LogConfig: Applying CVar settings from Section [/Script/UnrealEd.CookerSettings] File [C:/Users/ROSORIO/Desktop/Scientificus/ProyectoUE/Saved/Config/Windows/Engine.ini]
[2021.11.22-20.58.29:558][  0]LogConfig: Applying CVar settings from Section [ViewDistanceQuality@3] File [C:/Users/ROSORIO/Desktop/Scientificus/ProyectoUE/Saved/Config/Windows/Scalability.ini]
[2021.11.22-20.58.29:559][  0]LogConfig: Setting CVar [[r.SkeletalMeshLODBias:0]]
[2021.11.22-20.58.29:559][  0]LogConfig: Setting CVar [[r.ViewDistanceScale:1.0]]
[2021.11.22-20.58.29:559][  0]LogConfig: Applying CVar settings from Section [AntiAliasingQuality@3] File [C:/Users/ROSORIO/Desktop/Scientificus/ProyectoUE/Saved/Config/Windows/Scalability.ini]
[2021.11.22-20.58.29:559][  0]LogConfig: Setting CVar [[r.PostProcessAAQuality:4]]
[2021.11.22-20.58.29:559][  0]LogConfig: Applying CVar settings from Section [ShadowQuality@3] File [C:/Users/ROSORIO/Desktop/Scientificus/ProyectoUE/Saved/Config/Windows/Scalability.ini]
[2021.11.22-20.58.29:559][  0]LogConfig: Setting CVar [[r.LightFunctionQuality:1]]
[2021.11.22-20.58.29:559][  0]LogConfig: Setting CVar [[r.ShadowQuality:5]]
[2021.11.22-20.58.29:559][  0]LogConfig: Setting CVar [[r.Shadow.CSM.MaxCascades:10]]
[2021.11.22-20.58.29:559][  0]LogConfig: Setting CVar [[r.Shadow.MaxResolution:2048]]
[2021.11.22-20.58.29:559][  0]LogConfig: Setting CVar [[r.Shadow.MaxCSMResolution:2048]]
[2021.11.22-20.58.29:559][  0]LogConfig: Setting CVar [[r.Shadow.RadiusThreshold:0.01]]
[2021.11.22-20.58.29:559][  0]LogConfig: Setting CVar [[r.Shadow.DistanceScale:1.0]]
[2021.11.22-20.58.29:559][  0]LogConfig: Setting CVar [[r.Shadow.CSM.TransitionScale:1.0]]
[2021.11.22-20.58.29:559][  0]LogConfig: Setting CVar [[r.Shadow.PreShadowResolutionFactor:1.0]]
[2021.11.22-20.58.29:559][  0]LogConfig: Setting CVar [[r.DistanceFieldShadowing:1]]
[2021.11.22-20.58.29:559][  0]LogConfig: Setting CVar [[r.DistanceFieldAO:1]]
[2021.11.22-20.58.29:559][  0]LogConfig: Setting CVar [[r.AOQuality:2]]
[2021.11.22-20.58.29:559][  0]LogConfig: Setting CVar [[r.VolumetricFog:1]]
[2021.11.22-20.58.29:559][  0]LogConfig: Setting CVar [[r.VolumetricFog.GridPixelSize:8]]
[2021.11.22-20.58.29:559][  0]LogConfig: Setting CVar [[r.VolumetricFog.GridSizeZ:128]]
[2021.11.22-20.58.29:559][  0]LogConfig: Setting CVar [[r.VolumetricFog.HistoryMissSupersampleCount:4]]
[2021.11.22-20.58.29:559][  0]LogConfig: Setting CVar [[r.LightMaxDrawDistanceScale:1]]
[2021.11.22-20.58.29:559][  0]LogConfig: Setting CVar [[r.CapsuleShadows:1]]
[2021.11.22-20.58.29:559][  0]LogConfig: Applying CVar settings from Section [PostProcessQuality@3] File [C:/Users/ROSORIO/Desktop/Scientificus/ProyectoUE/Saved/Config/Windows/Scalability.ini]
[2021.11.22-20.58.29:559][  0]LogConfig: Setting CVar [[r.MotionBlurQuality:4]]
[2021.11.22-20.58.29:559][  0]LogConfig: Setting CVar [[r.AmbientOcclusionMipLevelFactor:0.4]]
[2021.11.22-20.58.29:559][  0]LogConfig: Setting CVar [[r.AmbientOcclusionMaxQuality:100]]
[2021.11.22-20.58.29:559][  0]LogConfig: Setting CVar [[r.AmbientOcclusionLevels:-1]]
[2021.11.22-20.58.29:559][  0]LogConfig: Setting CVar [[r.AmbientOcclusionRadiusScale:1.0]]
[2021.11.22-20.58.29:559][  0]LogConfig: Setting CVar [[r.DepthOfFieldQuality:2]]
[2021.11.22-20.58.29:559][  0]LogConfig: Setting CVar [[r.RenderTargetPoolMin:400]]
[2021.11.22-20.58.29:559][  0]LogConfig: Setting CVar [[r.LensFlareQuality:2]]
[2021.11.22-20.58.29:559][  0]LogConfig: Setting CVar [[r.SceneColorFringeQuality:1]]
[2021.11.22-20.58.29:559][  0]LogConfig: Setting CVar [[r.EyeAdaptationQuality:2]]
[2021.11.22-20.58.29:559][  0]LogConfig: Setting CVar [[r.BloomQuality:5]]
[2021.11.22-20.58.29:559][  0]LogConfig: Setting CVar [[r.FastBlurThreshold:100]]
[2021.11.22-20.58.29:559][  0]LogConfig: Setting CVar [[r.Upscale.Quality:3]]
[2021.11.22-20.58.29:559][  0]LogConfig: Setting CVar [[r.Tonemapper.GrainQuantization:1]]
[2021.11.22-20.58.29:559][  0]LogConfig: Setting CVar [[r.LightShaftQuality:1]]
[2021.11.22-20.58.29:559][  0]LogConfig: Setting CVar [[r.Filter.SizeScale:1]]
[2021.11.22-20.58.29:559][  0]LogConfig: Setting CVar [[r.Tonemapper.Quality:5]]
[2021.11.22-20.58.29:559][  0]LogConfig: Setting CVar [[r.DOF.Gather.AccumulatorQuality:1        ; higher gathering accumulator quality]]
[2021.11.22-20.58.29:559][  0]LogConfig: Setting CVar [[r.DOF.Gather.PostfilterMethod:1          ; Median3x3 postfilering method]]
[2021.11.22-20.58.29:559][  0]LogConfig: Setting CVar [[r.DOF.Gather.EnableBokehSettings:0       ; no bokeh simulation when gathering]]
[2021.11.22-20.58.29:559][  0]LogConfig: Setting CVar [[r.DOF.Gather.RingCount:4                 ; medium number of samples when gathering]]
[2021.11.22-20.58.29:559][  0]LogConfig: Setting CVar [[r.DOF.Scatter.ForegroundCompositing:1    ; additive foreground scattering]]
[2021.11.22-20.58.29:559][  0]LogConfig: Setting CVar [[r.DOF.Scatter.BackgroundCompositing:2    ; additive background scattering]]
[2021.11.22-20.58.29:559][  0]LogConfig: Setting CVar [[r.DOF.Scatter.EnableBokehSettings:1      ; bokeh simulation when scattering]]
[2021.11.22-20.58.29:559][  0]LogConfig: Setting CVar [[r.DOF.Scatter.MaxSpriteRatio:0.1         ; only a maximum of 10% of scattered bokeh]]
[2021.11.22-20.58.29:559][  0]LogConfig: Setting CVar [[r.DOF.Recombine.Quality:1                ; cheap slight out of focus]]
[2021.11.22-20.58.29:559][  0]LogConfig: Setting CVar [[r.DOF.Recombine.EnableBokehSettings:0    ; no bokeh simulation on slight out of focus]]
[2021.11.22-20.58.29:559][  0]LogConfig: Setting CVar [[r.DOF.TemporalAAQuality:1                ; more stable temporal accumulation]]
[2021.11.22-20.58.29:559][  0]LogConfig: Setting CVar [[r.DOF.Kernel.MaxForegroundRadius:0.025]]
[2021.11.22-20.58.29:559][  0]LogConfig: Setting CVar [[r.DOF.Kernel.MaxBackgroundRadius:0.025]]
[2021.11.22-20.58.29:559][  0]LogConfig: Applying CVar settings from Section [TextureQuality@3] File [C:/Users/ROSORIO/Desktop/Scientificus/ProyectoUE/Saved/Config/Windows/Scalability.ini]
[2021.11.22-20.58.29:559][  0]LogConfig: Setting CVar [[r.Streaming.MipBias:0]]
[2021.11.22-20.58.29:559][  0]LogConfig: Setting CVar [[r.Streaming.AmortizeCPUToGPUCopy:0]]
[2021.11.22-20.58.29:559][  0]LogConfig: Setting CVar [[r.Streaming.MaxNumTexturesToStreamPerFrame:0]]
[2021.11.22-20.58.29:559][  0]LogConfig: Setting CVar [[r.Streaming.Boost:1]]
[2021.11.22-20.58.29:559][  0]LogConfig: Setting CVar [[r.MaxAnisotropy:8]]
[2021.11.22-20.58.29:559][  0]LogConfig: Setting CVar [[r.VT.MaxAnisotropy:8]]
[2021.11.22-20.58.29:559][  0]LogConfig: Setting CVar [[r.Streaming.LimitPoolSizeToVRAM:0]]
[2021.11.22-20.58.29:559][  0]LogConfig: Setting CVar [[r.Streaming.PoolSize:1000]]
[2021.11.22-20.58.29:559][  0]LogConfig: Setting CVar [[r.Streaming.MaxEffectiveScreenSize:0]]
[2021.11.22-20.58.29:559][  0]LogConfig: Applying CVar settings from Section [EffectsQuality@3] File [C:/Users/ROSORIO/Desktop/Scientificus/ProyectoUE/Saved/Config/Windows/Scalability.ini]
[2021.11.22-20.58.29:560][  0]LogConfig: Setting CVar [[r.TranslucencyLightingVolumeDim:64]]
[2021.11.22-20.58.29:560][  0]LogConfig: Setting CVar [[r.RefractionQuality:2]]
[2021.11.22-20.58.29:560][  0]LogConfig: Setting CVar [[r.SSR.Quality:3]]
[2021.11.22-20.58.29:560][  0]LogConfig: Setting CVar [[r.SSR.HalfResSceneColor:0]]
[2021.11.22-20.58.29:560][  0]LogConfig: Setting CVar [[r.SceneColorFormat:4]]
[2021.11.22-20.58.29:560][  0]LogConfig: Setting CVar [[r.DetailMode:2]]
[2021.11.22-20.58.29:560][  0]LogConfig: Setting CVar [[r.TranslucencyVolumeBlur:1]]
[2021.11.22-20.58.29:560][  0]LogConfig: Setting CVar [[r.MaterialQualityLevel:1 ; High quality]]
[2021.11.22-20.58.29:560][  0]LogConfig: Setting CVar [[r.AnisotropicMaterials:1]]
[2021.11.22-20.58.29:560][  0]LogConfig: Setting CVar [[r.SSS.Scale:1]]
[2021.11.22-20.58.29:560][  0]LogConfig: Setting CVar [[r.SSS.SampleSet:2]]
[2021.11.22-20.58.29:560][  0]LogConfig: Setting CVar [[r.SSS.Quality:1]]
[2021.11.22-20.58.29:560][  0]LogConfig: Setting CVar [[r.SSS.HalfRes:0]]
[2021.11.22-20.58.29:560][  0]LogConfig: Setting CVar [[r.SSGI.Quality:3]]
[2021.11.22-20.58.29:560][  0]LogConfig: Setting CVar [[r.EmitterSpawnRateScale:1.0]]
[2021.11.22-20.58.29:560][  0]LogConfig: Setting CVar [[r.ParticleLightQuality:2]]
[2021.11.22-20.58.29:560][  0]LogConfig: Setting CVar [[r.SkyAtmosphere.AerialPerspectiveLUT.FastApplyOnOpaque:1 ; Always have FastSkyLUT 1 in this case to avoid wrong sky]]
[2021.11.22-20.58.29:560][  0]LogConfig: Setting CVar [[r.SkyAtmosphere.AerialPerspectiveLUT.SampleCountMaxPerSlice:4]]
[2021.11.22-20.58.29:560][  0]LogConfig: Setting CVar [[r.SkyAtmosphere.AerialPerspectiveLUT.DepthResolution:16.0]]
[2021.11.22-20.58.29:560][  0]LogConfig: Setting CVar [[r.SkyAtmosphere.FastSkyLUT:1]]
[2021.11.22-20.58.29:560][  0]LogConfig: Setting CVar [[r.SkyAtmosphere.FastSkyLUT.SampleCountMin:4.0]]
[2021.11.22-20.58.29:560][  0]LogConfig: Setting CVar [[r.SkyAtmosphere.FastSkyLUT.SampleCountMax:128.0]]
[2021.11.22-20.58.29:560][  0]LogConfig: Setting CVar [[r.SkyAtmosphere.SampleCountMin:4.0]]
[2021.11.22-20.58.29:560][  0]LogConfig: Setting CVar [[r.SkyAtmosphere.SampleCountMax:128.0]]
[2021.11.22-20.58.29:560][  0]LogConfig: Setting CVar [[r.SkyAtmosphere.TransmittanceLUT.UseSmallFormat:0]]
[2021.11.22-20.58.29:560][  0]LogConfig: Setting CVar [[r.SkyAtmosphere.TransmittanceLUT.SampleCount:10.0]]
[2021.11.22-20.58.29:560][  0]LogConfig: Setting CVar [[r.SkyAtmosphere.MultiScatteringLUT.SampleCount:15.0]]
[2021.11.22-20.58.29:560][  0]LogConfig: Setting CVar [[r.SkyLight.RealTimeReflectionCapture:1]]
[2021.11.22-20.58.29:560][  0]LogConfig: Applying CVar settings from Section [FoliageQuality@3] File [C:/Users/ROSORIO/Desktop/Scientificus/ProyectoUE/Saved/Config/Windows/Scalability.ini]
[2021.11.22-20.58.29:560][  0]LogConfig: Setting CVar [[foliage.DensityScale:1.0]]
[2021.11.22-20.58.29:560][  0]LogConfig: Setting CVar [[grass.DensityScale:1.0]]
[2021.11.22-20.58.29:560][  0]LogConfig: Applying CVar settings from Section [ShadingQuality@3] File [C:/Users/ROSORIO/Desktop/Scientificus/ProyectoUE/Saved/Config/Windows/Scalability.ini]
[2021.11.22-20.58.29:560][  0]LogConfig: Setting CVar [[r.HairStrands.SkyLighting.IntegrationType:2]]
[2021.11.22-20.58.29:560][  0]LogConfig: Setting CVar [[r.HairStrands.SkyAO.SampleCount:4]]
[2021.11.22-20.58.29:560][  0]LogConfig: Setting CVar [[r.HairStrands.Visibility.MSAA.SamplePerPixel:4]]
[2021.11.22-20.58.29:560][  0]LogInit: Selected Device Profile: [Windows]
[2021.11.22-20.58.29:560][  0]LogInit: Applying CVar settings loaded from the selected device profile: [Windows]
[2021.11.22-20.58.29:560][  0]LogHAL: Display: Platform has ~ 12 GB [12746723328 / 17179869184 / 12], which maps to Larger [LargestMinGB=32, LargerMinGB=12, DefaultMinGB=8, SmallerMinGB=6, SmallestMinGB=0)
[2021.11.22-20.58.29:560][  0]LogInit: Going up to parent DeviceProfile []
[2021.11.22-20.58.29:561][  0]LogConfig: Applying CVar settings from Section [ViewDistanceQuality@3] File [C:/Users/ROSORIO/Desktop/Scientificus/ProyectoUE/Saved/Config/Windows/Scalability.ini]
[2021.11.22-20.58.29:561][  0]LogConfig: Setting CVar [[r.SkeletalMeshLODBias:0]]
[2021.11.22-20.58.29:561][  0]LogConfig: Setting CVar [[r.ViewDistanceScale:1.0]]
[2021.11.22-20.58.29:561][  0]LogConfig: Applying CVar settings from Section [AntiAliasingQuality@3] File [C:/Users/ROSORIO/Desktop/Scientificus/ProyectoUE/Saved/Config/Windows/Scalability.ini]
[2021.11.22-20.58.29:561][  0]LogConfig: Setting CVar [[r.PostProcessAAQuality:4]]
[2021.11.22-20.58.29:561][  0]LogConfig: Applying CVar settings from Section [ShadowQuality@3] File [C:/Users/ROSORIO/Desktop/Scientificus/ProyectoUE/Saved/Config/Windows/Scalability.ini]
[2021.11.22-20.58.29:561][  0]LogConfig: Setting CVar [[r.LightFunctionQuality:1]]
[2021.11.22-20.58.29:561][  0]LogConfig: Setting CVar [[r.ShadowQuality:5]]
[2021.11.22-20.58.29:561][  0]LogConfig: Setting CVar [[r.Shadow.CSM.MaxCascades:10]]
[2021.11.22-20.58.29:561][  0]LogConfig: Setting CVar [[r.Shadow.MaxResolution:2048]]
[2021.11.22-20.58.29:561][  0]LogConfig: Setting CVar [[r.Shadow.MaxCSMResolution:2048]]
[2021.11.22-20.58.29:561][  0]LogConfig: Setting CVar [[r.Shadow.RadiusThreshold:0.01]]
[2021.11.22-20.58.29:561][  0]LogConfig: Setting CVar [[r.Shadow.DistanceScale:1.0]]
[2021.11.22-20.58.29:561][  0]LogConfig: Setting CVar [[r.Shadow.CSM.TransitionScale:1.0]]
[2021.11.22-20.58.29:561][  0]LogConfig: Setting CVar [[r.Shadow.PreShadowResolutionFactor:1.0]]
[2021.11.22-20.58.29:561][  0]LogConfig: Setting CVar [[r.DistanceFieldShadowing:1]]
[2021.11.22-20.58.29:561][  0]LogConfig: Setting CVar [[r.DistanceFieldAO:1]]
[2021.11.22-20.58.29:561][  0]LogConfig: Setting CVar [[r.AOQuality:2]]
[2021.11.22-20.58.29:561][  0]LogConfig: Setting CVar [[r.VolumetricFog:1]]
[2021.11.22-20.58.29:561][  0]LogConfig: Setting CVar [[r.VolumetricFog.GridPixelSize:8]]
[2021.11.22-20.58.29:561][  0]LogConfig: Setting CVar [[r.VolumetricFog.GridSizeZ:128]]
[2021.11.22-20.58.29:561][  0]LogConfig: Setting CVar [[r.VolumetricFog.HistoryMissSupersampleCount:4]]
[2021.11.22-20.58.29:561][  0]LogConfig: Setting CVar [[r.LightMaxDrawDistanceScale:1]]
[2021.11.22-20.58.29:561][  0]LogConfig: Setting CVar [[r.CapsuleShadows:1]]
[2021.11.22-20.58.29:561][  0]LogConfig: Applying CVar settings from Section [PostProcessQuality@3] File [C:/Users/ROSORIO/Desktop/Scientificus/ProyectoUE/Saved/Config/Windows/Scalability.ini]
[2021.11.22-20.58.29:561][  0]LogConfig: Setting CVar [[r.MotionBlurQuality:4]]
[2021.11.22-20.58.29:561][  0]LogConfig: Setting CVar [[r.AmbientOcclusionMipLevelFactor:0.4]]
[2021.11.22-20.58.29:561][  0]LogConfig: Setting CVar [[r.AmbientOcclusionMaxQuality:100]]
[2021.11.22-20.58.29:561][  0]LogConfig: Setting CVar [[r.AmbientOcclusionLevels:-1]]
[2021.11.22-20.58.29:561][  0]LogConfig: Setting CVar [[r.AmbientOcclusionRadiusScale:1.0]]
[2021.11.22-20.58.29:561][  0]LogConfig: Setting CVar [[r.DepthOfFieldQuality:2]]
[2021.11.22-20.58.29:561][  0]LogConfig: Setting CVar [[r.RenderTargetPoolMin:400]]
[2021.11.22-20.58.29:561][  0]LogConfig: Setting CVar [[r.LensFlareQuality:2]]
[2021.11.22-20.58.29:561][  0]LogConfig: Setting CVar [[r.SceneColorFringeQuality:1]]
[2021.11.22-20.58.29:561][  0]LogConfig: Setting CVar [[r.EyeAdaptationQuality:2]]
[2021.11.22-20.58.29:561][  0]LogConfig: Setting CVar [[r.BloomQuality:5]]
[2021.11.22-20.58.29:561][  0]LogConfig: Setting CVar [[r.FastBlurThreshold:100]]
[2021.11.22-20.58.29:561][  0]LogConfig: Setting CVar [[r.Upscale.Quality:3]]
[2021.11.22-20.58.29:561][  0]LogConfig: Setting CVar [[r.Tonemapper.GrainQuantization:1]]
[2021.11.22-20.58.29:561][  0]LogConfig: Setting CVar [[r.LightShaftQuality:1]]
[2021.11.22-20.58.29:561][  0]LogConfig: Setting CVar [[r.Filter.SizeScale:1]]
[2021.11.22-20.58.29:562][  0]LogConfig: Setting CVar [[r.Tonemapper.Quality:5]]
[2021.11.22-20.58.29:562][  0]LogConfig: Setting CVar [[r.DOF.Gather.AccumulatorQuality:1        ; higher gathering accumulator quality]]
[2021.11.22-20.58.29:562][  0]LogConfig: Setting CVar [[r.DOF.Gather.PostfilterMethod:1          ; Median3x3 postfilering method]]
[2021.11.22-20.58.29:562][  0]LogConfig: Setting CVar [[r.DOF.Gather.EnableBokehSettings:0       ; no bokeh simulation when gathering]]
[2021.11.22-20.58.29:562][  0]LogConfig: Setting CVar [[r.DOF.Gather.RingCount:4                 ; medium number of samples when gathering]]
[2021.11.22-20.58.29:562][  0]LogConfig: Setting CVar [[r.DOF.Scatter.ForegroundCompositing:1    ; additive foreground scattering]]
[2021.11.22-20.58.29:562][  0]LogConfig: Setting CVar [[r.DOF.Scatter.BackgroundCompositing:2    ; additive background scattering]]
[2021.11.22-20.58.29:562][  0]LogConfig: Setting CVar [[r.DOF.Scatter.EnableBokehSettings:1      ; bokeh simulation when scattering]]
[2021.11.22-20.58.29:562][  0]LogConfig: Setting CVar [[r.DOF.Scatter.MaxSpriteRatio:0.1         ; only a maximum of 10% of scattered bokeh]]
[2021.11.22-20.58.29:562][  0]LogConfig: Setting CVar [[r.DOF.Recombine.Quality:1                ; cheap slight out of focus]]
[2021.11.22-20.58.29:562][  0]LogConfig: Setting CVar [[r.DOF.Recombine.EnableBokehSettings:0    ; no bokeh simulation on slight out of focus]]
[2021.11.22-20.58.29:562][  0]LogConfig: Setting CVar [[r.DOF.TemporalAAQuality:1                ; more stable temporal accumulation]]
[2021.11.22-20.58.29:562][  0]LogConfig: Setting CVar [[r.DOF.Kernel.MaxForegroundRadius:0.025]]
[2021.11.22-20.58.29:562][  0]LogConfig: Setting CVar [[r.DOF.Kernel.MaxBackgroundRadius:0.025]]
[2021.11.22-20.58.29:562][  0]LogConfig: Applying CVar settings from Section [TextureQuality@3] File [C:/Users/ROSORIO/Desktop/Scientificus/ProyectoUE/Saved/Config/Windows/Scalability.ini]
[2021.11.22-20.58.29:562][  0]LogConfig: Setting CVar [[r.Streaming.MipBias:0]]
[2021.11.22-20.58.29:562][  0]LogConfig: Setting CVar [[r.Streaming.AmortizeCPUToGPUCopy:0]]
[2021.11.22-20.58.29:562][  0]LogConfig: Setting CVar [[r.Streaming.MaxNumTexturesToStreamPerFrame:0]]
[2021.11.22-20.58.29:562][  0]LogConfig: Setting CVar [[r.Streaming.Boost:1]]
[2021.11.22-20.58.29:562][  0]LogConfig: Setting CVar [[r.MaxAnisotropy:8]]
[2021.11.22-20.58.29:562][  0]LogConfig: Setting CVar [[r.VT.MaxAnisotropy:8]]
[2021.11.22-20.58.29:562][  0]LogConfig: Setting CVar [[r.Streaming.LimitPoolSizeToVRAM:0]]
[2021.11.22-20.58.29:562][  0]LogConfig: Setting CVar [[r.Streaming.PoolSize:1000]]
[2021.11.22-20.58.29:562][  0]LogConfig: Setting CVar [[r.Streaming.MaxEffectiveScreenSize:0]]
[2021.11.22-20.58.29:562][  0]LogConfig: Applying CVar settings from Section [EffectsQuality@3] File [C:/Users/ROSORIO/Desktop/Scientificus/ProyectoUE/Saved/Config/Windows/Scalability.ini]
[2021.11.22-20.58.29:562][  0]LogConfig: Setting CVar [[r.TranslucencyLightingVolumeDim:64]]
[2021.11.22-20.58.29:562][  0]LogConfig: Setting CVar [[r.RefractionQuality:2]]
[2021.11.22-20.58.29:562][  0]LogConfig: Setting CVar [[r.SSR.Quality:3]]
[2021.11.22-20.58.29:562][  0]LogConfig: Setting CVar [[r.SSR.HalfResSceneColor:0]]
[2021.11.22-20.58.29:562][  0]LogConfig: Setting CVar [[r.SceneColorFormat:4]]
[2021.11.22-20.58.29:562][  0]LogConfig: Setting CVar [[r.DetailMode:2]]
[2021.11.22-20.58.29:562][  0]LogConfig: Setting CVar [[r.TranslucencyVolumeBlur:1]]
[2021.11.22-20.58.29:562][  0]LogConfig: Setting CVar [[r.MaterialQualityLevel:1 ; High quality]]
[2021.11.22-20.58.29:562][  0]LogConfig: Setting CVar [[r.AnisotropicMaterials:1]]
[2021.11.22-20.58.29:562][  0]LogConfig: Setting CVar [[r.SSS.Scale:1]]
[2021.11.22-20.58.29:562][  0]LogConfig: Setting CVar [[r.SSS.SampleSet:2]]
[2021.11.22-20.58.29:562][  0]LogConfig: Setting CVar [[r.SSS.Quality:1]]
[2021.11.22-20.58.29:562][  0]LogConfig: Setting CVar [[r.SSS.HalfRes:0]]
[2021.11.22-20.58.29:562][  0]LogConfig: Setting CVar [[r.SSGI.Quality:3]]
[2021.11.22-20.58.29:562][  0]LogConfig: Setting CVar [[r.EmitterSpawnRateScale:1.0]]
[2021.11.22-20.58.29:562][  0]LogConfig: Setting CVar [[r.ParticleLightQuality:2]]
[2021.11.22-20.58.29:562][  0]LogConfig: Setting CVar [[r.SkyAtmosphere.AerialPerspectiveLUT.FastApplyOnOpaque:1 ; Always have FastSkyLUT 1 in this case to avoid wrong sky]]
[2021.11.22-20.58.29:562][  0]LogConfig: Setting CVar [[r.SkyAtmosphere.AerialPerspectiveLUT.SampleCountMaxPerSlice:4]]
[2021.11.22-20.58.29:562][  0]LogConfig: Setting CVar [[r.SkyAtmosphere.AerialPerspectiveLUT.DepthResolution:16.0]]
[2021.11.22-20.58.29:563][  0]LogConfig: Setting CVar [[r.SkyAtmosphere.FastSkyLUT:1]]
[2021.11.22-20.58.29:563][  0]LogConfig: Setting CVar [[r.SkyAtmosphere.FastSkyLUT.SampleCountMin:4.0]]
[2021.11.22-20.58.29:563][  0]LogConfig: Setting CVar [[r.SkyAtmosphere.FastSkyLUT.SampleCountMax:128.0]]
[2021.11.22-20.58.29:563][  0]LogConfig: Setting CVar [[r.SkyAtmosphere.SampleCountMin:4.0]]
[2021.11.22-20.58.29:563][  0]LogConfig: Setting CVar [[r.SkyAtmosphere.SampleCountMax:128.0]]
[2021.11.22-20.58.29:563][  0]LogConfig: Setting CVar [[r.SkyAtmosphere.TransmittanceLUT.UseSmallFormat:0]]
[2021.11.22-20.58.29:563][  0]LogConfig: Setting CVar [[r.SkyAtmosphere.TransmittanceLUT.SampleCount:10.0]]
[2021.11.22-20.58.29:563][  0]LogConfig: Setting CVar [[r.SkyAtmosphere.MultiScatteringLUT.SampleCount:15.0]]
[2021.11.22-20.58.29:563][  0]LogConfig: Setting CVar [[r.SkyLight.RealTimeReflectionCapture:1]]
[2021.11.22-20.58.29:563][  0]LogConfig: Applying CVar settings from Section [FoliageQuality@3] File [C:/Users/ROSORIO/Desktop/Scientificus/ProyectoUE/Saved/Config/Windows/Scalability.ini]
[2021.11.22-20.58.29:563][  0]LogConfig: Setting CVar [[foliage.DensityScale:1.0]]
[2021.11.22-20.58.29:563][  0]LogConfig: Setting CVar [[grass.DensityScale:1.0]]
[2021.11.22-20.58.29:563][  0]LogConfig: Applying CVar settings from Section [ShadingQuality@3] File [C:/Users/ROSORIO/Desktop/Scientificus/ProyectoUE/Saved/Config/Windows/Scalability.ini]
[2021.11.22-20.58.29:563][  0]LogConfig: Setting CVar [[r.HairStrands.SkyLighting.IntegrationType:2]]
[2021.11.22-20.58.29:563][  0]LogConfig: Setting CVar [[r.HairStrands.SkyAO.SampleCount:4]]
[2021.11.22-20.58.29:563][  0]LogConfig: Setting CVar [[r.HairStrands.Visibility.MSAA.SamplePerPixel:4]]
[2021.11.22-20.58.29:563][  0]LogConfig: Applying CVar settings from Section [Startup] File [../../../Engine/Config/ConsoleVariables.ini]
[2021.11.22-20.58.29:563][  0]LogConfig: Setting CVar [[net.UseAdaptiveNetUpdateFrequency:0]]
[2021.11.22-20.58.29:563][  0]LogConfig: Setting CVar [[p.chaos.AllowCreatePhysxBodies:1]]
[2021.11.22-20.58.29:563][  0]LogConfig: Setting CVar [[fx.SkipVectorVMBackendOptimizations:1]]
[2021.11.22-20.58.29:563][  0]LogConfig: Applying CVar settings from Section [ConsoleVariables] File [C:/Users/ROSORIO/Desktop/Scientificus/ProyectoUE/Saved/Config/Windows/Engine.ini]
[2021.11.22-20.58.29:563][  0]LogConfig: Applying CVar settings from Section [ConsoleVariables] File [C:/Users/ROSORIO/Desktop/Scientificus/ProyectoUE/Saved/Config/Windows/Editor.ini]
[2021.11.22-20.58.29:564][  0]LogInit: Computer: DESKTOP-KQDBUCG
[2021.11.22-20.58.29:564][  0]LogInit: User: ROSORIO
[2021.11.22-20.58.29:564][  0]LogInit: CPU Page size=4096, Cores=2
[2021.11.22-20.58.29:564][  0]LogInit: High frequency timer resolution =10.000000 MHz
[2021.11.22-20.58.29:564][  0]LogMemory: Memory total: Physical=11.9GB (12GB approx)
[2021.11.22-20.58.29:564][  0]LogMemory: Platform Memory Stats for Windows
[2021.11.22-20.58.29:564][  0]LogMemory: Process Physical Memory: 143.92 MB used, 143.93 MB peak
[2021.11.22-20.58.29:564][  0]LogMemory: Process Virtual Memory: 120.96 MB used, 120.96 MB peak
[2021.11.22-20.58.29:564][  0]LogMemory: Physical Memory: 7054.66 MB used,  5101.56 MB free, 12156.22 MB total
[2021.11.22-20.58.29:564][  0]LogMemory: Virtual Memory: 134213352.00 MB used,  4376.14 MB free, 134217728.00 MB total
[2021.11.22-20.58.29:571][  0]LogWindows: WindowsPlatformFeatures enabled
[2021.11.22-20.58.29:610][  0]LogInit: Physics initialised using underlying interface: PhysX
[2021.11.22-20.58.29:610][  0]LogInit: Using OS detected language (es-ES).
[2021.11.22-20.58.29:610][  0]LogInit: Using OS detected locale (es-CO).
[2021.11.22-20.58.29:618][  0]LogTextLocalizationManager: No specific localization for 'es-ES' exists, so the 'es' localization will be used.
[2021.11.22-20.58.29:717][  0]LogWindowsTextInputMethodSystem: Display: IME system deactivated.
[2021.11.22-20.58.29:746][  0]LogSlate: New Slate User Created.  User Index 0, Is Virtual User: 0
[2021.11.22-20.58.29:746][  0]LogSlate: Slate User Registered.  User Index 0, Is Virtual User: 0
[2021.11.22-20.58.29:767][  0]LogD3D11RHI: Loaded GFSDK_Aftermath_Lib.x64.dll
[2021.11.22-20.58.29:847][  0]LogHMD: Failed to initialize OpenVR with code 110
[2021.11.22-20.58.29:847][  0]LogD3D11RHI: D3D11 min allowed feature level: 11_0
[2021.11.22-20.58.29:847][  0]LogD3D11RHI: D3D11 max allowed feature level: 11_0
[2021.11.22-20.58.29:847][  0]LogD3D11RHI: D3D11 adapters:
[2021.11.22-20.58.29:980][  0]LogD3D11RHI:    0. 'NVIDIA GeForce 940MX' (Feature Level 11_0)
[2021.11.22-20.58.29:980][  0]LogD3D11RHI:       2010/0/6078 MB DedicatedVideo/DedicatedSystem/SharedSystem, Outputs:1, VendorId:0x10de
[2021.11.22-20.58.30:022][  0]LogD3D11RHI:    1. 'Intel(R) HD Graphics 620' (Feature Level 11_0)
[2021.11.22-20.58.30:022][  0]LogD3D11RHI:       128/0/6078 MB DedicatedVideo/DedicatedSystem/SharedSystem, Outputs:0, VendorId:0x8086
[2021.11.22-20.58.30:027][  0]LogD3D11RHI:    2. 'Microsoft Basic Render Driver' (Feature Level 11_0)
[2021.11.22-20.58.30:027][  0]LogD3D11RHI:       0/0/6078 MB DedicatedVideo/DedicatedSystem/SharedSystem, Outputs:0, VendorId:0x1414
[2021.11.22-20.58.30:027][  0]LogD3D11RHI: Chosen D3D11 Adapter: 0
[2021.11.22-20.58.30:094][  0]LogD3D11RHI: Creating new Direct3DDevice
[2021.11.22-20.58.30:094][  0]LogD3D11RHI:     GPU DeviceId: 0x179c (for the marketing name, search the web for "GPU Device Id")
[2021.11.22-20.58.30:094][  0]LogWindows: EnumDisplayDevices:
[2021.11.22-20.58.30:095][  0]LogWindows:    0. 'Intel(R) HD Graphics 620' (P:1 D:1)
[2021.11.22-20.58.30:095][  0]LogWindows:    1. 'Intel(R) HD Graphics 620' (P:0 D:0)
[2021.11.22-20.58.30:095][  0]LogWindows:    2. 'Intel(R) HD Graphics 620' (P:0 D:0)
[2021.11.22-20.58.30:096][  0]LogWindows: DebugString: PrimaryIsNotTheChoosenAdapter PrimaryIsNotTheChoosenAdapter PrimaryIsNotTheChoosenAdapter FoundDriverCount:0 
[2021.11.22-20.58.30:096][  0]LogD3D11RHI:     Adapter Name: NVIDIA GeForce 940MX
[2021.11.22-20.58.30:096][  0]LogD3D11RHI:   Driver Version: Unknown (internal:Unknown, unified:Unknown)
[2021.11.22-20.58.30:096][  0]LogD3D11RHI:      Driver Date: Unknown
[2021.11.22-20.58.30:096][  0]LogRHI: Texture pool is 1407 MB (70% of 2010 MB)
[2021.11.22-20.58.30:184][  0]LogD3D11RHI: RHI has support for 64 bit atomics
[2021.11.22-20.58.30:184][  0]LogD3D11RHI: Async texture creation enabled
[2021.11.22-20.58.30:223][  0]LogD3D11RHI: GPU Timing Frequency: 1000.000000 (Debug: 2 2)
[2021.11.22-20.58.30:299][  0]LogRHI: GeForceNow SDK initialized: 1
[2021.11.22-20.58.30:943][  0]LogTargetPlatformManager: Display: Loaded TargetPlatform 'WindowsNoEditor'
[2021.11.22-20.58.30:951][  0]LogTargetPlatformManager: Display: Loaded TargetPlatform 'Windows'
[2021.11.22-20.58.30:957][  0]LogTargetPlatformManager: Display: Loaded TargetPlatform 'WindowsClient'
[2021.11.22-20.58.30:964][  0]LogTargetPlatformManager: Display: Loaded TargetPlatform 'WindowsServer'
[2021.11.22-20.58.30:964][  0]LogTargetPlatformManager: Display: Building Assets For Windows
[2021.11.22-20.58.30:974][  0]LogAudioDebug: Display: Lib vorbis DLL was dynamically loaded.
[2021.11.22-20.58.31:022][  0]LogTextureFormatOodle: Display: Oodle Texture 2.9.0 init RDO Off
[2021.11.22-20.58.31:072][  0]LogRendererCore: Ray tracing is disabled. Reason: r.RayTracing=0.
[2021.11.22-20.58.31:072][  0]LogShaderCompilers: Guid format shader working directory is -1 characters bigger than the processId version (C:/Users/ROSORIO/Desktop/Scientificus/ProyectoUE/Intermediate/Shaders/WorkingDirectory/20224/).
[2021.11.22-20.58.31:072][  0]LogShaderCompilers: Cleaned the shader compiler working directory 'C:/Users/ROSORIO/AppData/Local/Temp/UnrealShaderWorkingDir/AD9C2CFC459AEF07C5B7F49FF9C07CA6/'.
[2021.11.22-20.58.31:072][  0]LogXGEController: Cannot use XGE Controller as Incredibuild is not installed on this machine.
[2021.11.22-20.58.31:072][  0]LogShaderCompilers: Cannot use XGE Shader Compiler as Incredibuild is not installed on this machine.
[2021.11.22-20.58.31:072][  0]LogShaderCompilers: Display: Using Local Shader Compiler.
[2021.11.22-20.58.32:270][  0]LogDerivedDataCache: Display: Max Cache Size: 512 MB
[2021.11.22-20.58.32:363][  0]LogDerivedDataCache: Loaded boot cache 0.09s 95MB C:/Users/ROSORIO/AppData/Local/UnrealEngine/4.27/DerivedDataCache/Boot.ddc.
[2021.11.22-20.58.32:363][  0]LogDerivedDataCache: Display: Loaded Boot cache: C:/Users/ROSORIO/AppData/Local/UnrealEngine/4.27/DerivedDataCache/Boot.ddc
[2021.11.22-20.58.32:364][  0]LogDerivedDataCache: FDerivedDataBackendGraph:  Pak pak cache file C:/Users/ROSORIO/Desktop/Scientificus/ProyectoUE/DerivedDataCache/DDC.ddp not found, will not use a pak cache.
[2021.11.22-20.58.32:364][  0]LogDerivedDataCache: Unable to find inner node Pak for hierarchical cache Hierarchy.
[2021.11.22-20.58.32:364][  0]LogDerivedDataCache: FDerivedDataBackendGraph:  CompressedPak pak cache file C:/Users/ROSORIO/Desktop/Scientificus/ProyectoUE/DerivedDataCache/Compressed.ddp not found, will not use a pak cache.
[2021.11.22-20.58.32:364][  0]LogDerivedDataCache: Unable to find inner node CompressedPak for hierarchical cache Hierarchy.
[2021.11.22-20.58.32:387][  0]LogDerivedDataCache: Display: Pak cache opened for reading ../../../Engine/DerivedDataCache/Compressed.ddp.
[2021.11.22-20.58.32:387][  0]LogDerivedDataCache: FDerivedDataBackendGraph:  EnterprisePak pak cache file ../../../Enterprise/DerivedDataCache/Compressed.ddp not found, will not use a pak cache.
[2021.11.22-20.58.32:387][  0]LogDerivedDataCache: Unable to find inner node EnterprisePak for hierarchical cache Hierarchy.
[2021.11.22-20.58.32:401][  0]LogDerivedDataCache: Speed tests for C:/Users/ROSORIO/AppData/Local/UnrealEngine/Common/DerivedDataCache took 0.01 seconds
[2021.11.22-20.58.32:401][  0]LogDerivedDataCache: Display: Performance to C:/Users/ROSORIO/AppData/Local/UnrealEngine/Common/DerivedDataCache: Latency=0.04ms. RandomReadSpeed=627.07MBs, RandomWriteSpeed=85.87MBs. Assigned SpeedClass 'Local'
[2021.11.22-20.58.32:402][  0]LogDerivedDataCache: Using Local data cache path C:/Users/ROSORIO/AppData/Local/UnrealEngine/Common/DerivedDataCache: Writable
[2021.11.22-20.58.32:402][  0]LogDerivedDataCache: Shared data cache path not found in *engine.ini, will not use an Shared cache.
[2021.11.22-20.58.32:402][  0]LogDerivedDataCache: Unable to find inner node Shared for hierarchical cache Hierarchy.
[2021.11.22-20.58.32:461][  0]LogSlate: Using FreeType 2.10.0
[2021.11.22-20.58.32:462][  0]LogSlate: SlateFontServices - WITH_FREETYPE: 1, WITH_HARFBUZZ: 1
[2021.11.22-20.58.32:649][  0]LogInit: Using OS detected language (es-ES).
[2021.11.22-20.58.32:649][  0]LogInit: Using OS detected locale (es-CO).
[2021.11.22-20.58.32:649][  0]LogTextLocalizationManager: No localization for 'es-ES' exists, so 'en' will be used for the language.
[2021.11.22-20.58.32:651][  0]LogTextLocalizationManager: No localization for 'es-CO' exists, so 'en' will be used for the locale.
[2021.11.22-20.58.32:651][  0]LogSlate: FontCache flush requested. Reason: Culture for localization was changed
[2021.11.22-20.58.32:651][  0]LogSlate: FontCache flush requested. Reason: Culture for localization was changed
[2021.11.22-20.58.32:656][  0]LogAssetRegistry: FAssetRegistry took 0.0036 seconds to start up
[2021.11.22-20.58.32:928][  0]LogTextLocalizationManager: Compacting localization data took   0.00ms
[2021.11.22-20.58.32:929][  0]LogPackageLocalizationCache: Processed 27 localized package path(s) for 1 prioritized culture(s) in 0.002611 seconds
[2021.11.22-20.58.33:050][  0]LogInit: Selected Device Profile: [Windows]
[2021.11.22-20.58.33:050][  0]LogInit: Active device profile: [0000013E67B6DE00][0000013E5BF337C0 49] Windows
[2021.11.22-20.58.33:051][  0]LogInit: Profiles: [0000013E67B6DE00][0000013E5BF337C0 49] Windows, [0000013E67B31E00][0000013E5BF37900 49] WindowsNoEditor, [0000013E67B6E100][0000013E5BF3BA40 49] WindowsServer, [0000013E67B30400][0000013E5BF97B80 49] WindowsClient, [0000013E67B6C600][0000013E5BF9A140 49] IOS, [0000013E67B32800][0000013E5BFA22C0 49] iPadAir, [0000013E67B6ED00][0000013E5BFA6440 49] iPadAir2, [0000013E67AD5E00][0000013E4C2C0700 49] IPadPro, [0000013E67AD5F00][0000013E5BFAA740 49] iPadAir3, [0000013E67B6D500][0000013E4C2C48C0 49] iPadAir4, [0000013E67AD7700][0000013E4C2C8A40 49] iPadMini2, [0000013E67B6F900][0000013E4C2CCBC0 49] iPadMini3, [0000013E67AD5600][0000013E4C2D0D40 49] iPadMini4, [0000013E67B6CA00][0000013E4C2D4EC0 49] iPadMini5, [0000013E67B69300][0000013E4C2DD180 49] iPhone6, [0000013E67B69400][0000013E4C2D91C0 49] iPodTouch6, [0000013E67B33E00][0000013E4C2E5480 49] iPhone7, [0000013E67B32700][0000013E4C2E14C0 49] iPodTouch7, [0000013E67AD6D00][0000013E4C2E9640 49] iPhone5S, [0000013E67B30900][0000013E4C2ED7C0 49] iPhone6Plus, [0000013E67AD7F00][0000013E4C2F1940 49] iPhone6S, [0000013E67B33300][0000013E4C2F5AC0 49] iPhone6SPlus, [0000013E67B68100][0000013E5BF9FC00 49] iPhone7Plus, [0000013E67AD6200][0000013E4C2F81C0 49] iPhoneSE, [0000013E67B6B300][0000013E4C2FC300 49] iPhone8, [0000013E67AD5C00][0000013E4C304480 49] iPhone8Plus, [0000013E67B68200][0000013E4C308600 49] iPhoneX, [0000013E67AD4900][0000013E66ADC780 49] iPhoneXS, [0000013E67B30700][0000013E66AE0900 49] iPhoneXSMax, [0000013E67AD7900][0000013E66AE4A80 49] iPhoneXR, [0000013E67B33A00][0000013E66AE8C00 49] iPhone11, [0000013E67AD5700][0000013E66AECD80 49] iPhone11Pro, [0000013E67B33600][0000013E66AF0F00 49] iPhone11ProMax, [0000013E67AD6700][0000013E66AF5080 49] iPhoneSE2, [0000013E67B30E00][0000013E66AF9200 49] iPhone12Mini, [0000013E67AD7400][0000013E66AFD380 49] iPhone12, [0000013E67B31600][0000013E66B01500 49] iPhone12Pro, [0000013E67AD5500][0000013E66B05680 49] iPhone12ProMax, [0000013E67B31200][0000013E66B09800 49] iPadPro105, [0000013E67AD7D00][0000013E66B0D980 49] iPadPro129, [0000013E67B30200][0000013E66B11B00 49] iPadPro97, [0000013E67AD7C00][0000013E66B14100 49] iPadPro2_129, [0000013E67B30600][0000013E4C300240 49] iPad5, [0000013E67AD7100][0000013E66B18380 49] iPad6, [0000013E67B31300][0000013E66B1C4C0 49] iPad7, [0000013E67AD7B00][0000013E66B24640 49] iPad8, [0000013E67B30D00][0000013E66B287C0 49] iPadPro11, [0000013E67AD4400][0000013E66B2C940 49] iPadPro2_11, [0000013E67B31900][0000013E66B30AC0 49] iPadPro3_129, [0000013E67AD7000][0000013E66B34C40 49] iPadPro4_129, [0000013E67B31800][0000013E66B38DC0 49] AppleTV, [0000013E67AD5800][0000013E66B3CF40 49] AppleTV4K, [0000013E67B33500][0000013E66B410C0 49] TVOS, [0000013E67AD6500][0000013E66B45240 49] Mac, [0000013E67B30100][0000013E66B493C0 49] MacClient, [0000013E67AD4300][0000013E66B4D540 49] MacNoEditor, [0000013E67B33C00][0000013E66B516C0 49] MacServer, [0000013E67AD6E00][0000013E66B55840 49] Linux, [0000013E67B32D00][0000013E66B599C0 49] LinuxAArch64, [0000013E67AD7800][0000013E66B5DB40 49] LinuxNoEditor, [0000013E67B32400][0000013E66B60140 49] LinuxAArch64NoEditor, [0000013E67AD4D00][0000013E66B642C0 49] LinuxClient, [0000013E67B33400][0000013E66B20400 49] LinuxAArch64Client, [0000013E67AD6A00][0000013E66B68540 49] LinuxServer, [0000013E67B33900][0000013E66B6C680 49] LinuxAArch64Server, [0000013E67AD7E00][0000013E66B707C0 49] Android, [0000013E67B31500][0000013E66B78940 49] Android_Low, [0000013E67AD5A00][0000013E66B7CAC0 49] Android_Mid, [0000013E67B31F00][0000013E66B80C40 49] Android_High, [0000013E67AD4E00][0000013E66B84DC0 49] Android_Default, [0000013E67B30B00][0000013E66B88F40 49] Android_Adreno4xx, [0000013E67AD6100][0000013E66B8D0C0 49] Android_Adreno5xx_Low, [0000013E67B32000][0000013E66B91240 49] Android_Adreno5xx, [0000013E67AD5100][0000013E66B953C0 49] Android_Adreno6xx, [0000013E67B32500][0000013E66B99540 49] Android_Adreno6xx_Vulkan, [0000013E67AD4500][0000013E66B9D6C0 49] Android_Mali_T6xx, [0000013E67B6FF00][0000013E66BA1840 49] Android_Mali_T7xx, [0000013E67B6A500][0000013E66BA59C0 49] Android_Mali_T8xx, [0000013E67B6D400][0000013E66BA9B40 49] Android_Mali_G71, [0000013E67B6A700][0000013E66BAC140 49] Android_Mali_G72, [0000013E67B6C400][0000013E66BB02C0 49] Android_Mali_G72_Vulkan, [0000013E67B6BB00][0000013E66BB4440 49] Android_Mali_G76, [0000013E67B6FB00][0000013E66B74580 49] Android_Mali_G76_Vulkan, [0000013E67B6A000][0000013E66BB86C0 49] Android_Mali_G77, [0000013E67B6DF00][0000013E66BBC800 49] Android_Mali_G77_Vulkan, [0000013E67B68900][0000013E66BC0940 49] Android_Mali_G78, [0000013E67B6D600][0000013E66BC8AC0 49] Android_Mali_G78_Vulkan, [0000013E67B69100][0000013E66BCCC40 49] Android_Mali_G710, [0000013E67B6DC00][0000013E66BD0DC0 49] Android_Mali_G710_Vulkan, [0000013E67B6AC00][0000013E66BD4F40 49] Android_Vulkan_SM5, [0000013E67B6F600][0000013E66BD90C0 49] Android_PowerVR_G6xxx, [0000013E67B68E00][0000013E66BDD240 49] Android_PowerVR_GT7xxx, [0000013E67B6D200][0000013E66BE13C0 49] Android_PowerVR_GE8xxx, [0000013E67B69D00][0000013E66BE5540 49] Android_PowerVR_GM9xxx, [0000013E67B6F200][0000013E66BE96C0 49] Android_PowerVR_GM9xxx_Vulkan, [0000013E67B68F00][0000013E66BED840 49] Android_TegraK1, [0000013E67B6D300][0000013E66BF19C0 49] Android_Unknown_Vulkan, [0000013E67B68A00][0000013E66BF5B40 49] Lumin, [0000013E67B6CC00][0000013E66BF8140 49] Lumin_Desktop, [0000013E67B69A00][0000013E66BFC2C0 49] HoloLens, 
[2021.11.22-20.58.33:120][  0]LogMeshReduction: Using QuadricMeshReduction for automatic static mesh reduction
[2021.11.22-20.58.33:120][  0]LogMeshReduction: Using SimplygonMeshReduction for automatic skeletal mesh reduction
[2021.11.22-20.58.33:120][  0]LogMeshReduction: Using ProxyLODMeshReduction for automatic mesh merging
[2021.11.22-20.58.33:120][  0]LogMeshReduction: No distributed automatic mesh merging module available
[2021.11.22-20.58.33:120][  0]LogMeshMerging: No distributed automatic mesh merging module available
[2021.11.22-20.58.33:269][  0]LogNetVersion: ProyectoUE 1.0.0, NetCL: 17155196, EngineNetVer: 17, GameNetVer: 0 (Checksum: 3483794102)
[2021.11.22-20.58.33:686][  0]LogTexture: Default maximum texture size for cubemaps generated from long-lat sources has been changed from 512 to unlimited. In order to preserve old behaiour for '/Engine/MapTemplates/Sky/DaylightAmbientCubemap.DaylightAmbientCubemap', its maximum texture size has been explicitly set to 512.
[2021.11.22-20.58.33:776][  0]LogHMD: PokeAHoleMaterial loaded successfully
[2021.11.22-20.58.33:956][  0]LogMoviePlayer: Initializing movie player
[2021.11.22-20.58.34:088][  0]LogPython: Using Python 3.7.7
[2021.11.22-20.58.34:867][  0]LogNiagaraDebuggerClient: Niagara Debugger Client Initialized | Session: BE195341406720D2BBEC349A7545B427 | Instance: FBC45FA64DC696EF08281FA832B5EDCE (DESKTOP-KQDBUCG-20224).
[2021.11.22-20.58.34:904][  0]LogCollectionManager: Loaded 0 collections in 0.004335 seconds
[2021.11.22-20.58.34:909][  0]LogFileCache: Scanning file cache for directory 'C:/Users/ROSORIO/Desktop/Scientificus/ProyectoUE/Saved/Collections/' took 0.00s
[2021.11.22-20.58.34:909][  0]LogFileCache: Scanning file cache for directory 'C:/Users/ROSORIO/Desktop/Scientificus/ProyectoUE/Content/Developers/ROSORIO/Collections/' took 0.00s
[2021.11.22-20.58.34:909][  0]LogFileCache: Scanning file cache for directory 'C:/Users/ROSORIO/Desktop/Scientificus/ProyectoUE/Content/Collections/' took 0.00s
[2021.11.22-20.58.34:909][  0]LogCollectionManager: Fixed up redirectors for 0 collections in 0.000003 seconds (updated 0 objects)
[2021.11.22-20.58.35:118][  0]LogStreaming: Warning: Failed to read file '../../../Engine/Content/Editor/Slate/Niagara/MenuSeparator.png' error.
[2021.11.22-20.58.35:118][  0]LogSlate: Could not find file for Slate resource: ../../../Engine/Content/Editor/Slate/Niagara/MenuSeparator.png
[2021.11.22-20.58.35:118][  0]LogImageWrapper: Warning: PNG Warning: Duplicate iCCP chunk
[2021.11.22-20.58.35:118][  0]LogImageWrapper: Warning: PNG Warning: Duplicate iCCP chunk
[2021.11.22-20.58.35:118][  0]LogStreaming: Warning: Failed to read file '../../../Engine/Content/Editor/Slate/Niagara/Common/Selector.png' error.
[2021.11.22-20.58.35:118][  0]LogSlate: Could not find file for Slate resource: ../../../Engine/Content/Editor/Slate/Niagara/Common/Selector.png
[2021.11.22-20.58.35:119][  0]LogStreaming: Warning: Failed to read file '../../../Engine/Content/Editor/Slate/Niagara/Common/Selection.png' error.
[2021.11.22-20.58.35:119][  0]LogSlate: Could not find file for Slate resource: ../../../Engine/Content/Editor/Slate/Niagara/Common/Selection.png
[2021.11.22-20.58.35:119][  0]LogStreaming: Warning: Failed to read file '../../../Engine/Content/Editor/Slate/Niagara/Common/DropZoneIndicator_Above.png' error.
[2021.11.22-20.58.35:119][  0]LogSlate: Could not find file for Slate resource: ../../../Engine/Content/Editor/Slate/Niagara/Common/DropZoneIndicator_Above.png
[2021.11.22-20.58.35:119][  0]LogStreaming: Warning: Failed to read file '../../../Engine/Content/Editor/Slate/Niagara/Common/DropZoneIndicator_Onto.png' error.
[2021.11.22-20.58.35:119][  0]LogSlate: Could not find file for Slate resource: ../../../Engine/Content/Editor/Slate/Niagara/Common/DropZoneIndicator_Onto.png
[2021.11.22-20.58.35:119][  0]LogStreaming: Warning: Failed to read file '../../../Engine/Content/Editor/Slate/Niagara/Common/DropZoneIndicator_Below.png' error.
[2021.11.22-20.58.35:119][  0]LogSlate: Could not find file for Slate resource: ../../../Engine/Content/Editor/Slate/Niagara/Common/DropZoneIndicator_Below.png
[2021.11.22-20.58.35:119][  0]LogStreaming: Warning: Failed to read file '../../../Engine/Content/Editor/Slate/Niagara/Common/RoundedSelection_16x.png' error.
[2021.11.22-20.58.35:119][  0]LogSlate: Could not find file for Slate resource: ../../../Engine/Content/Editor/Slate/Niagara/Common/RoundedSelection_16x.png
[2021.11.22-20.58.35:119][  0]LogStreaming: Warning: Failed to read file '../../../Engine/Content/Editor/Slate/Niagara/Common/FlatButton.png' error.
[2021.11.22-20.58.35:119][  0]LogSlate: Could not find file for Slate resource: ../../../Engine/Content/Editor/Slate/Niagara/Common/FlatButton.png
[2021.11.22-20.58.35:119][  0]LogTcpMessaging: Initializing TcpMessaging bridge
[2021.11.22-20.58.35:124][  0]LogUdpMessaging: Initializing bridge on interface 0.0.0.0:0 to multicast group 230.0.0.1:6666.
[2021.11.22-20.58.35:283][  0]SourceControl: Source control is disabled
[2021.11.22-20.58.35:283][  0]SourceControl: Source control is disabled
[2021.11.22-20.58.35:292][  0]SourceControl: Source control is disabled
[2021.11.22-20.58.35:298][  0]LogUProjectInfo: Found projects:
[2021.11.22-20.58.35:439][  0]LogOpenImageDenoise: OIDN starting up
[2021.11.22-20.58.35:495][  0]LogAndroidPermission: UAndroidPermissionCallbackProxy::GetInstance
[2021.11.22-20.58.35:529][  0]LogAudioCaptureCore: Display: No Audio Capture implementations found. Audio input will be silent.
[2021.11.22-20.58.35:529][  0]LogAudioCaptureCore: Display: No Audio Capture implementations found. Audio input will be silent.
[2021.11.22-20.58.35:641][  0]LogOcInput: OculusInput pre-init called
[2021.11.22-20.58.35:653][  0]LogUObjectArray: 22121 objects as part of root set at end of initial load.
[2021.11.22-20.58.35:653][  0]LogUObjectAllocator: 5975440 out of 0 bytes used by permanent object pool.
[2021.11.22-20.58.35:653][  0]LogUObjectArray: CloseDisregardForGC: 0/0 objects in disregard for GC pool
[2021.11.22-20.58.35:720][  0]LogEngine: Initializing Engine...
[2021.11.22-20.58.35:723][  0]LogHMD: Failed to enumerate extensions. Please check that you have a valid OpenXR runtime installed.
[2021.11.22-20.58.35:723][  0]LogHMD: Failed to initialize OpenVR with code 110
[2021.11.22-20.58.35:723][  0]LogMagicLeap: Warning: VR disabled because ZI is not enabled.  To enable, in the editor, Edit -> Project Settings -> Plugins -> Magic Leap Plugin -> Enable Zero Iteration
[2021.11.22-20.58.35:726][  0]LogStats: UGameplayTagsManager::InitializeManager -  0.001 s
[2021.11.22-20.58.35:878][  0]LogInit: Initializing FReadOnlyCVARCache
[2021.11.22-20.58.35:878][  0]LogAudio: Display: Initializing Audio Device Manager...
[2021.11.22-20.58.35:883][  0]LogAudio: Display: Loading Default Audio Settings Objects...
[2021.11.22-20.58.35:884][  0]LogAudio: Display: No default SoundConcurrencyObject specified (or failed to load).
[2021.11.22-20.58.35:885][  0]LogAudio: Display: Audio Device Manager Initialized
[2021.11.22-20.58.35:885][  0]LogAudio: Display: Creating Audio Device:                 Id: 1, Scope: Shared, Realtime: True
[2021.11.22-20.58.35:885][  0]LogAudioMixer: Display: Audio Mixer Platform Settings:
[2021.11.22-20.58.35:885][  0]LogAudioMixer: Display: 	Sample Rate:						  48000
[2021.11.22-20.58.35:885][  0]LogAudioMixer: Display: 	Callback Buffer Frame Size Requested: 1024
[2021.11.22-20.58.35:885][  0]LogAudioMixer: Display: 	Callback Buffer Frame Size To Use:	  1024
[2021.11.22-20.58.35:886][  0]LogAudioMixer: Display: 	Number of buffers to queue:			  2
[2021.11.22-20.58.35:886][  0]LogAudioMixer: Display: 	Max Channels (voices):				  32
[2021.11.22-20.58.35:886][  0]LogAudioMixer: Display: 	Number of Async Source Workers:		  0
[2021.11.22-20.58.35:886][  0]LogAudio: Display: AudioDevice MaxSources: 32
[2021.11.22-20.58.35:886][  0]LogAudio: Display: Audio Spatialization Plugin: None (built-in).
[2021.11.22-20.58.35:886][  0]LogAudio: Display: Audio Reverb Plugin: None (built-in).
[2021.11.22-20.58.35:886][  0]LogAudio: Display: Audio Occlusion Plugin: None (built-in).
[2021.11.22-20.58.35:886][  0]LogAudioMixer: Display: Initializing audio mixer.
[2021.11.22-20.58.35:911][  0]LogAudioMixer: Display: 0: FrontLeft
[2021.11.22-20.58.35:911][  0]LogAudioMixer: Display: 1: FrontRight
[2021.11.22-20.58.35:947][  0]LogAudioMixer: Display: Using Audio Device Altavoces (Realtek High Definition Audio)
[2021.11.22-20.58.35:955][  0]LogAudioMixer: Display: Initializing Sound Submixes...
[2021.11.22-20.58.35:958][  0]LogAudioMixer: Display: Creating Master Submix 'MasterSubmixDefault'
[2021.11.22-20.58.35:958][  0]LogAudioMixer: Display: Creating Master Submix 'MasterReverbSubmixDefault'
[2021.11.22-20.58.35:960][  0]LogAudioMixer: Display: Creating Master Submix 'MasterEQSubmixDefault'
[2021.11.22-20.58.35:960][  0]LogAudioMixer: FMixerPlatformXAudio2::StartAudioStream() called
[2021.11.22-20.58.35:960][  0]LogAudioMixer: Display: Output buffers initialized: Frames=1024, Channels=2, Samples=2048
[2021.11.22-20.58.35:961][  0]LogAudioMixer: Display: Starting AudioMixerPlatformInterface::RunInternal()
[2021.11.22-20.58.35:961][  0]LogAudioMixer: Display: FMixerPlatformXAudio2::SubmitBuffer() called for the first time
[2021.11.22-20.58.35:961][  0]LogInit: FAudioDevice initialized.
[2021.11.22-20.58.35:963][  0]LogNetVersion: Set ProjectVersion to 1.0.0.0. Version Checksum will be recalculated on next use.
[2021.11.22-20.58.35:965][  0]LogInit: Texture streaming: Enabled
[2021.11.22-20.58.36:072][  0]LogAudio: Display: Audio Device (ID: 1) registered with world 'Untitled'.
[2021.11.22-20.58.36:073][  0]LogSlate: Updating window title bar state: overlay mode, drag disabled, window buttons hidden, title bar hidden
[2021.11.22-20.58.36:076][  0]LogInit: Display: Game Engine Initialized.
[2021.11.22-20.58.36:077][  0]LogNiagaraEditor: GEditor isn't valid! Particle reset commands will not work for Niagara components!
[2021.11.22-20.58.36:321][  0]LogStreaming: Warning: Failed to read file '../../../Engine/Content/Editor/Slate/Niagara/MenuSeparator.png' error.
[2021.11.22-20.58.36:321][  0]LogSlate: Could not find file for Slate resource: ../../../Engine/Content/Editor/Slate/Niagara/MenuSeparator.png
[2021.11.22-20.58.36:321][  0]LogImageWrapper: Warning: PNG Warning: Duplicate iCCP chunk
[2021.11.22-20.58.36:321][  0]LogStreaming: Warning: Failed to read file '../../../Engine/Content/Editor/Slate/Niagara/Common/Selector.png' error.
[2021.11.22-20.58.36:321][  0]LogSlate: Could not find file for Slate resource: ../../../Engine/Content/Editor/Slate/Niagara/Common/Selector.png
[2021.11.22-20.58.36:321][  0]LogStreaming: Warning: Failed to read file '../../../Engine/Content/Editor/Slate/Niagara/Common/Selection.png' error.
[2021.11.22-20.58.36:321][  0]LogSlate: Could not find file for Slate resource: ../../../Engine/Content/Editor/Slate/Niagara/Common/Selection.png
[2021.11.22-20.58.36:321][  0]LogStreaming: Warning: Failed to read file '../../../Engine/Content/Editor/Slate/Niagara/Common/DropZoneIndicator_Above.png' error.
[2021.11.22-20.58.36:321][  0]LogSlate: Could not find file for Slate resource: ../../../Engine/Content/Editor/Slate/Niagara/Common/DropZoneIndicator_Above.png
[2021.11.22-20.58.36:321][  0]LogStreaming: Warning: Failed to read file '../../../Engine/Content/Editor/Slate/Niagara/Common/DropZoneIndicator_Onto.png' error.
[2021.11.22-20.58.36:321][  0]LogSlate: Could not find file for Slate resource: ../../../Engine/Content/Editor/Slate/Niagara/Common/DropZoneIndicator_Onto.png
[2021.11.22-20.58.36:321][  0]LogStreaming: Warning: Failed to read file '../../../Engine/Content/Editor/Slate/Niagara/Common/DropZoneIndicator_Below.png' error.
[2021.11.22-20.58.36:321][  0]LogSlate: Could not find file for Slate resource: ../../../Engine/Content/Editor/Slate/Niagara/Common/DropZoneIndicator_Below.png
[2021.11.22-20.58.36:321][  0]LogImageWrapper: Warning: PNG Warning: Duplicate iCCP chunk
[2021.11.22-20.58.36:321][  0]LogStreaming: Warning: Failed to read file '../../../Engine/Content/Editor/Slate/Niagara/Common/RoundedSelection_16x.png' error.
[2021.11.22-20.58.36:321][  0]LogSlate: Could not find file for Slate resource: ../../../Engine/Content/Editor/Slate/Niagara/Common/RoundedSelection_16x.png
[2021.11.22-20.58.36:321][  0]LogStreaming: Warning: Failed to read file '../../../Engine/Content/Editor/Slate/Niagara/Common/FlatButton.png' error.
[2021.11.22-20.58.36:321][  0]LogSlate: Could not find file for Slate resource: ../../../Engine/Content/Editor/Slate/Niagara/Common/FlatButton.png
[2021.11.22-20.58.36:321][  0]LogInit: Display: Starting Game.
[2021.11.22-20.58.36:321][  0]LogNet: Browse: /Game/Niveles/Nivel4?Name=Player
[2021.11.22-20.58.36:321][  0]LogLoad: LoadMap: /Game/Niveles/Nivel4?Name=Player
[2021.11.22-20.58.36:321][  0]LogWorld: BeginTearingDown for /Temp/Untitled_0
[2021.11.22-20.58.36:324][  0]LogWorld: UWorld::CleanupWorld for Untitled, bSessionEnded=true, bCleanupResources=true
[2021.11.22-20.58.36:324][  0]LogSlate: InvalidateAllWidgets triggered.  All widgets were invalidated
[2021.11.22-20.58.36:333][  0]LogAudio: Display: Audio Device unregistered from world 'None'.
[2021.11.22-20.58.36:336][  0]LogUObjectHash: Compacting FUObjectHashTables data took   0.84ms
