Log file open, 11/22/21 15:56:27
LogWindows: Failed to load 'aqProf.dll' (GetLastError=126)
LogWindows: File 'aqProf.dll' does not exist
LogWindows: Failed to load 'VtuneApi.dll' (GetLastError=126)
LogWindows: File 'VtuneApi.dll' does not exist
LogWindows: Failed to load 'VtuneApi32e.dll' (GetLastError=126)
LogWindows: File 'VtuneApi32e.dll' does not exist
LogConsoleResponse: Display: Failed to find resolution value strings in scalability ini. Falling back to default.
LogConsoleResponse: Display: Failed to find resolution value strings in scalability ini. Falling back to default.
LogInit: Display: Running engine for game: ProyectoUE
LogPlatformFile: Not using cached read wrapper
LogTaskGraph: Started task graph with 5 named threads and 11 total threads with 3 sets of task threads.
LogStats: Stats thread started at 0.682700
LogICUInternationalization: ICU TimeZone Detection - Raw Offset: -5:00, Platform Override: ''
LogInit: Display: Loading text-based GConfig....
LogPluginManager: Mounting plugin MeshPainting
LogPluginManager: Mounting plugin XGEController
LogPluginManager: Mounting plugin AISupport
LogPluginManager: Mounting plugin Paper2D
LogPluginManager: Mounting plugin EnvironmentQueryEditor
LogPluginManager: Mounting plugin LiveLink
LogPluginManager: Mounting plugin LightPropagationVolume
LogPluginManager: Mounting plugin CameraShakePreviewer
LogPluginManager: Mounting plugin GameplayCameras
LogPluginManager: Mounting plugin OodleData
LogPluginManager: Mounting plugin OodleNetwork
LogPluginManager: Mounting plugin AnimationSharing
LogPluginManager: Mounting plugin CLionSourceCodeAccess
LogPluginManager: Mounting plugin CodeLiteSourceCodeAccess
LogPluginManager: Mounting plugin GitSourceControl
LogPluginManager: Mounting plugin KDevelopSourceCodeAccess
LogPluginManager: Mounting plugin NullSourceCodeAccess
LogPluginManager: Mounting plugin PerforceSourceControl
LogPluginManager: Mounting plugin PixWinPlugin
LogPluginManager: Mounting plugin PlasticSourceControl
LogPluginManager: Mounting plugin PluginUtils
LogPluginManager: Mounting plugin PropertyAccessNode
LogPluginManager: Mounting plugin RiderSourceCodeAccess
LogPluginManager: Mounting plugin SubversionSourceControl
LogPluginManager: Mounting plugin TextureFormatOodle
LogPluginManager: Mounting plugin UObjectPlugin
LogPluginManager: Mounting plugin VisualStudioCodeSourceCodeAccess
LogPluginManager: Mounting plugin VisualStudioSourceCodeAccess
LogPluginManager: Mounting plugin XCodeSourceCodeAccess
LogPluginManager: Mounting plugin AssetManagerEditor
LogPluginManager: Mounting plugin CryptoKeys
LogPluginManager: Mounting plugin DataValidation
LogPluginManager: Mounting plugin CurveEditorTools
LogPluginManager: Mounting plugin GameplayTagsEditor
LogPluginManager: Mounting plugin FacialAnimation
LogPluginManager: Mounting plugin GeometryMode
LogPluginManager: Mounting plugin MacGraphicsSwitching
LogPluginManager: Mounting plugin MaterialAnalyzer
LogPluginManager: Mounting plugin MobileLauncherProfileWizard
LogPluginManager: Mounting plugin PluginBrowser
LogPluginManager: Mounting plugin SpeedTreeImporter
LogPluginManager: Mounting plugin DatasmithContent
LogPluginManager: Mounting plugin VariantManagerContent
LogPluginManager: Mounting plugin AlembicImporter
LogPluginManager: Mounting plugin BackChannel
LogPluginManager: Mounting plugin AutomationUtils
LogPluginManager: Mounting plugin ChaosCloth
LogPluginManager: Mounting plugin ChaosEditor
LogPluginManager: Mounting plugin ChaosClothEditor
LogPluginManager: Mounting plugin ChaosNiagara
LogPluginManager: Mounting plugin ChaosSolverPlugin
LogPluginManager: Mounting plugin CharacterAI
LogPluginManager: Mounting plugin GeometryCache
LogPluginManager: Mounting plugin GeometryCollectionPlugin
LogPluginManager: Mounting plugin GeometryProcessing
LogPluginManager: Mounting plugin OpenImageDenoise
LogPluginManager: Mounting plugin MotoSynth
LogPluginManager: Mounting plugin PlanarCut
LogPluginManager: Mounting plugin PlatformCrypto
LogPluginManager: Mounting plugin ProxyLODPlugin
LogPluginManager: Mounting plugin PythonScriptPlugin
LogPluginManager: Mounting plugin SkeletalReduction
LogPluginManager: Mounting plugin Niagara
LogPluginManager: Mounting plugin LuminPlatformFeatures
LogPluginManager: Mounting plugin MagicLeap
LogPluginManager: Mounting plugin MagicLeapLightEstimation
LogPluginManager: Mounting plugin MagicLeapMedia
LogPluginManager: Mounting plugin MagicLeapPassableWorld
LogPluginManager: Mounting plugin MLSDK
LogPluginManager: Mounting plugin AndroidMedia
LogPluginManager: Mounting plugin AvfMedia
LogPluginManager: Mounting plugin ImgMedia
LogPluginManager: Mounting plugin MediaCompositing
LogPluginManager: Mounting plugin MediaPlayerEditor
LogPluginManager: Mounting plugin WebMMedia
LogPluginManager: Mounting plugin WmfMedia
LogPluginManager: Mounting plugin TcpMessaging
LogPluginManager: Mounting plugin ActorSequence
LogPluginManager: Mounting plugin UdpMessaging
LogPluginManager: Mounting plugin LevelSequenceEditor
LogPluginManager: Mounting plugin MatineeToLevelSequence
LogPluginManager: Mounting plugin TemplateSequence
LogPluginManager: Mounting plugin OnlineSubsystem
LogPluginManager: Mounting plugin OnlineSubsystemNull
LogPluginManager: Mounting plugin OnlineSubsystemUtils
LogPluginManager: Mounting plugin LauncherChunkInstaller
LogPluginManager: Mounting plugin AndroidDeviceProfileSelector
LogPluginManager: Mounting plugin ActorLayerUtilities
LogPluginManager: Mounting plugin AndroidMoviePlayer
LogPluginManager: Mounting plugin AndroidPermission
LogPluginManager: Mounting plugin AppleImageUtils
LogPluginManager: Mounting plugin AppleMoviePlayer
LogPluginManager: Mounting plugin ArchVisCharacter
LogPluginManager: Mounting plugin AssetTags
LogPluginManager: Mounting plugin AudioCapture
LogPluginManager: Mounting plugin AudioSynesthesia
LogPluginManager: Mounting plugin CableComponent
LogPluginManager: Mounting plugin ChunkDownloader
LogPluginManager: Mounting plugin CustomMeshComponent
LogPluginManager: Mounting plugin EditableMesh
LogPluginManager: Mounting plugin ExampleDeviceProfileSelector
LogPluginManager: Mounting plugin GoogleCloudMessaging
LogPluginManager: Mounting plugin GooglePAD
LogPluginManager: Mounting plugin IOSDeviceProfileSelector
LogPluginManager: Mounting plugin LinuxDeviceProfileSelector
LogPluginManager: Mounting plugin LocationServicesBPLibrary
LogPluginManager: Mounting plugin MobilePatchingUtils
LogPluginManager: Mounting plugin OpenXR
LogPluginManager: Mounting plugin OpenXREyeTracker
LogPluginManager: Mounting plugin ScreenshotTools
LogPluginManager: Mounting plugin OpenXRHandTracking
LogPluginManager: Mounting plugin PhysXVehicles
LogPluginManager: Mounting plugin PostSplashScreen
LogPluginManager: Mounting plugin ProceduralMeshComponent
LogPluginManager: Mounting plugin PropertyAccessEditor
LogPluginManager: Mounting plugin RuntimePhysXCooking
LogPluginManager: Mounting plugin SignificanceManager
LogPluginManager: Mounting plugin SoundFields
LogPluginManager: Mounting plugin Synthesis
LogPluginManager: Mounting plugin WebMMoviePlayer
LogPluginManager: Mounting plugin WindowsMoviePlayer
LogPluginManager: Mounting plugin Takes
LogPluginManager: Mounting plugin ContentBrowserAssetDataSource
LogPluginManager: Mounting plugin ContentBrowserClassDataSource
LogPluginManager: Mounting plugin ContentBrowserFileDataSource
LogPluginManager: Mounting plugin OnlineSubsystemGooglePlay
LogPluginManager: Mounting plugin OnlineSubsystemIOS
LogPluginManager: Mounting plugin OculusVR
LogPluginManager: Mounting plugin SteamVR
PixWinPlugin: PIX capture plugin failed to initialize! Check that the process is launched from PIX.
LogInit: Using libcurl 7.55.1-DEV
LogInit:  - built for x86_64-pc-win32
LogInit:  - supports SSL with OpenSSL/1.1.1
LogInit:  - supports HTTP deflate (compression) using libz 1.2.8
LogInit:  - other features:
LogInit:      CURL_VERSION_SSL
LogInit:      CURL_VERSION_LIBZ
LogInit:      CURL_VERSION_IPV6
LogInit:      CURL_VERSION_ASYNCHDNS
LogInit:      CURL_VERSION_LARGEFILE
LogInit:      CURL_VERSION_IDN
LogInit:  CurlRequestOptions (configurable via config and command line):
LogInit:  - bVerifyPeer = true  - Libcurl will verify peer certificate
LogInit:  - bUseHttpProxy = false  - Libcurl will NOT use HTTP proxy
LogInit:  - bDontReuseConnections = false  - Libcurl will reuse connections
LogInit:  - MaxHostConnections = 16  - Libcurl will limit the number of connections to a host
LogInit:  - LocalHostAddr = Default
LogInit:  - BufferSize = 65536
LogOnline: OSS: Creating online subsystem instance for: NULL
LogInit: WinSock: version 1.1 (2.2), MaxSocks=32767, MaxUdp=65467
LogOnline: OSS: TryLoadSubsystemAndSetDefault: Loaded subsystem for module [NULL]
LogOculusPluginWrapper: OculusPlugin initialized successfully
LogHMD: Failed initializing OVRPlugin 1.59.0
LogInit: Build: ++UE4+Release-4.27-CL-17155196
LogInit: Engine Version: 4.27.0-17155196+++UE4+Release-4.27
LogInit: Compatible Engine Version: 4.27.0-17155196+++UE4+Release-4.27
LogInit: Net CL: 17155196
LogInit: OS: Windows 10 (Release 2009) (), CPU: Intel(R) Core(TM) i5-7200U CPU @ 2.50GHz, GPU: Intel(R) HD Graphics 620
LogInit: Compiled (64-bit): Aug 13 2021 06:13:13
LogInit: Compiled with Visual C++: 19.24.28315.00
LogInit: Build Configuration: Development
LogInit: Branch Name: ++UE4+Release-4.27
LogInit: Command Line:  /Game/Niveles/Nivel4 -game -PIEVIACONSOLE -Multiprocess GameUserSettingsINI=C:/Users/ROSORIO/Desktop/Scientificus/ProyectoUE/Saved/Config/Windows/PIEGameUserSettings0.ini -MultiprocessSaveConfig -forcepassthrough -messaging -SessionName="Play in Standalone Game" -windowed -WinX=220 -WinY=151 SAVEWINPOS=1 -ResX=1280 -ResY=747
LogInit: Base Directory: D:/Program Files/Program Files (x86)/UE_4.27/Engine/Binaries/Win64/
LogInit: Allocator: TBB
LogInit: Installed Engine Build: 1
LogDevObjectVersion: Number of dev versions registered: 29
LogDevObjectVersion:   Dev-Blueprints (B0D832E4-1F89-4F0D-ACCF-7EB736FD4AA2): 10
LogDevObjectVersion:   Dev-Build (E1C64328-A22C-4D53-A36C-8E866417BD8C): 0
LogDevObjectVersion:   Dev-Core (375EC13C-06E4-48FB-B500-84F0262A717E): 4
LogDevObjectVersion:   Dev-Editor (E4B068ED-F494-42E9-A231-DA0B2E46BB41): 40
LogDevObjectVersion:   Dev-Framework (CFFC743F-43B0-4480-9391-14DF171D2073): 37
LogDevObjectVersion:   Dev-Mobile (B02B49B5-BB20-44E9-A304-32B752E40360): 3
LogDevObjectVersion:   Dev-Networking (A4E4105C-59A1-49B5-A7C5-40C4547EDFEE): 0
LogDevObjectVersion:   Dev-Online (39C831C9-5AE6-47DC-9A44-9C173E1C8E7C): 0
LogDevObjectVersion:   Dev-Physics (78F01B33-EBEA-4F98-B9B4-84EACCB95AA2): 14
LogDevObjectVersion:   Dev-Platform (6631380F-2D4D-43E0-8009-CF276956A95A): 0
LogDevObjectVersion:   Dev-Rendering (12F88B9F-8875-4AFC-A67C-D90C383ABD29): 45
LogDevObjectVersion:   Dev-Sequencer (7B5AE74C-D270-4C10-A958-57980B212A5A): 13
LogDevObjectVersion:   Dev-VR (D7296918-1DD6-4BDD-9DE2-64A83CC13884): 3
LogDevObjectVersion:   Dev-LoadTimes (C2A15278-BFE7-4AFE-6C17-90FF531DF755): 1
LogDevObjectVersion:   Private-Geometry (6EACA3D4-40EC-4CC1-B786-8BED09428FC5): 3
LogDevObjectVersion:   Dev-AnimPhys (29E575DD-E0A3-4627-9D10-D276232CDCEA): 17
LogDevObjectVersion:   Dev-Anim (AF43A65D-7FD3-4947-9873-3E8ED9C1BB05): 15
LogDevObjectVersion:   Dev-ReflectionCapture (6B266CEC-1EC7-4B8F-A30B-E4D90942FC07): 1
LogDevObjectVersion:   Dev-Automation (0DF73D61-A23F-47EA-B727-89E90C41499A): 1
LogDevObjectVersion:   FortniteMain (601D1886-AC64-4F84-AA16-D3DE0DEAC7D6): 47
LogDevObjectVersion:   FortniteRelease (E7086368-6B23-4C58-8439-1B7016265E91): 1
LogDevObjectVersion:   Dev-Enterprise (9DFFBCD6-494F-0158-E221-12823C92A888): 10
LogDevObjectVersion:   Dev-Niagara (F2AED0AC-9AFE-416F-8664-AA7FFA26D6FC): 1
LogDevObjectVersion:   Dev-Destruction (174F1F0B-B4C6-45A5-B13F-2EE8D0FB917D): 10
LogDevObjectVersion:   Dev-Physics-Ext (35F94A83-E258-406C-A318-09F59610247C): 41
LogDevObjectVersion:   Dev-PhysicsMaterial-Chaos (B68FC16E-8B1B-42E2-B453-215C058844FE): 1
LogDevObjectVersion:   Dev-CineCamera (B2E18506-4273-CFC2-A54E-F4BB758BBA07): 1
LogDevObjectVersion:   Dev-VirtualProduction (64F58936-FD1B-42BA-BA96-7289D5D0FA4E): 1
LogDevObjectVersion:   Dev-MediaFramework (6F0ED827-A609-4895-9C91-998D90180EA4): 2
LogInit: Presizing for max 25165824 objects, including 0 objects not considered by GC, pre-allocating 0 bytes for permanent pool.
LogConfig: Applying CVar settings from Section [/Script/Engine.StreamingSettings] File [C:/Users/ROSORIO/Desktop/Scientificus/ProyectoUE/Saved/Config/Windows/Engine.ini]
LogConfig: Setting CVar [[s.MinBulkDataSizeForAsyncLoading:131072]]
LogConfig: Setting CVar [[s.AsyncLoadingThreadEnabled:0]]
LogConfig: Setting CVar [[s.EventDrivenLoaderEnabled:1]]
LogConfig: Setting CVar [[s.WarnIfTimeLimitExceeded:0]]
LogConfig: Setting CVar [[s.TimeLimitExceededMultiplier:1.5]]
LogConfig: Setting CVar [[s.TimeLimitExceededMinTime:0.005]]
LogConfig: Setting CVar [[s.UseBackgroundLevelStreaming:1]]
LogConfig: Setting CVar [[s.PriorityAsyncLoadingExtraTime:15.0]]
LogConfig: Setting CVar [[s.LevelStreamingActorsUpdateTimeLimit:5.0]]
LogConfig: Setting CVar [[s.PriorityLevelStreamingActorsUpdateExtraTime:5.0]]
LogConfig: Setting CVar [[s.LevelStreamingComponentsRegistrationGranularity:10]]
LogConfig: Setting CVar [[s.UnregisterComponentsTimeLimit:1.0]]
LogConfig: Setting CVar [[s.LevelStreamingComponentsUnregistrationGranularity:5]]
LogConfig: Setting CVar [[s.FlushStreamingOnExit:1]]
LogInit: Object subsystem initialized
LogConfig: Setting CVar [[con.DebugEarlyDefault:1]]
LogConfig: Setting CVar [[r.setres:1280x720]]
[2021.11.22-20.56.28:459][  0]LogConfig: Setting CVar [[con.DebugEarlyDefault:1]]
[2021.11.22-20.56.28:460][  0]LogConfig: Setting CVar [[r.setres:1280x720]]
[2021.11.22-20.56.28:460][  0]LogConfig: Applying CVar settings from Section [/Script/Engine.RendererSettings] File [C:/Users/ROSORIO/Desktop/Scientificus/ProyectoUE/Saved/Config/Windows/Engine.ini]
[2021.11.22-20.56.28:460][  0]LogConfig: Setting CVar [[r.GPUCrashDebugging:0]]
[2021.11.22-20.56.28:460][  0]LogConfig: Applying CVar settings from Section [/Script/Engine.RendererOverrideSettings] File [C:/Users/ROSORIO/Desktop/Scientificus/ProyectoUE/Saved/Config/Windows/Engine.ini]
[2021.11.22-20.56.28:460][  0]LogConfig: Applying CVar settings from Section [/Script/Engine.StreamingSettings] File [C:/Users/ROSORIO/Desktop/Scientificus/ProyectoUE/Saved/Config/Windows/Engine.ini]
[2021.11.22-20.56.28:460][  0]LogConfig: Setting CVar [[s.MinBulkDataSizeForAsyncLoading:131072]]
[2021.11.22-20.56.28:460][  0]LogConfig: Setting CVar [[s.AsyncLoadingThreadEnabled:0]]
[2021.11.22-20.56.28:460][  0]LogConfig: Setting CVar [[s.EventDrivenLoaderEnabled:1]]
[2021.11.22-20.56.28:460][  0]LogConfig: Setting CVar [[s.WarnIfTimeLimitExceeded:0]]
[2021.11.22-20.56.28:460][  0]LogConfig: Setting CVar [[s.TimeLimitExceededMultiplier:1.5]]
[2021.11.22-20.56.28:460][  0]LogConfig: Setting CVar [[s.TimeLimitExceededMinTime:0.005]]
[2021.11.22-20.56.28:460][  0]LogConfig: Setting CVar [[s.UseBackgroundLevelStreaming:1]]
[2021.11.22-20.56.28:460][  0]LogConfig: Setting CVar [[s.PriorityAsyncLoadingExtraTime:15.0]]
[2021.11.22-20.56.28:460][  0]LogConfig: Setting CVar [[s.LevelStreamingActorsUpdateTimeLimit:5.0]]
[2021.11.22-20.56.28:460][  0]LogConfig: Setting CVar [[s.PriorityLevelStreamingActorsUpdateExtraTime:5.0]]
[2021.11.22-20.56.28:460][  0]LogConfig: Setting CVar [[s.LevelStreamingComponentsRegistrationGranularity:10]]
[2021.11.22-20.56.28:460][  0]LogConfig: Setting CVar [[s.UnregisterComponentsTimeLimit:1.0]]
[2021.11.22-20.56.28:460][  0]LogConfig: Setting CVar [[s.LevelStreamingComponentsUnregistrationGranularity:5]]
[2021.11.22-20.56.28:460][  0]LogConfig: Setting CVar [[s.FlushStreamingOnExit:1]]
[2021.11.22-20.56.28:460][  0]LogConfig: Applying CVar settings from Section [/Script/Engine.GarbageCollectionSettings] File [C:/Users/ROSORIO/Desktop/Scientificus/ProyectoUE/Saved/Config/Windows/Engine.ini]
[2021.11.22-20.56.28:460][  0]LogConfig: Setting CVar [[gc.MaxObjectsNotConsideredByGC:1]]
[2021.11.22-20.56.28:460][  0]LogConfig: Setting CVar [[gc.SizeOfPermanentObjectPool:0]]
[2021.11.22-20.56.28:460][  0]LogConfig: Setting CVar [[gc.FlushStreamingOnGC:0]]
[2021.11.22-20.56.28:460][  0]LogConfig: Setting CVar [[gc.NumRetriesBeforeForcingGC:10]]
[2021.11.22-20.56.28:460][  0]LogConfig: Setting CVar [[gc.AllowParallelGC:1]]
[2021.11.22-20.56.28:460][  0]LogConfig: Setting CVar [[gc.TimeBetweenPurgingPendingKillObjects:61.1]]
[2021.11.22-20.56.28:460][  0]LogConfig: Setting CVar [[gc.MaxObjectsInEditor:25165824]]
[2021.11.22-20.56.28:460][  0]LogConfig: Setting CVar [[gc.IncrementalBeginDestroyEnabled:1]]
[2021.11.22-20.56.28:460][  0]LogConfig: Setting CVar [[gc.CreateGCClusters:1]]
[2021.11.22-20.56.28:460][  0]LogConfig: Setting CVar [[gc.MinGCClusterSize:5]]
[2021.11.22-20.56.28:460][  0]LogConfig: Setting CVar [[gc.ActorClusteringEnabled:0]]
[2021.11.22-20.56.28:460][  0]LogConfig: Setting CVar [[gc.BlueprintClusteringEnabled:0]]
[2021.11.22-20.56.28:460][  0]LogConfig: Setting CVar [[gc.UseDisregardForGCOnDedicatedServers:0]]
[2021.11.22-20.56.28:460][  0]LogConfig: Setting CVar [[gc.MultithreadedDestructionEnabled:1]]
[2021.11.22-20.56.28:460][  0]LogConfig: Applying CVar settings from Section [/Script/Engine.NetworkSettings] File [C:/Users/ROSORIO/Desktop/Scientificus/ProyectoUE/Saved/Config/Windows/Engine.ini]
[2021.11.22-20.56.28:460][  0]LogConfig: Applying CVar settings from Section [/Script/UnrealEd.CookerSettings] File [C:/Users/ROSORIO/Desktop/Scientificus/ProyectoUE/Saved/Config/Windows/Engine.ini]
[2021.11.22-20.56.28:467][  0]LogConfig: Applying CVar settings from Section [ViewDistanceQuality@3] File [C:/Users/ROSORIO/Desktop/Scientificus/ProyectoUE/Saved/Config/Windows/Scalability.ini]
[2021.11.22-20.56.28:467][  0]LogConfig: Setting CVar [[r.SkeletalMeshLODBias:0]]
[2021.11.22-20.56.28:467][  0]LogConfig: Setting CVar [[r.ViewDistanceScale:1.0]]
[2021.11.22-20.56.28:467][  0]LogConfig: Applying CVar settings from Section [AntiAliasingQuality@3] File [C:/Users/ROSORIO/Desktop/Scientificus/ProyectoUE/Saved/Config/Windows/Scalability.ini]
[2021.11.22-20.56.28:467][  0]LogConfig: Setting CVar [[r.PostProcessAAQuality:4]]
[2021.11.22-20.56.28:467][  0]LogConfig: Applying CVar settings from Section [ShadowQuality@3] File [C:/Users/ROSORIO/Desktop/Scientificus/ProyectoUE/Saved/Config/Windows/Scalability.ini]
[2021.11.22-20.56.28:467][  0]LogConfig: Setting CVar [[r.LightFunctionQuality:1]]
[2021.11.22-20.56.28:467][  0]LogConfig: Setting CVar [[r.ShadowQuality:5]]
[2021.11.22-20.56.28:467][  0]LogConfig: Setting CVar [[r.Shadow.CSM.MaxCascades:10]]
[2021.11.22-20.56.28:467][  0]LogConfig: Setting CVar [[r.Shadow.MaxResolution:2048]]
[2021.11.22-20.56.28:467][  0]LogConfig: Setting CVar [[r.Shadow.MaxCSMResolution:2048]]
[2021.11.22-20.56.28:467][  0]LogConfig: Setting CVar [[r.Shadow.RadiusThreshold:0.01]]
[2021.11.22-20.56.28:467][  0]LogConfig: Setting CVar [[r.Shadow.DistanceScale:1.0]]
[2021.11.22-20.56.28:467][  0]LogConfig: Setting CVar [[r.Shadow.CSM.TransitionScale:1.0]]
[2021.11.22-20.56.28:467][  0]LogConfig: Setting CVar [[r.Shadow.PreShadowResolutionFactor:1.0]]
[2021.11.22-20.56.28:467][  0]LogConfig: Setting CVar [[r.DistanceFieldShadowing:1]]
[2021.11.22-20.56.28:467][  0]LogConfig: Setting CVar [[r.DistanceFieldAO:1]]
[2021.11.22-20.56.28:467][  0]LogConfig: Setting CVar [[r.AOQuality:2]]
[2021.11.22-20.56.28:467][  0]LogConfig: Setting CVar [[r.VolumetricFog:1]]
[2021.11.22-20.56.28:467][  0]LogConfig: Setting CVar [[r.VolumetricFog.GridPixelSize:8]]
[2021.11.22-20.56.28:467][  0]LogConfig: Setting CVar [[r.VolumetricFog.GridSizeZ:128]]
[2021.11.22-20.56.28:467][  0]LogConfig: Setting CVar [[r.VolumetricFog.HistoryMissSupersampleCount:4]]
[2021.11.22-20.56.28:467][  0]LogConfig: Setting CVar [[r.LightMaxDrawDistanceScale:1]]
[2021.11.22-20.56.28:467][  0]LogConfig: Setting CVar [[r.CapsuleShadows:1]]
[2021.11.22-20.56.28:467][  0]LogConfig: Applying CVar settings from Section [PostProcessQuality@3] File [C:/Users/ROSORIO/Desktop/Scientificus/ProyectoUE/Saved/Config/Windows/Scalability.ini]
[2021.11.22-20.56.28:467][  0]LogConfig: Setting CVar [[r.MotionBlurQuality:4]]
[2021.11.22-20.56.28:467][  0]LogConfig: Setting CVar [[r.AmbientOcclusionMipLevelFactor:0.4]]
[2021.11.22-20.56.28:467][  0]LogConfig: Setting CVar [[r.AmbientOcclusionMaxQuality:100]]
[2021.11.22-20.56.28:468][  0]LogConfig: Setting CVar [[r.AmbientOcclusionLevels:-1]]
[2021.11.22-20.56.28:468][  0]LogConfig: Setting CVar [[r.AmbientOcclusionRadiusScale:1.0]]
[2021.11.22-20.56.28:468][  0]LogConfig: Setting CVar [[r.DepthOfFieldQuality:2]]
[2021.11.22-20.56.28:468][  0]LogConfig: Setting CVar [[r.RenderTargetPoolMin:400]]
[2021.11.22-20.56.28:468][  0]LogConfig: Setting CVar [[r.LensFlareQuality:2]]
[2021.11.22-20.56.28:468][  0]LogConfig: Setting CVar [[r.SceneColorFringeQuality:1]]
[2021.11.22-20.56.28:468][  0]LogConfig: Setting CVar [[r.EyeAdaptationQuality:2]]
[2021.11.22-20.56.28:468][  0]LogConfig: Setting CVar [[r.BloomQuality:5]]
[2021.11.22-20.56.28:468][  0]LogConfig: Setting CVar [[r.FastBlurThreshold:100]]
[2021.11.22-20.56.28:469][  0]LogConfig: Setting CVar [[r.Upscale.Quality:3]]
[2021.11.22-20.56.28:469][  0]LogConfig: Setting CVar [[r.Tonemapper.GrainQuantization:1]]
[2021.11.22-20.56.28:469][  0]LogConfig: Setting CVar [[r.LightShaftQuality:1]]
[2021.11.22-20.56.28:469][  0]LogConfig: Setting CVar [[r.Filter.SizeScale:1]]
[2021.11.22-20.56.28:469][  0]LogConfig: Setting CVar [[r.Tonemapper.Quality:5]]
[2021.11.22-20.56.28:469][  0]LogConfig: Setting CVar [[r.DOF.Gather.AccumulatorQuality:1        ; higher gathering accumulator quality]]
[2021.11.22-20.56.28:469][  0]LogConfig: Setting CVar [[r.DOF.Gather.PostfilterMethod:1          ; Median3x3 postfilering method]]
[2021.11.22-20.56.28:469][  0]LogConfig: Setting CVar [[r.DOF.Gather.EnableBokehSettings:0       ; no bokeh simulation when gathering]]
[2021.11.22-20.56.28:469][  0]LogConfig: Setting CVar [[r.DOF.Gather.RingCount:4                 ; medium number of samples when gathering]]
[2021.11.22-20.56.28:469][  0]LogConfig: Setting CVar [[r.DOF.Scatter.ForegroundCompositing:1    ; additive foreground scattering]]
[2021.11.22-20.56.28:469][  0]LogConfig: Setting CVar [[r.DOF.Scatter.BackgroundCompositing:2    ; additive background scattering]]
[2021.11.22-20.56.28:469][  0]LogConfig: Setting CVar [[r.DOF.Scatter.EnableBokehSettings:1      ; bokeh simulation when scattering]]
[2021.11.22-20.56.28:469][  0]LogConfig: Setting CVar [[r.DOF.Scatter.MaxSpriteRatio:0.1         ; only a maximum of 10% of scattered bokeh]]
[2021.11.22-20.56.28:469][  0]LogConfig: Setting CVar [[r.DOF.Recombine.Quality:1                ; cheap slight out of focus]]
[2021.11.22-20.56.28:469][  0]LogConfig: Setting CVar [[r.DOF.Recombine.EnableBokehSettings:0    ; no bokeh simulation on slight out of focus]]
[2021.11.22-20.56.28:469][  0]LogConfig: Setting CVar [[r.DOF.TemporalAAQuality:1                ; more stable temporal accumulation]]
[2021.11.22-20.56.28:469][  0]LogConfig: Setting CVar [[r.DOF.Kernel.MaxForegroundRadius:0.025]]
[2021.11.22-20.56.28:469][  0]LogConfig: Setting CVar [[r.DOF.Kernel.MaxBackgroundRadius:0.025]]
[2021.11.22-20.56.28:469][  0]LogConfig: Applying CVar settings from Section [TextureQuality@3] File [C:/Users/ROSORIO/Desktop/Scientificus/ProyectoUE/Saved/Config/Windows/Scalability.ini]
[2021.11.22-20.56.28:469][  0]LogConfig: Setting CVar [[r.Streaming.MipBias:0]]
[2021.11.22-20.56.28:469][  0]LogConfig: Setting CVar [[r.Streaming.AmortizeCPUToGPUCopy:0]]
[2021.11.22-20.56.28:469][  0]LogConfig: Setting CVar [[r.Streaming.MaxNumTexturesToStreamPerFrame:0]]
[2021.11.22-20.56.28:469][  0]LogConfig: Setting CVar [[r.Streaming.Boost:1]]
[2021.11.22-20.56.28:469][  0]LogConfig: Setting CVar [[r.MaxAnisotropy:8]]
[2021.11.22-20.56.28:469][  0]LogConfig: Setting CVar [[r.VT.MaxAnisotropy:8]]
[2021.11.22-20.56.28:469][  0]LogConfig: Setting CVar [[r.Streaming.LimitPoolSizeToVRAM:0]]
[2021.11.22-20.56.28:469][  0]LogConfig: Setting CVar [[r.Streaming.PoolSize:1000]]
[2021.11.22-20.56.28:469][  0]LogConfig: Setting CVar [[r.Streaming.MaxEffectiveScreenSize:0]]
[2021.11.22-20.56.28:469][  0]LogConfig: Applying CVar settings from Section [EffectsQuality@3] File [C:/Users/ROSORIO/Desktop/Scientificus/ProyectoUE/Saved/Config/Windows/Scalability.ini]
[2021.11.22-20.56.28:469][  0]LogConfig: Setting CVar [[r.TranslucencyLightingVolumeDim:64]]
[2021.11.22-20.56.28:469][  0]LogConfig: Setting CVar [[r.RefractionQuality:2]]
[2021.11.22-20.56.28:469][  0]LogConfig: Setting CVar [[r.SSR.Quality:3]]
[2021.11.22-20.56.28:469][  0]LogConfig: Setting CVar [[r.SSR.HalfResSceneColor:0]]
[2021.11.22-20.56.28:469][  0]LogConfig: Setting CVar [[r.SceneColorFormat:4]]
[2021.11.22-20.56.28:469][  0]LogConfig: Setting CVar [[r.DetailMode:2]]
[2021.11.22-20.56.28:469][  0]LogConfig: Setting CVar [[r.TranslucencyVolumeBlur:1]]
[2021.11.22-20.56.28:469][  0]LogConfig: Setting CVar [[r.MaterialQualityLevel:1 ; High quality]]
[2021.11.22-20.56.28:469][  0]LogConfig: Setting CVar [[r.AnisotropicMaterials:1]]
[2021.11.22-20.56.28:469][  0]LogConfig: Setting CVar [[r.SSS.Scale:1]]
[2021.11.22-20.56.28:469][  0]LogConfig: Setting CVar [[r.SSS.SampleSet:2]]
[2021.11.22-20.56.28:469][  0]LogConfig: Setting CVar [[r.SSS.Quality:1]]
[2021.11.22-20.56.28:470][  0]LogConfig: Setting CVar [[r.SSS.HalfRes:0]]
[2021.11.22-20.56.28:470][  0]LogConfig: Setting CVar [[r.SSGI.Quality:3]]
[2021.11.22-20.56.28:470][  0]LogConfig: Setting CVar [[r.EmitterSpawnRateScale:1.0]]
[2021.11.22-20.56.28:470][  0]LogConfig: Setting CVar [[r.ParticleLightQuality:2]]
[2021.11.22-20.56.28:470][  0]LogConfig: Setting CVar [[r.SkyAtmosphere.AerialPerspectiveLUT.FastApplyOnOpaque:1 ; Always have FastSkyLUT 1 in this case to avoid wrong sky]]
[2021.11.22-20.56.28:470][  0]LogConfig: Setting CVar [[r.SkyAtmosphere.AerialPerspectiveLUT.SampleCountMaxPerSlice:4]]
[2021.11.22-20.56.28:470][  0]LogConfig: Setting CVar [[r.SkyAtmosphere.AerialPerspectiveLUT.DepthResolution:16.0]]
[2021.11.22-20.56.28:470][  0]LogConfig: Setting CVar [[r.SkyAtmosphere.FastSkyLUT:1]]
[2021.11.22-20.56.28:470][  0]LogConfig: Setting CVar [[r.SkyAtmosphere.FastSkyLUT.SampleCountMin:4.0]]
[2021.11.22-20.56.28:470][  0]LogConfig: Setting CVar [[r.SkyAtmosphere.FastSkyLUT.SampleCountMax:128.0]]
[2021.11.22-20.56.28:470][  0]LogConfig: Setting CVar [[r.SkyAtmosphere.SampleCountMin:4.0]]
[2021.11.22-20.56.28:470][  0]LogConfig: Setting CVar [[r.SkyAtmosphere.SampleCountMax:128.0]]
[2021.11.22-20.56.28:470][  0]LogConfig: Setting CVar [[r.SkyAtmosphere.TransmittanceLUT.UseSmallFormat:0]]
[2021.11.22-20.56.28:470][  0]LogConfig: Setting CVar [[r.SkyAtmosphere.TransmittanceLUT.SampleCount:10.0]]
[2021.11.22-20.56.28:470][  0]LogConfig: Setting CVar [[r.SkyAtmosphere.MultiScatteringLUT.SampleCount:15.0]]
[2021.11.22-20.56.28:470][  0]LogConfig: Setting CVar [[r.SkyLight.RealTimeReflectionCapture:1]]
[2021.11.22-20.56.28:470][  0]LogConfig: Applying CVar settings from Section [FoliageQuality@3] File [C:/Users/ROSORIO/Desktop/Scientificus/ProyectoUE/Saved/Config/Windows/Scalability.ini]
[2021.11.22-20.56.28:470][  0]LogConfig: Setting CVar [[foliage.DensityScale:1.0]]
[2021.11.22-20.56.28:470][  0]LogConfig: Setting CVar [[grass.DensityScale:1.0]]
[2021.11.22-20.56.28:470][  0]LogConfig: Applying CVar settings from Section [ShadingQuality@3] File [C:/Users/ROSORIO/Desktop/Scientificus/ProyectoUE/Saved/Config/Windows/Scalability.ini]
[2021.11.22-20.56.28:470][  0]LogConfig: Setting CVar [[r.HairStrands.SkyLighting.IntegrationType:2]]
[2021.11.22-20.56.28:470][  0]LogConfig: Setting CVar [[r.HairStrands.SkyAO.SampleCount:4]]
[2021.11.22-20.56.28:470][  0]LogConfig: Setting CVar [[r.HairStrands.Visibility.MSAA.SamplePerPixel:4]]
[2021.11.22-20.56.28:470][  0]LogInit: Selected Device Profile: [Windows]
[2021.11.22-20.56.28:470][  0]LogInit: Applying CVar settings loaded from the selected device profile: [Windows]
[2021.11.22-20.56.28:470][  0]LogHAL: Display: Platform has ~ 12 GB [12746723328 / 17179869184 / 12], which maps to Larger [LargestMinGB=32, LargerMinGB=12, DefaultMinGB=8, SmallerMinGB=6, SmallestMinGB=0)
[2021.11.22-20.56.28:470][  0]LogInit: Going up to parent DeviceProfile []
[2021.11.22-20.56.28:470][  0]LogConfig: Applying CVar settings from Section [ViewDistanceQuality@3] File [C:/Users/ROSORIO/Desktop/Scientificus/ProyectoUE/Saved/Config/Windows/Scalability.ini]
[2021.11.22-20.56.28:470][  0]LogConfig: Setting CVar [[r.SkeletalMeshLODBias:0]]
[2021.11.22-20.56.28:470][  0]LogConfig: Setting CVar [[r.ViewDistanceScale:1.0]]
[2021.11.22-20.56.28:470][  0]LogConfig: Applying CVar settings from Section [AntiAliasingQuality@3] File [C:/Users/ROSORIO/Desktop/Scientificus/ProyectoUE/Saved/Config/Windows/Scalability.ini]
[2021.11.22-20.56.28:470][  0]LogConfig: Setting CVar [[r.PostProcessAAQuality:4]]
[2021.11.22-20.56.28:470][  0]LogConfig: Applying CVar settings from Section [ShadowQuality@3] File [C:/Users/ROSORIO/Desktop/Scientificus/ProyectoUE/Saved/Config/Windows/Scalability.ini]
[2021.11.22-20.56.28:470][  0]LogConfig: Setting CVar [[r.LightFunctionQuality:1]]
[2021.11.22-20.56.28:471][  0]LogConfig: Setting CVar [[r.ShadowQuality:5]]
[2021.11.22-20.56.28:471][  0]LogConfig: Setting CVar [[r.Shadow.CSM.MaxCascades:10]]
[2021.11.22-20.56.28:471][  0]LogConfig: Setting CVar [[r.Shadow.MaxResolution:2048]]
[2021.11.22-20.56.28:471][  0]LogConfig: Setting CVar [[r.Shadow.MaxCSMResolution:2048]]
[2021.11.22-20.56.28:471][  0]LogConfig: Setting CVar [[r.Shadow.RadiusThreshold:0.01]]
[2021.11.22-20.56.28:471][  0]LogConfig: Setting CVar [[r.Shadow.DistanceScale:1.0]]
[2021.11.22-20.56.28:471][  0]LogConfig: Setting CVar [[r.Shadow.CSM.TransitionScale:1.0]]
[2021.11.22-20.56.28:471][  0]LogConfig: Setting CVar [[r.Shadow.PreShadowResolutionFactor:1.0]]
[2021.11.22-20.56.28:471][  0]LogConfig: Setting CVar [[r.DistanceFieldShadowing:1]]
[2021.11.22-20.56.28:471][  0]LogConfig: Setting CVar [[r.DistanceFieldAO:1]]
[2021.11.22-20.56.28:471][  0]LogConfig: Setting CVar [[r.AOQuality:2]]
[2021.11.22-20.56.28:471][  0]LogConfig: Setting CVar [[r.VolumetricFog:1]]
[2021.11.22-20.56.28:471][  0]LogConfig: Setting CVar [[r.VolumetricFog.GridPixelSize:8]]
[2021.11.22-20.56.28:471][  0]LogConfig: Setting CVar [[r.VolumetricFog.GridSizeZ:128]]
[2021.11.22-20.56.28:471][  0]LogConfig: Setting CVar [[r.VolumetricFog.HistoryMissSupersampleCount:4]]
[2021.11.22-20.56.28:471][  0]LogConfig: Setting CVar [[r.LightMaxDrawDistanceScale:1]]
[2021.11.22-20.56.28:471][  0]LogConfig: Setting CVar [[r.CapsuleShadows:1]]
[2021.11.22-20.56.28:471][  0]LogConfig: Applying CVar settings from Section [PostProcessQuality@3] File [C:/Users/ROSORIO/Desktop/Scientificus/ProyectoUE/Saved/Config/Windows/Scalability.ini]
[2021.11.22-20.56.28:471][  0]LogConfig: Setting CVar [[r.MotionBlurQuality:4]]
[2021.11.22-20.56.28:471][  0]LogConfig: Setting CVar [[r.AmbientOcclusionMipLevelFactor:0.4]]
[2021.11.22-20.56.28:471][  0]LogConfig: Setting CVar [[r.AmbientOcclusionMaxQuality:100]]
[2021.11.22-20.56.28:471][  0]LogConfig: Setting CVar [[r.AmbientOcclusionLevels:-1]]
[2021.11.22-20.56.28:471][  0]LogConfig: Setting CVar [[r.AmbientOcclusionRadiusScale:1.0]]
[2021.11.22-20.56.28:471][  0]LogConfig: Setting CVar [[r.DepthOfFieldQuality:2]]
[2021.11.22-20.56.28:471][  0]LogConfig: Setting CVar [[r.RenderTargetPoolMin:400]]
[2021.11.22-20.56.28:471][  0]LogConfig: Setting CVar [[r.LensFlareQuality:2]]
[2021.11.22-20.56.28:471][  0]LogConfig: Setting CVar [[r.SceneColorFringeQuality:1]]
[2021.11.22-20.56.28:471][  0]LogConfig: Setting CVar [[r.EyeAdaptationQuality:2]]
[2021.11.22-20.56.28:471][  0]LogConfig: Setting CVar [[r.BloomQuality:5]]
[2021.11.22-20.56.28:471][  0]LogConfig: Setting CVar [[r.FastBlurThreshold:100]]
[2021.11.22-20.56.28:472][  0]LogConfig: Setting CVar [[r.Upscale.Quality:3]]
[2021.11.22-20.56.28:472][  0]LogConfig: Setting CVar [[r.Tonemapper.GrainQuantization:1]]
[2021.11.22-20.56.28:472][  0]LogConfig: Setting CVar [[r.LightShaftQuality:1]]
[2021.11.22-20.56.28:472][  0]LogConfig: Setting CVar [[r.Filter.SizeScale:1]]
[2021.11.22-20.56.28:472][  0]LogConfig: Setting CVar [[r.Tonemapper.Quality:5]]
[2021.11.22-20.56.28:472][  0]LogConfig: Setting CVar [[r.DOF.Gather.AccumulatorQuality:1        ; higher gathering accumulator quality]]
[2021.11.22-20.56.28:472][  0]LogConfig: Setting CVar [[r.DOF.Gather.PostfilterMethod:1          ; Median3x3 postfilering method]]
[2021.11.22-20.56.28:472][  0]LogConfig: Setting CVar [[r.DOF.Gather.EnableBokehSettings:0       ; no bokeh simulation when gathering]]
[2021.11.22-20.56.28:472][  0]LogConfig: Setting CVar [[r.DOF.Gather.RingCount:4                 ; medium number of samples when gathering]]
[2021.11.22-20.56.28:472][  0]LogConfig: Setting CVar [[r.DOF.Scatter.ForegroundCompositing:1    ; additive foreground scattering]]
[2021.11.22-20.56.28:472][  0]LogConfig: Setting CVar [[r.DOF.Scatter.BackgroundCompositing:2    ; additive background scattering]]
[2021.11.22-20.56.28:472][  0]LogConfig: Setting CVar [[r.DOF.Scatter.EnableBokehSettings:1      ; bokeh simulation when scattering]]
[2021.11.22-20.56.28:472][  0]LogConfig: Setting CVar [[r.DOF.Scatter.MaxSpriteRatio:0.1         ; only a maximum of 10% of scattered bokeh]]
[2021.11.22-20.56.28:472][  0]LogConfig: Setting CVar [[r.DOF.Recombine.Quality:1                ; cheap slight out of focus]]
[2021.11.22-20.56.28:472][  0]LogConfig: Setting CVar [[r.DOF.Recombine.EnableBokehSettings:0    ; no bokeh simulation on slight out of focus]]
[2021.11.22-20.56.28:472][  0]LogConfig: Setting CVar [[r.DOF.TemporalAAQuality:1                ; more stable temporal accumulation]]
[2021.11.22-20.56.28:472][  0]LogConfig: Setting CVar [[r.DOF.Kernel.MaxForegroundRadius:0.025]]
[2021.11.22-20.56.28:472][  0]LogConfig: Setting CVar [[r.DOF.Kernel.MaxBackgroundRadius:0.025]]
[2021.11.22-20.56.28:472][  0]LogConfig: Applying CVar settings from Section [TextureQuality@3] File [C:/Users/ROSORIO/Desktop/Scientificus/ProyectoUE/Saved/Config/Windows/Scalability.ini]
[2021.11.22-20.56.28:472][  0]LogConfig: Setting CVar [[r.Streaming.MipBias:0]]
[2021.11.22-20.56.28:472][  0]LogConfig: Setting CVar [[r.Streaming.AmortizeCPUToGPUCopy:0]]
[2021.11.22-20.56.28:472][  0]LogConfig: Setting CVar [[r.Streaming.MaxNumTexturesToStreamPerFrame:0]]
[2021.11.22-20.56.28:472][  0]LogConfig: Setting CVar [[r.Streaming.Boost:1]]
[2021.11.22-20.56.28:472][  0]LogConfig: Setting CVar [[r.MaxAnisotropy:8]]
[2021.11.22-20.56.28:472][  0]LogConfig: Setting CVar [[r.VT.MaxAnisotropy:8]]
[2021.11.22-20.56.28:472][  0]LogConfig: Setting CVar [[r.Streaming.LimitPoolSizeToVRAM:0]]
[2021.11.22-20.56.28:472][  0]LogConfig: Setting CVar [[r.Streaming.PoolSize:1000]]
[2021.11.22-20.56.28:472][  0]LogConfig: Setting CVar [[r.Streaming.MaxEffectiveScreenSize:0]]
[2021.11.22-20.56.28:472][  0]LogConfig: Applying CVar settings from Section [EffectsQuality@3] File [C:/Users/ROSORIO/Desktop/Scientificus/ProyectoUE/Saved/Config/Windows/Scalability.ini]
[2021.11.22-20.56.28:472][  0]LogConfig: Setting CVar [[r.TranslucencyLightingVolumeDim:64]]
[2021.11.22-20.56.28:472][  0]LogConfig: Setting CVar [[r.RefractionQuality:2]]
[2021.11.22-20.56.28:472][  0]LogConfig: Setting CVar [[r.SSR.Quality:3]]
[2021.11.22-20.56.28:472][  0]LogConfig: Setting CVar [[r.SSR.HalfResSceneColor:0]]
[2021.11.22-20.56.28:472][  0]LogConfig: Setting CVar [[r.SceneColorFormat:4]]
[2021.11.22-20.56.28:472][  0]LogConfig: Setting CVar [[r.DetailMode:2]]
[2021.11.22-20.56.28:472][  0]LogConfig: Setting CVar [[r.TranslucencyVolumeBlur:1]]
[2021.11.22-20.56.28:472][  0]LogConfig: Setting CVar [[r.MaterialQualityLevel:1 ; High quality]]
[2021.11.22-20.56.28:473][  0]LogConfig: Setting CVar [[r.AnisotropicMaterials:1]]
[2021.11.22-20.56.28:473][  0]LogConfig: Setting CVar [[r.SSS.Scale:1]]
[2021.11.22-20.56.28:473][  0]LogConfig: Setting CVar [[r.SSS.SampleSet:2]]
[2021.11.22-20.56.28:473][  0]LogConfig: Setting CVar [[r.SSS.Quality:1]]
[2021.11.22-20.56.28:473][  0]LogConfig: Setting CVar [[r.SSS.HalfRes:0]]
[2021.11.22-20.56.28:473][  0]LogConfig: Setting CVar [[r.SSGI.Quality:3]]
[2021.11.22-20.56.28:473][  0]LogConfig: Setting CVar [[r.EmitterSpawnRateScale:1.0]]
[2021.11.22-20.56.28:473][  0]LogConfig: Setting CVar [[r.ParticleLightQuality:2]]
[2021.11.22-20.56.28:473][  0]LogConfig: Setting CVar [[r.SkyAtmosphere.AerialPerspectiveLUT.FastApplyOnOpaque:1 ; Always have FastSkyLUT 1 in this case to avoid wrong sky]]
[2021.11.22-20.56.28:473][  0]LogConfig: Setting CVar [[r.SkyAtmosphere.AerialPerspectiveLUT.SampleCountMaxPerSlice:4]]
[2021.11.22-20.56.28:473][  0]LogConfig: Setting CVar [[r.SkyAtmosphere.AerialPerspectiveLUT.DepthResolution:16.0]]
[2021.11.22-20.56.28:473][  0]LogConfig: Setting CVar [[r.SkyAtmosphere.FastSkyLUT:1]]
[2021.11.22-20.56.28:473][  0]LogConfig: Setting CVar [[r.SkyAtmosphere.FastSkyLUT.SampleCountMin:4.0]]
[2021.11.22-20.56.28:473][  0]LogConfig: Setting CVar [[r.SkyAtmosphere.FastSkyLUT.SampleCountMax:128.0]]
[2021.11.22-20.56.28:473][  0]LogConfig: Setting CVar [[r.SkyAtmosphere.SampleCountMin:4.0]]
[2021.11.22-20.56.28:473][  0]LogConfig: Setting CVar [[r.SkyAtmosphere.SampleCountMax:128.0]]
[2021.11.22-20.56.28:473][  0]LogConfig: Setting CVar [[r.SkyAtmosphere.TransmittanceLUT.UseSmallFormat:0]]
[2021.11.22-20.56.28:473][  0]LogConfig: Setting CVar [[r.SkyAtmosphere.TransmittanceLUT.SampleCount:10.0]]
[2021.11.22-20.56.28:473][  0]LogConfig: Setting CVar [[r.SkyAtmosphere.MultiScatteringLUT.SampleCount:15.0]]
[2021.11.22-20.56.28:473][  0]LogConfig: Setting CVar [[r.SkyLight.RealTimeReflectionCapture:1]]
[2021.11.22-20.56.28:473][  0]LogConfig: Applying CVar settings from Section [FoliageQuality@3] File [C:/Users/ROSORIO/Desktop/Scientificus/ProyectoUE/Saved/Config/Windows/Scalability.ini]
[2021.11.22-20.56.28:473][  0]LogConfig: Setting CVar [[foliage.DensityScale:1.0]]
[2021.11.22-20.56.28:473][  0]LogConfig: Setting CVar [[grass.DensityScale:1.0]]
[2021.11.22-20.56.28:473][  0]LogConfig: Applying CVar settings from Section [ShadingQuality@3] File [C:/Users/ROSORIO/Desktop/Scientificus/ProyectoUE/Saved/Config/Windows/Scalability.ini]
[2021.11.22-20.56.28:473][  0]LogConfig: Setting CVar [[r.HairStrands.SkyLighting.IntegrationType:2]]
[2021.11.22-20.56.28:473][  0]LogConfig: Setting CVar [[r.HairStrands.SkyAO.SampleCount:4]]
[2021.11.22-20.56.28:473][  0]LogConfig: Setting CVar [[r.HairStrands.Visibility.MSAA.SamplePerPixel:4]]
[2021.11.22-20.56.28:473][  0]LogConfig: Applying CVar settings from Section [Startup] File [../../../Engine/Config/ConsoleVariables.ini]
[2021.11.22-20.56.28:474][  0]LogConfig: Setting CVar [[net.UseAdaptiveNetUpdateFrequency:0]]
[2021.11.22-20.56.28:474][  0]LogConfig: Setting CVar [[p.chaos.AllowCreatePhysxBodies:1]]
[2021.11.22-20.56.28:474][  0]LogConfig: Setting CVar [[fx.SkipVectorVMBackendOptimizations:1]]
[2021.11.22-20.56.28:474][  0]LogConfig: Applying CVar settings from Section [ConsoleVariables] File [C:/Users/ROSORIO/Desktop/Scientificus/ProyectoUE/Saved/Config/Windows/Engine.ini]
[2021.11.22-20.56.28:474][  0]LogConfig: Applying CVar settings from Section [ConsoleVariables] File [C:/Users/ROSORIO/Desktop/Scientificus/ProyectoUE/Saved/Config/Windows/Editor.ini]
[2021.11.22-20.56.28:474][  0]LogInit: Computer: DESKTOP-KQDBUCG
[2021.11.22-20.56.28:474][  0]LogInit: User: ROSORIO
[2021.11.22-20.56.28:474][  0]LogInit: CPU Page size=4096, Cores=2
[2021.11.22-20.56.28:474][  0]LogInit: High frequency timer resolution =10.000000 MHz
[2021.11.22-20.56.28:474][  0]LogMemory: Memory total: Physical=11.9GB (12GB approx)
[2021.11.22-20.56.28:474][  0]LogMemory: Platform Memory Stats for Windows
[2021.11.22-20.56.28:474][  0]LogMemory: Process Physical Memory: 140.02 MB used, 140.02 MB peak
[2021.11.22-20.56.28:474][  0]LogMemory: Process Virtual Memory: 110.72 MB used, 110.72 MB peak
[2021.11.22-20.56.28:474][  0]LogMemory: Physical Memory: 7021.94 MB used,  5134.28 MB free, 12156.22 MB total
[2021.11.22-20.56.28:474][  0]LogMemory: Virtual Memory: 134214104.00 MB used,  3627.40 MB free, 134217728.00 MB total
[2021.11.22-20.56.28:482][  0]LogWindows: WindowsPlatformFeatures enabled
[2021.11.22-20.56.28:529][  0]LogInit: Physics initialised using underlying interface: PhysX
[2021.11.22-20.56.28:530][  0]LogInit: Using OS detected language (es-ES).
[2021.11.22-20.56.28:530][  0]LogInit: Using OS detected locale (es-CO).
[2021.11.22-20.56.28:534][  0]LogTextLocalizationManager: No specific localization for 'es-ES' exists, so the 'es' localization will be used.
[2021.11.22-20.56.28:617][  0]LogWindowsTextInputMethodSystem: Display: IME system deactivated.
[2021.11.22-20.56.28:642][  0]LogSlate: New Slate User Created.  User Index 0, Is Virtual User: 0
[2021.11.22-20.56.28:642][  0]LogSlate: Slate User Registered.  User Index 0, Is Virtual User: 0
[2021.11.22-20.56.28:665][  0]LogD3D11RHI: Loaded GFSDK_Aftermath_Lib.x64.dll
[2021.11.22-20.56.28:741][  0]LogHMD: Failed to initialize OpenVR with code 110
[2021.11.22-20.56.28:741][  0]LogD3D11RHI: D3D11 min allowed feature level: 11_0
[2021.11.22-20.56.28:741][  0]LogD3D11RHI: D3D11 max allowed feature level: 11_0
[2021.11.22-20.56.28:741][  0]LogD3D11RHI: D3D11 adapters:
[2021.11.22-20.56.28:890][  0]LogD3D11RHI:    0. 'NVIDIA GeForce 940MX' (Feature Level 11_0)
[2021.11.22-20.56.28:890][  0]LogD3D11RHI:       2010/0/6078 MB DedicatedVideo/DedicatedSystem/SharedSystem, Outputs:1, VendorId:0x10de
[2021.11.22-20.56.28:936][  0]LogD3D11RHI:    1. 'Intel(R) HD Graphics 620' (Feature Level 11_0)
[2021.11.22-20.56.28:936][  0]LogD3D11RHI:       128/0/6078 MB DedicatedVideo/DedicatedSystem/SharedSystem, Outputs:0, VendorId:0x8086
[2021.11.22-20.56.28:939][  0]LogD3D11RHI:    2. 'Microsoft Basic Render Driver' (Feature Level 11_0)
[2021.11.22-20.56.28:939][  0]LogD3D11RHI:       0/0/6078 MB DedicatedVideo/DedicatedSystem/SharedSystem, Outputs:0, VendorId:0x1414
[2021.11.22-20.56.28:939][  0]LogD3D11RHI: Chosen D3D11 Adapter: 0
[2021.11.22-20.56.29:013][  0]LogD3D11RHI: Creating new Direct3DDevice
[2021.11.22-20.56.29:014][  0]LogD3D11RHI:     GPU DeviceId: 0x179c (for the marketing name, search the web for "GPU Device Id")
[2021.11.22-20.56.29:014][  0]LogWindows: EnumDisplayDevices:
[2021.11.22-20.56.29:014][  0]LogWindows:    0. 'Intel(R) HD Graphics 620' (P:1 D:1)
[2021.11.22-20.56.29:014][  0]LogWindows:    1. 'Intel(R) HD Graphics 620' (P:0 D:0)
[2021.11.22-20.56.29:015][  0]LogWindows:    2. 'Intel(R) HD Graphics 620' (P:0 D:0)
[2021.11.22-20.56.29:015][  0]LogWindows: DebugString: PrimaryIsNotTheChoosenAdapter PrimaryIsNotTheChoosenAdapter PrimaryIsNotTheChoosenAdapter FoundDriverCount:0 
[2021.11.22-20.56.29:015][  0]LogD3D11RHI:     Adapter Name: NVIDIA GeForce 940MX
[2021.11.22-20.56.29:015][  0]LogD3D11RHI:   Driver Version: Unknown (internal:Unknown, unified:Unknown)
[2021.11.22-20.56.29:015][  0]LogD3D11RHI:      Driver Date: Unknown
[2021.11.22-20.56.29:015][  0]LogRHI: Texture pool is 1407 MB (70% of 2010 MB)
[2021.11.22-20.56.29:100][  0]LogD3D11RHI: RHI has support for 64 bit atomics
[2021.11.22-20.56.29:100][  0]LogD3D11RHI: Async texture creation enabled
[2021.11.22-20.56.29:125][  0]LogD3D11RHI: GPU Timing Frequency: 1000.000000 (Debug: 2 1)
[2021.11.22-20.56.29:198][  0]LogRHI: GeForceNow SDK initialized: 1
[2021.11.22-20.56.29:905][  0]LogTargetPlatformManager: Display: Loaded TargetPlatform 'WindowsNoEditor'
[2021.11.22-20.56.29:910][  0]LogTargetPlatformManager: Display: Loaded TargetPlatform 'Windows'
[2021.11.22-20.56.29:919][  0]LogTargetPlatformManager: Display: Loaded TargetPlatform 'WindowsClient'
[2021.11.22-20.56.29:926][  0]LogTargetPlatformManager: Display: Loaded TargetPlatform 'WindowsServer'
[2021.11.22-20.56.29:926][  0]LogTargetPlatformManager: Display: Building Assets For Windows
[2021.11.22-20.56.29:940][  0]LogAudioDebug: Display: Lib vorbis DLL was dynamically loaded.
[2021.11.22-20.56.29:999][  0]LogTextureFormatOodle: Display: Oodle Texture 2.9.0 init RDO Off
[2021.11.22-20.56.30:055][  0]LogRendererCore: Ray tracing is disabled. Reason: r.RayTracing=0.
[2021.11.22-20.56.30:055][  0]LogShaderCompilers: Guid format shader working directory is -1 characters bigger than the processId version (C:/Users/ROSORIO/Desktop/Scientificus/ProyectoUE/Intermediate/Shaders/WorkingDirectory/17648/).
[2021.11.22-20.56.30:056][  0]LogShaderCompilers: Cleaned the shader compiler working directory 'C:/Users/ROSORIO/AppData/Local/Temp/UnrealShaderWorkingDir/1931904243CC1652FB99A8A8B8F9FA07/'.
[2021.11.22-20.56.30:056][  0]LogXGEController: Cannot use XGE Controller as Incredibuild is not installed on this machine.
[2021.11.22-20.56.30:056][  0]LogShaderCompilers: Cannot use XGE Shader Compiler as Incredibuild is not installed on this machine.
[2021.11.22-20.56.30:056][  0]LogShaderCompilers: Display: Using Local Shader Compiler.
[2021.11.22-20.56.31:366][  0]LogDerivedDataCache: Display: Max Cache Size: 512 MB
[2021.11.22-20.56.31:469][  0]LogDerivedDataCache: Loaded boot cache 0.10s 95MB C:/Users/ROSORIO/AppData/Local/UnrealEngine/4.27/DerivedDataCache/Boot.ddc.
[2021.11.22-20.56.31:470][  0]LogDerivedDataCache: Display: Loaded Boot cache: C:/Users/ROSORIO/AppData/Local/UnrealEngine/4.27/DerivedDataCache/Boot.ddc
[2021.11.22-20.56.31:470][  0]LogDerivedDataCache: FDerivedDataBackendGraph:  Pak pak cache file C:/Users/ROSORIO/Desktop/Scientificus/ProyectoUE/DerivedDataCache/DDC.ddp not found, will not use a pak cache.
[2021.11.22-20.56.31:470][  0]LogDerivedDataCache: Unable to find inner node Pak for hierarchical cache Hierarchy.
[2021.11.22-20.56.31:470][  0]LogDerivedDataCache: FDerivedDataBackendGraph:  CompressedPak pak cache file C:/Users/ROSORIO/Desktop/Scientificus/ProyectoUE/DerivedDataCache/Compressed.ddp not found, will not use a pak cache.
[2021.11.22-20.56.31:470][  0]LogDerivedDataCache: Unable to find inner node CompressedPak for hierarchical cache Hierarchy.
[2021.11.22-20.56.31:495][  0]LogDerivedDataCache: Display: Pak cache opened for reading ../../../Engine/DerivedDataCache/Compressed.ddp.
[2021.11.22-20.56.31:495][  0]LogDerivedDataCache: FDerivedDataBackendGraph:  EnterprisePak pak cache file ../../../Enterprise/DerivedDataCache/Compressed.ddp not found, will not use a pak cache.
[2021.11.22-20.56.31:495][  0]LogDerivedDataCache: Unable to find inner node EnterprisePak for hierarchical cache Hierarchy.
[2021.11.22-20.56.31:505][  0]LogDerivedDataCache: Speed tests for C:/Users/ROSORIO/AppData/Local/UnrealEngine/Common/DerivedDataCache took 0.01 seconds
[2021.11.22-20.56.31:505][  0]LogDerivedDataCache: Display: Performance to C:/Users/ROSORIO/AppData/Local/UnrealEngine/Common/DerivedDataCache: Latency=0.06ms. RandomReadSpeed=989.35MBs, RandomWriteSpeed=109.09MBs. Assigned SpeedClass 'Local'
[2021.11.22-20.56.31:508][  0]LogDerivedDataCache: Using Local data cache path C:/Users/ROSORIO/AppData/Local/UnrealEngine/Common/DerivedDataCache: Writable
[2021.11.22-20.56.31:508][  0]LogDerivedDataCache: Shared data cache path not found in *engine.ini, will not use an Shared cache.
[2021.11.22-20.56.31:508][  0]LogDerivedDataCache: Unable to find inner node Shared for hierarchical cache Hierarchy.
[2021.11.22-20.56.31:575][  0]LogSlate: Using FreeType 2.10.0
[2021.11.22-20.56.31:575][  0]LogSlate: SlateFontServices - WITH_FREETYPE: 1, WITH_HARFBUZZ: 1
[2021.11.22-20.56.31:782][  0]LogInit: Using OS detected language (es-ES).
[2021.11.22-20.56.31:782][  0]LogInit: Using OS detected locale (es-CO).
[2021.11.22-20.56.31:783][  0]LogTextLocalizationManager: No localization for 'es-ES' exists, so 'en' will be used for the language.
[2021.11.22-20.56.31:783][  0]LogTextLocalizationManager: No localization for 'es-CO' exists, so 'en' will be used for the locale.
[2021.11.22-20.56.31:783][  0]LogSlate: FontCache flush requested. Reason: Culture for localization was changed
[2021.11.22-20.56.31:783][  0]LogSlate: FontCache flush requested. Reason: Culture for localization was changed
[2021.11.22-20.56.31:789][  0]LogAssetRegistry: FAssetRegistry took 0.0032 seconds to start up
[2021.11.22-20.56.32:113][  0]LogTextLocalizationManager: Compacting localization data took   0.00ms
[2021.11.22-20.56.32:113][  0]LogPackageLocalizationCache: Processed 27 localized package path(s) for 1 prioritized culture(s) in 0.002806 seconds
[2021.11.22-20.56.32:259][  0]LogInit: Selected Device Profile: [Windows]
[2021.11.22-20.56.32:259][  0]LogInit: Active device profile: [000001C05FB9AB00][000001C058892480 49] Windows
[2021.11.22-20.56.32:259][  0]LogInit: Profiles: [000001C05FB9AB00][000001C058892480 49] Windows, [000001C05FB51700][000001C05880A600 49] WindowsNoEditor, [000001C05FB99700][000001C05880E780 49] WindowsServer, [000001C05FB52200][000001C058812900 49] WindowsClient, [000001C05FB9A100][000001C058288A80 49] IOS, [000001C05FB53D00][000001C05828CC00 49] iPadAir, [000001C05FB9A900][000001C058290D80 49] iPadAir2, [000001C05FAFEB00][000001C058299040 49] IPadPro, [000001C05FAFEC00][000001C058295080 49] iPadAir3, [000001C05FB99900][000001C05829D200 49] iPadAir4, [000001C05FAFF400][000001C0582A1380 49] iPadMini2, [000001C05FB99C00][000001C05E015500 49] iPadMini3, [000001C05FAFD200][000001C05E019680 49] iPadMini4, [000001C05FB98B00][000001C05E01D800 49] iPadMini5, [000001C05FB7A400][000001C05E025AC0 49] iPhone6, [000001C05FB7A500][000001C05E021B00 49] iPodTouch6, [000001C05FAFDF00][000001C05E0281C0 49] iPhone7, [000001C05FAFE000][000001C058806200 49] iPodTouch7, [000001C05FB7AC00][000001C05E02C340 49] iPhone5S, [000001C05FAFCA00][000001C05E0344C0 49] iPhone6Plus, [000001C05FB79200][000001C05E038640 49] iPhone6S, [000001C05FAFFD00][000001C05E03C7C0 49] iPhone6SPlus, [000001C05FB7A800][000001C05E040940 49] iPhone7Plus, [000001C05FAFEF00][000001C05E044AC0 49] iPhoneSE, [000001C05FB7AF00][000001C05E048C40 49] iPhone8, [000001C05FAFE300][000001C05E04CDC0 49] iPhone8Plus, [000001C05FB78100][000001C05E050F40 49] iPhoneX, [000001C05FAFDB00][000001C05E0550C0 49] iPhoneXS, [000001C05FB7BE00][000001C05E059240 49] iPhoneXSMax, [000001C05FAFE700][000001C05E05D3C0 49] iPhoneXR, [000001C05FB79400][000001C05818D540 49] iPhone11, [000001C05FAFD400][000001C0581916C0 49] iPhone11Pro, [000001C05FB7AA00][000001C058195840 49] iPhone11ProMax, [000001C05FAFD000][000001C0581999C0 49] iPhoneSE2, [000001C05FB7BA00][000001C05819DB40 49] iPhone12Mini, [000001C05FAFD700][000001C0581A0140 49] iPhone12, [000001C05FB78800][000001C05E030280 49] iPhone12Pro, [000001C05FAFDD00][000001C0581A43C0 49] iPhone12ProMax, [000001C05FB7B400][000001C0581A8500 49] iPadPro105, [000001C05FAFC400][000001C0581B0680 49] iPadPro129, [000001C05FB79C00][000001C0581B4800 49] iPadPro97, [000001C05FAFE100][000001C0581B8980 49] iPadPro2_129, [000001C05FB7A100][000001C0581BCB00 49] iPad5, [000001C05FAFCF00][000001C0581C0C80 49] iPad6, [000001C05FB78C00][000001C0581C4E00 49] iPad7, [000001C05FAFF800][000001C0581C8F80 49] iPad8, [000001C05FB79900][000001C0581CD100 49] iPadPro11, [000001C05FAFED00][000001C0581D1280 49] iPadPro2_11, [000001C05FB78A00][000001C0581D5400 49] iPadPro3_129, [000001C05FAFF600][000001C04599B580 49] iPadPro4_129, [000001C05FB51900][000001C04599F700 49] AppleTV, [000001C05FBE1800][000001C0459A3880 49] AppleTV4K, [000001C05FB53700][000001C0459A7A00 49] TVOS, [000001C05FBE0C00][000001C0459ABB80 49] Mac, [000001C05FB51200][000001C0459AE180 49] MacClient, [000001C05FBE0F00][000001C0459B2300 49] MacNoEditor, [000001C05FB50600][000001C0581AC440 49] MacServer, [000001C05FBE0300][000001C0459B6580 49] Linux, [000001C05FB51400][000001C0459BA6C0 49] LinuxAArch64, [000001C05FBE1200][000001C0459C2840 49] LinuxNoEditor, [000001C05FB50A00][000001C0459C69C0 49] LinuxAArch64NoEditor, [000001C05FBE0600][000001C0459CAB40 49] LinuxClient, [000001C05FB53200][000001C0459CECC0 49] LinuxAArch64Client, [000001C05FBE1400][000001C0459D2E40 49] LinuxServer, [000001C05FB53B00][000001C0459D6FC0 49] LinuxAArch64Server, [000001C05FBE1000][000001C0459DB140 49] Android, [000001C05FAFF200][000001C0459DF2C0 49] Android_Low, [000001C05FB79700][000001C0459E3440 49] Android_Mid, [000001C05FAFE800][000001C0459E75C0 49] Android_High, [000001C05FB7BB00][000001C0459EB740 49] Android_Default, [000001C05FAFFF00][000001C0459EF8C0 49] Android_Adreno4xx, [000001C05FB7B000][000001C0459F3A40 49] Android_Adreno5xx_Low, [000001C05FAFEA00][000001C0459F7BC0 49] Android_Adreno5xx, [000001C05FB7A200][000001C0459FA1C0 49] Android_Adreno6xx, [000001C05FAFD100][000001C0459FE340 49] Android_Adreno6xx_Vulkan, [000001C05FB78300][000001C045A024C0 49] Android_Mali_T6xx, [000001C05FAFC300][000001C0459BE600 49] Android_Mali_T7xx, [000001C05FB7B500][000001C045A06740 49] Android_Mali_T8xx, [000001C05FAFF900][000001C045A0A880 49] Android_Mali_G71, [000001C05FB7A600][000001C045A0E9C0 49] Android_Mali_G72, [000001C05FAFE900][000001C045A16B40 49] Android_Mali_G72_Vulkan, [000001C05FB79500][000001C045A1ACC0 49] Android_Mali_G76, [000001C05FAFC200][000001C045A1EE40 49] Android_Mali_G76_Vulkan, [000001C05FB7B600][000001C058638FC0 49] Android_Mali_G77, [000001C05FBE0E00][000001C05863D140 49] Android_Mali_G77_Vulkan, [000001C05FB7B200][000001C0586412C0 49] Android_Mali_G78, [000001C05FBE0700][000001C058645440 49] Android_Mali_G78_Vulkan, [000001C05FB7AE00][000001C0586495C0 49] Android_Mali_G710, [000001C05FAFDA00][000001C05864D740 49] Android_Mali_G710_Vulkan, [000001C05FB7B100][000001C0586518C0 49] Android_Vulkan_SM5, [000001C05FAFD500][000001C058655A40 49] Android_PowerVR_G6xxx, [000001C05FB7AD00][000001C058659BC0 49] Android_PowerVR_GT7xxx, [000001C05FAFC600][000001C05865C1C0 49] Android_PowerVR_GE8xxx, [000001C05FB7BC00][000001C058660340 49] Android_PowerVR_GM9xxx, [000001C05FAFC800][000001C0586644C0 49] Android_PowerVR_GM9xxx_Vulkan, [000001C05FB79100][000001C058668640 49] Android_TegraK1, [000001C05FAFC500][000001C045A12780 49] Android_Unknown_Vulkan, [000001C05FB79F00][000001C05866C8C0 49] Lumin, [000001C05FAFF000][000001C058670A00 49] Lumin_Desktop, [000001C05FB7B800][000001C058674B40 49] HoloLens, 
[2021.11.22-20.56.32:338][  0]LogMeshReduction: Using QuadricMeshReduction for automatic static mesh reduction
[2021.11.22-20.56.32:338][  0]LogMeshReduction: Using SimplygonMeshReduction for automatic skeletal mesh reduction
[2021.11.22-20.56.32:338][  0]LogMeshReduction: Using ProxyLODMeshReduction for automatic mesh merging
[2021.11.22-20.56.32:338][  0]LogMeshReduction: No distributed automatic mesh merging module available
[2021.11.22-20.56.32:338][  0]LogMeshMerging: No distributed automatic mesh merging module available
[2021.11.22-20.56.32:516][  0]LogNetVersion: ProyectoUE 1.0.0, NetCL: 17155196, EngineNetVer: 17, GameNetVer: 0 (Checksum: 3483794102)
[2021.11.22-20.56.32:979][  0]LogTexture: Default maximum texture size for cubemaps generated from long-lat sources has been changed from 512 to unlimited. In order to preserve old behaiour for '/Engine/MapTemplates/Sky/DaylightAmbientCubemap.DaylightAmbientCubemap', its maximum texture size has been explicitly set to 512.
[2021.11.22-20.56.33:076][  0]LogHMD: PokeAHoleMaterial loaded successfully
[2021.11.22-20.56.33:264][  0]LogMoviePlayer: Initializing movie player
[2021.11.22-20.56.33:399][  0]LogPython: Using Python 3.7.7
[2021.11.22-20.56.34:198][  0]LogNiagaraDebuggerClient: Niagara Debugger Client Initialized | Session: 0EDDBC57459D99762336FAA8A411E6CA | Instance: 90ABC7254889E96DA6BEC8867F498D3F (DESKTOP-KQDBUCG-17648).
[2021.11.22-20.56.34:236][  0]LogCollectionManager: Loaded 0 collections in 0.003850 seconds
[2021.11.22-20.56.34:239][  0]LogCollectionManager: Fixed up redirectors for 0 collections in 0.000003 seconds (updated 0 objects)
[2021.11.22-20.56.34:252][  0]LogFileCache: Scanning file cache for directory 'C:/Users/ROSORIO/Desktop/Scientificus/ProyectoUE/Saved/Collections/' took 0.01s
[2021.11.22-20.56.34:252][  0]LogFileCache: Scanning file cache for directory 'C:/Users/ROSORIO/Desktop/Scientificus/ProyectoUE/Content/Developers/ROSORIO/Collections/' took 0.01s
[2021.11.22-20.56.34:252][  0]LogFileCache: Scanning file cache for directory 'C:/Users/ROSORIO/Desktop/Scientificus/ProyectoUE/Content/Collections/' took 0.01s
[2021.11.22-20.56.34:252][  0]LogStreaming: Warning: Failed to read file '../../../Engine/Content/Editor/Slate/Niagara/MenuSeparator.png' error.
[2021.11.22-20.56.34:252][  0]LogSlate: Could not find file for Slate resource: ../../../Engine/Content/Editor/Slate/Niagara/MenuSeparator.png
[2021.11.22-20.56.34:252][  0]LogImageWrapper: Warning: PNG Warning: Duplicate iCCP chunk
[2021.11.22-20.56.34:252][  0]LogImageWrapper: Warning: PNG Warning: Duplicate iCCP chunk
[2021.11.22-20.56.34:252][  0]LogStreaming: Warning: Failed to read file '../../../Engine/Content/Editor/Slate/Niagara/Common/Selector.png' error.
[2021.11.22-20.56.34:252][  0]LogSlate: Could not find file for Slate resource: ../../../Engine/Content/Editor/Slate/Niagara/Common/Selector.png
[2021.11.22-20.56.34:252][  0]LogStreaming: Warning: Failed to read file '../../../Engine/Content/Editor/Slate/Niagara/Common/Selection.png' error.
[2021.11.22-20.56.34:252][  0]LogSlate: Could not find file for Slate resource: ../../../Engine/Content/Editor/Slate/Niagara/Common/Selection.png
[2021.11.22-20.56.34:253][  0]LogStreaming: Warning: Failed to read file '../../../Engine/Content/Editor/Slate/Niagara/Common/DropZoneIndicator_Above.png' error.
[2021.11.22-20.56.34:253][  0]LogSlate: Could not find file for Slate resource: ../../../Engine/Content/Editor/Slate/Niagara/Common/DropZoneIndicator_Above.png
[2021.11.22-20.56.34:253][  0]LogStreaming: Warning: Failed to read file '../../../Engine/Content/Editor/Slate/Niagara/Common/DropZoneIndicator_Onto.png' error.
[2021.11.22-20.56.34:253][  0]LogSlate: Could not find file for Slate resource: ../../../Engine/Content/Editor/Slate/Niagara/Common/DropZoneIndicator_Onto.png
[2021.11.22-20.56.34:253][  0]LogStreaming: Warning: Failed to read file '../../../Engine/Content/Editor/Slate/Niagara/Common/DropZoneIndicator_Below.png' error.
[2021.11.22-20.56.34:253][  0]LogSlate: Could not find file for Slate resource: ../../../Engine/Content/Editor/Slate/Niagara/Common/DropZoneIndicator_Below.png
[2021.11.22-20.56.34:253][  0]LogStreaming: Warning: Failed to read file '../../../Engine/Content/Editor/Slate/Niagara/Common/RoundedSelection_16x.png' error.
[2021.11.22-20.56.34:253][  0]LogSlate: Could not find file for Slate resource: ../../../Engine/Content/Editor/Slate/Niagara/Common/RoundedSelection_16x.png
[2021.11.22-20.56.34:253][  0]LogStreaming: Warning: Failed to read file '../../../Engine/Content/Editor/Slate/Niagara/Common/FlatButton.png' error.
[2021.11.22-20.56.34:253][  0]LogSlate: Could not find file for Slate resource: ../../../Engine/Content/Editor/Slate/Niagara/Common/FlatButton.png
[2021.11.22-20.56.34:499][  0]LogTcpMessaging: Initializing TcpMessaging bridge
[2021.11.22-20.56.34:511][  0]LogUdpMessaging: Initializing bridge on interface 0.0.0.0:0 to multicast group 230.0.0.1:6666.
[2021.11.22-20.56.34:686][  0]SourceControl: Source control is disabled
[2021.11.22-20.56.34:686][  0]SourceControl: Source control is disabled
[2021.11.22-20.56.34:692][  0]SourceControl: Source control is disabled
[2021.11.22-20.56.34:705][  0]LogUProjectInfo: Found projects:
[2021.11.22-20.56.34:856][  0]LogOpenImageDenoise: OIDN starting up
[2021.11.22-20.56.34:938][  0]LogAndroidPermission: UAndroidPermissionCallbackProxy::GetInstance
[2021.11.22-20.56.34:979][  0]LogAudioCaptureCore: Display: No Audio Capture implementations found. Audio input will be silent.
[2021.11.22-20.56.34:979][  0]LogAudioCaptureCore: Display: No Audio Capture implementations found. Audio input will be silent.
[2021.11.22-20.56.35:106][  0]LogOcInput: OculusInput pre-init called
[2021.11.22-20.56.35:117][  0]LogUObjectArray: 22121 objects as part of root set at end of initial load.
[2021.11.22-20.56.35:117][  0]LogUObjectAllocator: 5975440 out of 0 bytes used by permanent object pool.
[2021.11.22-20.56.35:117][  0]LogUObjectArray: CloseDisregardForGC: 0/0 objects in disregard for GC pool
[2021.11.22-20.56.35:200][  0]LogEngine: Initializing Engine...
[2021.11.22-20.56.35:203][  0]LogHMD: Failed to enumerate extensions. Please check that you have a valid OpenXR runtime installed.
[2021.11.22-20.56.35:203][  0]LogHMD: Failed to initialize OpenVR with code 110
[2021.11.22-20.56.35:203][  0]LogMagicLeap: Warning: VR disabled because ZI is not enabled.  To enable, in the editor, Edit -> Project Settings -> Plugins -> Magic Leap Plugin -> Enable Zero Iteration
[2021.11.22-20.56.35:206][  0]LogStats: UGameplayTagsManager::InitializeManager -  0.000 s
[2021.11.22-20.56.35:388][  0]LogInit: Initializing FReadOnlyCVARCache
[2021.11.22-20.56.35:388][  0]LogAudio: Display: Initializing Audio Device Manager...
[2021.11.22-20.56.35:396][  0]LogAudio: Display: Loading Default Audio Settings Objects...
[2021.11.22-20.56.35:398][  0]LogAudio: Display: No default SoundConcurrencyObject specified (or failed to load).
[2021.11.22-20.56.35:399][  0]LogAudio: Display: Audio Device Manager Initialized
[2021.11.22-20.56.35:400][  0]LogAudio: Display: Creating Audio Device:                 Id: 1, Scope: Shared, Realtime: True
[2021.11.22-20.56.35:400][  0]LogAudioMixer: Display: Audio Mixer Platform Settings:
[2021.11.22-20.56.35:400][  0]LogAudioMixer: Display: 	Sample Rate:						  48000
[2021.11.22-20.56.35:400][  0]LogAudioMixer: Display: 	Callback Buffer Frame Size Requested: 1024
[2021.11.22-20.56.35:400][  0]LogAudioMixer: Display: 	Callback Buffer Frame Size To Use:	  1024
[2021.11.22-20.56.35:400][  0]LogAudioMixer: Display: 	Number of buffers to queue:			  2
[2021.11.22-20.56.35:400][  0]LogAudioMixer: Display: 	Max Channels (voices):				  32
[2021.11.22-20.56.35:400][  0]LogAudioMixer: Display: 	Number of Async Source Workers:		  0
[2021.11.22-20.56.35:400][  0]LogAudio: Display: AudioDevice MaxSources: 32
[2021.11.22-20.56.35:401][  0]LogAudio: Display: Audio Spatialization Plugin: None (built-in).
[2021.11.22-20.56.35:401][  0]LogAudio: Display: Audio Reverb Plugin: None (built-in).
[2021.11.22-20.56.35:401][  0]LogAudio: Display: Audio Occlusion Plugin: None (built-in).
[2021.11.22-20.56.35:401][  0]LogAudioMixer: Display: Initializing audio mixer.
[2021.11.22-20.56.35:429][  0]LogAudioMixer: Display: 0: FrontLeft
[2021.11.22-20.56.35:429][  0]LogAudioMixer: Display: 1: FrontRight
[2021.11.22-20.56.35:491][  0]LogAudioMixer: Display: Using Audio Device Altavoces (Realtek High Definition Audio)
[2021.11.22-20.56.35:494][  0]LogAudioMixer: Display: Initializing Sound Submixes...
[2021.11.22-20.56.35:498][  0]LogAudioMixer: Display: Creating Master Submix 'MasterSubmixDefault'
[2021.11.22-20.56.35:498][  0]LogAudioMixer: Display: Creating Master Submix 'MasterReverbSubmixDefault'
[2021.11.22-20.56.35:501][  0]LogAudioMixer: Display: Creating Master Submix 'MasterEQSubmixDefault'
[2021.11.22-20.56.35:501][  0]LogAudioMixer: FMixerPlatformXAudio2::StartAudioStream() called
[2021.11.22-20.56.35:501][  0]LogAudioMixer: Display: Output buffers initialized: Frames=1024, Channels=2, Samples=2048
[2021.11.22-20.56.35:502][  0]LogAudioMixer: Display: Starting AudioMixerPlatformInterface::RunInternal()
[2021.11.22-20.56.35:502][  0]LogAudioMixer: Display: FMixerPlatformXAudio2::SubmitBuffer() called for the first time
[2021.11.22-20.56.35:502][  0]LogInit: FAudioDevice initialized.
[2021.11.22-20.56.35:505][  0]LogNetVersion: Set ProjectVersion to 1.0.0.0. Version Checksum will be recalculated on next use.
[2021.11.22-20.56.35:508][  0]LogInit: Texture streaming: Enabled
[2021.11.22-20.56.35:639][  0]LogAudio: Display: Audio Device (ID: 1) registered with world 'Untitled'.
[2021.11.22-20.56.35:639][  0]LogSlate: Updating window title bar state: overlay mode, drag disabled, window buttons hidden, title bar hidden
[2021.11.22-20.56.35:641][  0]LogInit: Display: Game Engine Initialized.
[2021.11.22-20.56.35:642][  0]LogNiagaraEditor: GEditor isn't valid! Particle reset commands will not work for Niagara components!
[2021.11.22-20.56.35:840][  0]LogStreaming: Warning: Failed to read file '../../../Engine/Content/Editor/Slate/Niagara/MenuSeparator.png' error.
[2021.11.22-20.56.35:840][  0]LogSlate: Could not find file for Slate resource: ../../../Engine/Content/Editor/Slate/Niagara/MenuSeparator.png
[2021.11.22-20.56.35:842][  0]LogImageWrapper: Warning: PNG Warning: Duplicate iCCP chunk
[2021.11.22-20.56.35:842][  0]LogStreaming: Warning: Failed to read file '../../../Engine/Content/Editor/Slate/Niagara/Common/Selector.png' error.
[2021.11.22-20.56.35:842][  0]LogSlate: Could not find file for Slate resource: ../../../Engine/Content/Editor/Slate/Niagara/Common/Selector.png
[2021.11.22-20.56.35:842][  0]LogImageWrapper: Warning: PNG Warning: Duplicate iCCP chunk
[2021.11.22-20.56.35:842][  0]LogStreaming: Warning: Failed to read file '../../../Engine/Content/Editor/Slate/Niagara/Common/Selection.png' error.
[2021.11.22-20.56.35:842][  0]LogSlate: Could not find file for Slate resource: ../../../Engine/Content/Editor/Slate/Niagara/Common/Selection.png
[2021.11.22-20.56.35:842][  0]LogStreaming: Warning: Failed to read file '../../../Engine/Content/Editor/Slate/Niagara/Common/DropZoneIndicator_Above.png' error.
[2021.11.22-20.56.35:842][  0]LogSlate: Could not find file for Slate resource: ../../../Engine/Content/Editor/Slate/Niagara/Common/DropZoneIndicator_Above.png
[2021.11.22-20.56.35:842][  0]LogStreaming: Warning: Failed to read file '../../../Engine/Content/Editor/Slate/Niagara/Common/DropZoneIndicator_Onto.png' error.
[2021.11.22-20.56.35:842][  0]LogSlate: Could not find file for Slate resource: ../../../Engine/Content/Editor/Slate/Niagara/Common/DropZoneIndicator_Onto.png
[2021.11.22-20.56.35:842][  0]LogStreaming: Warning: Failed to read file '../../../Engine/Content/Editor/Slate/Niagara/Common/DropZoneIndicator_Below.png' error.
[2021.11.22-20.56.35:843][  0]LogSlate: Could not find file for Slate resource: ../../../Engine/Content/Editor/Slate/Niagara/Common/DropZoneIndicator_Below.png
[2021.11.22-20.56.35:843][  0]LogStreaming: Warning: Failed to read file '../../../Engine/Content/Editor/Slate/Niagara/Common/RoundedSelection_16x.png' error.
[2021.11.22-20.56.35:843][  0]LogSlate: Could not find file for Slate resource: ../../../Engine/Content/Editor/Slate/Niagara/Common/RoundedSelection_16x.png
[2021.11.22-20.56.35:843][  0]LogStreaming: Warning: Failed to read file '../../../Engine/Content/Editor/Slate/Niagara/Common/FlatButton.png' error.
[2021.11.22-20.56.35:843][  0]LogSlate: Could not find file for Slate resource: ../../../Engine/Content/Editor/Slate/Niagara/Common/FlatButton.png
[2021.11.22-20.56.35:884][  0]LogInit: Display: Starting Game.
[2021.11.22-20.56.35:884][  0]LogNet: Browse: /Game/Niveles/Nivel4?Name=Player
[2021.11.22-20.56.35:884][  0]LogLoad: LoadMap: /Game/Niveles/Nivel4?Name=Player
[2021.11.22-20.56.35:884][  0]LogWorld: BeginTearingDown for /Temp/Untitled_0
[2021.11.22-20.56.35:887][  0]LogWorld: UWorld::CleanupWorld for Untitled, bSessionEnded=true, bCleanupResources=true
[2021.11.22-20.56.35:887][  0]LogSlate: InvalidateAllWidgets triggered.  All widgets were invalidated
[2021.11.22-20.56.35:898][  0]LogAudio: Display: Audio Device unregistered from world 'None'.
[2021.11.22-20.56.35:903][  0]LogUObjectHash: Compacting FUObjectHashTables data took   1.47ms
[2021.11.22-20.56.36:901][  0]LogAudio: Display: Audio Device (ID: 1) registered with world 'Nivel4'.
[2021.11.22-20.56.36:917][  0]LogAIModule: Creating AISystem for world Nivel4
[2021.11.22-20.56.36:922][  0]LogLoad: Game class is 'ThirdPersonGameMode_C'
[2021.11.22-20.56.36:933][  0]LogWorld: Bringing World /Game/Niveles/Nivel4.Nivel4 up for play (max tick rate 0) at 2021.11.22-15.56.36
[2021.11.22-20.56.36:934][  0]LogWorld: Bringing up level for play took: 0.011055
[2021.11.22-20.56.36:942][  0]LogLoad: Took 1.057453 seconds to LoadMap(/Game/Niveles/Nivel4)
[2021.11.22-20.56.37:132][  0]LogSlate: Took 0.000285 seconds to synchronously load lazily loaded font '../../../Engine/Content/Slate/Fonts/Roboto-Regular.ttf' (155K)
[2021.11.22-20.56.37:174][  0]LogRenderer: Reallocating scene render targets to support 1280x748 Format 10 NumSamples 1 (Frame:1).
[2021.11.22-20.56.37:175][  0]LogInit: Display: Engine is initialized. Leaving FEngineLoop::Init()
[2021.11.22-20.56.37:175][  0]LogLoad: (Engine Initialization) Total time: 11.72 seconds
[2021.11.22-20.56.37:175][  0]LogLoad: (Engine Initialization) Total Blueprint compile time: 0.00 seconds
[2021.11.22-20.56.37:247][  0]LogContentStreaming: Texture pool size now 1000 MB
[2021.11.22-20.56.37:252][  0]LogSlate: InvalidateAllWidgets triggered.  All widgets were invalidated
[2021.11.22-20.56.38:318][  1]LogSlate: Took 0.000242 seconds to synchronously load lazily loaded font '../../../Engine/Content/Slate/Fonts/Roboto-Regular.ttf' (155K)
