Log file open, 11/19/21 18:17:58
LogWindows: Failed to load 'aqProf.dll' (GetLastError=126)
LogWindows: File 'aqProf.dll' does not exist
LogWindows: Failed to load 'VtuneApi.dll' (GetLastError=126)
LogWindows: File 'VtuneApi.dll' does not exist
LogWindows: Failed to load 'VtuneApi32e.dll' (GetLastError=126)
LogWindows: File 'VtuneApi32e.dll' does not exist
LogConsoleResponse: Display: Failed to find resolution value strings in scalability ini. Falling back to default.
LogConsoleResponse: Display: Failed to find resolution value strings in scalability ini. Falling back to default.
LogInit: Display: Running engine for game: ProyectoUE
LogPlatformFile: Not using cached read wrapper
LogTaskGraph: Started task graph with 5 named threads and 11 total threads with 3 sets of task threads.
LogStats: Stats thread started at 1.644672
LogICUInternationalization: ICU TimeZone Detection - Raw Offset: -5:00, Platform Override: ''
LogInit: Display: Loading text-based GConfig....
LogPluginManager: Mounting plugin MeshPainting
LogPluginManager: Mounting plugin XGEController
LogPluginManager: Mounting plugin AISupport
LogPluginManager: Mounting plugin Paper2D
LogPluginManager: Mounting plugin EnvironmentQueryEditor
LogPluginManager: Mounting plugin LiveLink
LogPluginManager: Mounting plugin LightPropagationVolume
LogPluginManager: Mounting plugin GameplayCameras
LogPluginManager: Mounting plugin CameraShakePreviewer
LogPluginManager: Mounting plugin AnimationSharing
LogPluginManager: Mounting plugin CLionSourceCodeAccess
LogPluginManager: Mounting plugin CodeLiteSourceCodeAccess
LogPluginManager: Mounting plugin KDevelopSourceCodeAccess
LogPluginManager: Mounting plugin GitSourceControl
LogPluginManager: Mounting plugin NullSourceCodeAccess
LogPluginManager: Mounting plugin PerforceSourceControl
LogPluginManager: Mounting plugin PixWinPlugin
LogPluginManager: Mounting plugin PlasticSourceControl
LogPluginManager: Mounting plugin PluginUtils
LogPluginManager: Mounting plugin PropertyAccessNode
LogPluginManager: Mounting plugin RiderSourceCodeAccess
LogPluginManager: Mounting plugin SubversionSourceControl
LogPluginManager: Mounting plugin TextureFormatOodle
LogPluginManager: Mounting plugin UObjectPlugin
LogPluginManager: Mounting plugin VisualStudioCodeSourceCodeAccess
LogPluginManager: Mounting plugin VisualStudioSourceCodeAccess
LogPluginManager: Mounting plugin XCodeSourceCodeAccess
LogPluginManager: Mounting plugin AssetManagerEditor
LogPluginManager: Mounting plugin CryptoKeys
LogPluginManager: Mounting plugin CurveEditorTools
LogPluginManager: Mounting plugin DataValidation
LogPluginManager: Mounting plugin FacialAnimation
LogPluginManager: Mounting plugin GameplayTagsEditor
LogPluginManager: Mounting plugin GeometryMode
LogPluginManager: Mounting plugin MacGraphicsSwitching
LogPluginManager: Mounting plugin MaterialAnalyzer
LogPluginManager: Mounting plugin MobileLauncherProfileWizard
LogPluginManager: Mounting plugin PluginBrowser
LogPluginManager: Mounting plugin SpeedTreeImporter
LogPluginManager: Mounting plugin DatasmithContent
LogPluginManager: Mounting plugin VariantManagerContent
LogPluginManager: Mounting plugin AlembicImporter
LogPluginManager: Mounting plugin AutomationUtils
LogPluginManager: Mounting plugin BackChannel
LogPluginManager: Mounting plugin ChaosCloth
LogPluginManager: Mounting plugin ChaosClothEditor
LogPluginManager: Mounting plugin ChaosEditor
LogPluginManager: Mounting plugin ChaosNiagara
LogPluginManager: Mounting plugin ChaosSolverPlugin
LogPluginManager: Mounting plugin CharacterAI
LogPluginManager: Mounting plugin GeometryCache
LogPluginManager: Mounting plugin GeometryCollectionPlugin
LogPluginManager: Mounting plugin GeometryProcessing
LogPluginManager: Mounting plugin MotoSynth
LogPluginManager: Mounting plugin OpenImageDenoise
LogPluginManager: Mounting plugin PlanarCut
LogPluginManager: Mounting plugin PlatformCrypto
LogPluginManager: Mounting plugin ProxyLODPlugin
LogPluginManager: Mounting plugin PythonScriptPlugin
LogPluginManager: Mounting plugin SkeletalReduction
LogPluginManager: Mounting plugin Niagara
LogPluginManager: Mounting plugin OodleData
LogPluginManager: Mounting plugin OodleNetwork
LogPluginManager: Mounting plugin LuminPlatformFeatures
LogPluginManager: Mounting plugin MagicLeap
LogPluginManager: Mounting plugin MagicLeapLightEstimation
LogPluginManager: Mounting plugin MagicLeapMedia
LogPluginManager: Mounting plugin MagicLeapPassableWorld
LogPluginManager: Mounting plugin MLSDK
LogPluginManager: Mounting plugin AndroidMedia
LogPluginManager: Mounting plugin AvfMedia
LogPluginManager: Mounting plugin ImgMedia
LogPluginManager: Mounting plugin MediaCompositing
LogPluginManager: Mounting plugin MediaPlayerEditor
LogPluginManager: Mounting plugin WebMMedia
LogPluginManager: Mounting plugin WmfMedia
LogPluginManager: Mounting plugin UdpMessaging
LogPluginManager: Mounting plugin TcpMessaging
LogPluginManager: Mounting plugin ActorSequence
LogPluginManager: Mounting plugin LevelSequenceEditor
LogPluginManager: Mounting plugin MatineeToLevelSequence
LogPluginManager: Mounting plugin TemplateSequence
LogPluginManager: Mounting plugin OnlineSubsystem
LogPluginManager: Mounting plugin OnlineSubsystemNull
LogPluginManager: Mounting plugin OnlineSubsystemUtils
LogPluginManager: Mounting plugin LauncherChunkInstaller
LogPluginManager: Mounting plugin ActorLayerUtilities
LogPluginManager: Mounting plugin AndroidDeviceProfileSelector
LogPluginManager: Mounting plugin AndroidMoviePlayer
LogPluginManager: Mounting plugin AndroidPermission
LogPluginManager: Mounting plugin AppleMoviePlayer
LogPluginManager: Mounting plugin AppleImageUtils
LogPluginManager: Mounting plugin ArchVisCharacter
LogPluginManager: Mounting plugin AudioCapture
LogPluginManager: Mounting plugin AssetTags
LogPluginManager: Mounting plugin AudioSynesthesia
LogPluginManager: Mounting plugin ChunkDownloader
LogPluginManager: Mounting plugin CableComponent
LogPluginManager: Mounting plugin CustomMeshComponent
LogPluginManager: Mounting plugin EditableMesh
LogPluginManager: Mounting plugin ExampleDeviceProfileSelector
LogPluginManager: Mounting plugin GoogleCloudMessaging
LogPluginManager: Mounting plugin GooglePAD
LogPluginManager: Mounting plugin IOSDeviceProfileSelector
LogPluginManager: Mounting plugin LinuxDeviceProfileSelector
LogPluginManager: Mounting plugin LocationServicesBPLibrary
LogPluginManager: Mounting plugin MobilePatchingUtils
LogPluginManager: Mounting plugin OpenXR
LogPluginManager: Mounting plugin OpenXREyeTracker
LogPluginManager: Mounting plugin OpenXRHandTracking
LogPluginManager: Mounting plugin PhysXVehicles
LogPluginManager: Mounting plugin PostSplashScreen
LogPluginManager: Mounting plugin ProceduralMeshComponent
LogPluginManager: Mounting plugin PropertyAccessEditor
LogPluginManager: Mounting plugin RuntimePhysXCooking
LogPluginManager: Mounting plugin SignificanceManager
LogPluginManager: Mounting plugin SoundFields
LogPluginManager: Mounting plugin Synthesis
LogPluginManager: Mounting plugin WebMMoviePlayer
LogPluginManager: Mounting plugin WindowsMoviePlayer
LogPluginManager: Mounting plugin ScreenshotTools
LogPluginManager: Mounting plugin Takes
LogPluginManager: Mounting plugin ContentBrowserClassDataSource
LogPluginManager: Mounting plugin ContentBrowserFileDataSource
LogPluginManager: Mounting plugin ContentBrowserAssetDataSource
LogPluginManager: Mounting plugin OnlineSubsystemGooglePlay
LogPluginManager: Mounting plugin OnlineSubsystemIOS
LogPluginManager: Mounting plugin OculusVR
LogPluginManager: Mounting plugin SteamVR
PixWinPlugin: PIX capture plugin failed to initialize! Check that the process is launched from PIX.
LogInit: Using libcurl 7.55.1-DEV
LogInit:  - built for x86_64-pc-win32
LogInit:  - supports SSL with OpenSSL/1.1.1
LogInit:  - supports HTTP deflate (compression) using libz 1.2.8
LogInit:  - other features:
LogInit:      CURL_VERSION_SSL
LogInit:      CURL_VERSION_LIBZ
LogInit:      CURL_VERSION_IPV6
LogInit:      CURL_VERSION_ASYNCHDNS
LogInit:      CURL_VERSION_LARGEFILE
LogInit:      CURL_VERSION_IDN
LogInit:  CurlRequestOptions (configurable via config and command line):
LogInit:  - bVerifyPeer = true  - Libcurl will verify peer certificate
LogInit:  - bUseHttpProxy = false  - Libcurl will NOT use HTTP proxy
LogInit:  - bDontReuseConnections = false  - Libcurl will reuse connections
LogInit:  - MaxHostConnections = 16  - Libcurl will limit the number of connections to a host
LogInit:  - LocalHostAddr = Default
LogInit:  - BufferSize = 65536
LogOnline: OSS: Creating online subsystem instance for: NULL
LogInit: WinSock: version 1.1 (2.2), MaxSocks=32767, MaxUdp=65467
LogOnline: OSS: TryLoadSubsystemAndSetDefault: Loaded subsystem for module [NULL]
LogOculusPluginWrapper: OculusPlugin initialized successfully
LogHMD: Failed initializing OVRPlugin 1.59.0
LogInit: Build: ++UE4+Release-4.27-CL-17155196
LogInit: Engine Version: 4.27.0-17155196+++UE4+Release-4.27
LogInit: Compatible Engine Version: 4.27.0-17155196+++UE4+Release-4.27
LogInit: Net CL: 17155196
LogInit: OS: Windows 10 (Release 2009) (), CPU: Intel(R) Core(TM) i5-7200U CPU @ 2.50GHz, GPU: Intel(R) HD Graphics 620
LogInit: Compiled (64-bit): Aug 13 2021 06:13:13
LogInit: Compiled with Visual C++: 19.24.28315.00
LogInit: Build Configuration: Development
LogInit: Branch Name: ++UE4+Release-4.27
LogInit: Command Line:  /Game/Niveles/Nivel2 -game -PIEVIACONSOLE -Multiprocess GameUserSettingsINI=C:/Users/ROSORIO/Desktop/Scientificus/ProyectoUE/Saved/Config/Windows/PIEGameUserSettings0.ini -MultiprocessSaveConfig -forcepassthrough -messaging -SessionName="Play in Standalone Game" -windowed -WinX=220 -WinY=151 SAVEWINPOS=1 -ResX=1280 -ResY=747
LogInit: Base Directory: D:/Program Files/Program Files (x86)/UE_4.27/Engine/Binaries/Win64/
LogInit: Allocator: TBB
LogInit: Installed Engine Build: 1
LogDevObjectVersion: Number of dev versions registered: 29
LogDevObjectVersion:   Dev-Blueprints (B0D832E4-1F89-4F0D-ACCF-7EB736FD4AA2): 10
LogDevObjectVersion:   Dev-Build (E1C64328-A22C-4D53-A36C-8E866417BD8C): 0
LogDevObjectVersion:   Dev-Core (375EC13C-06E4-48FB-B500-84F0262A717E): 4
LogDevObjectVersion:   Dev-Editor (E4B068ED-F494-42E9-A231-DA0B2E46BB41): 40
LogDevObjectVersion:   Dev-Framework (CFFC743F-43B0-4480-9391-14DF171D2073): 37
LogDevObjectVersion:   Dev-Mobile (B02B49B5-BB20-44E9-A304-32B752E40360): 3
LogDevObjectVersion:   Dev-Networking (A4E4105C-59A1-49B5-A7C5-40C4547EDFEE): 0
LogDevObjectVersion:   Dev-Online (39C831C9-5AE6-47DC-9A44-9C173E1C8E7C): 0
LogDevObjectVersion:   Dev-Physics (78F01B33-EBEA-4F98-B9B4-84EACCB95AA2): 14
LogDevObjectVersion:   Dev-Platform (6631380F-2D4D-43E0-8009-CF276956A95A): 0
LogDevObjectVersion:   Dev-Rendering (12F88B9F-8875-4AFC-A67C-D90C383ABD29): 45
LogDevObjectVersion:   Dev-Sequencer (7B5AE74C-D270-4C10-A958-57980B212A5A): 13
LogDevObjectVersion:   Dev-VR (D7296918-1DD6-4BDD-9DE2-64A83CC13884): 3
LogDevObjectVersion:   Dev-LoadTimes (C2A15278-BFE7-4AFE-6C17-90FF531DF755): 1
LogDevObjectVersion:   Private-Geometry (6EACA3D4-40EC-4CC1-B786-8BED09428FC5): 3
LogDevObjectVersion:   Dev-AnimPhys (29E575DD-E0A3-4627-9D10-D276232CDCEA): 17
LogDevObjectVersion:   Dev-Anim (AF43A65D-7FD3-4947-9873-3E8ED9C1BB05): 15
LogDevObjectVersion:   Dev-ReflectionCapture (6B266CEC-1EC7-4B8F-A30B-E4D90942FC07): 1
LogDevObjectVersion:   Dev-Automation (0DF73D61-A23F-47EA-B727-89E90C41499A): 1
LogDevObjectVersion:   FortniteMain (601D1886-AC64-4F84-AA16-D3DE0DEAC7D6): 47
LogDevObjectVersion:   FortniteRelease (E7086368-6B23-4C58-8439-1B7016265E91): 1
LogDevObjectVersion:   Dev-Enterprise (9DFFBCD6-494F-0158-E221-12823C92A888): 10
LogDevObjectVersion:   Dev-Niagara (F2AED0AC-9AFE-416F-8664-AA7FFA26D6FC): 1
LogDevObjectVersion:   Dev-Destruction (174F1F0B-B4C6-45A5-B13F-2EE8D0FB917D): 10
LogDevObjectVersion:   Dev-Physics-Ext (35F94A83-E258-406C-A318-09F59610247C): 41
LogDevObjectVersion:   Dev-PhysicsMaterial-Chaos (B68FC16E-8B1B-42E2-B453-215C058844FE): 1
LogDevObjectVersion:   Dev-CineCamera (B2E18506-4273-CFC2-A54E-F4BB758BBA07): 1
LogDevObjectVersion:   Dev-VirtualProduction (64F58936-FD1B-42BA-BA96-7289D5D0FA4E): 1
LogDevObjectVersion:   Dev-MediaFramework (6F0ED827-A609-4895-9C91-998D90180EA4): 2
LogInit: Presizing for max 25165824 objects, including 0 objects not considered by GC, pre-allocating 0 bytes for permanent pool.
LogConfig: Applying CVar settings from Section [/Script/Engine.StreamingSettings] File [C:/Users/ROSORIO/Desktop/Scientificus/ProyectoUE/Saved/Config/Windows/Engine.ini]
LogConfig: Setting CVar [[s.MinBulkDataSizeForAsyncLoading:131072]]
LogConfig: Setting CVar [[s.AsyncLoadingThreadEnabled:0]]
LogConfig: Setting CVar [[s.EventDrivenLoaderEnabled:1]]
LogConfig: Setting CVar [[s.WarnIfTimeLimitExceeded:0]]
LogConfig: Setting CVar [[s.TimeLimitExceededMultiplier:1.5]]
LogConfig: Setting CVar [[s.TimeLimitExceededMinTime:0.005]]
LogConfig: Setting CVar [[s.UseBackgroundLevelStreaming:1]]
LogConfig: Setting CVar [[s.PriorityAsyncLoadingExtraTime:15.0]]
LogConfig: Setting CVar [[s.LevelStreamingActorsUpdateTimeLimit:5.0]]
LogConfig: Setting CVar [[s.PriorityLevelStreamingActorsUpdateExtraTime:5.0]]
LogConfig: Setting CVar [[s.LevelStreamingComponentsRegistrationGranularity:10]]
LogConfig: Setting CVar [[s.UnregisterComponentsTimeLimit:1.0]]
LogConfig: Setting CVar [[s.LevelStreamingComponentsUnregistrationGranularity:5]]
LogConfig: Setting CVar [[s.FlushStreamingOnExit:1]]
LogInit: Object subsystem initialized
LogConfig: Setting CVar [[con.DebugEarlyDefault:1]]
LogConfig: Setting CVar [[r.setres:1280x720]]
[2021.11.19-23.18.00:102][  0]LogConfig: Setting CVar [[con.DebugEarlyDefault:1]]
[2021.11.19-23.18.00:102][  0]LogConfig: Setting CVar [[r.setres:1280x720]]
[2021.11.19-23.18.00:102][  0]LogConfig: Applying CVar settings from Section [/Script/Engine.RendererSettings] File [C:/Users/ROSORIO/Desktop/Scientificus/ProyectoUE/Saved/Config/Windows/Engine.ini]
[2021.11.19-23.18.00:102][  0]LogConfig: Setting CVar [[r.GPUCrashDebugging:0]]
[2021.11.19-23.18.00:102][  0]LogConfig: Applying CVar settings from Section [/Script/Engine.RendererOverrideSettings] File [C:/Users/ROSORIO/Desktop/Scientificus/ProyectoUE/Saved/Config/Windows/Engine.ini]
[2021.11.19-23.18.00:102][  0]LogConfig: Applying CVar settings from Section [/Script/Engine.StreamingSettings] File [C:/Users/ROSORIO/Desktop/Scientificus/ProyectoUE/Saved/Config/Windows/Engine.ini]
[2021.11.19-23.18.00:102][  0]LogConfig: Setting CVar [[s.MinBulkDataSizeForAsyncLoading:131072]]
[2021.11.19-23.18.00:102][  0]LogConfig: Setting CVar [[s.AsyncLoadingThreadEnabled:0]]
[2021.11.19-23.18.00:102][  0]LogConfig: Setting CVar [[s.EventDrivenLoaderEnabled:1]]
[2021.11.19-23.18.00:102][  0]LogConfig: Setting CVar [[s.WarnIfTimeLimitExceeded:0]]
[2021.11.19-23.18.00:102][  0]LogConfig: Setting CVar [[s.TimeLimitExceededMultiplier:1.5]]
[2021.11.19-23.18.00:102][  0]LogConfig: Setting CVar [[s.TimeLimitExceededMinTime:0.005]]
[2021.11.19-23.18.00:102][  0]LogConfig: Setting CVar [[s.UseBackgroundLevelStreaming:1]]
[2021.11.19-23.18.00:102][  0]LogConfig: Setting CVar [[s.PriorityAsyncLoadingExtraTime:15.0]]
[2021.11.19-23.18.00:102][  0]LogConfig: Setting CVar [[s.LevelStreamingActorsUpdateTimeLimit:5.0]]
[2021.11.19-23.18.00:102][  0]LogConfig: Setting CVar [[s.PriorityLevelStreamingActorsUpdateExtraTime:5.0]]
[2021.11.19-23.18.00:102][  0]LogConfig: Setting CVar [[s.LevelStreamingComponentsRegistrationGranularity:10]]
[2021.11.19-23.18.00:102][  0]LogConfig: Setting CVar [[s.UnregisterComponentsTimeLimit:1.0]]
[2021.11.19-23.18.00:102][  0]LogConfig: Setting CVar [[s.LevelStreamingComponentsUnregistrationGranularity:5]]
[2021.11.19-23.18.00:102][  0]LogConfig: Setting CVar [[s.FlushStreamingOnExit:1]]
[2021.11.19-23.18.00:102][  0]LogConfig: Applying CVar settings from Section [/Script/Engine.GarbageCollectionSettings] File [C:/Users/ROSORIO/Desktop/Scientificus/ProyectoUE/Saved/Config/Windows/Engine.ini]
[2021.11.19-23.18.00:102][  0]LogConfig: Setting CVar [[gc.MaxObjectsNotConsideredByGC:1]]
[2021.11.19-23.18.00:102][  0]LogConfig: Setting CVar [[gc.SizeOfPermanentObjectPool:0]]
[2021.11.19-23.18.00:103][  0]LogConfig: Setting CVar [[gc.FlushStreamingOnGC:0]]
[2021.11.19-23.18.00:103][  0]LogConfig: Setting CVar [[gc.NumRetriesBeforeForcingGC:10]]
[2021.11.19-23.18.00:103][  0]LogConfig: Setting CVar [[gc.AllowParallelGC:1]]
[2021.11.19-23.18.00:103][  0]LogConfig: Setting CVar [[gc.TimeBetweenPurgingPendingKillObjects:61.1]]
[2021.11.19-23.18.00:103][  0]LogConfig: Setting CVar [[gc.MaxObjectsInEditor:25165824]]
[2021.11.19-23.18.00:103][  0]LogConfig: Setting CVar [[gc.IncrementalBeginDestroyEnabled:1]]
[2021.11.19-23.18.00:103][  0]LogConfig: Setting CVar [[gc.CreateGCClusters:1]]
[2021.11.19-23.18.00:103][  0]LogConfig: Setting CVar [[gc.MinGCClusterSize:5]]
[2021.11.19-23.18.00:103][  0]LogConfig: Setting CVar [[gc.ActorClusteringEnabled:0]]
[2021.11.19-23.18.00:103][  0]LogConfig: Setting CVar [[gc.BlueprintClusteringEnabled:0]]
[2021.11.19-23.18.00:103][  0]LogConfig: Setting CVar [[gc.UseDisregardForGCOnDedicatedServers:0]]
[2021.11.19-23.18.00:103][  0]LogConfig: Setting CVar [[gc.MultithreadedDestructionEnabled:1]]
[2021.11.19-23.18.00:103][  0]LogConfig: Applying CVar settings from Section [/Script/Engine.NetworkSettings] File [C:/Users/ROSORIO/Desktop/Scientificus/ProyectoUE/Saved/Config/Windows/Engine.ini]
[2021.11.19-23.18.00:103][  0]LogConfig: Applying CVar settings from Section [/Script/UnrealEd.CookerSettings] File [C:/Users/ROSORIO/Desktop/Scientificus/ProyectoUE/Saved/Config/Windows/Engine.ini]
[2021.11.19-23.18.00:112][  0]LogConfig: Applying CVar settings from Section [ViewDistanceQuality@3] File [C:/Users/ROSORIO/Desktop/Scientificus/ProyectoUE/Saved/Config/Windows/Scalability.ini]
[2021.11.19-23.18.00:112][  0]LogConfig: Setting CVar [[r.SkeletalMeshLODBias:0]]
[2021.11.19-23.18.00:112][  0]LogConfig: Setting CVar [[r.ViewDistanceScale:1.0]]
[2021.11.19-23.18.00:112][  0]LogConfig: Applying CVar settings from Section [AntiAliasingQuality@3] File [C:/Users/ROSORIO/Desktop/Scientificus/ProyectoUE/Saved/Config/Windows/Scalability.ini]
[2021.11.19-23.18.00:112][  0]LogConfig: Setting CVar [[r.PostProcessAAQuality:4]]
[2021.11.19-23.18.00:112][  0]LogConfig: Applying CVar settings from Section [ShadowQuality@3] File [C:/Users/ROSORIO/Desktop/Scientificus/ProyectoUE/Saved/Config/Windows/Scalability.ini]
[2021.11.19-23.18.00:112][  0]LogConfig: Setting CVar [[r.LightFunctionQuality:1]]
[2021.11.19-23.18.00:112][  0]LogConfig: Setting CVar [[r.ShadowQuality:5]]
[2021.11.19-23.18.00:112][  0]LogConfig: Setting CVar [[r.Shadow.CSM.MaxCascades:10]]
[2021.11.19-23.18.00:112][  0]LogConfig: Setting CVar [[r.Shadow.MaxResolution:2048]]
[2021.11.19-23.18.00:112][  0]LogConfig: Setting CVar [[r.Shadow.MaxCSMResolution:2048]]
[2021.11.19-23.18.00:112][  0]LogConfig: Setting CVar [[r.Shadow.RadiusThreshold:0.01]]
[2021.11.19-23.18.00:112][  0]LogConfig: Setting CVar [[r.Shadow.DistanceScale:1.0]]
[2021.11.19-23.18.00:112][  0]LogConfig: Setting CVar [[r.Shadow.CSM.TransitionScale:1.0]]
[2021.11.19-23.18.00:112][  0]LogConfig: Setting CVar [[r.Shadow.PreShadowResolutionFactor:1.0]]
[2021.11.19-23.18.00:112][  0]LogConfig: Setting CVar [[r.DistanceFieldShadowing:1]]
[2021.11.19-23.18.00:112][  0]LogConfig: Setting CVar [[r.DistanceFieldAO:1]]
[2021.11.19-23.18.00:112][  0]LogConfig: Setting CVar [[r.AOQuality:2]]
[2021.11.19-23.18.00:112][  0]LogConfig: Setting CVar [[r.VolumetricFog:1]]
[2021.11.19-23.18.00:112][  0]LogConfig: Setting CVar [[r.VolumetricFog.GridPixelSize:8]]
[2021.11.19-23.18.00:112][  0]LogConfig: Setting CVar [[r.VolumetricFog.GridSizeZ:128]]
[2021.11.19-23.18.00:112][  0]LogConfig: Setting CVar [[r.VolumetricFog.HistoryMissSupersampleCount:4]]
[2021.11.19-23.18.00:112][  0]LogConfig: Setting CVar [[r.LightMaxDrawDistanceScale:1]]
[2021.11.19-23.18.00:112][  0]LogConfig: Setting CVar [[r.CapsuleShadows:1]]
[2021.11.19-23.18.00:112][  0]LogConfig: Applying CVar settings from Section [PostProcessQuality@3] File [C:/Users/ROSORIO/Desktop/Scientificus/ProyectoUE/Saved/Config/Windows/Scalability.ini]
[2021.11.19-23.18.00:112][  0]LogConfig: Setting CVar [[r.MotionBlurQuality:4]]
[2021.11.19-23.18.00:112][  0]LogConfig: Setting CVar [[r.AmbientOcclusionMipLevelFactor:0.4]]
[2021.11.19-23.18.00:112][  0]LogConfig: Setting CVar [[r.AmbientOcclusionMaxQuality:100]]
[2021.11.19-23.18.00:112][  0]LogConfig: Setting CVar [[r.AmbientOcclusionLevels:-1]]
[2021.11.19-23.18.00:112][  0]LogConfig: Setting CVar [[r.AmbientOcclusionRadiusScale:1.0]]
[2021.11.19-23.18.00:112][  0]LogConfig: Setting CVar [[r.DepthOfFieldQuality:2]]
[2021.11.19-23.18.00:112][  0]LogConfig: Setting CVar [[r.RenderTargetPoolMin:400]]
[2021.11.19-23.18.00:112][  0]LogConfig: Setting CVar [[r.LensFlareQuality:2]]
[2021.11.19-23.18.00:112][  0]LogConfig: Setting CVar [[r.SceneColorFringeQuality:1]]
[2021.11.19-23.18.00:112][  0]LogConfig: Setting CVar [[r.EyeAdaptationQuality:2]]
[2021.11.19-23.18.00:112][  0]LogConfig: Setting CVar [[r.BloomQuality:5]]
[2021.11.19-23.18.00:112][  0]LogConfig: Setting CVar [[r.FastBlurThreshold:100]]
[2021.11.19-23.18.00:112][  0]LogConfig: Setting CVar [[r.Upscale.Quality:3]]
[2021.11.19-23.18.00:113][  0]LogConfig: Setting CVar [[r.Tonemapper.GrainQuantization:1]]
[2021.11.19-23.18.00:113][  0]LogConfig: Setting CVar [[r.LightShaftQuality:1]]
[2021.11.19-23.18.00:113][  0]LogConfig: Setting CVar [[r.Filter.SizeScale:1]]
[2021.11.19-23.18.00:113][  0]LogConfig: Setting CVar [[r.Tonemapper.Quality:5]]
[2021.11.19-23.18.00:113][  0]LogConfig: Setting CVar [[r.DOF.Gather.AccumulatorQuality:1        ; higher gathering accumulator quality]]
[2021.11.19-23.18.00:113][  0]LogConfig: Setting CVar [[r.DOF.Gather.PostfilterMethod:1          ; Median3x3 postfilering method]]
[2021.11.19-23.18.00:113][  0]LogConfig: Setting CVar [[r.DOF.Gather.EnableBokehSettings:0       ; no bokeh simulation when gathering]]
[2021.11.19-23.18.00:113][  0]LogConfig: Setting CVar [[r.DOF.Gather.RingCount:4                 ; medium number of samples when gathering]]
[2021.11.19-23.18.00:113][  0]LogConfig: Setting CVar [[r.DOF.Scatter.ForegroundCompositing:1    ; additive foreground scattering]]
[2021.11.19-23.18.00:113][  0]LogConfig: Setting CVar [[r.DOF.Scatter.BackgroundCompositing:2    ; additive background scattering]]
[2021.11.19-23.18.00:113][  0]LogConfig: Setting CVar [[r.DOF.Scatter.EnableBokehSettings:1      ; bokeh simulation when scattering]]
[2021.11.19-23.18.00:113][  0]LogConfig: Setting CVar [[r.DOF.Scatter.MaxSpriteRatio:0.1         ; only a maximum of 10% of scattered bokeh]]
[2021.11.19-23.18.00:113][  0]LogConfig: Setting CVar [[r.DOF.Recombine.Quality:1                ; cheap slight out of focus]]
[2021.11.19-23.18.00:113][  0]LogConfig: Setting CVar [[r.DOF.Recombine.EnableBokehSettings:0    ; no bokeh simulation on slight out of focus]]
[2021.11.19-23.18.00:113][  0]LogConfig: Setting CVar [[r.DOF.TemporalAAQuality:1                ; more stable temporal accumulation]]
[2021.11.19-23.18.00:113][  0]LogConfig: Setting CVar [[r.DOF.Kernel.MaxForegroundRadius:0.025]]
[2021.11.19-23.18.00:113][  0]LogConfig: Setting CVar [[r.DOF.Kernel.MaxBackgroundRadius:0.025]]
[2021.11.19-23.18.00:113][  0]LogConfig: Applying CVar settings from Section [TextureQuality@3] File [C:/Users/ROSORIO/Desktop/Scientificus/ProyectoUE/Saved/Config/Windows/Scalability.ini]
[2021.11.19-23.18.00:113][  0]LogConfig: Setting CVar [[r.Streaming.MipBias:0]]
[2021.11.19-23.18.00:113][  0]LogConfig: Setting CVar [[r.Streaming.AmortizeCPUToGPUCopy:0]]
[2021.11.19-23.18.00:113][  0]LogConfig: Setting CVar [[r.Streaming.MaxNumTexturesToStreamPerFrame:0]]
[2021.11.19-23.18.00:113][  0]LogConfig: Setting CVar [[r.Streaming.Boost:1]]
[2021.11.19-23.18.00:113][  0]LogConfig: Setting CVar [[r.MaxAnisotropy:8]]
[2021.11.19-23.18.00:113][  0]LogConfig: Setting CVar [[r.VT.MaxAnisotropy:8]]
[2021.11.19-23.18.00:113][  0]LogConfig: Setting CVar [[r.Streaming.LimitPoolSizeToVRAM:0]]
[2021.11.19-23.18.00:113][  0]LogConfig: Setting CVar [[r.Streaming.PoolSize:1000]]
[2021.11.19-23.18.00:113][  0]LogConfig: Setting CVar [[r.Streaming.MaxEffectiveScreenSize:0]]
[2021.11.19-23.18.00:113][  0]LogConfig: Applying CVar settings from Section [EffectsQuality@3] File [C:/Users/ROSORIO/Desktop/Scientificus/ProyectoUE/Saved/Config/Windows/Scalability.ini]
[2021.11.19-23.18.00:113][  0]LogConfig: Setting CVar [[r.TranslucencyLightingVolumeDim:64]]
[2021.11.19-23.18.00:113][  0]LogConfig: Setting CVar [[r.RefractionQuality:2]]
[2021.11.19-23.18.00:113][  0]LogConfig: Setting CVar [[r.SSR.Quality:3]]
[2021.11.19-23.18.00:113][  0]LogConfig: Setting CVar [[r.SSR.HalfResSceneColor:0]]
[2021.11.19-23.18.00:113][  0]LogConfig: Setting CVar [[r.SceneColorFormat:4]]
[2021.11.19-23.18.00:113][  0]LogConfig: Setting CVar [[r.DetailMode:2]]
[2021.11.19-23.18.00:113][  0]LogConfig: Setting CVar [[r.TranslucencyVolumeBlur:1]]
[2021.11.19-23.18.00:113][  0]LogConfig: Setting CVar [[r.MaterialQualityLevel:1 ; High quality]]
[2021.11.19-23.18.00:113][  0]LogConfig: Setting CVar [[r.AnisotropicMaterials:1]]
[2021.11.19-23.18.00:113][  0]LogConfig: Setting CVar [[r.SSS.Scale:1]]
[2021.11.19-23.18.00:113][  0]LogConfig: Setting CVar [[r.SSS.SampleSet:2]]
[2021.11.19-23.18.00:113][  0]LogConfig: Setting CVar [[r.SSS.Quality:1]]
[2021.11.19-23.18.00:113][  0]LogConfig: Setting CVar [[r.SSS.HalfRes:0]]
[2021.11.19-23.18.00:113][  0]LogConfig: Setting CVar [[r.SSGI.Quality:3]]
[2021.11.19-23.18.00:113][  0]LogConfig: Setting CVar [[r.EmitterSpawnRateScale:1.0]]
[2021.11.19-23.18.00:113][  0]LogConfig: Setting CVar [[r.ParticleLightQuality:2]]
[2021.11.19-23.18.00:113][  0]LogConfig: Setting CVar [[r.SkyAtmosphere.AerialPerspectiveLUT.FastApplyOnOpaque:1 ; Always have FastSkyLUT 1 in this case to avoid wrong sky]]
[2021.11.19-23.18.00:113][  0]LogConfig: Setting CVar [[r.SkyAtmosphere.AerialPerspectiveLUT.SampleCountMaxPerSlice:4]]
[2021.11.19-23.18.00:113][  0]LogConfig: Setting CVar [[r.SkyAtmosphere.AerialPerspectiveLUT.DepthResolution:16.0]]
[2021.11.19-23.18.00:114][  0]LogConfig: Setting CVar [[r.SkyAtmosphere.FastSkyLUT:1]]
[2021.11.19-23.18.00:114][  0]LogConfig: Setting CVar [[r.SkyAtmosphere.FastSkyLUT.SampleCountMin:4.0]]
[2021.11.19-23.18.00:114][  0]LogConfig: Setting CVar [[r.SkyAtmosphere.FastSkyLUT.SampleCountMax:128.0]]
[2021.11.19-23.18.00:114][  0]LogConfig: Setting CVar [[r.SkyAtmosphere.SampleCountMin:4.0]]
[2021.11.19-23.18.00:114][  0]LogConfig: Setting CVar [[r.SkyAtmosphere.SampleCountMax:128.0]]
[2021.11.19-23.18.00:114][  0]LogConfig: Setting CVar [[r.SkyAtmosphere.TransmittanceLUT.UseSmallFormat:0]]
[2021.11.19-23.18.00:114][  0]LogConfig: Setting CVar [[r.SkyAtmosphere.TransmittanceLUT.SampleCount:10.0]]
[2021.11.19-23.18.00:114][  0]LogConfig: Setting CVar [[r.SkyAtmosphere.MultiScatteringLUT.SampleCount:15.0]]
[2021.11.19-23.18.00:114][  0]LogConfig: Setting CVar [[r.SkyLight.RealTimeReflectionCapture:1]]
[2021.11.19-23.18.00:114][  0]LogConfig: Applying CVar settings from Section [FoliageQuality@3] File [C:/Users/ROSORIO/Desktop/Scientificus/ProyectoUE/Saved/Config/Windows/Scalability.ini]
[2021.11.19-23.18.00:114][  0]LogConfig: Setting CVar [[foliage.DensityScale:1.0]]
[2021.11.19-23.18.00:114][  0]LogConfig: Setting CVar [[grass.DensityScale:1.0]]
[2021.11.19-23.18.00:114][  0]LogConfig: Applying CVar settings from Section [ShadingQuality@3] File [C:/Users/ROSORIO/Desktop/Scientificus/ProyectoUE/Saved/Config/Windows/Scalability.ini]
[2021.11.19-23.18.00:114][  0]LogConfig: Setting CVar [[r.HairStrands.SkyLighting.IntegrationType:2]]
[2021.11.19-23.18.00:114][  0]LogConfig: Setting CVar [[r.HairStrands.SkyAO.SampleCount:4]]
[2021.11.19-23.18.00:114][  0]LogConfig: Setting CVar [[r.HairStrands.Visibility.MSAA.SamplePerPixel:4]]
[2021.11.19-23.18.00:114][  0]LogInit: Selected Device Profile: [Windows]
[2021.11.19-23.18.00:114][  0]LogInit: Applying CVar settings loaded from the selected device profile: [Windows]
[2021.11.19-23.18.00:114][  0]LogHAL: Display: Platform has ~ 12 GB [12746723328 / 17179869184 / 12], which maps to Larger [LargestMinGB=32, LargerMinGB=12, DefaultMinGB=8, SmallerMinGB=6, SmallestMinGB=0)
[2021.11.19-23.18.00:114][  0]LogInit: Going up to parent DeviceProfile []
[2021.11.19-23.18.00:114][  0]LogConfig: Applying CVar settings from Section [ViewDistanceQuality@3] File [C:/Users/ROSORIO/Desktop/Scientificus/ProyectoUE/Saved/Config/Windows/Scalability.ini]
[2021.11.19-23.18.00:114][  0]LogConfig: Setting CVar [[r.SkeletalMeshLODBias:0]]
[2021.11.19-23.18.00:114][  0]LogConfig: Setting CVar [[r.ViewDistanceScale:1.0]]
[2021.11.19-23.18.00:114][  0]LogConfig: Applying CVar settings from Section [AntiAliasingQuality@3] File [C:/Users/ROSORIO/Desktop/Scientificus/ProyectoUE/Saved/Config/Windows/Scalability.ini]
[2021.11.19-23.18.00:114][  0]LogConfig: Setting CVar [[r.PostProcessAAQuality:4]]
[2021.11.19-23.18.00:114][  0]LogConfig: Applying CVar settings from Section [ShadowQuality@3] File [C:/Users/ROSORIO/Desktop/Scientificus/ProyectoUE/Saved/Config/Windows/Scalability.ini]
[2021.11.19-23.18.00:114][  0]LogConfig: Setting CVar [[r.LightFunctionQuality:1]]
[2021.11.19-23.18.00:114][  0]LogConfig: Setting CVar [[r.ShadowQuality:5]]
[2021.11.19-23.18.00:114][  0]LogConfig: Setting CVar [[r.Shadow.CSM.MaxCascades:10]]
[2021.11.19-23.18.00:114][  0]LogConfig: Setting CVar [[r.Shadow.MaxResolution:2048]]
[2021.11.19-23.18.00:114][  0]LogConfig: Setting CVar [[r.Shadow.MaxCSMResolution:2048]]
[2021.11.19-23.18.00:114][  0]LogConfig: Setting CVar [[r.Shadow.RadiusThreshold:0.01]]
[2021.11.19-23.18.00:114][  0]LogConfig: Setting CVar [[r.Shadow.DistanceScale:1.0]]
[2021.11.19-23.18.00:114][  0]LogConfig: Setting CVar [[r.Shadow.CSM.TransitionScale:1.0]]
[2021.11.19-23.18.00:114][  0]LogConfig: Setting CVar [[r.Shadow.PreShadowResolutionFactor:1.0]]
[2021.11.19-23.18.00:114][  0]LogConfig: Setting CVar [[r.DistanceFieldShadowing:1]]
[2021.11.19-23.18.00:114][  0]LogConfig: Setting CVar [[r.DistanceFieldAO:1]]
[2021.11.19-23.18.00:114][  0]LogConfig: Setting CVar [[r.AOQuality:2]]
[2021.11.19-23.18.00:114][  0]LogConfig: Setting CVar [[r.VolumetricFog:1]]
[2021.11.19-23.18.00:114][  0]LogConfig: Setting CVar [[r.VolumetricFog.GridPixelSize:8]]
[2021.11.19-23.18.00:114][  0]LogConfig: Setting CVar [[r.VolumetricFog.GridSizeZ:128]]
[2021.11.19-23.18.00:114][  0]LogConfig: Setting CVar [[r.VolumetricFog.HistoryMissSupersampleCount:4]]
[2021.11.19-23.18.00:114][  0]LogConfig: Setting CVar [[r.LightMaxDrawDistanceScale:1]]
[2021.11.19-23.18.00:114][  0]LogConfig: Setting CVar [[r.CapsuleShadows:1]]
[2021.11.19-23.18.00:114][  0]LogConfig: Applying CVar settings from Section [PostProcessQuality@3] File [C:/Users/ROSORIO/Desktop/Scientificus/ProyectoUE/Saved/Config/Windows/Scalability.ini]
[2021.11.19-23.18.00:114][  0]LogConfig: Setting CVar [[r.MotionBlurQuality:4]]
[2021.11.19-23.18.00:114][  0]LogConfig: Setting CVar [[r.AmbientOcclusionMipLevelFactor:0.4]]
[2021.11.19-23.18.00:114][  0]LogConfig: Setting CVar [[r.AmbientOcclusionMaxQuality:100]]
[2021.11.19-23.18.00:115][  0]LogConfig: Setting CVar [[r.AmbientOcclusionLevels:-1]]
[2021.11.19-23.18.00:115][  0]LogConfig: Setting CVar [[r.AmbientOcclusionRadiusScale:1.0]]
[2021.11.19-23.18.00:115][  0]LogConfig: Setting CVar [[r.DepthOfFieldQuality:2]]
[2021.11.19-23.18.00:115][  0]LogConfig: Setting CVar [[r.RenderTargetPoolMin:400]]
[2021.11.19-23.18.00:115][  0]LogConfig: Setting CVar [[r.LensFlareQuality:2]]
[2021.11.19-23.18.00:115][  0]LogConfig: Setting CVar [[r.SceneColorFringeQuality:1]]
[2021.11.19-23.18.00:115][  0]LogConfig: Setting CVar [[r.EyeAdaptationQuality:2]]
[2021.11.19-23.18.00:115][  0]LogConfig: Setting CVar [[r.BloomQuality:5]]
[2021.11.19-23.18.00:115][  0]LogConfig: Setting CVar [[r.FastBlurThreshold:100]]
[2021.11.19-23.18.00:115][  0]LogConfig: Setting CVar [[r.Upscale.Quality:3]]
[2021.11.19-23.18.00:115][  0]LogConfig: Setting CVar [[r.Tonemapper.GrainQuantization:1]]
[2021.11.19-23.18.00:115][  0]LogConfig: Setting CVar [[r.LightShaftQuality:1]]
[2021.11.19-23.18.00:115][  0]LogConfig: Setting CVar [[r.Filter.SizeScale:1]]
[2021.11.19-23.18.00:115][  0]LogConfig: Setting CVar [[r.Tonemapper.Quality:5]]
[2021.11.19-23.18.00:115][  0]LogConfig: Setting CVar [[r.DOF.Gather.AccumulatorQuality:1        ; higher gathering accumulator quality]]
[2021.11.19-23.18.00:115][  0]LogConfig: Setting CVar [[r.DOF.Gather.PostfilterMethod:1          ; Median3x3 postfilering method]]
[2021.11.19-23.18.00:115][  0]LogConfig: Setting CVar [[r.DOF.Gather.EnableBokehSettings:0       ; no bokeh simulation when gathering]]
[2021.11.19-23.18.00:115][  0]LogConfig: Setting CVar [[r.DOF.Gather.RingCount:4                 ; medium number of samples when gathering]]
[2021.11.19-23.18.00:115][  0]LogConfig: Setting CVar [[r.DOF.Scatter.ForegroundCompositing:1    ; additive foreground scattering]]
[2021.11.19-23.18.00:115][  0]LogConfig: Setting CVar [[r.DOF.Scatter.BackgroundCompositing:2    ; additive background scattering]]
[2021.11.19-23.18.00:115][  0]LogConfig: Setting CVar [[r.DOF.Scatter.EnableBokehSettings:1      ; bokeh simulation when scattering]]
[2021.11.19-23.18.00:115][  0]LogConfig: Setting CVar [[r.DOF.Scatter.MaxSpriteRatio:0.1         ; only a maximum of 10% of scattered bokeh]]
[2021.11.19-23.18.00:115][  0]LogConfig: Setting CVar [[r.DOF.Recombine.Quality:1                ; cheap slight out of focus]]
[2021.11.19-23.18.00:115][  0]LogConfig: Setting CVar [[r.DOF.Recombine.EnableBokehSettings:0    ; no bokeh simulation on slight out of focus]]
[2021.11.19-23.18.00:115][  0]LogConfig: Setting CVar [[r.DOF.TemporalAAQuality:1                ; more stable temporal accumulation]]
[2021.11.19-23.18.00:115][  0]LogConfig: Setting CVar [[r.DOF.Kernel.MaxForegroundRadius:0.025]]
[2021.11.19-23.18.00:115][  0]LogConfig: Setting CVar [[r.DOF.Kernel.MaxBackgroundRadius:0.025]]
[2021.11.19-23.18.00:115][  0]LogConfig: Applying CVar settings from Section [TextureQuality@3] File [C:/Users/ROSORIO/Desktop/Scientificus/ProyectoUE/Saved/Config/Windows/Scalability.ini]
[2021.11.19-23.18.00:115][  0]LogConfig: Setting CVar [[r.Streaming.MipBias:0]]
[2021.11.19-23.18.00:115][  0]LogConfig: Setting CVar [[r.Streaming.AmortizeCPUToGPUCopy:0]]
[2021.11.19-23.18.00:115][  0]LogConfig: Setting CVar [[r.Streaming.MaxNumTexturesToStreamPerFrame:0]]
[2021.11.19-23.18.00:115][  0]LogConfig: Setting CVar [[r.Streaming.Boost:1]]
[2021.11.19-23.18.00:115][  0]LogConfig: Setting CVar [[r.MaxAnisotropy:8]]
[2021.11.19-23.18.00:115][  0]LogConfig: Setting CVar [[r.VT.MaxAnisotropy:8]]
[2021.11.19-23.18.00:115][  0]LogConfig: Setting CVar [[r.Streaming.LimitPoolSizeToVRAM:0]]
[2021.11.19-23.18.00:115][  0]LogConfig: Setting CVar [[r.Streaming.PoolSize:1000]]
[2021.11.19-23.18.00:115][  0]LogConfig: Setting CVar [[r.Streaming.MaxEffectiveScreenSize:0]]
[2021.11.19-23.18.00:115][  0]LogConfig: Applying CVar settings from Section [EffectsQuality@3] File [C:/Users/ROSORIO/Desktop/Scientificus/ProyectoUE/Saved/Config/Windows/Scalability.ini]
[2021.11.19-23.18.00:115][  0]LogConfig: Setting CVar [[r.TranslucencyLightingVolumeDim:64]]
[2021.11.19-23.18.00:115][  0]LogConfig: Setting CVar [[r.RefractionQuality:2]]
[2021.11.19-23.18.00:115][  0]LogConfig: Setting CVar [[r.SSR.Quality:3]]
[2021.11.19-23.18.00:115][  0]LogConfig: Setting CVar [[r.SSR.HalfResSceneColor:0]]
[2021.11.19-23.18.00:115][  0]LogConfig: Setting CVar [[r.SceneColorFormat:4]]
[2021.11.19-23.18.00:115][  0]LogConfig: Setting CVar [[r.DetailMode:2]]
[2021.11.19-23.18.00:115][  0]LogConfig: Setting CVar [[r.TranslucencyVolumeBlur:1]]
[2021.11.19-23.18.00:115][  0]LogConfig: Setting CVar [[r.MaterialQualityLevel:1 ; High quality]]
[2021.11.19-23.18.00:115][  0]LogConfig: Setting CVar [[r.AnisotropicMaterials:1]]
[2021.11.19-23.18.00:115][  0]LogConfig: Setting CVar [[r.SSS.Scale:1]]
[2021.11.19-23.18.00:115][  0]LogConfig: Setting CVar [[r.SSS.SampleSet:2]]
[2021.11.19-23.18.00:115][  0]LogConfig: Setting CVar [[r.SSS.Quality:1]]
[2021.11.19-23.18.00:115][  0]LogConfig: Setting CVar [[r.SSS.HalfRes:0]]
[2021.11.19-23.18.00:115][  0]LogConfig: Setting CVar [[r.SSGI.Quality:3]]
[2021.11.19-23.18.00:115][  0]LogConfig: Setting CVar [[r.EmitterSpawnRateScale:1.0]]
[2021.11.19-23.18.00:115][  0]LogConfig: Setting CVar [[r.ParticleLightQuality:2]]
[2021.11.19-23.18.00:115][  0]LogConfig: Setting CVar [[r.SkyAtmosphere.AerialPerspectiveLUT.FastApplyOnOpaque:1 ; Always have FastSkyLUT 1 in this case to avoid wrong sky]]
[2021.11.19-23.18.00:115][  0]LogConfig: Setting CVar [[r.SkyAtmosphere.AerialPerspectiveLUT.SampleCountMaxPerSlice:4]]
[2021.11.19-23.18.00:115][  0]LogConfig: Setting CVar [[r.SkyAtmosphere.AerialPerspectiveLUT.DepthResolution:16.0]]
[2021.11.19-23.18.00:115][  0]LogConfig: Setting CVar [[r.SkyAtmosphere.FastSkyLUT:1]]
[2021.11.19-23.18.00:115][  0]LogConfig: Setting CVar [[r.SkyAtmosphere.FastSkyLUT.SampleCountMin:4.0]]
[2021.11.19-23.18.00:115][  0]LogConfig: Setting CVar [[r.SkyAtmosphere.FastSkyLUT.SampleCountMax:128.0]]
[2021.11.19-23.18.00:115][  0]LogConfig: Setting CVar [[r.SkyAtmosphere.SampleCountMin:4.0]]
[2021.11.19-23.18.00:115][  0]LogConfig: Setting CVar [[r.SkyAtmosphere.SampleCountMax:128.0]]
[2021.11.19-23.18.00:116][  0]LogConfig: Setting CVar [[r.SkyAtmosphere.TransmittanceLUT.UseSmallFormat:0]]
[2021.11.19-23.18.00:116][  0]LogConfig: Setting CVar [[r.SkyAtmosphere.TransmittanceLUT.SampleCount:10.0]]
[2021.11.19-23.18.00:116][  0]LogConfig: Setting CVar [[r.SkyAtmosphere.MultiScatteringLUT.SampleCount:15.0]]
[2021.11.19-23.18.00:116][  0]LogConfig: Setting CVar [[r.SkyLight.RealTimeReflectionCapture:1]]
[2021.11.19-23.18.00:116][  0]LogConfig: Applying CVar settings from Section [FoliageQuality@3] File [C:/Users/ROSORIO/Desktop/Scientificus/ProyectoUE/Saved/Config/Windows/Scalability.ini]
[2021.11.19-23.18.00:116][  0]LogConfig: Setting CVar [[foliage.DensityScale:1.0]]
[2021.11.19-23.18.00:116][  0]LogConfig: Setting CVar [[grass.DensityScale:1.0]]
[2021.11.19-23.18.00:116][  0]LogConfig: Applying CVar settings from Section [ShadingQuality@3] File [C:/Users/ROSORIO/Desktop/Scientificus/ProyectoUE/Saved/Config/Windows/Scalability.ini]
[2021.11.19-23.18.00:116][  0]LogConfig: Setting CVar [[r.HairStrands.SkyLighting.IntegrationType:2]]
[2021.11.19-23.18.00:116][  0]LogConfig: Setting CVar [[r.HairStrands.SkyAO.SampleCount:4]]
[2021.11.19-23.18.00:116][  0]LogConfig: Setting CVar [[r.HairStrands.Visibility.MSAA.SamplePerPixel:4]]
[2021.11.19-23.18.00:116][  0]LogConfig: Applying CVar settings from Section [Startup] File [../../../Engine/Config/ConsoleVariables.ini]
[2021.11.19-23.18.00:116][  0]LogConfig: Setting CVar [[net.UseAdaptiveNetUpdateFrequency:0]]
[2021.11.19-23.18.00:116][  0]LogConfig: Setting CVar [[p.chaos.AllowCreatePhysxBodies:1]]
[2021.11.19-23.18.00:116][  0]LogConfig: Setting CVar [[fx.SkipVectorVMBackendOptimizations:1]]
[2021.11.19-23.18.00:116][  0]LogConfig: Applying CVar settings from Section [ConsoleVariables] File [C:/Users/ROSORIO/Desktop/Scientificus/ProyectoUE/Saved/Config/Windows/Engine.ini]
[2021.11.19-23.18.00:117][  0]LogConfig: Applying CVar settings from Section [ConsoleVariables] File [C:/Users/ROSORIO/Desktop/Scientificus/ProyectoUE/Saved/Config/Windows/Editor.ini]
[2021.11.19-23.18.00:117][  0]LogInit: Computer: DESKTOP-KQDBUCG
[2021.11.19-23.18.00:117][  0]LogInit: User: ROSORIO
[2021.11.19-23.18.00:117][  0]LogInit: CPU Page size=4096, Cores=2
[2021.11.19-23.18.00:117][  0]LogInit: High frequency timer resolution =10.000000 MHz
[2021.11.19-23.18.00:117][  0]LogMemory: Memory total: Physical=11.9GB (12GB approx)
[2021.11.19-23.18.00:117][  0]LogMemory: Platform Memory Stats for Windows
[2021.11.19-23.18.00:117][  0]LogMemory: Process Physical Memory: 140.00 MB used, 140.00 MB peak
[2021.11.19-23.18.00:117][  0]LogMemory: Process Virtual Memory: 125.05 MB used, 125.05 MB peak
[2021.11.19-23.18.00:117][  0]LogMemory: Physical Memory: 8909.31 MB used,  3246.91 MB free, 12156.22 MB total
[2021.11.19-23.18.00:117][  0]LogMemory: Virtual Memory: 134216464.00 MB used,  1262.21 MB free, 134217728.00 MB total
[2021.11.19-23.18.00:125][  0]LogWindows: WindowsPlatformFeatures enabled
[2021.11.19-23.18.00:175][  0]LogInit: Physics initialised using underlying interface: PhysX
[2021.11.19-23.18.00:176][  0]LogInit: Using OS detected language (es-ES).
[2021.11.19-23.18.00:176][  0]LogInit: Using OS detected locale (es-CO).
[2021.11.19-23.18.00:180][  0]LogTextLocalizationManager: No specific localization for 'es-ES' exists, so the 'es' localization will be used.
[2021.11.19-23.18.00:277][  0]LogWindowsTextInputMethodSystem: Display: IME system deactivated.
[2021.11.19-23.18.00:309][  0]LogSlate: New Slate User Created.  User Index 0, Is Virtual User: 0
[2021.11.19-23.18.00:309][  0]LogSlate: Slate User Registered.  User Index 0, Is Virtual User: 0
[2021.11.19-23.18.00:332][  0]LogD3D11RHI: Loaded GFSDK_Aftermath_Lib.x64.dll
[2021.11.19-23.18.00:398][  0]LogHMD: Failed to initialize OpenVR with code 110
[2021.11.19-23.18.00:398][  0]LogD3D11RHI: D3D11 min allowed feature level: 11_0
[2021.11.19-23.18.00:398][  0]LogD3D11RHI: D3D11 max allowed feature level: 11_0
[2021.11.19-23.18.00:398][  0]LogD3D11RHI: D3D11 adapters:
[2021.11.19-23.18.00:515][  0]LogD3D11RHI:    0. 'NVIDIA GeForce 940MX' (Feature Level 11_0)
[2021.11.19-23.18.00:515][  0]LogD3D11RHI:       2010/0/6078 MB DedicatedVideo/DedicatedSystem/SharedSystem, Outputs:1, VendorId:0x10de
[2021.11.19-23.18.00:547][  0]LogD3D11RHI:    1. 'Intel(R) HD Graphics 620' (Feature Level 11_0)
[2021.11.19-23.18.00:547][  0]LogD3D11RHI:       128/0/6078 MB DedicatedVideo/DedicatedSystem/SharedSystem, Outputs:0, VendorId:0x8086
[2021.11.19-23.18.00:550][  0]LogD3D11RHI:    2. 'Microsoft Basic Render Driver' (Feature Level 11_0)
[2021.11.19-23.18.00:550][  0]LogD3D11RHI:       0/0/6078 MB DedicatedVideo/DedicatedSystem/SharedSystem, Outputs:0, VendorId:0x1414
[2021.11.19-23.18.00:550][  0]LogD3D11RHI: Chosen D3D11 Adapter: 0
[2021.11.19-23.18.00:606][  0]LogD3D11RHI: Creating new Direct3DDevice
[2021.11.19-23.18.00:606][  0]LogD3D11RHI:     GPU DeviceId: 0x179c (for the marketing name, search the web for "GPU Device Id")
[2021.11.19-23.18.00:606][  0]LogWindows: EnumDisplayDevices:
[2021.11.19-23.18.00:606][  0]LogWindows:    0. 'Intel(R) HD Graphics 620' (P:1 D:1)
[2021.11.19-23.18.00:607][  0]LogWindows:    1. 'Intel(R) HD Graphics 620' (P:0 D:0)
[2021.11.19-23.18.00:607][  0]LogWindows:    2. 'Intel(R) HD Graphics 620' (P:0 D:0)
[2021.11.19-23.18.00:608][  0]LogWindows: DebugString: PrimaryIsNotTheChoosenAdapter PrimaryIsNotTheChoosenAdapter PrimaryIsNotTheChoosenAdapter FoundDriverCount:0 
[2021.11.19-23.18.00:608][  0]LogD3D11RHI:     Adapter Name: NVIDIA GeForce 940MX
[2021.11.19-23.18.00:608][  0]LogD3D11RHI:   Driver Version: Unknown (internal:Unknown, unified:Unknown)
[2021.11.19-23.18.00:608][  0]LogD3D11RHI:      Driver Date: Unknown
[2021.11.19-23.18.00:608][  0]LogRHI: Texture pool is 1407 MB (70% of 2010 MB)
[2021.11.19-23.18.00:681][  0]LogD3D11RHI: RHI has support for 64 bit atomics
[2021.11.19-23.18.00:681][  0]LogD3D11RHI: Async texture creation enabled
[2021.11.19-23.18.00:703][  0]LogD3D11RHI: GPU Timing Frequency: 1000.000000 (Debug: 2 2)
[2021.11.19-23.18.00:763][  0]LogRHI: GeForceNow SDK initialized: 1
[2021.11.19-23.18.01:228][  0]LogTargetPlatformManager: Display: Loaded TargetPlatform 'WindowsNoEditor'
[2021.11.19-23.18.01:233][  0]LogTargetPlatformManager: Display: Loaded TargetPlatform 'Windows'
[2021.11.19-23.18.01:239][  0]LogTargetPlatformManager: Display: Loaded TargetPlatform 'WindowsClient'
[2021.11.19-23.18.01:244][  0]LogTargetPlatformManager: Display: Loaded TargetPlatform 'WindowsServer'
[2021.11.19-23.18.01:244][  0]LogTargetPlatformManager: Display: Building Assets For Windows
[2021.11.19-23.18.01:252][  0]LogAudioDebug: Display: Lib vorbis DLL was dynamically loaded.
[2021.11.19-23.18.01:296][  0]LogTextureFormatOodle: Display: Oodle Texture 2.9.0 init RDO Off
[2021.11.19-23.18.01:335][  0]LogRendererCore: Ray tracing is disabled. Reason: r.RayTracing=0.
[2021.11.19-23.18.01:335][  0]LogShaderCompilers: Guid format shader working directory is 0 characters bigger than the processId version (C:/Users/ROSORIO/Desktop/Scientificus/ProyectoUE/Intermediate/Shaders/WorkingDirectory/9312/).
[2021.11.19-23.18.01:336][  0]LogShaderCompilers: Cleaned the shader compiler working directory 'C:/Users/ROSORIO/AppData/Local/Temp/UnrealShaderWorkingDir/048E16FA4ADFF250ACED3685F6A06813/'.
[2021.11.19-23.18.01:336][  0]LogXGEController: Cannot use XGE Controller as Incredibuild is not installed on this machine.
[2021.11.19-23.18.01:336][  0]LogShaderCompilers: Cannot use XGE Shader Compiler as Incredibuild is not installed on this machine.
[2021.11.19-23.18.01:336][  0]LogShaderCompilers: Display: Using Local Shader Compiler.
[2021.11.19-23.18.02:292][  0]LogDerivedDataCache: Display: Max Cache Size: 512 MB
[2021.11.19-23.18.02:394][  0]LogDerivedDataCache: Loaded boot cache 0.10s 95MB C:/Users/ROSORIO/AppData/Local/UnrealEngine/4.27/DerivedDataCache/Boot.ddc.
[2021.11.19-23.18.02:394][  0]LogDerivedDataCache: Display: Loaded Boot cache: C:/Users/ROSORIO/AppData/Local/UnrealEngine/4.27/DerivedDataCache/Boot.ddc
[2021.11.19-23.18.02:395][  0]LogDerivedDataCache: FDerivedDataBackendGraph:  Pak pak cache file C:/Users/ROSORIO/Desktop/Scientificus/ProyectoUE/DerivedDataCache/DDC.ddp not found, will not use a pak cache.
[2021.11.19-23.18.02:395][  0]LogDerivedDataCache: Unable to find inner node Pak for hierarchical cache Hierarchy.
[2021.11.19-23.18.02:395][  0]LogDerivedDataCache: FDerivedDataBackendGraph:  CompressedPak pak cache file C:/Users/ROSORIO/Desktop/Scientificus/ProyectoUE/DerivedDataCache/Compressed.ddp not found, will not use a pak cache.
[2021.11.19-23.18.02:395][  0]LogDerivedDataCache: Unable to find inner node CompressedPak for hierarchical cache Hierarchy.
[2021.11.19-23.18.02:415][  0]LogDerivedDataCache: Display: Pak cache opened for reading ../../../Engine/DerivedDataCache/Compressed.ddp.
[2021.11.19-23.18.02:416][  0]LogDerivedDataCache: FDerivedDataBackendGraph:  EnterprisePak pak cache file ../../../Enterprise/DerivedDataCache/Compressed.ddp not found, will not use a pak cache.
[2021.11.19-23.18.02:416][  0]LogDerivedDataCache: Unable to find inner node EnterprisePak for hierarchical cache Hierarchy.
[2021.11.19-23.18.02:423][  0]LogDerivedDataCache: Speed tests for C:/Users/ROSORIO/AppData/Local/UnrealEngine/Common/DerivedDataCache took 0.01 seconds
[2021.11.19-23.18.02:423][  0]LogDerivedDataCache: Display: Performance to C:/Users/ROSORIO/AppData/Local/UnrealEngine/Common/DerivedDataCache: Latency=0.04ms. RandomReadSpeed=771.78MBs, RandomWriteSpeed=158.71MBs. Assigned SpeedClass 'Local'
[2021.11.19-23.18.02:424][  0]LogDerivedDataCache: Using Local data cache path C:/Users/ROSORIO/AppData/Local/UnrealEngine/Common/DerivedDataCache: Writable
[2021.11.19-23.18.02:424][  0]LogDerivedDataCache: Shared data cache path not found in *engine.ini, will not use an Shared cache.
[2021.11.19-23.18.02:424][  0]LogDerivedDataCache: Unable to find inner node Shared for hierarchical cache Hierarchy.
[2021.11.19-23.18.02:482][  0]LogSlate: Using FreeType 2.10.0
[2021.11.19-23.18.02:482][  0]LogSlate: SlateFontServices - WITH_FREETYPE: 1, WITH_HARFBUZZ: 1
[2021.11.19-23.18.02:631][  0]LogInit: Using OS detected language (es-ES).
[2021.11.19-23.18.02:631][  0]LogInit: Using OS detected locale (es-CO).
[2021.11.19-23.18.02:631][  0]LogTextLocalizationManager: No localization for 'es-ES' exists, so 'en' will be used for the language.
[2021.11.19-23.18.02:631][  0]LogTextLocalizationManager: No localization for 'es-CO' exists, so 'en' will be used for the locale.
[2021.11.19-23.18.02:631][  0]LogSlate: FontCache flush requested. Reason: Culture for localization was changed
[2021.11.19-23.18.02:631][  0]LogSlate: FontCache flush requested. Reason: Culture for localization was changed
[2021.11.19-23.18.02:637][  0]LogAssetRegistry: FAssetRegistry took 0.0040 seconds to start up
[2021.11.19-23.18.02:853][  0]LogTextLocalizationManager: Compacting localization data took   0.00ms
[2021.11.19-23.18.02:853][  0]LogPackageLocalizationCache: Processed 27 localized package path(s) for 1 prioritized culture(s) in 0.001406 seconds
[2021.11.19-23.18.02:943][  0]LogInit: Selected Device Profile: [Windows]
[2021.11.19-23.18.02:943][  0]LogInit: Active device profile: [00000153A9A4DE00][00000153A26EB140 49] Windows
[2021.11.19-23.18.02:943][  0]LogInit: Profiles: [00000153A9A4DE00][00000153A26EB140 49] Windows, [00000153A9A11E00][000001538F67D2C0 49] WindowsNoEditor, [00000153A9A4E100][000001538F681440 49] WindowsServer, [00000153A9A10400][000001538F6855C0 49] WindowsClient, [00000153A9A4C600][000001538F679700 49] IOS, [00000153A9A12800][000001538F689840 49] iPadAir, [00000153A9A4ED00][000001538F68D980 49] iPadAir2, [00000153A99C1E00][00000153A2961C00 49] IPadPro, [00000153A99C1F00][000001538F6900C0 49] iPadAir3, [00000153A9A4D500][00000153A2964240 49] iPadAir4, [00000153A99C3700][00000153A29683C0 49] iPadMini2, [00000153A9A4F900][00000153A296C540 49] iPadMini3, [00000153A99C1600][00000153A29706C0 49] iPadMini4, [00000153A9A4CA00][00000153A2974840 49] iPadMini5, [00000153A99ED300][00000153A297CB00 49] iPhone6, [00000153A99ED400][00000153A2978B40 49] iPodTouch6, [00000153A9A13E00][00000153A2984E00 49] iPhone7, [00000153A9A12700][00000153A2980E40 49] iPodTouch7, [00000153A99C2D00][00000153A2988FC0 49] iPhone5S, [00000153A9A10900][00000153A298D140 49] iPhone6Plus, [00000153A99C3F00][00000153A29912C0 49] iPhone6S, [00000153A9A13300][00000153A2995440 49] iPhone6SPlus, [00000153A99EC100][00000153A29995C0 49] iPhone7Plus, [00000153A99C2200][00000153A299D740 49] iPhoneSE, [00000153A99EF300][00000153A29A18C0 49] iPhone8, [00000153A99C1C00][00000153A295DA00 49] iPhone8Plus, [00000153A99EC200][00000153A29A5B40 49] iPhoneX, [00000153A99C0900][00000153A29A8100 49] iPhoneXS, [00000153A9A10700][00000153AA550280 49] iPhoneXSMax, [00000153A99C3900][00000153AA554400 49] iPhoneXR, [00000153A9A13A00][00000153AA558580 49] iPhone11, [00000153A99C1700][00000153AA55C700 49] iPhone11Pro, [00000153A9A13600][00000153AA560880 49] iPhone11ProMax, [00000153A99C2700][00000153AA564A00 49] iPhoneSE2, [00000153A9A10E00][00000153AA568B80 49] iPhone12Mini, [00000153A99C3400][00000153AA56CD00 49] iPhone12, [00000153A9A11600][00000153AA570E80 49] iPhone12Pro, [00000153A99C1500][00000153AA575000 49] iPhone12ProMax, [00000153A9A11200][00000153AA579180 49] iPadPro105, [00000153A99C3D00][00000153AA57D300 49] iPadPro129, [00000153A9A10200][00000153AA581480 49] iPadPro97, [00000153A99C3C00][00000153AA585600 49] iPadPro2_129, [00000153A9A10600][00000153AA589780 49] iPad5, [00000153A99C3100][00000153AA58D900 49] iPad6, [00000153A9A11300][00000153AA591A80 49] iPad7, [00000153A99C3B00][00000153A29ADBC0 49] iPad8, [00000153A9A10D00][00000153AA594180 49] iPadPro11, [00000153A99C0400][00000153AA5982C0 49] iPadPro2_11, [00000153A9A11900][00000153AA5A0440 49] iPadPro3_129, [00000153A99C3000][00000153AA5A45C0 49] iPadPro4_129, [00000153A9A11800][00000153AA5A8740 49] AppleTV, [00000153A99C1800][00000153AA5AC8C0 49] AppleTV4K, [00000153A9A13500][00000153AA5B0A40 49] TVOS, [00000153A99C2500][00000153AA5B4BC0 49] Mac, [00000153A9A10100][00000153AA5B8D40 49] MacClient, [00000153A99C0300][00000153AA5BCEC0 49] MacNoEditor, [00000153A9A13C00][00000153AA5C1040 49] MacServer, [00000153A99C2E00][00000153AA5C51C0 49] Linux, [00000153A9A12D00][00000153AA5C9340 49] LinuxAArch64, [00000153A99C3800][00000153AA5CD4C0 49] LinuxNoEditor, [00000153A9A12400][00000153AA5D1640 49] LinuxAArch64NoEditor, [00000153A99C0D00][00000153AA5D57C0 49] LinuxClient, [00000153A9A13400][00000153AA5D9940 49] LinuxAArch64Client, [00000153A99C2A00][00000153AA5DDAC0 49] LinuxServer, [00000153A9A13900][00000153AA5E00C0 49] LinuxAArch64Server, [00000153A99C3E00][00000153AA59C200 49] Android, [00000153A9A11500][00000153AA5E4340 49] Android_Low, [00000153A99C1A00][00000153AA5E8480 49] Android_Mid, [00000153A9A11F00][00000153AA5EC5C0 49] Android_High, [00000153A99C0E00][00000153AA5F4740 49] Android_Default, [00000153A9A10B00][00000153AA5F88C0 49] Android_Adreno4xx, [00000153A99C2100][00000153AA5FCA40 49] Android_Adreno5xx_Low, [00000153A9A12000][00000153AA600BC0 49] Android_Adreno5xx, [00000153A99C1100][00000153AA604D40 49] Android_Adreno6xx, [00000153A9A12500][00000153AA608EC0 49] Android_Adreno6xx_Vulkan, [00000153A99C0500][00000153AA60D040 49] Android_Mali_T6xx, [00000153A9A4FF00][00000153AA6111C0 49] Android_Mali_T7xx, [00000153A99EE500][00000153AA615340 49] Android_Mali_T8xx, [00000153A9A4D400][00000153AA6194C0 49] Android_Mali_G71, [00000153A99EE700][00000153AA61D640 49] Android_Mali_G72, [00000153A9A4C400][00000153AA6217C0 49] Android_Mali_G72_Vulkan, [00000153A99EFB00][00000153AA625940 49] Android_Mali_G76, [00000153A9A4FB00][00000153AA629AC0 49] Android_Mali_G76_Vulkan, [00000153A99EE000][00000153AA62C0C0 49] Android_Mali_G77, [00000153A9A4DF00][00000153AA630240 49] Android_Mali_G77_Vulkan, [00000153A99EC900][00000153AA5F0380 49] Android_Mali_G78, [00000153A9A4D600][00000153AA6344C0 49] Android_Mali_G78_Vulkan, [00000153A99ED100][00000153AA638600 49] Android_Mali_G710, [00000153A9A4DC00][00000153AA63C740 49] Android_Mali_G710_Vulkan, [00000153A99EEC00][00000153AA6448C0 49] Android_Vulkan_SM5, [00000153A9A4F600][00000153AA648A40 49] Android_PowerVR_G6xxx, [00000153A99ECE00][00000153AA64CBC0 49] Android_PowerVR_GT7xxx, [00000153A9A4D200][00000153AA650D40 49] Android_PowerVR_GE8xxx, [00000153A99EDD00][00000153AA654EC0 49] Android_PowerVR_GM9xxx, [00000153A9A4F200][00000153AA659040 49] Android_PowerVR_GM9xxx_Vulkan, [00000153A99ECF00][00000153AA65D1C0 49] Android_TegraK1, [00000153A9A4D300][00000153AA661340 49] Android_Unknown_Vulkan, [00000153A99ECA00][00000153AA6654C0 49] Lumin, [00000153A9A4CC00][00000153AA669640 49] Lumin_Desktop, [00000153A99EDA00][00000153AA66D7C0 49] HoloLens, 
[2021.11.19-23.18.03:110][  0]LogMeshReduction: Using QuadricMeshReduction for automatic static mesh reduction
[2021.11.19-23.18.03:110][  0]LogMeshReduction: Using SimplygonMeshReduction for automatic skeletal mesh reduction
[2021.11.19-23.18.03:110][  0]LogMeshReduction: Using ProxyLODMeshReduction for automatic mesh merging
[2021.11.19-23.18.03:110][  0]LogMeshReduction: No distributed automatic mesh merging module available
[2021.11.19-23.18.03:110][  0]LogMeshMerging: No distributed automatic mesh merging module available
[2021.11.19-23.18.03:129][  0]LogNetVersion: ProyectoUE 1.0.0, NetCL: 17155196, EngineNetVer: 17, GameNetVer: 0 (Checksum: 3483794102)
[2021.11.19-23.18.03:479][  0]LogTexture: Default maximum texture size for cubemaps generated from long-lat sources has been changed from 512 to unlimited. In order to preserve old behaiour for '/Engine/MapTemplates/Sky/DaylightAmbientCubemap.DaylightAmbientCubemap', its maximum texture size has been explicitly set to 512.
[2021.11.19-23.18.03:560][  0]LogHMD: PokeAHoleMaterial loaded successfully
[2021.11.19-23.18.03:688][  0]LogMoviePlayer: Initializing movie player
[2021.11.19-23.18.03:833][  0]LogPython: Using Python 3.7.7
[2021.11.19-23.18.04:413][  0]LogNiagaraDebuggerClient: Niagara Debugger Client Initialized | Session: F198ABF44499FD5EC21B5FA5CD9EBD21 | Instance: 55C70EF3499E5B53C6444B8A839BBE47 (DESKTOP-KQDBUCG-9312).
[2021.11.19-23.18.04:437][  0]LogCollectionManager: Loaded 0 collections in 0.002199 seconds
[2021.11.19-23.18.04:441][  0]LogFileCache: Scanning file cache for directory 'C:/Users/ROSORIO/Desktop/Scientificus/ProyectoUE/Saved/Collections/' took 0.00s
[2021.11.19-23.18.04:441][  0]LogFileCache: Scanning file cache for directory 'C:/Users/ROSORIO/Desktop/Scientificus/ProyectoUE/Content/Developers/ROSORIO/Collections/' took 0.00s
[2021.11.19-23.18.04:441][  0]LogFileCache: Scanning file cache for directory 'C:/Users/ROSORIO/Desktop/Scientificus/ProyectoUE/Content/Collections/' took 0.00s
[2021.11.19-23.18.04:441][  0]LogCollectionManager: Fixed up redirectors for 0 collections in 0.000003 seconds (updated 0 objects)
[2021.11.19-23.18.04:448][  0]LogStreaming: Warning: Failed to read file '../../../Engine/Content/Editor/Slate/Niagara/MenuSeparator.png' error.
[2021.11.19-23.18.04:448][  0]LogSlate: Could not find file for Slate resource: ../../../Engine/Content/Editor/Slate/Niagara/MenuSeparator.png
[2021.11.19-23.18.04:448][  0]LogImageWrapper: Warning: PNG Warning: Duplicate iCCP chunk
[2021.11.19-23.18.04:448][  0]LogStreaming: Warning: Failed to read file '../../../Engine/Content/Editor/Slate/Niagara/Common/Selector.png' error.
[2021.11.19-23.18.04:448][  0]LogSlate: Could not find file for Slate resource: ../../../Engine/Content/Editor/Slate/Niagara/Common/Selector.png
[2021.11.19-23.18.04:448][  0]LogStreaming: Warning: Failed to read file '../../../Engine/Content/Editor/Slate/Niagara/Common/Selection.png' error.
[2021.11.19-23.18.04:448][  0]LogSlate: Could not find file for Slate resource: ../../../Engine/Content/Editor/Slate/Niagara/Common/Selection.png
[2021.11.19-23.18.04:448][  0]LogImageWrapper: Warning: PNG Warning: Duplicate iCCP chunk
[2021.11.19-23.18.04:448][  0]LogStreaming: Warning: Failed to read file '../../../Engine/Content/Editor/Slate/Niagara/Common/DropZoneIndicator_Above.png' error.
[2021.11.19-23.18.04:448][  0]LogSlate: Could not find file for Slate resource: ../../../Engine/Content/Editor/Slate/Niagara/Common/DropZoneIndicator_Above.png
[2021.11.19-23.18.04:448][  0]LogStreaming: Warning: Failed to read file '../../../Engine/Content/Editor/Slate/Niagara/Common/DropZoneIndicator_Onto.png' error.
[2021.11.19-23.18.04:448][  0]LogSlate: Could not find file for Slate resource: ../../../Engine/Content/Editor/Slate/Niagara/Common/DropZoneIndicator_Onto.png
[2021.11.19-23.18.04:448][  0]LogStreaming: Warning: Failed to read file '../../../Engine/Content/Editor/Slate/Niagara/Common/DropZoneIndicator_Below.png' error.
[2021.11.19-23.18.04:448][  0]LogSlate: Could not find file for Slate resource: ../../../Engine/Content/Editor/Slate/Niagara/Common/DropZoneIndicator_Below.png
[2021.11.19-23.18.04:448][  0]LogStreaming: Warning: Failed to read file '../../../Engine/Content/Editor/Slate/Niagara/Common/FlatButton.png' error.
[2021.11.19-23.18.04:448][  0]LogSlate: Could not find file for Slate resource: ../../../Engine/Content/Editor/Slate/Niagara/Common/FlatButton.png
[2021.11.19-23.18.04:448][  0]LogStreaming: Warning: Failed to read file '../../../Engine/Content/Editor/Slate/Niagara/Common/RoundedSelection_16x.png' error.
[2021.11.19-23.18.04:448][  0]LogSlate: Could not find file for Slate resource: ../../../Engine/Content/Editor/Slate/Niagara/Common/RoundedSelection_16x.png
[2021.11.19-23.18.04:608][  0]LogUdpMessaging: Initializing bridge on interface 0.0.0.0:0 to multicast group 230.0.0.1:6666.
[2021.11.19-23.18.04:618][  0]LogTcpMessaging: Initializing TcpMessaging bridge
[2021.11.19-23.18.04:756][  0]SourceControl: Source control is disabled
[2021.11.19-23.18.04:756][  0]SourceControl: Source control is disabled
[2021.11.19-23.18.04:759][  0]SourceControl: Source control is disabled
[2021.11.19-23.18.04:766][  0]LogUProjectInfo: Found projects:
[2021.11.19-23.18.04:892][  0]LogOpenImageDenoise: OIDN starting up
[2021.11.19-23.18.04:944][  0]LogAndroidPermission: UAndroidPermissionCallbackProxy::GetInstance
[2021.11.19-23.18.04:966][  0]LogAudioCaptureCore: Display: No Audio Capture implementations found. Audio input will be silent.
[2021.11.19-23.18.04:966][  0]LogAudioCaptureCore: Display: No Audio Capture implementations found. Audio input will be silent.
[2021.11.19-23.18.05:060][  0]LogOcInput: OculusInput pre-init called
[2021.11.19-23.18.05:070][  0]LogUObjectArray: 22121 objects as part of root set at end of initial load.
[2021.11.19-23.18.05:070][  0]LogUObjectAllocator: 5975440 out of 0 bytes used by permanent object pool.
[2021.11.19-23.18.05:070][  0]LogUObjectArray: CloseDisregardForGC: 0/0 objects in disregard for GC pool
[2021.11.19-23.18.05:126][  0]LogEngine: Initializing Engine...
[2021.11.19-23.18.05:129][  0]LogHMD: Failed to enumerate extensions. Please check that you have a valid OpenXR runtime installed.
[2021.11.19-23.18.05:129][  0]LogHMD: Failed to initialize OpenVR with code 110
[2021.11.19-23.18.05:129][  0]LogMagicLeap: Warning: VR disabled because ZI is not enabled.  To enable, in the editor, Edit -> Project Settings -> Plugins -> Magic Leap Plugin -> Enable Zero Iteration
[2021.11.19-23.18.05:131][  0]LogStats: UGameplayTagsManager::InitializeManager -  0.000 s
[2021.11.19-23.18.05:261][  0]LogInit: Initializing FReadOnlyCVARCache
[2021.11.19-23.18.05:262][  0]LogAudio: Display: Initializing Audio Device Manager...
[2021.11.19-23.18.05:269][  0]LogAudio: Display: Loading Default Audio Settings Objects...
[2021.11.19-23.18.05:270][  0]LogAudio: Display: No default SoundConcurrencyObject specified (or failed to load).
[2021.11.19-23.18.05:271][  0]LogAudio: Display: Audio Device Manager Initialized
[2021.11.19-23.18.05:271][  0]LogAudio: Display: Creating Audio Device:                 Id: 1, Scope: Shared, Realtime: True
[2021.11.19-23.18.05:271][  0]LogAudioMixer: Display: Audio Mixer Platform Settings:
[2021.11.19-23.18.05:271][  0]LogAudioMixer: Display: 	Sample Rate:						  48000
[2021.11.19-23.18.05:271][  0]LogAudioMixer: Display: 	Callback Buffer Frame Size Requested: 1024
[2021.11.19-23.18.05:271][  0]LogAudioMixer: Display: 	Callback Buffer Frame Size To Use:	  1024
[2021.11.19-23.18.05:271][  0]LogAudioMixer: Display: 	Number of buffers to queue:			  2
[2021.11.19-23.18.05:271][  0]LogAudioMixer: Display: 	Max Channels (voices):				  32
[2021.11.19-23.18.05:271][  0]LogAudioMixer: Display: 	Number of Async Source Workers:		  0
[2021.11.19-23.18.05:271][  0]LogAudio: Display: AudioDevice MaxSources: 32
[2021.11.19-23.18.05:271][  0]LogAudio: Display: Audio Spatialization Plugin: None (built-in).
[2021.11.19-23.18.05:271][  0]LogAudio: Display: Audio Reverb Plugin: None (built-in).
[2021.11.19-23.18.05:271][  0]LogAudio: Display: Audio Occlusion Plugin: None (built-in).
[2021.11.19-23.18.05:272][  0]LogAudioMixer: Display: Initializing audio mixer.
[2021.11.19-23.18.05:291][  0]LogAudioMixer: Display: 0: FrontLeft
[2021.11.19-23.18.05:291][  0]LogAudioMixer: Display: 1: FrontRight
[2021.11.19-23.18.05:323][  0]LogAudioMixer: Display: Using Audio Device Altavoces (Realtek High Definition Audio)
[2021.11.19-23.18.05:329][  0]LogAudioMixer: Display: Initializing Sound Submixes...
[2021.11.19-23.18.05:331][  0]LogAudioMixer: Display: Creating Master Submix 'MasterSubmixDefault'
[2021.11.19-23.18.05:331][  0]LogAudioMixer: Display: Creating Master Submix 'MasterReverbSubmixDefault'
[2021.11.19-23.18.05:333][  0]LogAudioMixer: Display: Creating Master Submix 'MasterEQSubmixDefault'
[2021.11.19-23.18.05:333][  0]LogAudioMixer: FMixerPlatformXAudio2::StartAudioStream() called
[2021.11.19-23.18.05:333][  0]LogAudioMixer: Display: Output buffers initialized: Frames=1024, Channels=2, Samples=2048
[2021.11.19-23.18.05:335][  0]LogAudioMixer: Display: Starting AudioMixerPlatformInterface::RunInternal()
[2021.11.19-23.18.05:335][  0]LogAudioMixer: Display: FMixerPlatformXAudio2::SubmitBuffer() called for the first time
[2021.11.19-23.18.05:335][  0]LogInit: FAudioDevice initialized.
[2021.11.19-23.18.05:337][  0]LogNetVersion: Set ProjectVersion to 1.0.0.0. Version Checksum will be recalculated on next use.
[2021.11.19-23.18.05:339][  0]LogInit: Texture streaming: Enabled
[2021.11.19-23.18.05:427][  0]LogAudio: Display: Audio Device (ID: 1) registered with world 'Untitled'.
[2021.11.19-23.18.05:428][  0]LogSlate: Updating window title bar state: overlay mode, drag disabled, window buttons hidden, title bar hidden
[2021.11.19-23.18.05:429][  0]LogInit: Display: Game Engine Initialized.
[2021.11.19-23.18.05:430][  0]LogNiagaraEditor: GEditor isn't valid! Particle reset commands will not work for Niagara components!
[2021.11.19-23.18.05:579][  0]LogStreaming: Warning: Failed to read file '../../../Engine/Content/Editor/Slate/Niagara/MenuSeparator.png' error.
[2021.11.19-23.18.05:579][  0]LogSlate: Could not find file for Slate resource: ../../../Engine/Content/Editor/Slate/Niagara/MenuSeparator.png
[2021.11.19-23.18.05:579][  0]LogStreaming: Warning: Failed to read file '../../../Engine/Content/Editor/Slate/Niagara/Common/Selector.png' error.
[2021.11.19-23.18.05:579][  0]LogImageWrapper: Warning: PNG Warning: Duplicate iCCP chunk
[2021.11.19-23.18.05:579][  0]LogSlate: Could not find file for Slate resource: ../../../Engine/Content/Editor/Slate/Niagara/Common/Selector.png
[2021.11.19-23.18.05:579][  0]LogStreaming: Warning: Failed to read file '../../../Engine/Content/Editor/Slate/Niagara/Common/Selection.png' error.
[2021.11.19-23.18.05:579][  0]LogSlate: Could not find file for Slate resource: ../../../Engine/Content/Editor/Slate/Niagara/Common/Selection.png
[2021.11.19-23.18.05:579][  0]LogStreaming: Warning: Failed to read file '../../../Engine/Content/Editor/Slate/Niagara/Common/DropZoneIndicator_Above.png' error.
[2021.11.19-23.18.05:579][  0]LogSlate: Could not find file for Slate resource: ../../../Engine/Content/Editor/Slate/Niagara/Common/DropZoneIndicator_Above.png
[2021.11.19-23.18.05:580][  0]LogStreaming: Warning: Failed to read file '../../../Engine/Content/Editor/Slate/Niagara/Common/DropZoneIndicator_Onto.png' error.
[2021.11.19-23.18.05:580][  0]LogSlate: Could not find file for Slate resource: ../../../Engine/Content/Editor/Slate/Niagara/Common/DropZoneIndicator_Onto.png
[2021.11.19-23.18.05:580][  0]LogStreaming: Warning: Failed to read file '../../../Engine/Content/Editor/Slate/Niagara/Common/DropZoneIndicator_Below.png' error.
[2021.11.19-23.18.05:580][  0]LogSlate: Could not find file for Slate resource: ../../../Engine/Content/Editor/Slate/Niagara/Common/DropZoneIndicator_Below.png
[2021.11.19-23.18.05:580][  0]LogStreaming: Warning: Failed to read file '../../../Engine/Content/Editor/Slate/Niagara/Common/RoundedSelection_16x.png' error.
[2021.11.19-23.18.05:580][  0]LogSlate: Could not find file for Slate resource: ../../../Engine/Content/Editor/Slate/Niagara/Common/RoundedSelection_16x.png
[2021.11.19-23.18.05:580][  0]LogStreaming: Warning: Failed to read file '../../../Engine/Content/Editor/Slate/Niagara/Common/FlatButton.png' error.
[2021.11.19-23.18.05:580][  0]LogSlate: Could not find file for Slate resource: ../../../Engine/Content/Editor/Slate/Niagara/Common/FlatButton.png
[2021.11.19-23.18.05:580][  0]LogImageWrapper: Warning: PNG Warning: Duplicate iCCP chunk
[2021.11.19-23.18.05:603][  0]LogInit: Display: Starting Game.
[2021.11.19-23.18.05:604][  0]LogNet: Browse: /Game/Niveles/Nivel2?Name=Player
[2021.11.19-23.18.05:604][  0]LogLoad: LoadMap: /Game/Niveles/Nivel2?Name=Player
[2021.11.19-23.18.05:604][  0]LogWorld: BeginTearingDown for /Temp/Untitled_0
[2021.11.19-23.18.05:606][  0]LogWorld: UWorld::CleanupWorld for Untitled, bSessionEnded=true, bCleanupResources=true
[2021.11.19-23.18.05:606][  0]LogSlate: InvalidateAllWidgets triggered.  All widgets were invalidated
[2021.11.19-23.18.05:611][  0]LogAudio: Display: Audio Device unregistered from world 'None'.
[2021.11.19-23.18.05:614][  0]LogUObjectHash: Compacting FUObjectHashTables data took   0.83ms
[2021.11.19-23.18.06:490][  0]LogAudio: Display: Audio Device (ID: 1) registered with world 'Nivel2'.
[2021.11.19-23.18.06:500][  0]LogAIModule: Creating AISystem for world Nivel2
[2021.11.19-23.18.06:503][  0]LogLoad: Game class is 'ThirdPersonGameMode_C'
[2021.11.19-23.18.06:512][  0]LogWorld: Bringing World /Game/Niveles/Nivel2.Nivel2 up for play (max tick rate 0) at 2021.11.19-18.18.06
[2021.11.19-23.18.06:512][  0]LogWorld: Bringing up level for play took: 0.007852
[2021.11.19-23.18.06:518][  0]LogLoad: Took 0.914285 seconds to LoadMap(/Game/Niveles/Nivel2)
[2021.11.19-23.18.06:571][  0]LogSlate: Took 0.000310 seconds to synchronously load lazily loaded font '../../../Engine/Content/Slate/Fonts/Roboto-Regular.ttf' (155K)
[2021.11.19-23.18.06:597][  0]LogRenderer: Reallocating scene render targets to support 1280x748 Format 10 NumSamples 1 (Frame:1).
[2021.11.19-23.18.06:597][  0]LogInit: Display: Engine is initialized. Leaving FEngineLoop::Init()
[2021.11.19-23.18.06:597][  0]LogLoad: (Engine Initialization) Total time: 13.10 seconds
[2021.11.19-23.18.06:597][  0]LogLoad: (Engine Initialization) Total Blueprint compile time: 0.00 seconds
[2021.11.19-23.18.06:720][  0]LogD3D11RHI: Error: Direct3DDevice->CreateTexture2D(TextureDesc,SubResourceData,OutTexture2D) failed 
 at D:/Build/++UE4/Sync/Engine/Source/Runtime/Windows/D3D11RHI/Private/D3D11Texture.cpp:534 
 with error E_OUTOFMEMORY, 
 Size=1280x748x1 PF=2 D3DFormat=DXGI_FORMAT_B8G8R8A8_TYPELESS(0x0000005A), NumMips=1, Flags=D3D11_BIND_RENDER_TARGET D3D11_BIND_SHADER_RESOURCE , Usage:0x0, CPUFlags:0x0, MiscFlags:0x0, SampleCount:0x1, SampleQuality:0x0, SubresPtr:0x0000000000000000, SubresPitch:0, SubresSlicePitch:0
[2021.11.19-23.18.10:186][  0]LogConsoleResponse:     34 = 24576 KB (2D 6144x2048 PF_ShadowDepth) WholeSceneShadowmap
[2021.11.19-23.18.10:200][  0]LogConsoleResponse:     33 = 24576 KB (2D 6144x2048 PF_ShadowDepth) WholeSceneShadowmap
[2021.11.19-23.18.10:200][  0]LogConsoleResponse:     23 = 4675 KB (2D 1280x748 PF_DepthStencil VRam) SceneDepthZ VRamInKB(Start/Size):<NONE>
[2021.11.19-23.18.10:200][  0]LogConsoleResponse:     35 = 3740 KB (2D 1280x748 PF_A2B10G10R10 RT) GBufferA
[2021.11.19-23.18.10:200][  0]LogConsoleResponse:     37 = 3740 KB (2D 1280x748 PF_B8G8R8A8 RT sRGB) GBufferC
[2021.11.19-23.18.10:200][  0]LogConsoleResponse:     36 = 3740 KB (2D 1280x748 PF_B8G8R8A8 RT VRam) GBufferB VRamInKB(Start/Size):<NONE>
[2021.11.19-23.18.10:200][  0]LogConsoleResponse:     38 = 3740 KB (2D 1280x748 PF_B8G8R8A8 RT) GBufferD
[2021.11.19-23.18.10:200][  0]LogConsoleResponse:     24 = 2338 KB (2D 640x374 PF_DepthStencil) SmallDepthZ
[2021.11.19-23.18.10:200][  0]LogConsoleResponse:     26 = 2048 KB (3D 64x64x64 PF_FloatRGBA RT UAV) TranslucentVolume0
[2021.11.19-23.18.10:200][  0]LogConsoleResponse:     28 = 2048 KB (3D 64x64x64 PF_FloatRGBA RT UAV) TranslucentVolume1
[2021.11.19-23.18.10:200][  0]LogConsoleResponse:     30 = 2048 KB (3D 64x64x64 PF_FloatRGBA RT UAV) TranslucentVolume2
[2021.11.19-23.18.10:200][  0]LogConsoleResponse:     27 = 2048 KB (3D 64x64x64 PF_FloatRGBA RT UAV) TranslucentVolumeDir0
[2021.11.19-23.18.10:200][  0]LogConsoleResponse:     29 = 2048 KB (3D 64x64x64 PF_FloatRGBA RT UAV) TranslucentVolumeDir1
[2021.11.19-23.18.10:200][  0]LogConsoleResponse:     31 = 2048 KB (3D 64x64x64 PF_FloatRGBA RT UAV) TranslucentVolumeDir2
[2021.11.19-23.18.10:200][  0]LogConsoleResponse:     32 = 1870 KB (2D 1280x374 PF_R32_UINT RT UAV) QuadOverdrawBuffer
[2021.11.19-23.18.10:200][  0]LogConsoleResponse:     25 = 935 KB (2D 1280x748 PF_G8 RT UAV) ScreenSpaceAO
[2021.11.19-23.18.10:200][  0]LogConsoleResponse:     22 = 256 KB (2D 256x256 PF_B8G8R8A8) HZBResultsCPU
[2021.11.19-23.18.10:200][  0]LogConsoleResponse:      7 = 64 KB (2D 128x128 PF_B8G8R8A8) PerlinNoiseGradient
[2021.11.19-23.18.10:200][  0]LogConsoleResponse:     18 = 32 KB (2D 64x64 PF_FloatRGBA VRam) LTCMat VRamInKB(Start/Size):<NONE>
[2021.11.19-23.18.10:200][  0]LogConsoleResponse:     15 = 16 KB (2D 128x32 PF_G16R16) PreintegratedGF
[2021.11.19-23.18.10:200][  0]LogConsoleResponse:     19 = 16 KB (2D 64x64 PF_G16R16F VRam) LTCAmp VRamInKB(Start/Size):<NONE>
[2021.11.19-23.18.10:200][  0]LogConsoleResponse:     16 = 16 KB (3D 16x16x16 PF_B8G8R8A8) PerlinNoise3D
[2021.11.19-23.18.10:200][  0]LogConsoleResponse:     20 = 8 KB (2D 64x64 PF_R8G8) SSAORandomization
[2021.11.19-23.18.10:200][  0]LogConsoleResponse:     21 = 8 KB (3D 16x16x16 PF_R16F) GTAOPreIntegrated
[2021.11.19-23.18.10:200][  0]LogConsoleResponse:      4 = 1 KB (2D 1x1 PF_B8G8R8A8 RT) BlackAlphaOneDummy
[2021.11.19-23.18.10:201][  0]LogConsoleResponse:      2 = 1 KB (2D 1x1 PF_B8G8R8A8 RT) BlackDummy
[2021.11.19-23.18.10:201][  0]LogConsoleResponse:      6 = 1 KB (2D 1x1 PF_B8G8R8A8 RT) DefaultNormal8Bit
[2021.11.19-23.18.10:201][  0]LogConsoleResponse:      5 = 1 KB (2D 1x1 PF_B8G8R8A8 RT) GreenDummy
[2021.11.19-23.18.10:201][  0]LogConsoleResponse:      1 = 1 KB (2D 1x1 PF_B8G8R8A8 RT) WhiteDummy
[2021.11.19-23.18.10:201][  0]LogConsoleResponse:      9 = 1 KB (2D 1x1 PF_DepthStencil) DepthDummy
[2021.11.19-23.18.10:201][  0]LogConsoleResponse:      8 = 1 KB (2D 1x1 PF_FloatRGBA RT) MaxFP16Depth
[2021.11.19-23.18.10:201][  0]LogConsoleResponse:     11 = 1 KB (2D 1x1 PF_FloatRGBA RT) MidGreyDummy
[2021.11.19-23.18.10:201][  0]LogConsoleResponse:      3 = 1 KB (2D 1x1 PF_R32_UINT RT) ZeroUIntDummy
[2021.11.19-23.18.10:201][  0]LogConsoleResponse:     10 = 1 KB (2D 1x1 PF_R8G8B8A8_UINT RT) StencilDummy
[2021.11.19-23.18.10:201][  0]LogConsoleResponse:     12 = 1 KB (2D 32x16 PF_R16_UINT) SobolSampling
[2021.11.19-23.18.10:201][  0]LogConsoleResponse:     17 = 1 KB (2D 4x4 PF_R8G8B8A8) GTAORandomization
[2021.11.19-23.18.10:201][  0]LogConsoleResponse:     14 = 1 KB (3D 1x1x1 PF_B8G8R8A8 RT) HairLUT0
[2021.11.19-23.18.10:201][  0]LogConsoleResponse:     13 = 1 KB (3D 1x1x1 PF_B8G8R8A8 RT) VolumetricBlackDummy
[2021.11.19-23.18.10:201][  0]LogConsoleResponse:     39 = 0 KB (2D 1280x748 PF_B8G8R8A8 RT) UnknownTexture2D
[2021.11.19-23.18.10:201][  0]LogConsoleResponse: 
[2021.11.19-23.18.10:201][  0]LogConsoleResponse: Pool: 85/85 MB (referenced/allocated)
[2021.11.19-23.18.10:343][  0]RHI resource memory (not tracked by our allocator)
[2021.11.19-23.18.10:349][  0]               0  -  Pixel buffer memory - STAT_PixelBufferMemory - STATGROUP_RHI - STATCAT_Advanced
[2021.11.19-23.18.10:349][  0]               0  -  Structured buffer memory - STAT_StructuredBufferMemory - STATGROUP_RHI - STATCAT_Advanced
[2021.11.19-23.18.10:349][  0]               0  -  Vertex buffer memory - STAT_VertexBufferMemory - STATGROUP_RHI - STATCAT_Advanced
[2021.11.19-23.18.10:349][  0]               0  -  Index buffer memory - STAT_IndexBufferMemory - STATGROUP_RHI - STATCAT_Advanced
[2021.11.19-23.18.10:349][  0]               0  -  Uniform buffer memory - STAT_UniformBufferMemory - STATGROUP_RHI - STATCAT_Advanced
[2021.11.19-23.18.10:349][  0]               0  -  Texture memory Cube - STAT_TextureMemoryCube - STATGROUP_RHI - STATCAT_Advanced
[2021.11.19-23.18.10:349][  0]               0  -  Texture memory 3D - STAT_TextureMemory3D - STATGROUP_RHI - STATCAT_Advanced
[2021.11.19-23.18.10:349][  0]               0  -  Texture memory 2D - STAT_TextureMemory2D - STATGROUP_RHI - STATCAT_Advanced
[2021.11.19-23.18.10:349][  0]               0  -  Render target memory Cube - STAT_RenderTargetMemoryCube - STATGROUP_RHI - STATCAT_Advanced
[2021.11.19-23.18.10:349][  0]               0  -  Render target memory 3D - STAT_RenderTargetMemory3D - STATGROUP_RHI - STATCAT_Advanced
[2021.11.19-23.18.10:349][  0]               0  -  Render target memory 2D - STAT_RenderTargetMemory2D - STATGROUP_RHI - STATCAT_Advanced
[2021.11.19-23.18.10:349][  0]0.000MB total
[2021.11.19-23.18.10:355][  0]LogWindows: FPlatformMisc::RequestExit(1)
[2021.11.19-23.18.10:355][  0]LogWindows: FPlatformMisc::RequestExitWithStatus(1, 0)
[2021.11.19-23.18.10:355][  0]LogCore: Engine exit requested (reason: Win RequestExit)
[2021.11.19-23.18.10:367][  0]Log file closed, 11/19/21 18:18:10
